---------------------------------------------------------------
[ 2018-07-03T09:58:56+08:00 ] 127.0.0.1 GET /index.php/index/index/index.html
[ info ] www.tp5.com/index.php/index/index/index.html [运行时间：0.031000s][吞吐率：32.26req/s] [内存消耗：1,612.96kb] [文件加载：41]
[ info ] [ LANG ] E:\xampp\htdocs\xinjia\tp5\thinkphp\lang\zh-cn.php
[ info ] [ BIND ] 'index'
[ info ] [ ROUTE ] array (
  'type' => 'module',
  'module' => 
  array (
    0 => 'index',
    1 => 'index',
    2 => 'index',
  ),
)
[ info ] [ HEADER ] array (
  'host' => 'www.tp5.com',
  'user-agent' => 'Mozilla/5.0 (Windows NT 6.1; Win64; x64; rv:61.0) Gecko/20100101 Firefox/61.0',
  'accept' => 'text/html,application/xhtml+xml,application/xml;q=0.9,*/*;q=0.8',
  'accept-language' => 'zh-CN,zh;q=0.8,zh-TW;q=0.7,zh-HK;q=0.5,en-US;q=0.3,en;q=0.2',
  'accept-encoding' => 'gzip, deflate',
  'cookie' => 'pgv_pvi=9210117120; hibext_instdsigdipv2=1; _ga=GA1.2.1868033078.1526888261; _gid=GA1.2.1974724693.1530496429',
  'connection' => 'keep-alive',
  'upgrade-insecure-requests' => '1',
)
[ info ] [ PARAM ] array (
)
[ info ] [ RUN ] app\index\controller\Index->index[ E:\xampp\htdocs\xinjia\tp5\application\index\controller\Index.php ]
[ info ] [ VIEW ] E:\xampp\htdocs\xinjia\tp5\public/../application/index\view\index\top.html [ array (
) ]
[ info ] [ LOG ] INIT File
---------------------------------------------------------------
[ 2018-07-03T09:58:57+08:00 ] 127.0.0.1 GET /index.php/index/index1.html
[ info ] www.tp5.com/index.php/index/index1.html [运行时间：0.031000s][吞吐率：32.26req/s] [内存消耗：1,555.20kb] [文件加载：40]
[ info ] [ LANG ] E:\xampp\htdocs\xinjia\tp5\thinkphp\lang\zh-cn.php
[ info ] [ BIND ] 'index'
[ info ] [ ROUTE ] array (
  'type' => 'module',
  'module' => 
  array (
    0 => 'index',
    1 => 'index',
    2 => 'index1',
  ),
)
[ info ] [ HEADER ] array (
  'host' => 'www.tp5.com',
  'user-agent' => 'Mozilla/5.0 (Windows NT 6.1; Win64; x64; rv:61.0) Gecko/20100101 Firefox/61.0',
  'accept' => 'text/html,application/xhtml+xml,application/xml;q=0.9,*/*;q=0.8',
  'accept-language' => 'zh-CN,zh;q=0.8,zh-TW;q=0.7,zh-HK;q=0.5,en-US;q=0.3,en;q=0.2',
  'accept-encoding' => 'gzip, deflate',
  'referer' => 'http://www.tp5.com/index.php/index/index/index.html',
  'cookie' => 'pgv_pvi=9210117120; hibext_instdsigdipv2=1; _ga=GA1.2.1868033078.1526888261; _gid=GA1.2.1974724693.1530496429',
  'connection' => 'keep-alive',
  'upgrade-insecure-requests' => '1',
)
[ info ] [ PARAM ] array (
)
[ info ] [ RUN ] app\index\controller\Index->index1[ E:\xampp\htdocs\xinjia\tp5\application\index\controller\Index.php ]
[ info ] [ VIEW ] E:\xampp\htdocs\xinjia\tp5\public/../application/index\view\index\index.html [ array (
) ]
[ info ] [ LOG ] INIT File
---------------------------------------------------------------
[ 2018-07-03T09:58:57+08:00 ] 127.0.0.1 GET /index.php/index/index1.html
[ info ] www.tp5.com/index.php/index/index1.html [运行时间：0.026000s][吞吐率：38.46req/s] [内存消耗：1,408.07kb] [文件加载：38]
[ info ] [ LANG ] E:\xampp\htdocs\xinjia\tp5\thinkphp\lang\zh-cn.php
[ info ] [ BIND ] 'index'
[ info ] [ ROUTE ] array (
  'type' => 'module',
  'module' => 
  array (
    0 => 'index',
    1 => 'index',
    2 => 'index1',
  ),
)
[ info ] [ HEADER ] array (
  'host' => 'www.tp5.com',
  'user-agent' => 'Mozilla/5.0 (Windows NT 6.1; Win64; x64; rv:61.0) Gecko/20100101 Firefox/61.0',
  'accept' => 'video/webm,video/ogg,video/*;q=0.9,application/ogg;q=0.7,audio/*;q=0.6,*/*;q=0.5',
  'accept-language' => 'zh-CN,zh;q=0.8,zh-TW;q=0.7,zh-HK;q=0.5,en-US;q=0.3,en;q=0.2',
  'referer' => 'http://www.tp5.com/index.php/index/index1.html',
  'range' => 'bytes=0-',
  'cookie' => 'pgv_pvi=9210117120; hibext_instdsigdipv2=1; _ga=GA1.2.1868033078.1526888261; _gid=GA1.2.1974724693.1530496429',
  'connection' => 'keep-alive',
)
[ info ] [ PARAM ] array (
)
[ info ] [ RUN ] app\index\controller\Index->index1[ E:\xampp\htdocs\xinjia\tp5\application\index\controller\Index.php ]
[ info ] [ VIEW ] E:\xampp\htdocs\xinjia\tp5\public/../application/index\view\index\index.html [ array (
) ]
[ info ] [ LOG ] INIT File
---------------------------------------------------------------
[ 2018-07-03T09:59:21+08:00 ] 127.0.0.1 GET /index.php/index/hyyj.html
[ info ] www.tp5.com/index.php/index/hyyj.html [运行时间：0.033000s][吞吐率：30.30req/s] [内存消耗：1,427.48kb] [文件加载：40]
[ info ] [ LANG ] E:\xampp\htdocs\xinjia\tp5\thinkphp\lang\zh-cn.php
[ info ] [ BIND ] 'index'
[ info ] [ ROUTE ] array (
  'type' => 'module',
  'module' => 
  array (
    0 => 'index',
    1 => 'index',
    2 => 'hyyj',
  ),
)
[ info ] [ HEADER ] array (
  'host' => 'www.tp5.com',
  'user-agent' => 'Mozilla/5.0 (Windows NT 6.1; Win64; x64; rv:61.0) Gecko/20100101 Firefox/61.0',
  'accept' => 'text/html,application/xhtml+xml,application/xml;q=0.9,*/*;q=0.8',
  'accept-language' => 'zh-CN,zh;q=0.8,zh-TW;q=0.7,zh-HK;q=0.5,en-US;q=0.3,en;q=0.2',
  'accept-encoding' => 'gzip, deflate',
  'referer' => 'http://www.tp5.com/index.php/index/index/index.html',
  'cookie' => 'thinkphp_show_page_trace=0|0; pgv_pvi=9210117120; hibext_instdsigdipv2=1; _ga=GA1.2.1868033078.1526888261; _gid=GA1.2.1974724693.1530496429',
  'connection' => 'keep-alive',
  'upgrade-insecure-requests' => '1',
)
[ info ] [ PARAM ] array (
)
[ info ] [ LOG ] INIT File
---------------------------------------------------------------
[ 2018-07-03T09:59:21+08:00 ] 127.0.0.1 GET /index.php/order/hyyj.html
[ info ] www.tp5.com/index.php/order/hyyj.html [运行时间：0.156000s][吞吐率：6.41req/s] [内存消耗：2,700.34kb] [文件加载：50]
[ info ] [ LANG ] E:\xampp\htdocs\xinjia\tp5\thinkphp\lang\zh-cn.php
[ info ] [ BIND ] 'index'
[ info ] [ ROUTE ] array (
  'type' => 'module',
  'module' => 
  array (
    0 => 'index',
    1 => 'order',
    2 => 'hyyj',
  ),
)
[ info ] [ HEADER ] array (
  'host' => 'www.tp5.com',
  'user-agent' => 'Mozilla/5.0 (Windows NT 6.1; Win64; x64; rv:61.0) Gecko/20100101 Firefox/61.0',
  'accept' => 'text/html,application/xhtml+xml,application/xml;q=0.9,*/*;q=0.8',
  'accept-language' => 'zh-CN,zh;q=0.8,zh-TW;q=0.7,zh-HK;q=0.5,en-US;q=0.3,en;q=0.2',
  'accept-encoding' => 'gzip, deflate',
  'referer' => 'http://www.tp5.com/index.php/index/index/index.html',
  'cookie' => 'pgv_pvi=9210117120; hibext_instdsigdipv2=1; _ga=GA1.2.1868033078.1526888261; _gid=GA1.2.1974724693.1530496429',
  'connection' => 'keep-alive',
  'upgrade-insecure-requests' => '1',
)
[ info ] [ PARAM ] array (
)
[ info ] [ RUN ] app\index\controller\Order->hyyj[ E:\xampp\htdocs\xinjia\tp5\application\index\controller\Order.php ]
[ info ] [ DB ] INIT mysql
[ info ] [ VIEW ] E:\xampp\htdocs\xinjia\tp5\public/../application/index\view\index\hyyj.html [ array (
  0 => 'page',
  1 => 'list',
) ]
[ info ] [ LOG ] INIT File
[ sql ] [ DB ] CONNECT:[ UseTime:0.010000s ] mysql:host=127.0.0.1;dbname=hlwl;charset=utf8
[ sql ] [ SQL ] SHOW COLUMNS FROM `hl_seaprice` [ RunTime:0.022000s ]
[ sql ] [ SQL ] SHOW COLUMNS FROM `hl_carprice` [ RunTime:0.003000s ]
[ sql ] [ SQL ] SELECT COUNT(*) AS tp_count FROM ( SELECT `A`.`id`,B.id rid,C.id sid,`A`.`route_id`,`A`.`middle_id`,`A`.`ship_id`,`SC`.`ship_short_name`,`A`.`shipping_date`,`A`.`cutoff_date`,`A`.`boat_code`,`BA`.`boat_name`,`A`.`sea_limitation`,`A`.`ETA`,`A`.`EDD`,`A`.`generalize`,`A`.`mtime`,`A`.`sl_start`,`A`.`s_port_name`,`A`.`sl_end`,`A`.`e_port_name`,(select A.price_20GP + B.price_20GP + C.price_20GP  ) as price_20GP,(select A.price_40HQ + B.price_40HQ + C.price_40HQ  ) as price_40HQ FROM ( SELECT `SP`.*,`SB`.`sl_start`,P1.port_name s_port_name,`SB`.`sl_end`,`SR`.`middle_id`,P2.port_name e_port_name FROM `hl_seaprice` `SP` LEFT JOIN `hl_ship_route` `SR` ON `SR`.`id`=`SP`.`route_id` LEFT JOIN `hl_sea_bothend` `SB` ON `SB`.`sealine_id`=`SR`.`bothend_id` LEFT JOIN `hl_port` `P1` ON `P1`.`port_code`=`SB`.`sl_start` LEFT JOIN `hl_port` `P2` ON `P2`.`port_code`=`SB`.`sl_end` ORDER BY `SP`.`route_id` ) A LEFT JOIN ( SELECT `CP`.*,`CL`.`port_id`,`CL`.`address_name` FROM `hl_carprice` `CP` LEFT JOIN `hl_car_line` `CL` ON `CL`.`id`=`CP`.`cl_id` ORDER BY `CP`.`cl_id` ) B ON `A`.`sl_start`=B.port_id and  B.variable = "r" LEFT JOIN ( SELECT `CP`.*,`CL`.`port_id`,`CL`.`address_name` FROM `hl_carprice` `CP` LEFT JOIN `hl_car_line` `CL` ON `CL`.`id`=`CP`.`cl_id` ORDER BY `CP`.`cl_id` ) C ON `A`.`sl_end`=C.port_id and C.variable = "s" INNER JOIN `hl_shipcompany` `SC` ON `SC`.`id`=`A`.`ship_id` INNER JOIN `hl_boat` `BA` ON `BA`.`boat_code`=`A`.`boat_code` ) D LIMIT 1 [ RunTime:0.069000s ]
[ sql ] [ SQL ] SELECT * FROM ( SELECT `A`.`id`,B.id rid,C.id sid,`A`.`route_id`,`A`.`middle_id`,`A`.`ship_id`,`SC`.`ship_short_name`,`A`.`shipping_date`,`A`.`cutoff_date`,`A`.`boat_code`,`BA`.`boat_name`,`A`.`sea_limitation`,`A`.`ETA`,`A`.`EDD`,`A`.`generalize`,`A`.`mtime`,`A`.`sl_start`,`A`.`s_port_name`,`A`.`sl_end`,`A`.`e_port_name`,(select A.price_20GP + B.price_20GP + C.price_20GP  ) as price_20GP,(select A.price_40HQ + B.price_40HQ + C.price_40HQ  ) as price_40HQ FROM ( SELECT `SP`.*,`SB`.`sl_start`,P1.port_name s_port_name,`SB`.`sl_end`,`SR`.`middle_id`,P2.port_name e_port_name FROM `hl_seaprice` `SP` LEFT JOIN `hl_ship_route` `SR` ON `SR`.`id`=`SP`.`route_id` LEFT JOIN `hl_sea_bothend` `SB` ON `SB`.`sealine_id`=`SR`.`bothend_id` LEFT JOIN `hl_port` `P1` ON `P1`.`port_code`=`SB`.`sl_start` LEFT JOIN `hl_port` `P2` ON `P2`.`port_code`=`SB`.`sl_end` ORDER BY `SP`.`route_id` ) A LEFT JOIN ( SELECT `CP`.*,`CL`.`port_id`,`CL`.`address_name` FROM `hl_carprice` `CP` LEFT JOIN `hl_car_line` `CL` ON `CL`.`id`=`CP`.`cl_id` ORDER BY `CP`.`cl_id` ) B ON `A`.`sl_start`=B.port_id and  B.variable = "r" LEFT JOIN ( SELECT `CP`.*,`CL`.`port_id`,`CL`.`address_name` FROM `hl_carprice` `CP` LEFT JOIN `hl_car_line` `CL` ON `CL`.`id`=`CP`.`cl_id` ORDER BY `CP`.`cl_id` ) C ON `A`.`sl_end`=C.port_id and C.variable = "s" INNER JOIN `hl_shipcompany` `SC` ON `SC`.`id`=`A`.`ship_id` INNER JOIN `hl_boat` `BA` ON `BA`.`boat_code`=`A`.`boat_code` ) D LIMIT 0,5 [ RunTime:0.004000s ]
