---------------------------------------------------------------
[ 2018-07-09T09:51:32+08:00 ] 127.0.0.1 GET /index.php/index/index/index.html
[ info ] www.tp5.com/index.php/index/index/index.html [运行时间：0.041000s][吞吐率：24.39req/s] [内存消耗：1,480.04kb] [文件加载：40]
[ info ] [ LANG ] E:\xampp\htdocs\xinjia\tp5\thinkphp\lang\zh-cn.php
[ info ] [ BIND ] 'index'
[ info ] [ ROUTE ] array (
  'type' => 'module',
  'module' => 
  array (
    0 => 'index',
    1 => 'index',
    2 => 'index',
  ),
)
[ info ] [ HEADER ] array (
  'host' => 'www.tp5.com',
  'user-agent' => 'Mozilla/5.0 (Windows NT 6.1; Win64; x64; rv:61.0) Gecko/20100101 Firefox/61.0',
  'accept' => 'text/html,application/xhtml+xml,application/xml;q=0.9,*/*;q=0.8',
  'accept-language' => 'zh-CN,zh;q=0.8,zh-TW;q=0.7,zh-HK;q=0.5,en-US;q=0.3,en;q=0.2',
  'accept-encoding' => 'gzip, deflate',
  'cookie' => 'pgv_pvi=9210117120; hibext_instdsigdipv2=1; _ga=GA1.2.1868033078.1526888261',
  'connection' => 'keep-alive',
  'upgrade-insecure-requests' => '1',
)
[ info ] [ PARAM ] array (
)
[ info ] [ RUN ] app\index\controller\Index->index[ E:\xampp\htdocs\xinjia\tp5\application\index\controller\Index.php ]
[ info ] [ VIEW ] E:\xampp\htdocs\xinjia\tp5\public/../application/index\view\public\top.html [ array (
) ]
[ info ] [ LOG ] INIT File
---------------------------------------------------------------
[ 2018-07-09T09:51:32+08:00 ] 127.0.0.1 GET /index.php/index/index_body.html
[ info ] www.tp5.com/index.php/index/index_body.html [运行时间：0.020000s][吞吐率：50.00req/s] [内存消耗：1,419.55kb] [文件加载：39]
[ info ] [ LANG ] E:\xampp\htdocs\xinjia\tp5\thinkphp\lang\zh-cn.php
[ info ] [ BIND ] 'index'
[ info ] [ ROUTE ] array (
  'type' => 'module',
  'module' => 
  array (
    0 => 'index',
    1 => 'index',
    2 => 'index_body',
  ),
)
[ info ] [ HEADER ] array (
  'host' => 'www.tp5.com',
  'user-agent' => 'Mozilla/5.0 (Windows NT 6.1; Win64; x64; rv:61.0) Gecko/20100101 Firefox/61.0',
  'accept' => 'text/html,application/xhtml+xml,application/xml;q=0.9,*/*;q=0.8',
  'accept-language' => 'zh-CN,zh;q=0.8,zh-TW;q=0.7,zh-HK;q=0.5,en-US;q=0.3,en;q=0.2',
  'accept-encoding' => 'gzip, deflate',
  'referer' => 'http://www.tp5.com/index.php/index/index/index.html',
  'cookie' => 'pgv_pvi=9210117120; hibext_instdsigdipv2=1; _ga=GA1.2.1868033078.1526888261',
  'connection' => 'keep-alive',
  'upgrade-insecure-requests' => '1',
)
[ info ] [ PARAM ] array (
)
[ info ] [ RUN ] app\index\controller\Index->index_body[ E:\xampp\htdocs\xinjia\tp5\application\index\controller\Index.php ]
[ info ] [ VIEW ] E:\xampp\htdocs\xinjia\tp5\public/../application/index\view\index\index.html [ array (
) ]
[ info ] [ LOG ] INIT File
---------------------------------------------------------------
[ 2018-07-09T09:51:33+08:00 ] 127.0.0.1 GET /index.php/index/index_body.html
[ info ] www.tp5.com/index.php/index/index_body.html [运行时间：0.028000s][吞吐率：35.71req/s] [内存消耗：1,419.33kb] [文件加载：39]
[ info ] [ LANG ] E:\xampp\htdocs\xinjia\tp5\thinkphp\lang\zh-cn.php
[ info ] [ BIND ] 'index'
[ info ] [ ROUTE ] array (
  'type' => 'module',
  'module' => 
  array (
    0 => 'index',
    1 => 'index',
    2 => 'index_body',
  ),
)
[ info ] [ HEADER ] array (
  'host' => 'www.tp5.com',
  'user-agent' => 'Mozilla/5.0 (Windows NT 6.1; Win64; x64; rv:61.0) Gecko/20100101 Firefox/61.0',
  'accept' => 'video/webm,video/ogg,video/*;q=0.9,application/ogg;q=0.7,audio/*;q=0.6,*/*;q=0.5',
  'accept-language' => 'zh-CN,zh;q=0.8,zh-TW;q=0.7,zh-HK;q=0.5,en-US;q=0.3,en;q=0.2',
  'referer' => 'http://www.tp5.com/index.php/index/index_body.html',
  'range' => 'bytes=0-',
  'cookie' => 'pgv_pvi=9210117120; hibext_instdsigdipv2=1; _ga=GA1.2.1868033078.1526888261',
  'connection' => 'keep-alive',
)
[ info ] [ PARAM ] array (
)
[ info ] [ RUN ] app\index\controller\Index->index_body[ E:\xampp\htdocs\xinjia\tp5\application\index\controller\Index.php ]
[ info ] [ VIEW ] E:\xampp\htdocs\xinjia\tp5\public/../application/index\view\index\index.html [ array (
) ]
[ info ] [ LOG ] INIT File
---------------------------------------------------------------
[ 2018-07-09T09:51:34+08:00 ] 127.0.0.1 GET /index.php/index/hyyj.html
[ info ] www.tp5.com/index.php/index/hyyj.html [运行时间：0.040000s][吞吐率：25.00req/s] [内存消耗：1,438.95kb] [文件加载：41]
[ info ] [ LANG ] E:\xampp\htdocs\xinjia\tp5\thinkphp\lang\zh-cn.php
[ info ] [ BIND ] 'index'
[ info ] [ ROUTE ] array (
  'type' => 'module',
  'module' => 
  array (
    0 => 'index',
    1 => 'index',
    2 => 'hyyj',
  ),
)
[ info ] [ HEADER ] array (
  'host' => 'www.tp5.com',
  'user-agent' => 'Mozilla/5.0 (Windows NT 6.1; Win64; x64; rv:61.0) Gecko/20100101 Firefox/61.0',
  'accept' => 'text/html,application/xhtml+xml,application/xml;q=0.9,*/*;q=0.8',
  'accept-language' => 'zh-CN,zh;q=0.8,zh-TW;q=0.7,zh-HK;q=0.5,en-US;q=0.3,en;q=0.2',
  'accept-encoding' => 'gzip, deflate',
  'referer' => 'http://www.tp5.com/index.php/index/index/index.html',
  'cookie' => 'thinkphp_show_page_trace=0|0; pgv_pvi=9210117120; hibext_instdsigdipv2=1; _ga=GA1.2.1868033078.1526888261; trdipcktrffcext=1; _gid=GA1.2.200096162.1531101094; _gat=1',
  'connection' => 'keep-alive',
  'upgrade-insecure-requests' => '1',
)
[ info ] [ PARAM ] array (
)
[ info ] [ LOG ] INIT File
