---------------------------------------------------------------
[ 2018-07-22T09:39:36+08:00 ] 127.0.0.1 GET /admin.php/index/index.html
[ info ] www.tp5.com/admin.php/index/index.html [运行时间：0.126756s][吞吐率：7.89req/s] [内存消耗：1,480.83kb] [文件加载：42]
[ info ] [ LANG ] E:\xampp\htdocs\xinjia\tp5\thinkphp\lang\zh-cn.php
[ info ] [ BIND ] 'admin'
[ info ] [ ROUTE ] array (
  'type' => 'module',
  'module' => 
  array (
    0 => 'admin',
    1 => 'index',
    2 => 'index',
  ),
)
[ info ] [ HEADER ] array (
  'host' => 'www.tp5.com',
  'user-agent' => 'Mozilla/5.0 (Windows NT 10.0; Win64; x64; rv:61.0) Gecko/20100101 Firefox/61.0',
  'accept' => 'text/html,application/xhtml+xml,application/xml;q=0.9,*/*;q=0.8',
  'accept-language' => 'zh-CN,zh;q=0.8,zh-TW;q=0.7,zh-HK;q=0.5,en-US;q=0.3,en;q=0.2',
  'accept-encoding' => 'gzip, deflate',
  'cookie' => 'Hm_lvt_aba1a55910444a23dbcad68d17658d63=1531836853',
  'connection' => 'keep-alive',
  'upgrade-insecure-requests' => '1',
)
[ info ] [ PARAM ] array (
)
[ info ] [ SESSION ] INIT array (
  'id' => '',
  'var_session_id' => '',
  'prefix' => 'think',
  'type' => '',
  'auto_start' => true,
)
[ info ] [ VIEW ] E:\xampp\htdocs\xinjia\tp5\thinkphp\tpl\dispatch_jump.tpl [ array (
  0 => 'code',
  1 => 'msg',
  2 => 'data',
  3 => 'url',
  4 => 'wait',
) ]
[ info ] [ LOG ] INIT File
---------------------------------------------------------------
[ 2018-07-22T09:39:39+08:00 ] 127.0.0.1 GET /admin.php/login/index.html
[ info ] www.tp5.com/admin.php/login/index.html [运行时间：0.047511s][吞吐率：21.05req/s] [内存消耗：1,467.09kb] [文件加载：40]
[ info ] [ LANG ] E:\xampp\htdocs\xinjia\tp5\thinkphp\lang\zh-cn.php
[ info ] [ BIND ] 'admin'
[ info ] [ ROUTE ] array (
  'type' => 'module',
  'module' => 
  array (
    0 => 'admin',
    1 => 'login',
    2 => 'index',
  ),
)
[ info ] [ HEADER ] array (
  'host' => 'www.tp5.com',
  'user-agent' => 'Mozilla/5.0 (Windows NT 10.0; Win64; x64; rv:61.0) Gecko/20100101 Firefox/61.0',
  'accept' => 'text/html,application/xhtml+xml,application/xml;q=0.9,*/*;q=0.8',
  'accept-language' => 'zh-CN,zh;q=0.8,zh-TW;q=0.7,zh-HK;q=0.5,en-US;q=0.3,en;q=0.2',
  'accept-encoding' => 'gzip, deflate',
  'referer' => 'http://www.tp5.com/admin.php/index/index.html',
  'cookie' => 'Hm_lvt_aba1a55910444a23dbcad68d17658d63=1531836853; PHPSESSID=g8o5rfdo8g0far77r9nkl9l5m4',
  'connection' => 'keep-alive',
  'upgrade-insecure-requests' => '1',
)
[ info ] [ PARAM ] array (
)
[ info ] [ RUN ] app\admin\controller\Login->index[ E:\xampp\htdocs\xinjia\tp5\application\admin\controller\Login.php ]
[ info ] [ VIEW ] E:\xampp\htdocs\xinjia\tp5\public/../application/admin\view\login\login.html [ array (
) ]
[ info ] [ LOG ] INIT File
---------------------------------------------------------------
[ 2018-07-22T09:39:39+08:00 ] 127.0.0.1 GET /static/admin/favicon.ico
[ info ] www.tp5.com/static/admin/favicon.ico [运行时间：0.067292s][吞吐率：14.86req/s] [内存消耗：1,143.48kb] [文件加载：34]
[ info ] [ LANG ] E:\xampp\htdocs\xinjia\tp5\thinkphp\lang\zh-cn.php
[ info ] [ BIND ] 'index'
[ info ] [ ROUTE ] array (
  'type' => 'module',
  'module' => 
  array (
    0 => 'index',
    1 => 'static',
    2 => 'admin',
  ),
)
[ info ] [ HEADER ] array (
  'host' => 'www.tp5.com',
  'user-agent' => 'Mozilla/5.0 (Windows NT 10.0; Win64; x64; rv:61.0) Gecko/20100101 Firefox/61.0',
  'accept' => 'text/html,application/xhtml+xml,application/xml;q=0.9,*/*;q=0.8',
  'accept-language' => 'zh-CN,zh;q=0.8,zh-TW;q=0.7,zh-HK;q=0.5,en-US;q=0.3,en;q=0.2',
  'accept-encoding' => 'gzip, deflate',
  'cookie' => 'Hm_lvt_aba1a55910444a23dbcad68d17658d63=1531836853; PHPSESSID=g8o5rfdo8g0far77r9nkl9l5m4',
  'connection' => 'keep-alive',
)
[ info ] [ PARAM ] array (
)
[ info ] [ LOG ] INIT File
---------------------------------------------------------------
[ 2018-07-22T09:39:45+08:00 ] 127.0.0.1 POST /admin.php/login/check.html
[ info ] www.tp5.com/admin.php/login/check.html [运行时间：0.382270s][吞吐率：2.62req/s] [内存消耗：2,494.52kb] [文件加载：47]
[ info ] [ LANG ] E:\xampp\htdocs\xinjia\tp5\thinkphp\lang\zh-cn.php
[ info ] [ BIND ] 'admin'
[ info ] [ ROUTE ] array (
  'type' => 'module',
  'module' => 
  array (
    0 => 'admin',
    1 => 'login',
    2 => 'check',
  ),
)
[ info ] [ HEADER ] array (
  'host' => 'www.tp5.com',
  'user-agent' => 'Mozilla/5.0 (Windows NT 10.0; Win64; x64; rv:61.0) Gecko/20100101 Firefox/61.0',
  'accept' => 'application/json, text/javascript, */*; q=0.01',
  'accept-language' => 'zh-CN,zh;q=0.8,zh-TW;q=0.7,zh-HK;q=0.5,en-US;q=0.3,en;q=0.2',
  'accept-encoding' => 'gzip, deflate',
  'referer' => 'http://www.tp5.com/admin.php/login/index.html',
  'content-type' => 'application/x-www-form-urlencoded; charset=UTF-8',
  'x-requested-with' => 'XMLHttpRequest',
  'content-length' => '29',
  'cookie' => 'thinkphp_show_page_trace=0|0; Hm_lvt_aba1a55910444a23dbcad68d17658d63=1531836853; PHPSESSID=g8o5rfdo8g0far77r9nkl9l5m4',
  'connection' => 'keep-alive',
)
[ info ] [ PARAM ] array (
  'loginname' => 'aaa',
  'password' => '123456',
)
[ info ] [ RUN ] app\admin\controller\Login->check[ E:\xampp\htdocs\xinjia\tp5\application\admin\controller\Login.php ]
[ info ] [ DB ] INIT mysql
[ info ] [ CACHE ] INIT File
[ info ] [ SESSION ] INIT array (
  'id' => '',
  'var_session_id' => '',
  'prefix' => 'think',
  'type' => '',
  'auto_start' => true,
)
[ info ] [ LOG ] INIT File
[ sql ] [ DB ] CONNECT:[ UseTime:0.057141s ] mysql:host=127.0.0.1;dbname=hlwl;charset=utf8
[ sql ] [ SQL ] SHOW COLUMNS FROM `hl_user` [ RunTime:0.182285s ]
[ sql ] [ SQL ] SELECT * FROM `hl_user` WHERE  `loginname` = 'aaa' LIMIT 1 [ RunTime:0.003527s ]
[ sql ] [ SQL ] UPDATE `hl_user`  SET `logintime`=1532223585,`update_time`=2018  WHERE  `id` = 3 [ RunTime:0.060385s ]
---------------------------------------------------------------
[ 2018-07-22T09:39:47+08:00 ] 127.0.0.1 GET /admin.php/index/index.html
[ info ] www.tp5.com/admin.php/index/index.html [运行时间：0.131136s][吞吐率：7.63req/s] [内存消耗：1,655.09kb] [文件加载：43]
[ info ] [ LANG ] E:\xampp\htdocs\xinjia\tp5\thinkphp\lang\zh-cn.php
[ info ] [ BIND ] 'admin'
[ info ] [ ROUTE ] array (
  'type' => 'module',
  'module' => 
  array (
    0 => 'admin',
    1 => 'index',
    2 => 'index',
  ),
)
[ info ] [ HEADER ] array (
  'host' => 'www.tp5.com',
  'user-agent' => 'Mozilla/5.0 (Windows NT 10.0; Win64; x64; rv:61.0) Gecko/20100101 Firefox/61.0',
  'accept' => 'text/html,application/xhtml+xml,application/xml;q=0.9,*/*;q=0.8',
  'accept-language' => 'zh-CN,zh;q=0.8,zh-TW;q=0.7,zh-HK;q=0.5,en-US;q=0.3,en;q=0.2',
  'accept-encoding' => 'gzip, deflate',
  'referer' => 'http://www.tp5.com/admin.php/login/index.html',
  'cookie' => 'thinkphp_show_page_trace=0|0; Hm_lvt_aba1a55910444a23dbcad68d17658d63=1531836853; PHPSESSID=g8o5rfdo8g0far77r9nkl9l5m4',
  'connection' => 'keep-alive',
  'upgrade-insecure-requests' => '1',
)
[ info ] [ PARAM ] array (
)
[ info ] [ SESSION ] INIT array (
  'id' => '',
  'var_session_id' => '',
  'prefix' => 'think',
  'type' => '',
  'auto_start' => true,
)
[ info ] [ RUN ] app\admin\controller\Index->index[ E:\xampp\htdocs\xinjia\tp5\application\admin\controller\Index.php ]
[ info ] [ VIEW ] E:\xampp\htdocs\xinjia\tp5\public/../application/admin\view\index\index.html [ array (
) ]
[ info ] [ LOG ] INIT File
---------------------------------------------------------------
[ 2018-07-22T09:39:47+08:00 ] 127.0.0.1 GET /admin.php/index/welcome.html
[ info ] www.tp5.com/admin.php/index/welcome.html [运行时间：0.127613s][吞吐率：7.84req/s] [内存消耗：1,565.66kb] [文件加载：42]
[ info ] [ LANG ] E:\xampp\htdocs\xinjia\tp5\thinkphp\lang\zh-cn.php
[ info ] [ BIND ] 'admin'
[ info ] [ ROUTE ] array (
  'type' => 'module',
  'module' => 
  array (
    0 => 'admin',
    1 => 'index',
    2 => 'welcome',
  ),
)
[ info ] [ HEADER ] array (
  'host' => 'www.tp5.com',
  'user-agent' => 'Mozilla/5.0 (Windows NT 10.0; Win64; x64; rv:61.0) Gecko/20100101 Firefox/61.0',
  'accept' => 'text/html,application/xhtml+xml,application/xml;q=0.9,*/*;q=0.8',
  'accept-language' => 'zh-CN,zh;q=0.8,zh-TW;q=0.7,zh-HK;q=0.5,en-US;q=0.3,en;q=0.2',
  'accept-encoding' => 'gzip, deflate',
  'referer' => 'http://www.tp5.com/admin.php/index/index.html',
  'cookie' => 'thinkphp_show_page_trace=0|0; Hm_lvt_aba1a55910444a23dbcad68d17658d63=1531836853; PHPSESSID=g8o5rfdo8g0far77r9nkl9l5m4',
  'connection' => 'keep-alive',
  'upgrade-insecure-requests' => '1',
)
[ info ] [ PARAM ] array (
)
[ info ] [ SESSION ] INIT array (
  'id' => '',
  'var_session_id' => '',
  'prefix' => 'think',
  'type' => '',
  'auto_start' => true,
)
[ info ] [ RUN ] app\admin\controller\Index->welcome[ E:\xampp\htdocs\xinjia\tp5\application\admin\controller\Index.php ]
[ info ] [ VIEW ] E:\xampp\htdocs\xinjia\tp5\public/../application/admin\view\index\welcome.html [ array (
) ]
[ info ] [ LOG ] INIT File
---------------------------------------------------------------
[ 2018-07-22T09:39:50+08:00 ] 127.0.0.1 GET /admin.php/price/price_route.html
[ info ] www.tp5.com/admin.php/price/price_route.html [运行时间：0.772503s][吞吐率：1.29req/s] [内存消耗：2,926.84kb] [文件加载：53]
[ info ] [ LANG ] E:\xampp\htdocs\xinjia\tp5\thinkphp\lang\zh-cn.php
[ info ] [ BIND ] 'admin'
[ info ] [ ROUTE ] array (
  'type' => 'module',
  'module' => 
  array (
    0 => 'admin',
    1 => 'price',
    2 => 'price_route',
  ),
)
[ info ] [ HEADER ] array (
  'host' => 'www.tp5.com',
  'user-agent' => 'Mozilla/5.0 (Windows NT 10.0; Win64; x64; rv:61.0) Gecko/20100101 Firefox/61.0',
  'accept' => 'text/html,application/xhtml+xml,application/xml;q=0.9,*/*;q=0.8',
  'accept-language' => 'zh-CN,zh;q=0.8,zh-TW;q=0.7,zh-HK;q=0.5,en-US;q=0.3,en;q=0.2',
  'accept-encoding' => 'gzip, deflate',
  'referer' => 'http://www.tp5.com/admin.php/index/index.html',
  'cookie' => 'Hm_lvt_aba1a55910444a23dbcad68d17658d63=1531836853; PHPSESSID=g8o5rfdo8g0far77r9nkl9l5m4',
  'connection' => 'keep-alive',
  'upgrade-insecure-requests' => '1',
)
[ info ] [ PARAM ] array (
)
[ info ] [ SESSION ] INIT array (
  'id' => '',
  'var_session_id' => '',
  'prefix' => 'think',
  'type' => '',
  'auto_start' => true,
)
[ info ] [ RUN ] app\admin\controller\Price->price_route[ E:\xampp\htdocs\xinjia\tp5\application\admin\controller\Price.php ]
[ info ] [ DB ] INIT mysql
[ info ] [ VIEW ] E:\xampp\htdocs\xinjia\tp5\public/../application/admin\view\Price\price_route.html [ array (
  0 => 'list',
  1 => 'page',
) ]
[ info ] [ LOG ] INIT File
[ sql ] [ DB ] CONNECT:[ UseTime:0.003307s ] mysql:host=127.0.0.1;dbname=hlwl;charset=utf8
[ sql ] [ SQL ] SHOW COLUMNS FROM `hl_sea_middle` [ RunTime:0.120922s ]
[ sql ] [ SQL ] SHOW COLUMNS FROM `hl_sea_bothend` [ RunTime:0.087434s ]
[ sql ] [ SQL ] SHOW COLUMNS FROM `hl_ship_route` [ RunTime:0.088831s ]
[ sql ] [ SQL ] SHOW COLUMNS FROM `hl_seaprice` [ RunTime:0.077415s ]
[ sql ] [ SQL ] SELECT COUNT(*) AS tp_count FROM ( SELECT `SP`.*,S.ship_short_name ship_name,`B`.`boat_name`,`T3`.`s_port_name`,`T3`.`e_port_name`,`T3`.`port_name` FROM `hl_seaprice` `SP` LEFT JOIN `hl_shipcompany` `S` ON `S`.`id`=`SP`.`ship_id` LEFT JOIN ( SELECT `SR`.*,T1.sealine_id s_id,`T1`.`sl_start`,`T1`.`s_port_name`,`T1`.`sl_end`,`T1`.`e_port_name`,T2.sealine_id m_id,`T2`.`middle_port`,`T2`.`port_name` FROM `hl_ship_route` `SR` LEFT JOIN ( SELECT `SB`.`sealine_id`,`SB`.`sl_start`,P1.port_name s_port_name,`SB`.`sl_end`,P2.port_name e_port_name FROM `hl_sea_bothend` `SB` LEFT JOIN `hl_port` `P1` ON `P1`.`port_code`=`SB`.`sl_start` LEFT JOIN `hl_port` `P2` ON `P2`.`port_code`=`SB`.`sl_end` GROUP BY `SB`.`sealine_id` ORDER BY `SB`.`sealine_id` ) T1 ON `SR`.`bothend_id`=`T1`.`sealine_id` LEFT JOIN ( SELECT `SM`.`sealine_id`,group_concat(SM.sl_middle order by SM.sequence) middle_port,group_concat(P.port_name order by SM.sequence) port_name FROM `hl_sea_middle` `SM` LEFT JOIN `hl_port` `P` ON `P`.`port_code`=`SM`.`sl_middle` GROUP BY `SM`.`sealine_id` ORDER BY `SM`.`sealine_id` ) T2 ON `SR`.`middle_id`=`T2`.`sealine_id` ORDER BY `SR`.`id` ) T3 ON `T3`.`id`=`SP`.`route_id` LEFT JOIN `hl_boat` `B` ON `B`.`boat_code`=`SP`.`boat_code` ORDER BY SP.id,SP.ship_id,SP.route_id ) c LIMIT 1 [ RunTime:0.150446s ]
[ sql ] [ SQL ] SELECT * FROM ( SELECT `SP`.*,S.ship_short_name ship_name,`B`.`boat_name`,`T3`.`s_port_name`,`T3`.`e_port_name`,`T3`.`port_name` FROM `hl_seaprice` `SP` LEFT JOIN `hl_shipcompany` `S` ON `S`.`id`=`SP`.`ship_id` LEFT JOIN ( SELECT `SR`.*,T1.sealine_id s_id,`T1`.`sl_start`,`T1`.`s_port_name`,`T1`.`sl_end`,`T1`.`e_port_name`,T2.sealine_id m_id,`T2`.`middle_port`,`T2`.`port_name` FROM `hl_ship_route` `SR` LEFT JOIN ( SELECT `SB`.`sealine_id`,`SB`.`sl_start`,P1.port_name s_port_name,`SB`.`sl_end`,P2.port_name e_port_name FROM `hl_sea_bothend` `SB` LEFT JOIN `hl_port` `P1` ON `P1`.`port_code`=`SB`.`sl_start` LEFT JOIN `hl_port` `P2` ON `P2`.`port_code`=`SB`.`sl_end` GROUP BY `SB`.`sealine_id` ORDER BY `SB`.`sealine_id` ) T1 ON `SR`.`bothend_id`=`T1`.`sealine_id` LEFT JOIN ( SELECT `SM`.`sealine_id`,group_concat(SM.sl_middle order by SM.sequence) middle_port,group_concat(P.port_name order by SM.sequence) port_name FROM `hl_sea_middle` `SM` LEFT JOIN `hl_port` `P` ON `P`.`port_code`=`SM`.`sl_middle` GROUP BY `SM`.`sealine_id` ORDER BY `SM`.`sealine_id` ) T2 ON `SR`.`middle_id`=`T2`.`sealine_id` ORDER BY `SR`.`id` ) T3 ON `T3`.`id`=`SP`.`route_id` LEFT JOIN `hl_boat` `B` ON `B`.`boat_code`=`SP`.`boat_code` ORDER BY SP.id,SP.ship_id,SP.route_id ) c ORDER BY id,ship_id,route_id LIMIT 0,5 [ RunTime:0.032803s ]
---------------------------------------------------------------
[ 2018-07-22T15:33:43+08:00 ] 127.0.0.1 GET /admin.php/order/ordercenter.html
[ info ] www.tp5.com/admin.php/order/ordercenter.html [运行时间：1.325876s][吞吐率：0.75req/s] [内存消耗：1,709.02kb] [文件加载：43]
[ info ] [ LANG ] E:\xampp\htdocs\xinjia\tp5\thinkphp\lang\zh-cn.php
[ info ] [ BIND ] 'admin'
[ info ] [ ROUTE ] array (
  'type' => 'module',
  'module' => 
  array (
    0 => 'admin',
    1 => 'order',
    2 => 'ordercenter',
  ),
)
[ info ] [ HEADER ] array (
  'host' => 'www.tp5.com',
  'user-agent' => 'Mozilla/5.0 (Windows NT 10.0; Win64; x64; rv:61.0) Gecko/20100101 Firefox/61.0',
  'accept' => 'text/html,application/xhtml+xml,application/xml;q=0.9,*/*;q=0.8',
  'accept-language' => 'zh-CN,zh;q=0.8,zh-TW;q=0.7,zh-HK;q=0.5,en-US;q=0.3,en;q=0.2',
  'accept-encoding' => 'gzip, deflate',
  'referer' => 'http://www.tp5.com/admin.php/index/index.html',
  'cookie' => 'Hm_lvt_aba1a55910444a23dbcad68d17658d63=1531836853; PHPSESSID=g8o5rfdo8g0far77r9nkl9l5m4',
  'connection' => 'keep-alive',
  'upgrade-insecure-requests' => '1',
)
[ info ] [ PARAM ] array (
)
[ info ] [ SESSION ] INIT array (
  'id' => '',
  'var_session_id' => '',
  'prefix' => 'think',
  'type' => '',
  'auto_start' => true,
)
[ info ] [ RUN ] app\admin\controller\Order->orderCenter[ E:\xampp\htdocs\xinjia\tp5\application\admin\controller\Order.php ]
[ info ] [ VIEW ] E:\xampp\htdocs\xinjia\tp5\public/../application/admin\view\Order\order_center.html [ array (
) ]
[ info ] [ LOG ] INIT File
---------------------------------------------------------------
[ 2018-07-22T15:33:47+08:00 ] 127.0.0.1 POST /admin.php/order/listsendcar.html
[ info ] www.tp5.com/admin.php/order/listsendcar.html [运行时间：0.638958s][吞吐率：1.57req/s] [内存消耗：2,469.71kb] [文件加载：47]
[ info ] [ LANG ] E:\xampp\htdocs\xinjia\tp5\thinkphp\lang\zh-cn.php
[ info ] [ BIND ] 'admin'
[ info ] [ ROUTE ] array (
  'type' => 'module',
  'module' => 
  array (
    0 => 'admin',
    1 => 'order',
    2 => 'listsendcar',
  ),
)
[ info ] [ HEADER ] array (
  'host' => 'www.tp5.com',
  'user-agent' => 'Mozilla/5.0 (Windows NT 10.0; Win64; x64; rv:61.0) Gecko/20100101 Firefox/61.0',
  'accept' => 'text/html, */*; q=0.01',
  'accept-language' => 'zh-CN,zh;q=0.8,zh-TW;q=0.7,zh-HK;q=0.5,en-US;q=0.3,en;q=0.2',
  'accept-encoding' => 'gzip, deflate',
  'referer' => 'http://www.tp5.com/admin.php/order/ordercenter.html',
  'content-type' => 'application/x-www-form-urlencoded; charset=UTF-8',
  'x-requested-with' => 'XMLHttpRequest',
  'content-length' => '29',
  'cookie' => 'thinkphp_show_page_trace=0|0; Hm_lvt_aba1a55910444a23dbcad68d17658d63=1531836853; PHPSESSID=g8o5rfdo8g0far77r9nkl9l5m4',
  'connection' => 'keep-alive',
)
[ info ] [ PARAM ] array (
  'type1' => 'paramer1',
  'type2' => 'paramer2',
)
[ info ] [ SESSION ] INIT array (
  'id' => '',
  'var_session_id' => '',
  'prefix' => 'think',
  'type' => '',
  'auto_start' => true,
)
[ info ] [ RUN ] app\admin\controller\Order->listSendCar[ E:\xampp\htdocs\xinjia\tp5\application\admin\controller\Order.php ]
[ info ] [ DB ] INIT mysql
[ info ] [ LOG ] INIT File
[ error ] [0]method not exist:think\db\Query->sendCarList[E:\xampp\htdocs\xinjia\tp5\thinkphp\library\think\db\Query.php:94]
---------------------------------------------------------------
[ 2018-07-22T15:33:56+08:00 ] 127.0.0.1 POST /admin.php/order/listsendcar.html
[ info ] www.tp5.com/admin.php/order/listsendcar.html [运行时间：0.095174s][吞吐率：10.51req/s] [内存消耗：2,470.01kb] [文件加载：47]
[ info ] [ LANG ] E:\xampp\htdocs\xinjia\tp5\thinkphp\lang\zh-cn.php
[ info ] [ BIND ] 'admin'
[ info ] [ ROUTE ] array (
  'type' => 'module',
  'module' => 
  array (
    0 => 'admin',
    1 => 'order',
    2 => 'listsendcar',
  ),
)
[ info ] [ HEADER ] array (
  'host' => 'www.tp5.com',
  'user-agent' => 'Mozilla/5.0 (Windows NT 10.0; Win64; x64; rv:61.0) Gecko/20100101 Firefox/61.0',
  'accept' => 'text/html, */*; q=0.01',
  'accept-language' => 'zh-CN,zh;q=0.8,zh-TW;q=0.7,zh-HK;q=0.5,en-US;q=0.3,en;q=0.2',
  'accept-encoding' => 'gzip, deflate',
  'referer' => 'http://www.tp5.com/admin.php/order/ordercenter.html',
  'content-type' => 'application/x-www-form-urlencoded; charset=UTF-8',
  'x-requested-with' => 'XMLHttpRequest',
  'content-length' => '29',
  'cookie' => 'thinkphp_show_page_trace=0|0; Hm_lvt_aba1a55910444a23dbcad68d17658d63=1531836853; PHPSESSID=g8o5rfdo8g0far77r9nkl9l5m4',
  'connection' => 'keep-alive',
  'pragma' => 'no-cache',
  'cache-control' => 'no-cache',
)
[ info ] [ PARAM ] array (
  'type1' => 'paramer1',
  'type2' => 'paramer2',
)
[ info ] [ SESSION ] INIT array (
  'id' => '',
  'var_session_id' => '',
  'prefix' => 'think',
  'type' => '',
  'auto_start' => true,
)
[ info ] [ RUN ] app\admin\controller\Order->listSendCar[ E:\xampp\htdocs\xinjia\tp5\application\admin\controller\Order.php ]
[ info ] [ DB ] INIT mysql
[ info ] [ LOG ] INIT File
[ error ] [0]method not exist:think\db\Query->sendCarList[E:\xampp\htdocs\xinjia\tp5\thinkphp\library\think\db\Query.php:94]
---------------------------------------------------------------
[ 2018-07-22T15:49:43+08:00 ] 127.0.0.1 POST /admin.php/order/listsendcar.html
[ info ] www.tp5.com/admin.php/order/listsendcar.html [运行时间：0.165592s][吞吐率：6.04req/s] [内存消耗：2,470.56kb] [文件加载：47]
[ info ] [ LANG ] E:\xampp\htdocs\xinjia\tp5\thinkphp\lang\zh-cn.php
[ info ] [ BIND ] 'admin'
[ info ] [ ROUTE ] array (
  'type' => 'module',
  'module' => 
  array (
    0 => 'admin',
    1 => 'order',
    2 => 'listsendcar',
  ),
)
[ info ] [ HEADER ] array (
  'host' => 'www.tp5.com',
  'user-agent' => 'Mozilla/5.0 (Windows NT 10.0; Win64; x64; rv:61.0) Gecko/20100101 Firefox/61.0',
  'accept' => 'text/html, */*; q=0.01',
  'accept-language' => 'zh-CN,zh;q=0.8,zh-TW;q=0.7,zh-HK;q=0.5,en-US;q=0.3,en;q=0.2',
  'accept-encoding' => 'gzip, deflate',
  'referer' => 'http://www.tp5.com/admin.php/order/ordercenter.html',
  'content-type' => 'application/x-www-form-urlencoded; charset=UTF-8',
  'x-requested-with' => 'XMLHttpRequest',
  'content-length' => '29',
  'cookie' => 'thinkphp_show_page_trace=0|0; Hm_lvt_aba1a55910444a23dbcad68d17658d63=1531836853; PHPSESSID=g8o5rfdo8g0far77r9nkl9l5m4',
  'connection' => 'keep-alive',
  'pragma' => 'no-cache',
  'cache-control' => 'no-cache',
)
[ info ] [ PARAM ] array (
  'type1' => 'paramer1',
  'type2' => 'paramer2',
)
[ info ] [ SESSION ] INIT array (
  'id' => '',
  'var_session_id' => '',
  'prefix' => 'think',
  'type' => '',
  'auto_start' => true,
)
[ info ] [ RUN ] app\admin\controller\Order->listSendCar[ E:\xampp\htdocs\xinjia\tp5\application\admin\controller\Order.php ]
[ info ] [ DB ] INIT mysql
[ info ] [ LOG ] INIT File
[ error ] [0]method not exist:think\db\Query->sendCarList[E:\xampp\htdocs\xinjia\tp5\thinkphp\library\think\db\Query.php:94]
---------------------------------------------------------------
[ 2018-07-22T15:49:46+08:00 ] 127.0.0.1 POST /admin.php/order/listbook.html
[ info ] www.tp5.com/admin.php/order/listbook.html [运行时间：0.900361s][吞吐率：1.11req/s] [内存消耗：2,820.38kb] [文件加载：52]
[ info ] [ LANG ] E:\xampp\htdocs\xinjia\tp5\thinkphp\lang\zh-cn.php
[ info ] [ BIND ] 'admin'
[ info ] [ ROUTE ] array (
  'type' => 'module',
  'module' => 
  array (
    0 => 'admin',
    1 => 'order',
    2 => 'listbook',
  ),
)
[ info ] [ HEADER ] array (
  'host' => 'www.tp5.com',
  'user-agent' => 'Mozilla/5.0 (Windows NT 10.0; Win64; x64; rv:61.0) Gecko/20100101 Firefox/61.0',
  'accept' => 'text/html, */*; q=0.01',
  'accept-language' => 'zh-CN,zh;q=0.8,zh-TW;q=0.7,zh-HK;q=0.5,en-US;q=0.3,en;q=0.2',
  'accept-encoding' => 'gzip, deflate',
  'referer' => 'http://www.tp5.com/admin.php/order/ordercenter.html',
  'content-type' => 'application/x-www-form-urlencoded; charset=UTF-8',
  'x-requested-with' => 'XMLHttpRequest',
  'content-length' => '29',
  'cookie' => 'thinkphp_show_page_trace=0|0; Hm_lvt_aba1a55910444a23dbcad68d17658d63=1531836853; PHPSESSID=g8o5rfdo8g0far77r9nkl9l5m4',
  'connection' => 'keep-alive',
  'pragma' => 'no-cache',
  'cache-control' => 'no-cache',
)
[ info ] [ PARAM ] array (
  'type1' => 'paramer1',
  'type2' => 'paramer2',
)
[ info ] [ SESSION ] INIT array (
  'id' => '',
  'var_session_id' => '',
  'prefix' => 'think',
  'type' => '',
  'auto_start' => true,
)
[ info ] [ RUN ] app\admin\controller\Order->listBook[ E:\xampp\htdocs\xinjia\tp5\application\admin\controller\Order.php ]
[ info ] [ DB ] INIT mysql
[ info ] [ VIEW ] E:\xampp\htdocs\xinjia\tp5\public/../application/admin\view\listOrder\list_book.html [ array (
  0 => 'count_book',
  1 => 'list_book',
  2 => 'page_book',
) ]
[ info ] [ LOG ] INIT File
[ sql ] [ DB ] CONNECT:[ UseTime:0.001492s ] mysql:host=127.0.0.1;dbname=hlwl;charset=utf8
[ sql ] [ SQL ] SHOW COLUMNS FROM `hl_order_father` [ RunTime:0.124596s ]
[ sql ] [ SQL ] SELECT COUNT(*) AS tp_count FROM ( SELECT `OF`.`id`,`OF`.`order_num`,`SA`.`salesname`,`SB`.`sl_start`,P1.port_name s_port_name,`SB`.`sl_end`,P2.port_name e_port_name,`OF`.`cargo`,`CS`.`type`,`OF`.`container_num`,`SC`.`ship_short_name`,`B`.`boat_code`,`B`.`boat_name`,`OF`.`mtime`,`SP`.`shipping_date`,`SP`.`sea_limitation`,`SP`.`cutoff_date`,`LK2`.`company` FROM `hl_order_father` `OF` LEFT JOIN `hl_container_size` `CS` ON `CS`.`id`=`OF`.`container_size` LEFT JOIN `hl_book_line` `BL` ON `BL`.`id`=`OF`.`book_line_id` LEFT JOIN `hl_seaprice` `SP` ON `SP`.`id`=`BL`.`seaprice_id` LEFT JOIN `hl_ship_route` `SR` ON `SR`.`id`=`SP`.`route_id` LEFT JOIN `hl_sea_bothend` `SB` ON `SB`.`sealine_id`=`SR`.`bothend_id` LEFT JOIN `hl_port` `P1` ON `P1`.`port_code`=`SB`.`sl_start` LEFT JOIN `hl_port` `P2` ON `P2`.`port_code`=`SB`.`sl_end` LEFT JOIN `hl_shipcompany` `SC` ON `SC`.`id`=`SP`.`ship_id` LEFT JOIN `hl_boat` `B` ON `B`.`boat_code`=`SP`.`boat_code` LEFT JOIN `hl_sales_member` `SM` ON `SM`.`member_code`=`OF`.`member_code` LEFT JOIN `hl_salesman` `SA` ON `SA`.`sales_code`=`SM`.`sales_code` LEFT JOIN `hl_member` `MB` ON `MB`.`member_code`=`OF`.`member_code` LEFT JOIN `hl_order_add` `OA` ON `OA`.`id`=`OF`.`add_id` LEFT JOIN `hl_linkman` `LK2` ON `OA`.`r_linkman_id`=`LK2`.`id` WHERE  `OF`.`state` = '2' GROUP BY `OF`.`id` ORDER BY OF.id ,OF.mtime desc ) A LIMIT 1 [ RunTime:0.162882s ]
[ sql ] [ SQL ] SELECT * FROM ( SELECT `OF`.`id`,`OF`.`order_num`,`SA`.`salesname`,`SB`.`sl_start`,P1.port_name s_port_name,`SB`.`sl_end`,P2.port_name e_port_name,`OF`.`cargo`,`CS`.`type`,`OF`.`container_num`,`SC`.`ship_short_name`,`B`.`boat_code`,`B`.`boat_name`,`OF`.`mtime`,`SP`.`shipping_date`,`SP`.`sea_limitation`,`SP`.`cutoff_date`,`LK2`.`company` FROM `hl_order_father` `OF` LEFT JOIN `hl_container_size` `CS` ON `CS`.`id`=`OF`.`container_size` LEFT JOIN `hl_book_line` `BL` ON `BL`.`id`=`OF`.`book_line_id` LEFT JOIN `hl_seaprice` `SP` ON `SP`.`id`=`BL`.`seaprice_id` LEFT JOIN `hl_ship_route` `SR` ON `SR`.`id`=`SP`.`route_id` LEFT JOIN `hl_sea_bothend` `SB` ON `SB`.`sealine_id`=`SR`.`bothend_id` LEFT JOIN `hl_port` `P1` ON `P1`.`port_code`=`SB`.`sl_start` LEFT JOIN `hl_port` `P2` ON `P2`.`port_code`=`SB`.`sl_end` LEFT JOIN `hl_shipcompany` `SC` ON `SC`.`id`=`SP`.`ship_id` LEFT JOIN `hl_boat` `B` ON `B`.`boat_code`=`SP`.`boat_code` LEFT JOIN `hl_sales_member` `SM` ON `SM`.`member_code`=`OF`.`member_code` LEFT JOIN `hl_salesman` `SA` ON `SA`.`sales_code`=`SM`.`sales_code` LEFT JOIN `hl_member` `MB` ON `MB`.`member_code`=`OF`.`member_code` LEFT JOIN `hl_order_add` `OA` ON `OA`.`id`=`OF`.`add_id` LEFT JOIN `hl_linkman` `LK2` ON `OA`.`r_linkman_id`=`LK2`.`id` WHERE  `OF`.`state` = '2' GROUP BY `OF`.`id` ORDER BY OF.id ,OF.mtime desc ) A LIMIT 0,5 [ RunTime:0.009788s ]
---------------------------------------------------------------
[ 2018-07-22T15:49:47+08:00 ] 127.0.0.1 POST /admin.php/order/listsendcar.html
[ info ] www.tp5.com/admin.php/order/listsendcar.html [运行时间：0.343469s][吞吐率：2.91req/s] [内存消耗：2,470.56kb] [文件加载：47]
[ info ] [ LANG ] E:\xampp\htdocs\xinjia\tp5\thinkphp\lang\zh-cn.php
[ info ] [ BIND ] 'admin'
[ info ] [ ROUTE ] array (
  'type' => 'module',
  'module' => 
  array (
    0 => 'admin',
    1 => 'order',
    2 => 'listsendcar',
  ),
)
[ info ] [ HEADER ] array (
  'host' => 'www.tp5.com',
  'user-agent' => 'Mozilla/5.0 (Windows NT 10.0; Win64; x64; rv:61.0) Gecko/20100101 Firefox/61.0',
  'accept' => 'text/html, */*; q=0.01',
  'accept-language' => 'zh-CN,zh;q=0.8,zh-TW;q=0.7,zh-HK;q=0.5,en-US;q=0.3,en;q=0.2',
  'accept-encoding' => 'gzip, deflate',
  'referer' => 'http://www.tp5.com/admin.php/order/ordercenter.html',
  'content-type' => 'application/x-www-form-urlencoded; charset=UTF-8',
  'x-requested-with' => 'XMLHttpRequest',
  'content-length' => '29',
  'cookie' => 'thinkphp_show_page_trace=0|0; Hm_lvt_aba1a55910444a23dbcad68d17658d63=1531836853; PHPSESSID=g8o5rfdo8g0far77r9nkl9l5m4',
  'connection' => 'keep-alive',
  'pragma' => 'no-cache',
  'cache-control' => 'no-cache',
)
[ info ] [ PARAM ] array (
  'type1' => 'paramer1',
  'type2' => 'paramer2',
)
[ info ] [ SESSION ] INIT array (
  'id' => '',
  'var_session_id' => '',
  'prefix' => 'think',
  'type' => '',
  'auto_start' => true,
)
[ info ] [ RUN ] app\admin\controller\Order->listSendCar[ E:\xampp\htdocs\xinjia\tp5\application\admin\controller\Order.php ]
[ info ] [ DB ] INIT mysql
[ info ] [ LOG ] INIT File
[ error ] [0]method not exist:think\db\Query->sendCarList[E:\xampp\htdocs\xinjia\tp5\thinkphp\library\think\db\Query.php:94]
---------------------------------------------------------------
[ 2018-07-22T15:49:47+08:00 ] 127.0.0.1 GET /static/admin/font/iconfont.woff?v=220
[ info ] www.tp5.com/static/admin/font/iconfont.woff?v=220 [运行时间：0.240437s][吞吐率：4.16req/s] [内存消耗：1,144.78kb] [文件加载：34]
[ info ] [ LANG ] E:\xampp\htdocs\xinjia\tp5\thinkphp\lang\zh-cn.php
[ info ] [ BIND ] 'index'
[ info ] [ ROUTE ] array (
  'type' => 'module',
  'module' => 
  array (
    0 => 'index',
    1 => 'static',
    2 => 'admin',
  ),
)
[ info ] [ HEADER ] array (
  'host' => 'www.tp5.com',
  'user-agent' => 'Mozilla/5.0 (Windows NT 10.0; Win64; x64; rv:61.0) Gecko/20100101 Firefox/61.0',
  'accept' => 'application/font-woff2;q=1.0,application/font-woff;q=0.9,*/*;q=0.8',
  'accept-language' => 'zh-CN,zh;q=0.8,zh-TW;q=0.7,zh-HK;q=0.5,en-US;q=0.3,en;q=0.2',
  'accept-encoding' => 'identity',
  'referer' => 'http://www.tp5.com/static/admin/css/layui.css',
  'cookie' => 'Hm_lvt_aba1a55910444a23dbcad68d17658d63=1531836853; PHPSESSID=g8o5rfdo8g0far77r9nkl9l5m4',
  'connection' => 'keep-alive',
  'pragma' => 'no-cache',
  'cache-control' => 'no-cache',
)
[ info ] [ PARAM ] array (
  'v' => '220',
  'font' => 'iconfont.woff',
)
[ info ] [ LOG ] INIT File
---------------------------------------------------------------
[ 2018-07-22T15:49:47+08:00 ] 127.0.0.1 GET /static/admin/font/iconfont.ttf?v=220
[ info ] www.tp5.com/static/admin/font/iconfont.ttf?v=220 [运行时间：0.080494s][吞吐率：12.42req/s] [内存消耗：1,144.85kb] [文件加载：34]
[ info ] [ LANG ] E:\xampp\htdocs\xinjia\tp5\thinkphp\lang\zh-cn.php
[ info ] [ BIND ] 'index'
[ info ] [ ROUTE ] array (
  'type' => 'module',
  'module' => 
  array (
    0 => 'index',
    1 => 'static',
    2 => 'admin',
  ),
)
[ info ] [ HEADER ] array (
  'host' => 'www.tp5.com',
  'user-agent' => 'Mozilla/5.0 (Windows NT 10.0; Win64; x64; rv:61.0) Gecko/20100101 Firefox/61.0',
  'accept' => 'application/font-woff2;q=1.0,application/font-woff;q=0.9,*/*;q=0.8',
  'accept-language' => 'zh-CN,zh;q=0.8,zh-TW;q=0.7,zh-HK;q=0.5,en-US;q=0.3,en;q=0.2',
  'accept-encoding' => 'gzip, deflate',
  'referer' => 'http://www.tp5.com/static/admin/css/layui.css',
  'cookie' => 'Hm_lvt_aba1a55910444a23dbcad68d17658d63=1531836853; PHPSESSID=g8o5rfdo8g0far77r9nkl9l5m4',
  'connection' => 'keep-alive',
  'pragma' => 'no-cache',
  'cache-control' => 'no-cache',
)
[ info ] [ PARAM ] array (
  'v' => '220',
  'font' => 'iconfont.ttf',
)
[ info ] [ LOG ] INIT File
---------------------------------------------------------------
[ 2018-07-22T15:49:49+08:00 ] 127.0.0.1 GET /admin.php/order/lay/modules/form.js
[ info ] www.tp5.com/admin.php/order/lay/modules/form.js [运行时间：0.087379s][吞吐率：11.44req/s] [内存消耗：1,464.94kb] [文件加载：42]
[ info ] [ LANG ] E:\xampp\htdocs\xinjia\tp5\thinkphp\lang\zh-cn.php
[ info ] [ BIND ] 'admin'
[ info ] [ ROUTE ] array (
  'type' => 'module',
  'module' => 
  array (
    0 => 'admin',
    1 => 'order',
    2 => 'lay',
  ),
)
[ info ] [ HEADER ] array (
  'host' => 'www.tp5.com',
  'user-agent' => 'Mozilla/5.0 (Windows NT 10.0; Win64; x64; rv:61.0) Gecko/20100101 Firefox/61.0',
  'accept' => '*/*',
  'accept-language' => 'zh-CN,zh;q=0.8,zh-TW;q=0.7,zh-HK;q=0.5,en-US;q=0.3,en;q=0.2',
  'accept-encoding' => 'gzip, deflate',
  'referer' => 'http://www.tp5.com/admin.php/order/ordercenter.html',
  'cookie' => 'thinkphp_show_page_trace=0|0; Hm_lvt_aba1a55910444a23dbcad68d17658d63=1531836853; PHPSESSID=g8o5rfdo8g0far77r9nkl9l5m4',
  'connection' => 'keep-alive',
  'pragma' => 'no-cache',
  'cache-control' => 'no-cache',
)
[ info ] [ PARAM ] array (
  'modules' => 'form.js',
)
[ info ] [ SESSION ] INIT array (
  'id' => '',
  'var_session_id' => '',
  'prefix' => 'think',
  'type' => '',
  'auto_start' => true,
)
[ info ] [ LOG ] INIT File
---------------------------------------------------------------
[ 2018-07-22T15:50:15+08:00 ] 127.0.0.1 POST /admin.php/order/listbook.html
[ info ] www.tp5.com/admin.php/order/listbook.html [运行时间：0.286512s][吞吐率：3.49req/s] [内存消耗：2,672.63kb] [文件加载：50]
[ info ] [ LANG ] E:\xampp\htdocs\xinjia\tp5\thinkphp\lang\zh-cn.php
[ info ] [ BIND ] 'admin'
[ info ] [ ROUTE ] array (
  'type' => 'module',
  'module' => 
  array (
    0 => 'admin',
    1 => 'order',
    2 => 'listbook',
  ),
)
[ info ] [ HEADER ] array (
  'host' => 'www.tp5.com',
  'user-agent' => 'Mozilla/5.0 (Windows NT 10.0; Win64; x64; rv:61.0) Gecko/20100101 Firefox/61.0',
  'accept' => 'text/html, */*; q=0.01',
  'accept-language' => 'zh-CN,zh;q=0.8,zh-TW;q=0.7,zh-HK;q=0.5,en-US;q=0.3,en;q=0.2',
  'accept-encoding' => 'gzip, deflate',
  'referer' => 'http://www.tp5.com/admin.php/order/ordercenter.html',
  'content-type' => 'application/x-www-form-urlencoded; charset=UTF-8',
  'x-requested-with' => 'XMLHttpRequest',
  'content-length' => '29',
  'cookie' => 'thinkphp_show_page_trace=0|0; Hm_lvt_aba1a55910444a23dbcad68d17658d63=1531836853; PHPSESSID=g8o5rfdo8g0far77r9nkl9l5m4',
  'connection' => 'keep-alive',
  'pragma' => 'no-cache',
  'cache-control' => 'no-cache',
)
[ info ] [ PARAM ] array (
  'type1' => 'paramer1',
  'type2' => 'paramer2',
)
[ info ] [ SESSION ] INIT array (
  'id' => '',
  'var_session_id' => '',
  'prefix' => 'think',
  'type' => '',
  'auto_start' => true,
)
[ info ] [ RUN ] app\admin\controller\Order->listBook[ E:\xampp\htdocs\xinjia\tp5\application\admin\controller\Order.php ]
[ info ] [ DB ] INIT mysql
[ info ] [ VIEW ] E:\xampp\htdocs\xinjia\tp5\public/../application/admin\view\listOrder\list_book.html [ array (
  0 => 'count_book',
  1 => 'list_book',
  2 => 'page_book',
) ]
[ info ] [ LOG ] INIT File
[ sql ] [ DB ] CONNECT:[ UseTime:0.016011s ] mysql:host=127.0.0.1;dbname=hlwl;charset=utf8
[ sql ] [ SQL ] SHOW COLUMNS FROM `hl_order_father` [ RunTime:0.075076s ]
[ sql ] [ SQL ] SELECT COUNT(*) AS tp_count FROM ( SELECT `OF`.`id`,`OF`.`order_num`,`SA`.`salesname`,`SB`.`sl_start`,P1.port_name s_port_name,`SB`.`sl_end`,P2.port_name e_port_name,`OF`.`cargo`,`CS`.`type`,`OF`.`container_num`,`SC`.`ship_short_name`,`B`.`boat_code`,`B`.`boat_name`,`OF`.`mtime`,`SP`.`shipping_date`,`SP`.`sea_limitation`,`SP`.`cutoff_date`,`LK2`.`company` FROM `hl_order_father` `OF` LEFT JOIN `hl_container_size` `CS` ON `CS`.`id`=`OF`.`container_size` LEFT JOIN `hl_book_line` `BL` ON `BL`.`id`=`OF`.`book_line_id` LEFT JOIN `hl_seaprice` `SP` ON `SP`.`id`=`BL`.`seaprice_id` LEFT JOIN `hl_ship_route` `SR` ON `SR`.`id`=`SP`.`route_id` LEFT JOIN `hl_sea_bothend` `SB` ON `SB`.`sealine_id`=`SR`.`bothend_id` LEFT JOIN `hl_port` `P1` ON `P1`.`port_code`=`SB`.`sl_start` LEFT JOIN `hl_port` `P2` ON `P2`.`port_code`=`SB`.`sl_end` LEFT JOIN `hl_shipcompany` `SC` ON `SC`.`id`=`SP`.`ship_id` LEFT JOIN `hl_boat` `B` ON `B`.`boat_code`=`SP`.`boat_code` LEFT JOIN `hl_sales_member` `SM` ON `SM`.`member_code`=`OF`.`member_code` LEFT JOIN `hl_salesman` `SA` ON `SA`.`sales_code`=`SM`.`sales_code` LEFT JOIN `hl_member` `MB` ON `MB`.`member_code`=`OF`.`member_code` LEFT JOIN `hl_order_add` `OA` ON `OA`.`id`=`OF`.`add_id` LEFT JOIN `hl_linkman` `LK2` ON `OA`.`r_linkman_id`=`LK2`.`id` WHERE  `OF`.`state` = '2' GROUP BY `OF`.`id` ORDER BY OF.id ,OF.mtime desc ) A LIMIT 1 [ RunTime:0.004413s ]
[ sql ] [ SQL ] SELECT * FROM ( SELECT `OF`.`id`,`OF`.`order_num`,`SA`.`salesname`,`SB`.`sl_start`,P1.port_name s_port_name,`SB`.`sl_end`,P2.port_name e_port_name,`OF`.`cargo`,`CS`.`type`,`OF`.`container_num`,`SC`.`ship_short_name`,`B`.`boat_code`,`B`.`boat_name`,`OF`.`mtime`,`SP`.`shipping_date`,`SP`.`sea_limitation`,`SP`.`cutoff_date`,`LK2`.`company` FROM `hl_order_father` `OF` LEFT JOIN `hl_container_size` `CS` ON `CS`.`id`=`OF`.`container_size` LEFT JOIN `hl_book_line` `BL` ON `BL`.`id`=`OF`.`book_line_id` LEFT JOIN `hl_seaprice` `SP` ON `SP`.`id`=`BL`.`seaprice_id` LEFT JOIN `hl_ship_route` `SR` ON `SR`.`id`=`SP`.`route_id` LEFT JOIN `hl_sea_bothend` `SB` ON `SB`.`sealine_id`=`SR`.`bothend_id` LEFT JOIN `hl_port` `P1` ON `P1`.`port_code`=`SB`.`sl_start` LEFT JOIN `hl_port` `P2` ON `P2`.`port_code`=`SB`.`sl_end` LEFT JOIN `hl_shipcompany` `SC` ON `SC`.`id`=`SP`.`ship_id` LEFT JOIN `hl_boat` `B` ON `B`.`boat_code`=`SP`.`boat_code` LEFT JOIN `hl_sales_member` `SM` ON `SM`.`member_code`=`OF`.`member_code` LEFT JOIN `hl_salesman` `SA` ON `SA`.`sales_code`=`SM`.`sales_code` LEFT JOIN `hl_member` `MB` ON `MB`.`member_code`=`OF`.`member_code` LEFT JOIN `hl_order_add` `OA` ON `OA`.`id`=`OF`.`add_id` LEFT JOIN `hl_linkman` `LK2` ON `OA`.`r_linkman_id`=`LK2`.`id` WHERE  `OF`.`state` = '2' GROUP BY `OF`.`id` ORDER BY OF.id ,OF.mtime desc ) A LIMIT 0,5 [ RunTime:0.006020s ]
---------------------------------------------------------------
[ 2018-07-22T15:50:16+08:00 ] 127.0.0.1 GET /admin.php/order/lay/modules/form.js
[ info ] www.tp5.com/admin.php/order/lay/modules/form.js [运行时间：0.117626s][吞吐率：8.50req/s] [内存消耗：1,464.94kb] [文件加载：42]
[ info ] [ LANG ] E:\xampp\htdocs\xinjia\tp5\thinkphp\lang\zh-cn.php
[ info ] [ BIND ] 'admin'
[ info ] [ ROUTE ] array (
  'type' => 'module',
  'module' => 
  array (
    0 => 'admin',
    1 => 'order',
    2 => 'lay',
  ),
)
[ info ] [ HEADER ] array (
  'host' => 'www.tp5.com',
  'user-agent' => 'Mozilla/5.0 (Windows NT 10.0; Win64; x64; rv:61.0) Gecko/20100101 Firefox/61.0',
  'accept' => '*/*',
  'accept-language' => 'zh-CN,zh;q=0.8,zh-TW;q=0.7,zh-HK;q=0.5,en-US;q=0.3,en;q=0.2',
  'accept-encoding' => 'gzip, deflate',
  'referer' => 'http://www.tp5.com/admin.php/order/ordercenter.html',
  'cookie' => 'thinkphp_show_page_trace=0|0; Hm_lvt_aba1a55910444a23dbcad68d17658d63=1531836853; PHPSESSID=g8o5rfdo8g0far77r9nkl9l5m4',
  'connection' => 'keep-alive',
  'pragma' => 'no-cache',
  'cache-control' => 'no-cache',
)
[ info ] [ PARAM ] array (
  'modules' => 'form.js',
)
[ info ] [ SESSION ] INIT array (
  'id' => '',
  'var_session_id' => '',
  'prefix' => 'think',
  'type' => '',
  'auto_start' => true,
)
[ info ] [ LOG ] INIT File
---------------------------------------------------------------
[ 2018-07-22T15:50:18+08:00 ] 127.0.0.1 POST /admin.php/order/listsendcar.html
[ info ] www.tp5.com/admin.php/order/listsendcar.html [运行时间：0.164384s][吞吐率：6.08req/s] [内存消耗：2,470.56kb] [文件加载：47]
[ info ] [ LANG ] E:\xampp\htdocs\xinjia\tp5\thinkphp\lang\zh-cn.php
[ info ] [ BIND ] 'admin'
[ info ] [ ROUTE ] array (
  'type' => 'module',
  'module' => 
  array (
    0 => 'admin',
    1 => 'order',
    2 => 'listsendcar',
  ),
)
[ info ] [ HEADER ] array (
  'host' => 'www.tp5.com',
  'user-agent' => 'Mozilla/5.0 (Windows NT 10.0; Win64; x64; rv:61.0) Gecko/20100101 Firefox/61.0',
  'accept' => 'text/html, */*; q=0.01',
  'accept-language' => 'zh-CN,zh;q=0.8,zh-TW;q=0.7,zh-HK;q=0.5,en-US;q=0.3,en;q=0.2',
  'accept-encoding' => 'gzip, deflate',
  'referer' => 'http://www.tp5.com/admin.php/order/ordercenter.html',
  'content-type' => 'application/x-www-form-urlencoded; charset=UTF-8',
  'x-requested-with' => 'XMLHttpRequest',
  'content-length' => '29',
  'cookie' => 'thinkphp_show_page_trace=0|0; Hm_lvt_aba1a55910444a23dbcad68d17658d63=1531836853; PHPSESSID=g8o5rfdo8g0far77r9nkl9l5m4',
  'connection' => 'keep-alive',
  'pragma' => 'no-cache',
  'cache-control' => 'no-cache',
)
[ info ] [ PARAM ] array (
  'type1' => 'paramer1',
  'type2' => 'paramer2',
)
[ info ] [ SESSION ] INIT array (
  'id' => '',
  'var_session_id' => '',
  'prefix' => 'think',
  'type' => '',
  'auto_start' => true,
)
[ info ] [ RUN ] app\admin\controller\Order->listSendCar[ E:\xampp\htdocs\xinjia\tp5\application\admin\controller\Order.php ]
[ info ] [ DB ] INIT mysql
[ info ] [ LOG ] INIT File
[ error ] [0]method not exist:think\db\Query->sendCarList[E:\xampp\htdocs\xinjia\tp5\thinkphp\library\think\db\Query.php:94]
---------------------------------------------------------------
[ 2018-07-22T15:51:30+08:00 ] 127.0.0.1 GET /admin/Order/listSendCar
[ info ] www.tp5.com/admin/Order/listSendCar [运行时间：0.062449s][吞吐率：16.01req/s] [内存消耗：1,143.71kb] [文件加载：34]
[ info ] [ LANG ] E:\xampp\htdocs\xinjia\tp5\thinkphp\lang\zh-cn.php
[ info ] [ BIND ] 'index'
[ info ] [ ROUTE ] array (
  'type' => 'module',
  'module' => 
  array (
    0 => 'index',
    1 => 'admin',
    2 => 'Order',
  ),
)
[ info ] [ HEADER ] array (
  'host' => 'www.tp5.com',
  'user-agent' => 'Mozilla/5.0 (Windows NT 10.0; Win64; x64; rv:61.0) Gecko/20100101 Firefox/61.0',
  'accept' => 'text/html,application/xhtml+xml,application/xml;q=0.9,*/*;q=0.8',
  'accept-language' => 'zh-CN,zh;q=0.8,zh-TW;q=0.7,zh-HK;q=0.5,en-US;q=0.3,en;q=0.2',
  'accept-encoding' => 'gzip, deflate',
  'cookie' => 'Hm_lvt_aba1a55910444a23dbcad68d17658d63=1531836853; PHPSESSID=g8o5rfdo8g0far77r9nkl9l5m4',
  'connection' => 'keep-alive',
  'upgrade-insecure-requests' => '1',
)
[ info ] [ PARAM ] array (
)
[ info ] [ LOG ] INIT File
---------------------------------------------------------------
[ 2018-07-22T15:51:42+08:00 ] 127.0.0.1 GET /admin.php/Order/listSendCar
[ info ] www.tp5.com/admin.php/Order/listSendCar [运行时间：0.106436s][吞吐率：9.40req/s] [内存消耗：2,494.80kb] [文件加载：49]
[ info ] [ LANG ] E:\xampp\htdocs\xinjia\tp5\thinkphp\lang\zh-cn.php
[ info ] [ BIND ] 'admin'
[ info ] [ ROUTE ] array (
  'type' => 'module',
  'module' => 
  array (
    0 => 'admin',
    1 => 'Order',
    2 => 'listSendCar',
  ),
)
[ info ] [ HEADER ] array (
  'host' => 'www.tp5.com',
  'user-agent' => 'Mozilla/5.0 (Windows NT 10.0; Win64; x64; rv:61.0) Gecko/20100101 Firefox/61.0',
  'accept' => 'text/html,application/xhtml+xml,application/xml;q=0.9,*/*;q=0.8',
  'accept-language' => 'zh-CN,zh;q=0.8,zh-TW;q=0.7,zh-HK;q=0.5,en-US;q=0.3,en;q=0.2',
  'accept-encoding' => 'gzip, deflate',
  'cookie' => 'Hm_lvt_aba1a55910444a23dbcad68d17658d63=1531836853; PHPSESSID=g8o5rfdo8g0far77r9nkl9l5m4',
  'connection' => 'keep-alive',
  'upgrade-insecure-requests' => '1',
)
[ info ] [ PARAM ] array (
)
[ info ] [ SESSION ] INIT array (
  'id' => '',
  'var_session_id' => '',
  'prefix' => 'think',
  'type' => '',
  'auto_start' => true,
)
[ info ] [ RUN ] app\admin\controller\Order->listSendCar[ E:\xampp\htdocs\xinjia\tp5\application\admin\controller\Order.php ]
[ info ] [ DB ] INIT mysql
[ info ] [ LOG ] INIT File
[ error ] [0]method not exist:think\db\Query->sendCarList[E:\xampp\htdocs\xinjia\tp5\thinkphp\library\think\db\Query.php:94]
---------------------------------------------------------------
[ 2018-07-22T15:53:16+08:00 ] 127.0.0.1 POST /admin.php/order/listbook.html
[ info ] www.tp5.com/admin.php/order/listbook.html [运行时间：0.282494s][吞吐率：3.54req/s] [内存消耗：2,672.63kb] [文件加载：50]
[ info ] [ LANG ] E:\xampp\htdocs\xinjia\tp5\thinkphp\lang\zh-cn.php
[ info ] [ BIND ] 'admin'
[ info ] [ ROUTE ] array (
  'type' => 'module',
  'module' => 
  array (
    0 => 'admin',
    1 => 'order',
    2 => 'listbook',
  ),
)
[ info ] [ HEADER ] array (
  'host' => 'www.tp5.com',
  'user-agent' => 'Mozilla/5.0 (Windows NT 10.0; Win64; x64; rv:61.0) Gecko/20100101 Firefox/61.0',
  'accept' => 'text/html, */*; q=0.01',
  'accept-language' => 'zh-CN,zh;q=0.8,zh-TW;q=0.7,zh-HK;q=0.5,en-US;q=0.3,en;q=0.2',
  'accept-encoding' => 'gzip, deflate',
  'referer' => 'http://www.tp5.com/admin.php/order/ordercenter.html',
  'content-type' => 'application/x-www-form-urlencoded; charset=UTF-8',
  'x-requested-with' => 'XMLHttpRequest',
  'content-length' => '29',
  'cookie' => 'thinkphp_show_page_trace=0|0; Hm_lvt_aba1a55910444a23dbcad68d17658d63=1531836853; PHPSESSID=g8o5rfdo8g0far77r9nkl9l5m4',
  'connection' => 'keep-alive',
  'pragma' => 'no-cache',
  'cache-control' => 'no-cache',
)
[ info ] [ PARAM ] array (
  'type1' => 'paramer1',
  'type2' => 'paramer2',
)
[ info ] [ SESSION ] INIT array (
  'id' => '',
  'var_session_id' => '',
  'prefix' => 'think',
  'type' => '',
  'auto_start' => true,
)
[ info ] [ RUN ] app\admin\controller\Order->listBook[ E:\xampp\htdocs\xinjia\tp5\application\admin\controller\Order.php ]
[ info ] [ DB ] INIT mysql
[ info ] [ VIEW ] E:\xampp\htdocs\xinjia\tp5\public/../application/admin\view\listOrder\list_book.html [ array (
  0 => 'count_book',
  1 => 'list_book',
  2 => 'page_book',
) ]
[ info ] [ LOG ] INIT File
[ sql ] [ DB ] CONNECT:[ UseTime:0.005820s ] mysql:host=127.0.0.1;dbname=hlwl;charset=utf8
[ sql ] [ SQL ] SHOW COLUMNS FROM `hl_order_father` [ RunTime:0.081229s ]
[ sql ] [ SQL ] SELECT COUNT(*) AS tp_count FROM ( SELECT `OF`.`id`,`OF`.`order_num`,`SA`.`salesname`,`SB`.`sl_start`,P1.port_name s_port_name,`SB`.`sl_end`,P2.port_name e_port_name,`OF`.`cargo`,`CS`.`type`,`OF`.`container_num`,`SC`.`ship_short_name`,`B`.`boat_code`,`B`.`boat_name`,`OF`.`mtime`,`SP`.`shipping_date`,`SP`.`sea_limitation`,`SP`.`cutoff_date`,`LK2`.`company` FROM `hl_order_father` `OF` LEFT JOIN `hl_container_size` `CS` ON `CS`.`id`=`OF`.`container_size` LEFT JOIN `hl_book_line` `BL` ON `BL`.`id`=`OF`.`book_line_id` LEFT JOIN `hl_seaprice` `SP` ON `SP`.`id`=`BL`.`seaprice_id` LEFT JOIN `hl_ship_route` `SR` ON `SR`.`id`=`SP`.`route_id` LEFT JOIN `hl_sea_bothend` `SB` ON `SB`.`sealine_id`=`SR`.`bothend_id` LEFT JOIN `hl_port` `P1` ON `P1`.`port_code`=`SB`.`sl_start` LEFT JOIN `hl_port` `P2` ON `P2`.`port_code`=`SB`.`sl_end` LEFT JOIN `hl_shipcompany` `SC` ON `SC`.`id`=`SP`.`ship_id` LEFT JOIN `hl_boat` `B` ON `B`.`boat_code`=`SP`.`boat_code` LEFT JOIN `hl_sales_member` `SM` ON `SM`.`member_code`=`OF`.`member_code` LEFT JOIN `hl_salesman` `SA` ON `SA`.`sales_code`=`SM`.`sales_code` LEFT JOIN `hl_member` `MB` ON `MB`.`member_code`=`OF`.`member_code` LEFT JOIN `hl_order_add` `OA` ON `OA`.`id`=`OF`.`add_id` LEFT JOIN `hl_linkman` `LK2` ON `OA`.`r_linkman_id`=`LK2`.`id` WHERE  `OF`.`state` = '2' GROUP BY `OF`.`id` ORDER BY OF.id ,OF.mtime desc ) A LIMIT 1 [ RunTime:0.010725s ]
[ sql ] [ SQL ] SELECT * FROM ( SELECT `OF`.`id`,`OF`.`order_num`,`SA`.`salesname`,`SB`.`sl_start`,P1.port_name s_port_name,`SB`.`sl_end`,P2.port_name e_port_name,`OF`.`cargo`,`CS`.`type`,`OF`.`container_num`,`SC`.`ship_short_name`,`B`.`boat_code`,`B`.`boat_name`,`OF`.`mtime`,`SP`.`shipping_date`,`SP`.`sea_limitation`,`SP`.`cutoff_date`,`LK2`.`company` FROM `hl_order_father` `OF` LEFT JOIN `hl_container_size` `CS` ON `CS`.`id`=`OF`.`container_size` LEFT JOIN `hl_book_line` `BL` ON `BL`.`id`=`OF`.`book_line_id` LEFT JOIN `hl_seaprice` `SP` ON `SP`.`id`=`BL`.`seaprice_id` LEFT JOIN `hl_ship_route` `SR` ON `SR`.`id`=`SP`.`route_id` LEFT JOIN `hl_sea_bothend` `SB` ON `SB`.`sealine_id`=`SR`.`bothend_id` LEFT JOIN `hl_port` `P1` ON `P1`.`port_code`=`SB`.`sl_start` LEFT JOIN `hl_port` `P2` ON `P2`.`port_code`=`SB`.`sl_end` LEFT JOIN `hl_shipcompany` `SC` ON `SC`.`id`=`SP`.`ship_id` LEFT JOIN `hl_boat` `B` ON `B`.`boat_code`=`SP`.`boat_code` LEFT JOIN `hl_sales_member` `SM` ON `SM`.`member_code`=`OF`.`member_code` LEFT JOIN `hl_salesman` `SA` ON `SA`.`sales_code`=`SM`.`sales_code` LEFT JOIN `hl_member` `MB` ON `MB`.`member_code`=`OF`.`member_code` LEFT JOIN `hl_order_add` `OA` ON `OA`.`id`=`OF`.`add_id` LEFT JOIN `hl_linkman` `LK2` ON `OA`.`r_linkman_id`=`LK2`.`id` WHERE  `OF`.`state` = '2' GROUP BY `OF`.`id` ORDER BY OF.id ,OF.mtime desc ) A LIMIT 0,5 [ RunTime:0.007720s ]
---------------------------------------------------------------
[ 2018-07-22T15:53:17+08:00 ] 127.0.0.1 GET /admin.php/order/lay/modules/form.js
[ info ] www.tp5.com/admin.php/order/lay/modules/form.js [运行时间：0.159064s][吞吐率：6.29req/s] [内存消耗：1,464.92kb] [文件加载：42]
[ info ] [ LANG ] E:\xampp\htdocs\xinjia\tp5\thinkphp\lang\zh-cn.php
[ info ] [ BIND ] 'admin'
[ info ] [ ROUTE ] array (
  'type' => 'module',
  'module' => 
  array (
    0 => 'admin',
    1 => 'order',
    2 => 'lay',
  ),
)
[ info ] [ HEADER ] array (
  'host' => 'www.tp5.com',
  'user-agent' => 'Mozilla/5.0 (Windows NT 10.0; Win64; x64; rv:61.0) Gecko/20100101 Firefox/61.0',
  'accept' => '*/*',
  'accept-language' => 'zh-CN,zh;q=0.8,zh-TW;q=0.7,zh-HK;q=0.5,en-US;q=0.3,en;q=0.2',
  'accept-encoding' => 'gzip, deflate',
  'referer' => 'http://www.tp5.com/admin.php/order/ordercenter.html',
  'cookie' => 'thinkphp_show_page_trace=0|0; Hm_lvt_aba1a55910444a23dbcad68d17658d63=1531836853; PHPSESSID=g8o5rfdo8g0far77r9nkl9l5m4',
  'connection' => 'keep-alive',
  'pragma' => 'no-cache',
  'cache-control' => 'no-cache',
)
[ info ] [ PARAM ] array (
  'modules' => 'form.js',
)
[ info ] [ SESSION ] INIT array (
  'id' => '',
  'var_session_id' => '',
  'prefix' => 'think',
  'type' => '',
  'auto_start' => true,
)
[ info ] [ LOG ] INIT File
---------------------------------------------------------------
[ 2018-07-22T15:53:18+08:00 ] 127.0.0.1 POST /admin.php/order/listsendcar.html
[ info ] www.tp5.com/admin.php/order/listsendcar.html [运行时间：0.165860s][吞吐率：6.03req/s] [内存消耗：2,470.56kb] [文件加载：47]
[ info ] [ LANG ] E:\xampp\htdocs\xinjia\tp5\thinkphp\lang\zh-cn.php
[ info ] [ BIND ] 'admin'
[ info ] [ ROUTE ] array (
  'type' => 'module',
  'module' => 
  array (
    0 => 'admin',
    1 => 'order',
    2 => 'listsendcar',
  ),
)
[ info ] [ HEADER ] array (
  'host' => 'www.tp5.com',
  'user-agent' => 'Mozilla/5.0 (Windows NT 10.0; Win64; x64; rv:61.0) Gecko/20100101 Firefox/61.0',
  'accept' => 'text/html, */*; q=0.01',
  'accept-language' => 'zh-CN,zh;q=0.8,zh-TW;q=0.7,zh-HK;q=0.5,en-US;q=0.3,en;q=0.2',
  'accept-encoding' => 'gzip, deflate',
  'referer' => 'http://www.tp5.com/admin.php/order/ordercenter.html',
  'content-type' => 'application/x-www-form-urlencoded; charset=UTF-8',
  'x-requested-with' => 'XMLHttpRequest',
  'content-length' => '29',
  'cookie' => 'thinkphp_show_page_trace=0|0; Hm_lvt_aba1a55910444a23dbcad68d17658d63=1531836853; PHPSESSID=g8o5rfdo8g0far77r9nkl9l5m4',
  'connection' => 'keep-alive',
  'pragma' => 'no-cache',
  'cache-control' => 'no-cache',
)
[ info ] [ PARAM ] array (
  'type1' => 'paramer1',
  'type2' => 'paramer2',
)
[ info ] [ SESSION ] INIT array (
  'id' => '',
  'var_session_id' => '',
  'prefix' => 'think',
  'type' => '',
  'auto_start' => true,
)
[ info ] [ RUN ] app\admin\controller\Order->listSendCar[ E:\xampp\htdocs\xinjia\tp5\application\admin\controller\Order.php ]
[ info ] [ DB ] INIT mysql
[ info ] [ LOG ] INIT File
[ error ] [0]method not exist:think\db\Query->sendCarList[E:\xampp\htdocs\xinjia\tp5\thinkphp\library\think\db\Query.php:94]
---------------------------------------------------------------
[ 2018-07-22T15:53:27+08:00 ] 127.0.0.1 GET /admin.php/order/ordercenter.html
[ info ] www.tp5.com/admin.php/order/ordercenter.html [运行时间：0.306451s][吞吐率：3.26req/s] [内存消耗：1,710.34kb] [文件加载：43]
[ info ] [ LANG ] E:\xampp\htdocs\xinjia\tp5\thinkphp\lang\zh-cn.php
[ info ] [ BIND ] 'admin'
[ info ] [ ROUTE ] array (
  'type' => 'module',
  'module' => 
  array (
    0 => 'admin',
    1 => 'order',
    2 => 'ordercenter',
  ),
)
[ info ] [ HEADER ] array (
  'host' => 'www.tp5.com',
  'user-agent' => 'Mozilla/5.0 (Windows NT 10.0; Win64; x64; rv:61.0) Gecko/20100101 Firefox/61.0',
  'accept' => 'text/html,application/xhtml+xml,application/xml;q=0.9,*/*;q=0.8',
  'accept-language' => 'zh-CN,zh;q=0.8,zh-TW;q=0.7,zh-HK;q=0.5,en-US;q=0.3,en;q=0.2',
  'accept-encoding' => 'gzip, deflate',
  'referer' => 'http://www.tp5.com/admin.php/order/ordercenter.html',
  'cookie' => 'thinkphp_show_page_trace=0|0; Hm_lvt_aba1a55910444a23dbcad68d17658d63=1531836853; PHPSESSID=g8o5rfdo8g0far77r9nkl9l5m4',
  'connection' => 'keep-alive',
  'upgrade-insecure-requests' => '1',
  'pragma' => 'no-cache',
  'cache-control' => 'no-cache',
)
[ info ] [ PARAM ] array (
)
[ info ] [ SESSION ] INIT array (
  'id' => '',
  'var_session_id' => '',
  'prefix' => 'think',
  'type' => '',
  'auto_start' => true,
)
[ info ] [ RUN ] app\admin\controller\Order->orderCenter[ E:\xampp\htdocs\xinjia\tp5\application\admin\controller\Order.php ]
[ info ] [ VIEW ] E:\xampp\htdocs\xinjia\tp5\public/../application/admin\view\Order\order_center.html [ array (
) ]
[ info ] [ LOG ] INIT File
---------------------------------------------------------------
[ 2018-07-22T15:53:29+08:00 ] 127.0.0.1 POST /admin.php/order/listsendcar.html
[ info ] www.tp5.com/admin.php/order/listsendcar.html [运行时间：0.150762s][吞吐率：6.63req/s] [内存消耗：2,470.56kb] [文件加载：47]
[ info ] [ LANG ] E:\xampp\htdocs\xinjia\tp5\thinkphp\lang\zh-cn.php
[ info ] [ BIND ] 'admin'
[ info ] [ ROUTE ] array (
  'type' => 'module',
  'module' => 
  array (
    0 => 'admin',
    1 => 'order',
    2 => 'listsendcar',
  ),
)
[ info ] [ HEADER ] array (
  'host' => 'www.tp5.com',
  'user-agent' => 'Mozilla/5.0 (Windows NT 10.0; Win64; x64; rv:61.0) Gecko/20100101 Firefox/61.0',
  'accept' => 'text/html, */*; q=0.01',
  'accept-language' => 'zh-CN,zh;q=0.8,zh-TW;q=0.7,zh-HK;q=0.5,en-US;q=0.3,en;q=0.2',
  'accept-encoding' => 'gzip, deflate',
  'referer' => 'http://www.tp5.com/admin.php/order/ordercenter.html',
  'content-type' => 'application/x-www-form-urlencoded; charset=UTF-8',
  'x-requested-with' => 'XMLHttpRequest',
  'content-length' => '29',
  'cookie' => 'thinkphp_show_page_trace=0|0; Hm_lvt_aba1a55910444a23dbcad68d17658d63=1531836853; PHPSESSID=g8o5rfdo8g0far77r9nkl9l5m4',
  'connection' => 'keep-alive',
  'pragma' => 'no-cache',
  'cache-control' => 'no-cache',
)
[ info ] [ PARAM ] array (
  'type1' => 'paramer1',
  'type2' => 'paramer2',
)
[ info ] [ SESSION ] INIT array (
  'id' => '',
  'var_session_id' => '',
  'prefix' => 'think',
  'type' => '',
  'auto_start' => true,
)
[ info ] [ RUN ] app\admin\controller\Order->listSendCar[ E:\xampp\htdocs\xinjia\tp5\application\admin\controller\Order.php ]
[ info ] [ DB ] INIT mysql
[ info ] [ LOG ] INIT File
[ error ] [0]method not exist:think\db\Query->sendCarList[E:\xampp\htdocs\xinjia\tp5\thinkphp\library\think\db\Query.php:94]
---------------------------------------------------------------
[ 2018-07-22T15:53:40+08:00 ] 127.0.0.1 GET /admin.php/Order/listSendCar
[ info ] www.tp5.com/admin.php/Order/listSendCar [运行时间：0.110942s][吞吐率：9.01req/s] [内存消耗：2,495.28kb] [文件加载：49]
[ info ] [ LANG ] E:\xampp\htdocs\xinjia\tp5\thinkphp\lang\zh-cn.php
[ info ] [ BIND ] 'admin'
[ info ] [ ROUTE ] array (
  'type' => 'module',
  'module' => 
  array (
    0 => 'admin',
    1 => 'Order',
    2 => 'listSendCar',
  ),
)
[ info ] [ HEADER ] array (
  'host' => 'www.tp5.com',
  'user-agent' => 'Mozilla/5.0 (Windows NT 10.0; Win64; x64; rv:61.0) Gecko/20100101 Firefox/61.0',
  'accept' => 'text/html,application/xhtml+xml,application/xml;q=0.9,*/*;q=0.8',
  'accept-language' => 'zh-CN,zh;q=0.8,zh-TW;q=0.7,zh-HK;q=0.5,en-US;q=0.3,en;q=0.2',
  'accept-encoding' => 'gzip, deflate',
  'cookie' => 'thinkphp_show_page_trace=0|0; Hm_lvt_aba1a55910444a23dbcad68d17658d63=1531836853; PHPSESSID=g8o5rfdo8g0far77r9nkl9l5m4',
  'connection' => 'keep-alive',
  'upgrade-insecure-requests' => '1',
  'cache-control' => 'max-age=0',
)
[ info ] [ PARAM ] array (
)
[ info ] [ SESSION ] INIT array (
  'id' => '',
  'var_session_id' => '',
  'prefix' => 'think',
  'type' => '',
  'auto_start' => true,
)
[ info ] [ RUN ] app\admin\controller\Order->listSendCar[ E:\xampp\htdocs\xinjia\tp5\application\admin\controller\Order.php ]
[ info ] [ DB ] INIT mysql
[ info ] [ LOG ] INIT File
[ error ] [0]method not exist:think\db\Query->sendCarList[E:\xampp\htdocs\xinjia\tp5\thinkphp\library\think\db\Query.php:94]
---------------------------------------------------------------
[ 2018-07-22T15:53:45+08:00 ] 127.0.0.1 GET /admin.php/Order/listSendCar
[ info ] www.tp5.com/admin.php/Order/listSendCar [运行时间：0.197711s][吞吐率：5.06req/s] [内存消耗：2,495.28kb] [文件加载：49]
[ info ] [ LANG ] E:\xampp\htdocs\xinjia\tp5\thinkphp\lang\zh-cn.php
[ info ] [ BIND ] 'admin'
[ info ] [ ROUTE ] array (
  'type' => 'module',
  'module' => 
  array (
    0 => 'admin',
    1 => 'Order',
    2 => 'listSendCar',
  ),
)
[ info ] [ HEADER ] array (
  'host' => 'www.tp5.com',
  'user-agent' => 'Mozilla/5.0 (Windows NT 10.0; Win64; x64; rv:61.0) Gecko/20100101 Firefox/61.0',
  'accept' => 'text/html,application/xhtml+xml,application/xml;q=0.9,*/*;q=0.8',
  'accept-language' => 'zh-CN,zh;q=0.8,zh-TW;q=0.7,zh-HK;q=0.5,en-US;q=0.3,en;q=0.2',
  'accept-encoding' => 'gzip, deflate',
  'cookie' => 'thinkphp_show_page_trace=0|0; Hm_lvt_aba1a55910444a23dbcad68d17658d63=1531836853; PHPSESSID=g8o5rfdo8g0far77r9nkl9l5m4',
  'connection' => 'keep-alive',
  'upgrade-insecure-requests' => '1',
  'cache-control' => 'max-age=0',
)
[ info ] [ PARAM ] array (
)
[ info ] [ SESSION ] INIT array (
  'id' => '',
  'var_session_id' => '',
  'prefix' => 'think',
  'type' => '',
  'auto_start' => true,
)
[ info ] [ RUN ] app\admin\controller\Order->listSendCar[ E:\xampp\htdocs\xinjia\tp5\application\admin\controller\Order.php ]
[ info ] [ DB ] INIT mysql
[ info ] [ LOG ] INIT File
[ error ] [0]method not exist:think\db\Query->sendCarList[E:\xampp\htdocs\xinjia\tp5\thinkphp\library\think\db\Query.php:94]
