---------------------------------------------------------------
[ 2018-04-10T09:42:49+08:00 ] 127.0.0.1 GET /up/mp3/5701/B18EE9415CCE21BC289A392721941638.mp3
[ info ] 127.0.0.1/up/mp3/5701/B18EE9415CCE21BC289A392721941638.mp3 [运行时间：0.020000s][吞吐率：50.00req/s] [内存消耗：1,137.39kb] [文件加载：32]
[ info ] [ LANG ] E:\xampp\htdocs\tp5\thinkphp\lang\zh-cn.php
[ info ] [ ROUTE ] array (
  'type' => 'module',
  'module' => 
  array (
    0 => 'up',
    1 => 'mp3',
    2 => '5701',
  ),
)
[ info ] [ HEADER ] array (
  'host' => '127.0.0.1',
  'user-agent' => 'Mozilla/5.0 (Windows NT 6.1; WOW64; rv:59.0) Gecko/20100101 Firefox/59.0',
  'accept' => 'audio/webm,audio/ogg,audio/wav,audio/*;q=0.9,application/ogg;q=0.7,video/*;q=0.6,*/*;q=0.5',
  'accept-language' => 'zh-CN,zh;q=0.8,zh-TW;q=0.7,zh-HK;q=0.5,en-US;q=0.3,en;q=0.2',
  'accept-encoding' => 'gzip, deflate',
  'range' => 'bytes=0-',
  'connection' => 'keep-alive',
)
[ info ] [ PARAM ] array (
)
[ info ] [ LOG ] INIT File
---------------------------------------------------------------
[ 2018-04-10T09:47:11+08:00 ] 127.0.0.1 GET /admin.php/admin/login/index.html
[ info ] www.tp5.com/admin.php/admin/login/index.html [运行时间：0.046800s][吞吐率：21.37req/s] [内存消耗：1,609.34kb] [文件加载：42]
[ info ] [ LANG ] E:\xampp\htdocs\tp5\thinkphp\lang\zh-cn.php
[ info ] [ ROUTE ] array (
  'type' => 'module',
  'module' => 
  array (
    0 => 'admin',
    1 => 'login',
    2 => 'index',
  ),
)
[ info ] [ HEADER ] array (
  'host' => 'www.tp5.com',
  'user-agent' => 'Mozilla/5.0 (Windows NT 6.1; WOW64; rv:59.0) Gecko/20100101 Firefox/59.0',
  'accept' => 'text/html,application/xhtml+xml,application/xml;q=0.9,*/*;q=0.8',
  'accept-language' => 'zh-CN,zh;q=0.8,zh-TW;q=0.7,zh-HK;q=0.5,en-US;q=0.3,en;q=0.2',
  'accept-encoding' => 'gzip, deflate',
  'cookie' => 'Hm_lvt_b393d153aeb26b46e9431fabaf0f6190=1522749806,1522809292,1523150498,1523240450',
  'connection' => 'keep-alive',
  'upgrade-insecure-requests' => '1',
)
[ info ] [ PARAM ] array (
)
[ info ] [ RUN ] app\admin\controller\Login->index[ E:\xampp\htdocs\tp5\application\admin\controller\Login.php ]
[ info ] [ VIEW ] E:\xampp\htdocs\tp5\public/../application/admin\view\login\login.html [ array (
) ]
[ info ] [ LOG ] INIT File
---------------------------------------------------------------
[ 2018-04-10T09:47:11+08:00 ] 127.0.0.1 GET /static/admin/favicon.ico
[ info ] www.tp5.com/static/admin/favicon.ico [运行时间：0.046800s][吞吐率：21.37req/s] [内存消耗：1,137.49kb] [文件加载：32]
[ info ] [ LANG ] E:\xampp\htdocs\tp5\thinkphp\lang\zh-cn.php
[ info ] [ ROUTE ] array (
  'type' => 'module',
  'module' => 
  array (
    0 => 'static',
    1 => 'admin',
    2 => 'favicon.ico',
  ),
)
[ info ] [ HEADER ] array (
  'host' => 'www.tp5.com',
  'user-agent' => 'Mozilla/5.0 (Windows NT 6.1; WOW64; rv:59.0) Gecko/20100101 Firefox/59.0',
  'accept' => 'text/html,application/xhtml+xml,application/xml;q=0.9,*/*;q=0.8',
  'accept-language' => 'zh-CN,zh;q=0.8,zh-TW;q=0.7,zh-HK;q=0.5,en-US;q=0.3,en;q=0.2',
  'accept-encoding' => 'gzip, deflate',
  'cookie' => 'Hm_lvt_b393d153aeb26b46e9431fabaf0f6190=1522749806,1522809292,1523150498,1523240450',
  'connection' => 'keep-alive',
)
[ info ] [ PARAM ] array (
)
[ info ] [ LOG ] INIT File
---------------------------------------------------------------
[ 2018-04-10T09:47:18+08:00 ] 127.0.0.1 POST /admin.php/admin/login/check.html
[ info ] www.tp5.com/admin.php/admin/login/check.html [运行时间：0.171600s][吞吐率：5.83req/s] [内存消耗：2,497.35kb] [文件加载：47]
[ info ] [ LANG ] E:\xampp\htdocs\tp5\thinkphp\lang\zh-cn.php
[ info ] [ ROUTE ] array (
  'type' => 'module',
  'module' => 
  array (
    0 => 'admin',
    1 => 'login',
    2 => 'check',
  ),
)
[ info ] [ HEADER ] array (
  'host' => 'www.tp5.com',
  'user-agent' => 'Mozilla/5.0 (Windows NT 6.1; WOW64; rv:59.0) Gecko/20100101 Firefox/59.0',
  'accept' => 'application/json, text/javascript, */*; q=0.01',
  'accept-language' => 'zh-CN,zh;q=0.8,zh-TW;q=0.7,zh-HK;q=0.5,en-US;q=0.3,en;q=0.2',
  'accept-encoding' => 'gzip, deflate',
  'referer' => 'http://www.tp5.com/admin.php/admin/login/index.html',
  'content-type' => 'application/x-www-form-urlencoded; charset=UTF-8',
  'x-requested-with' => 'XMLHttpRequest',
  'content-length' => '29',
  'cookie' => 'thinkphp_show_page_trace=0|0; Hm_lvt_b393d153aeb26b46e9431fabaf0f6190=1522749806,1522809292,1523150498,1523240450',
  'connection' => 'keep-alive',
)
[ info ] [ PARAM ] array (
  'loginname' => 'aaa',
  'password' => '123456',
)
[ info ] [ RUN ] app\admin\controller\Login->check[ E:\xampp\htdocs\tp5\application\admin\controller\Login.php ]
[ info ] [ DB ] INIT mysql
[ info ] [ CACHE ] INIT File
[ info ] [ SESSION ] INIT array (
  'id' => '',
  'var_session_id' => '',
  'prefix' => 'think',
  'type' => '',
  'auto_start' => true,
)
[ info ] [ LOG ] INIT File
[ sql ] [ DB ] CONNECT:[ UseTime:0.015600s ] mysql:host=127.0.0.1;dbname=hlwl;charset=utf8
[ sql ] [ SQL ] SHOW COLUMNS FROM `hl_user` [ RunTime:0.031200s ]
[ sql ] [ SQL ] SELECT * FROM `hl_user` WHERE  `loginname` = 'aaa' LIMIT 1 [ RunTime:0.000000s ]
[ sql ] [ SQL ] UPDATE `hl_user`  SET `logintime`='1523324838',`update_time`='2018-04-10 09:47:18'  WHERE  `id` = 3 [ RunTime:0.062400s ]
---------------------------------------------------------------
[ 2018-04-10T09:47:20+08:00 ] 127.0.0.1 GET /admin.php/admin/index/index.html
[ info ] www.tp5.com/admin.php/admin/index/index.html [运行时间：0.093600s][吞吐率：10.68req/s] [内存消耗：2,360.78kb] [文件加载：49]
[ info ] [ LANG ] E:\xampp\htdocs\tp5\thinkphp\lang\zh-cn.php
[ info ] [ ROUTE ] array (
  'type' => 'module',
  'module' => 
  array (
    0 => 'admin',
    1 => 'index',
    2 => 'index',
  ),
)
[ info ] [ HEADER ] array (
  'host' => 'www.tp5.com',
  'user-agent' => 'Mozilla/5.0 (Windows NT 6.1; WOW64; rv:59.0) Gecko/20100101 Firefox/59.0',
  'accept' => 'text/html,application/xhtml+xml,application/xml;q=0.9,*/*;q=0.8',
  'accept-language' => 'zh-CN,zh;q=0.8,zh-TW;q=0.7,zh-HK;q=0.5,en-US;q=0.3,en;q=0.2',
  'accept-encoding' => 'gzip, deflate',
  'referer' => 'http://www.tp5.com/admin.php/admin/login/index.html',
  'cookie' => 'Hm_lvt_b393d153aeb26b46e9431fabaf0f6190=1522749806,1522809292,1523150498,1523240450; PHPSESSID=aeb9of2s1b2hqokr3cp8fg7gl3',
  'connection' => 'keep-alive',
  'upgrade-insecure-requests' => '1',
)
[ info ] [ PARAM ] array (
)
[ info ] [ SESSION ] INIT array (
  'id' => '',
  'var_session_id' => '',
  'prefix' => 'think',
  'type' => '',
  'auto_start' => true,
)
[ info ] [ DB ] INIT mysql
[ info ] [ VIEW ] E:\xampp\htdocs\tp5\public/../application/admin\view\public\middle.html [ array (
  0 => 'cardata',
) ]
[ info ] [ RUN ] app\admin\controller\Index->index[ E:\xampp\htdocs\tp5\application\admin\controller\Index.php ]
[ info ] [ VIEW ] E:\xampp\htdocs\tp5\public/../application/admin\view\index\index.html [ array (
  0 => 'cardata',
) ]
[ info ] [ LOG ] INIT File
[ sql ] [ DB ] CONNECT:[ UseTime:0.000000s ] mysql:host=127.0.0.1;dbname=hlwl;charset=utf8
[ sql ] [ SQL ] SHOW COLUMNS FROM `hl_cardata` [ RunTime:0.031200s ]
[ sql ] [ SQL ] SELECT `id`,`car_name` FROM `hl_cardata` WHERE  `status` = 1 [ RunTime:0.000000s ]
---------------------------------------------------------------
[ 2018-04-10T09:47:20+08:00 ] 127.0.0.1 GET /admin.php/admin/index/welcome.html
[ info ] www.tp5.com/admin.php/admin/index/welcome.html [运行时间：0.062400s][吞吐率：16.03req/s] [内存消耗：2,340.02kb] [文件加载：49]
[ info ] [ LANG ] E:\xampp\htdocs\tp5\thinkphp\lang\zh-cn.php
[ info ] [ ROUTE ] array (
  'type' => 'module',
  'module' => 
  array (
    0 => 'admin',
    1 => 'index',
    2 => 'welcome',
  ),
)
[ info ] [ HEADER ] array (
  'host' => 'www.tp5.com',
  'user-agent' => 'Mozilla/5.0 (Windows NT 6.1; WOW64; rv:59.0) Gecko/20100101 Firefox/59.0',
  'accept' => 'text/html,application/xhtml+xml,application/xml;q=0.9,*/*;q=0.8',
  'accept-language' => 'zh-CN,zh;q=0.8,zh-TW;q=0.7,zh-HK;q=0.5,en-US;q=0.3,en;q=0.2',
  'accept-encoding' => 'gzip, deflate',
  'referer' => 'http://www.tp5.com/admin.php/admin/index/index.html',
  'cookie' => 'thinkphp_show_page_trace=0|0; Hm_lvt_b393d153aeb26b46e9431fabaf0f6190=1522749806,1522809292,1523150498,1523240450; PHPSESSID=aeb9of2s1b2hqokr3cp8fg7gl3',
  'connection' => 'keep-alive',
  'upgrade-insecure-requests' => '1',
)
[ info ] [ PARAM ] array (
)
[ info ] [ SESSION ] INIT array (
  'id' => '',
  'var_session_id' => '',
  'prefix' => 'think',
  'type' => '',
  'auto_start' => true,
)
[ info ] [ DB ] INIT mysql
[ info ] [ VIEW ] E:\xampp\htdocs\tp5\public/../application/admin\view\public\middle.html [ array (
  0 => 'cardata',
) ]
[ info ] [ RUN ] app\admin\controller\Index->welcome[ E:\xampp\htdocs\tp5\application\admin\controller\Index.php ]
[ info ] [ VIEW ] E:\xampp\htdocs\tp5\public/../application/admin\view\index\welcome.html [ array (
  0 => 'cardata',
) ]
[ info ] [ LOG ] INIT File
[ sql ] [ DB ] CONNECT:[ UseTime:0.015600s ] mysql:host=127.0.0.1;dbname=hlwl;charset=utf8
[ sql ] [ SQL ] SHOW COLUMNS FROM `hl_cardata` [ RunTime:0.000000s ]
[ sql ] [ SQL ] SELECT `id`,`car_name` FROM `hl_cardata` WHERE  `status` = 1 [ RunTime:0.000000s ]
---------------------------------------------------------------
[ 2018-04-10T09:47:25+08:00 ] 127.0.0.1 GET /admin.php/admin/contact/car_list.html
[ info ] www.tp5.com/admin.php/admin/contact/car_list.html [运行时间：0.062400s][吞吐率：16.03req/s] [内存消耗：2,648.59kb] [文件加载：52]
[ info ] [ LANG ] E:\xampp\htdocs\tp5\thinkphp\lang\zh-cn.php
[ info ] [ ROUTE ] array (
  'type' => 'module',
  'module' => 
  array (
    0 => 'admin',
    1 => 'contact',
    2 => 'car_list',
  ),
)
[ info ] [ HEADER ] array (
  'host' => 'www.tp5.com',
  'user-agent' => 'Mozilla/5.0 (Windows NT 6.1; WOW64; rv:59.0) Gecko/20100101 Firefox/59.0',
  'accept' => 'text/html,application/xhtml+xml,application/xml;q=0.9,*/*;q=0.8',
  'accept-language' => 'zh-CN,zh;q=0.8,zh-TW;q=0.7,zh-HK;q=0.5,en-US;q=0.3,en;q=0.2',
  'accept-encoding' => 'gzip, deflate',
  'referer' => 'http://www.tp5.com/admin.php/admin/index/index.html',
  'cookie' => 'Hm_lvt_b393d153aeb26b46e9431fabaf0f6190=1522809292,1523150498,1523240450,1523324841; PHPSESSID=aeb9of2s1b2hqokr3cp8fg7gl3; Hm_lpvt_b393d153aeb26b46e9431fabaf0f6190=1523324841',
  'connection' => 'keep-alive',
  'upgrade-insecure-requests' => '1',
)
[ info ] [ PARAM ] array (
)
[ info ] [ SESSION ] INIT array (
  'id' => '',
  'var_session_id' => '',
  'prefix' => 'think',
  'type' => '',
  'auto_start' => true,
)
[ info ] [ DB ] INIT mysql
[ info ] [ VIEW ] E:\xampp\htdocs\tp5\public/../application/admin\view\public\middle.html [ array (
  0 => 'cardata',
) ]
[ info ] [ RUN ] app\admin\controller\Contact->car_list[ E:\xampp\htdocs\tp5\application\admin\controller\Contact.php ]
[ info ] [ VIEW ] E:\xampp\htdocs\tp5\public/../application/admin\view\contact\car_list.html [ array (
  0 => 'cardata',
  1 => 'count',
  2 => 'carlist',
) ]
[ info ] [ LOG ] INIT File
[ sql ] [ DB ] CONNECT:[ UseTime:0.000000s ] mysql:host=127.0.0.1;dbname=hlwl;charset=utf8
[ sql ] [ SQL ] SHOW COLUMNS FROM `hl_cardata` [ RunTime:0.015600s ]
[ sql ] [ SQL ] SELECT `id`,`car_name` FROM `hl_cardata` WHERE  `status` = 1 [ RunTime:0.000000s ]
[ sql ] [ SQL ] SELECT COUNT(*) AS tp_count FROM `hl_cardata` WHERE  `status` = 1 LIMIT 1 [ RunTime:0.000000s ]
[ sql ] [ SQL ] SELECT * FROM `hl_cardata` WHERE  `status` = 1 LIMIT 0,10 [ RunTime:0.000000s ]
---------------------------------------------------------------
[ 2018-04-10T09:48:14+08:00 ] 127.0.0.1 GET /admin.php/admin/contact/car_edit.html?id=1
[ info ] www.tp5.com/admin.php/admin/contact/car_edit.html?id=1 [运行时间：0.078000s][吞吐率：12.82req/s] [内存消耗：2,199.70kb] [文件加载：47]
[ info ] [ LANG ] E:\xampp\htdocs\tp5\thinkphp\lang\zh-cn.php
[ info ] [ ROUTE ] array (
  'type' => 'module',
  'module' => 
  array (
    0 => 'admin',
    1 => 'contact',
    2 => 'car_edit',
  ),
)
[ info ] [ HEADER ] array (
  'host' => 'www.tp5.com',
  'user-agent' => 'Mozilla/5.0 (Windows NT 6.1; WOW64; rv:59.0) Gecko/20100101 Firefox/59.0',
  'accept' => 'text/html,application/xhtml+xml,application/xml;q=0.9,*/*;q=0.8',
  'accept-language' => 'zh-CN,zh;q=0.8,zh-TW;q=0.7,zh-HK;q=0.5,en-US;q=0.3,en;q=0.2',
  'accept-encoding' => 'gzip, deflate',
  'referer' => 'http://www.tp5.com/admin.php/admin/contact/car_list.html',
  'cookie' => 'thinkphp_show_page_trace=0|0; Hm_lvt_b393d153aeb26b46e9431fabaf0f6190=1522809292,1523150498,1523240450,1523324841; PHPSESSID=aeb9of2s1b2hqokr3cp8fg7gl3; Hm_lpvt_b393d153aeb26b46e9431fabaf0f6190=1523324841',
  'connection' => 'keep-alive',
  'upgrade-insecure-requests' => '1',
)
[ info ] [ PARAM ] array (
  'id' => '1',
)
[ info ] [ SESSION ] INIT array (
  'id' => '',
  'var_session_id' => '',
  'prefix' => 'think',
  'type' => '',
  'auto_start' => true,
)
[ info ] [ DB ] INIT mysql
[ info ] [ VIEW ] E:\xampp\htdocs\tp5\public/../application/admin\view\public\middle.html [ array (
  0 => 'cardata',
) ]
[ info ] [ RUN ] app\admin\controller\Contact->car_edit[ E:\xampp\htdocs\tp5\application\admin\controller\Contact.php ]
[ info ] [ VIEW ] E:\xampp\htdocs\tp5\public/../application/admin\view\contact\car_edit.html [ array (
  0 => 'cardata',
  1 => 'carinfo',
) ]
[ info ] [ LOG ] INIT File
[ sql ] [ DB ] CONNECT:[ UseTime:0.015600s ] mysql:host=127.0.0.1;dbname=hlwl;charset=utf8
[ sql ] [ SQL ] SHOW COLUMNS FROM `hl_cardata` [ RunTime:0.000000s ]
[ sql ] [ SQL ] SELECT `id`,`car_name` FROM `hl_cardata` WHERE  `status` = 1 [ RunTime:0.000000s ]
[ sql ] [ SQL ] select * from hl_cardata where id=1 [ RunTime:0.000000s ]
---------------------------------------------------------------
[ 2018-04-10T09:54:06+08:00 ] 127.0.0.1 GET /admin.php/admin/contact/car_edit.html?id=1
[ info ] www.tp5.com/admin.php/admin/contact/car_edit.html?id=1 [运行时间：0.078000s][吞吐率：12.82req/s] [内存消耗：2,199.70kb] [文件加载：47]
[ info ] [ LANG ] E:\xampp\htdocs\tp5\thinkphp\lang\zh-cn.php
[ info ] [ ROUTE ] array (
  'type' => 'module',
  'module' => 
  array (
    0 => 'admin',
    1 => 'contact',
    2 => 'car_edit',
  ),
)
[ info ] [ HEADER ] array (
  'host' => 'www.tp5.com',
  'user-agent' => 'Mozilla/5.0 (Windows NT 6.1; WOW64; rv:59.0) Gecko/20100101 Firefox/59.0',
  'accept' => 'text/html,application/xhtml+xml,application/xml;q=0.9,*/*;q=0.8',
  'accept-language' => 'zh-CN,zh;q=0.8,zh-TW;q=0.7,zh-HK;q=0.5,en-US;q=0.3,en;q=0.2',
  'accept-encoding' => 'gzip, deflate',
  'referer' => 'http://www.tp5.com/admin.php/admin/contact/car_list.html',
  'cookie' => 'thinkphp_show_page_trace=0|0; Hm_lvt_b393d153aeb26b46e9431fabaf0f6190=1522809292,1523150498,1523240450,1523324841; PHPSESSID=aeb9of2s1b2hqokr3cp8fg7gl3; Hm_lpvt_b393d153aeb26b46e9431fabaf0f6190=1523324841',
  'connection' => 'keep-alive',
  'upgrade-insecure-requests' => '1',
)
[ info ] [ PARAM ] array (
  'id' => '1',
)
[ info ] [ SESSION ] INIT array (
  'id' => '',
  'var_session_id' => '',
  'prefix' => 'think',
  'type' => '',
  'auto_start' => true,
)
[ info ] [ DB ] INIT mysql
[ info ] [ VIEW ] E:\xampp\htdocs\tp5\public/../application/admin\view\public\middle.html [ array (
  0 => 'cardata',
) ]
[ info ] [ RUN ] app\admin\controller\Contact->car_edit[ E:\xampp\htdocs\tp5\application\admin\controller\Contact.php ]
[ info ] [ VIEW ] E:\xampp\htdocs\tp5\public/../application/admin\view\contact\car_edit.html [ array (
  0 => 'cardata',
  1 => 'carinfo',
) ]
[ info ] [ LOG ] INIT File
[ sql ] [ DB ] CONNECT:[ UseTime:0.000000s ] mysql:host=127.0.0.1;dbname=hlwl;charset=utf8
[ sql ] [ SQL ] SHOW COLUMNS FROM `hl_cardata` [ RunTime:0.015600s ]
[ sql ] [ SQL ] SELECT `id`,`car_name` FROM `hl_cardata` WHERE  `status` = 1 [ RunTime:0.000000s ]
[ sql ] [ SQL ] select * from hl_cardata where id=1 [ RunTime:0.000000s ]
---------------------------------------------------------------
[ 2018-04-10T10:00:39+08:00 ] 127.0.0.1 GET /admin.php/admin/contact/car_edit.html?id=1
[ info ] www.tp5.com/admin.php/admin/contact/car_edit.html?id=1 [运行时间：0.062400s][吞吐率：16.03req/s] [内存消耗：2,199.70kb] [文件加载：47]
[ info ] [ LANG ] E:\xampp\htdocs\tp5\thinkphp\lang\zh-cn.php
[ info ] [ ROUTE ] array (
  'type' => 'module',
  'module' => 
  array (
    0 => 'admin',
    1 => 'contact',
    2 => 'car_edit',
  ),
)
[ info ] [ HEADER ] array (
  'host' => 'www.tp5.com',
  'user-agent' => 'Mozilla/5.0 (Windows NT 6.1; WOW64; rv:59.0) Gecko/20100101 Firefox/59.0',
  'accept' => 'text/html,application/xhtml+xml,application/xml;q=0.9,*/*;q=0.8',
  'accept-language' => 'zh-CN,zh;q=0.8,zh-TW;q=0.7,zh-HK;q=0.5,en-US;q=0.3,en;q=0.2',
  'accept-encoding' => 'gzip, deflate',
  'referer' => 'http://www.tp5.com/admin.php/admin/contact/car_list.html',
  'cookie' => 'thinkphp_show_page_trace=0|0; Hm_lvt_b393d153aeb26b46e9431fabaf0f6190=1522809292,1523150498,1523240450,1523324841; PHPSESSID=aeb9of2s1b2hqokr3cp8fg7gl3; Hm_lpvt_b393d153aeb26b46e9431fabaf0f6190=1523324841',
  'connection' => 'keep-alive',
  'upgrade-insecure-requests' => '1',
)
[ info ] [ PARAM ] array (
  'id' => '1',
)
[ info ] [ SESSION ] INIT array (
  'id' => '',
  'var_session_id' => '',
  'prefix' => 'think',
  'type' => '',
  'auto_start' => true,
)
[ info ] [ DB ] INIT mysql
[ info ] [ VIEW ] E:\xampp\htdocs\tp5\public/../application/admin\view\public\middle.html [ array (
  0 => 'cardata',
) ]
[ info ] [ RUN ] app\admin\controller\Contact->car_edit[ E:\xampp\htdocs\tp5\application\admin\controller\Contact.php ]
[ info ] [ VIEW ] E:\xampp\htdocs\tp5\public/../application/admin\view\contact\car_edit.html [ array (
  0 => 'cardata',
  1 => 'carinfo',
) ]
[ info ] [ LOG ] INIT File
[ sql ] [ DB ] CONNECT:[ UseTime:0.000000s ] mysql:host=127.0.0.1;dbname=hlwl;charset=utf8
[ sql ] [ SQL ] SHOW COLUMNS FROM `hl_cardata` [ RunTime:0.015600s ]
[ sql ] [ SQL ] SELECT `id`,`car_name` FROM `hl_cardata` WHERE  `status` = 1 [ RunTime:0.000000s ]
[ sql ] [ SQL ] select * from hl_cardata where id=1 [ RunTime:0.000000s ]
---------------------------------------------------------------
[ 2018-04-10T10:01:29+08:00 ] 127.0.0.1 GET /admin.php/admin/contact/car_edit.html?id=1
[ info ] www.tp5.com/admin.php/admin/contact/car_edit.html?id=1 [运行时间：0.078000s][吞吐率：12.82req/s] [内存消耗：2,348.08kb] [文件加载：49]
[ info ] [ LANG ] E:\xampp\htdocs\tp5\thinkphp\lang\zh-cn.php
[ info ] [ ROUTE ] array (
  'type' => 'module',
  'module' => 
  array (
    0 => 'admin',
    1 => 'contact',
    2 => 'car_edit',
  ),
)
[ info ] [ HEADER ] array (
  'host' => 'www.tp5.com',
  'user-agent' => 'Mozilla/5.0 (Windows NT 6.1; WOW64; rv:59.0) Gecko/20100101 Firefox/59.0',
  'accept' => 'text/html,application/xhtml+xml,application/xml;q=0.9,*/*;q=0.8',
  'accept-language' => 'zh-CN,zh;q=0.8,zh-TW;q=0.7,zh-HK;q=0.5,en-US;q=0.3,en;q=0.2',
  'accept-encoding' => 'gzip, deflate',
  'referer' => 'http://www.tp5.com/admin.php/admin/contact/car_list.html',
  'cookie' => 'thinkphp_show_page_trace=0|0; Hm_lvt_b393d153aeb26b46e9431fabaf0f6190=1522809292,1523150498,1523240450,1523324841; PHPSESSID=aeb9of2s1b2hqokr3cp8fg7gl3; Hm_lpvt_b393d153aeb26b46e9431fabaf0f6190=1523324841',
  'connection' => 'keep-alive',
  'upgrade-insecure-requests' => '1',
)
[ info ] [ PARAM ] array (
  'id' => '1',
)
[ info ] [ SESSION ] INIT array (
  'id' => '',
  'var_session_id' => '',
  'prefix' => 'think',
  'type' => '',
  'auto_start' => true,
)
[ info ] [ DB ] INIT mysql
[ info ] [ VIEW ] E:\xampp\htdocs\tp5\public/../application/admin\view\public\middle.html [ array (
  0 => 'cardata',
) ]
[ info ] [ RUN ] app\admin\controller\Contact->car_edit[ E:\xampp\htdocs\tp5\application\admin\controller\Contact.php ]
[ info ] [ VIEW ] E:\xampp\htdocs\tp5\public/../application/admin\view\contact\car_edit.html [ array (
  0 => 'cardata',
  1 => 'carinfo',
) ]
[ info ] [ LOG ] INIT File
[ sql ] [ DB ] CONNECT:[ UseTime:0.031200s ] mysql:host=127.0.0.1;dbname=hlwl;charset=utf8
[ sql ] [ SQL ] SHOW COLUMNS FROM `hl_cardata` [ RunTime:0.000000s ]
[ sql ] [ SQL ] SELECT `id`,`car_name` FROM `hl_cardata` WHERE  `status` = 1 [ RunTime:0.000000s ]
[ sql ] [ SQL ] select * from hl_cardata where id=1 [ RunTime:0.000000s ]
---------------------------------------------------------------
[ 2018-04-10T10:01:36+08:00 ] 127.0.0.1 GET /admin.php/admin/contact/car_edit.html?id=1
[ info ] www.tp5.com/admin.php/admin/contact/car_edit.html?id=1 [运行时间：0.046800s][吞吐率：21.37req/s] [内存消耗：2,199.70kb] [文件加载：47]
[ info ] [ LANG ] E:\xampp\htdocs\tp5\thinkphp\lang\zh-cn.php
[ info ] [ ROUTE ] array (
  'type' => 'module',
  'module' => 
  array (
    0 => 'admin',
    1 => 'contact',
    2 => 'car_edit',
  ),
)
[ info ] [ HEADER ] array (
  'host' => 'www.tp5.com',
  'user-agent' => 'Mozilla/5.0 (Windows NT 6.1; WOW64; rv:59.0) Gecko/20100101 Firefox/59.0',
  'accept' => 'text/html,application/xhtml+xml,application/xml;q=0.9,*/*;q=0.8',
  'accept-language' => 'zh-CN,zh;q=0.8,zh-TW;q=0.7,zh-HK;q=0.5,en-US;q=0.3,en;q=0.2',
  'accept-encoding' => 'gzip, deflate',
  'referer' => 'http://www.tp5.com/admin.php/admin/contact/car_list.html',
  'cookie' => 'thinkphp_show_page_trace=0|0; Hm_lvt_b393d153aeb26b46e9431fabaf0f6190=1522809292,1523150498,1523240450,1523324841; PHPSESSID=aeb9of2s1b2hqokr3cp8fg7gl3; Hm_lpvt_b393d153aeb26b46e9431fabaf0f6190=1523324841',
  'connection' => 'keep-alive',
  'upgrade-insecure-requests' => '1',
)
[ info ] [ PARAM ] array (
  'id' => '1',
)
[ info ] [ SESSION ] INIT array (
  'id' => '',
  'var_session_id' => '',
  'prefix' => 'think',
  'type' => '',
  'auto_start' => true,
)
[ info ] [ DB ] INIT mysql
[ info ] [ VIEW ] E:\xampp\htdocs\tp5\public/../application/admin\view\public\middle.html [ array (
  0 => 'cardata',
) ]
[ info ] [ RUN ] app\admin\controller\Contact->car_edit[ E:\xampp\htdocs\tp5\application\admin\controller\Contact.php ]
[ info ] [ VIEW ] E:\xampp\htdocs\tp5\public/../application/admin\view\contact\car_edit.html [ array (
  0 => 'cardata',
  1 => 'carinfo',
) ]
[ info ] [ LOG ] INIT File
[ sql ] [ DB ] CONNECT:[ UseTime:0.000000s ] mysql:host=127.0.0.1;dbname=hlwl;charset=utf8
[ sql ] [ SQL ] SHOW COLUMNS FROM `hl_cardata` [ RunTime:0.015600s ]
[ sql ] [ SQL ] SELECT `id`,`car_name` FROM `hl_cardata` WHERE  `status` = 1 [ RunTime:0.000000s ]
[ sql ] [ SQL ] select * from hl_cardata where id=1 [ RunTime:0.000000s ]
---------------------------------------------------------------
[ 2018-04-10T10:02:52+08:00 ] 127.0.0.1 GET /admin.php/admin/contact/car_edit.html?id=1
[ info ] www.tp5.com/admin.php/admin/contact/car_edit.html?id=1 [运行时间：0.062400s][吞吐率：16.03req/s] [内存消耗：2,348.08kb] [文件加载：49]
[ info ] [ LANG ] E:\xampp\htdocs\tp5\thinkphp\lang\zh-cn.php
[ info ] [ ROUTE ] array (
  'type' => 'module',
  'module' => 
  array (
    0 => 'admin',
    1 => 'contact',
    2 => 'car_edit',
  ),
)
[ info ] [ HEADER ] array (
  'host' => 'www.tp5.com',
  'user-agent' => 'Mozilla/5.0 (Windows NT 6.1; WOW64; rv:59.0) Gecko/20100101 Firefox/59.0',
  'accept' => 'text/html,application/xhtml+xml,application/xml;q=0.9,*/*;q=0.8',
  'accept-language' => 'zh-CN,zh;q=0.8,zh-TW;q=0.7,zh-HK;q=0.5,en-US;q=0.3,en;q=0.2',
  'accept-encoding' => 'gzip, deflate',
  'referer' => 'http://www.tp5.com/admin.php/admin/contact/car_list.html',
  'cookie' => 'thinkphp_show_page_trace=0|0; Hm_lvt_b393d153aeb26b46e9431fabaf0f6190=1522809292,1523150498,1523240450,1523324841; PHPSESSID=aeb9of2s1b2hqokr3cp8fg7gl3; Hm_lpvt_b393d153aeb26b46e9431fabaf0f6190=1523324841',
  'connection' => 'keep-alive',
  'upgrade-insecure-requests' => '1',
)
[ info ] [ PARAM ] array (
  'id' => '1',
)
[ info ] [ SESSION ] INIT array (
  'id' => '',
  'var_session_id' => '',
  'prefix' => 'think',
  'type' => '',
  'auto_start' => true,
)
[ info ] [ DB ] INIT mysql
[ info ] [ VIEW ] E:\xampp\htdocs\tp5\public/../application/admin\view\public\middle.html [ array (
  0 => 'cardata',
) ]
[ info ] [ RUN ] app\admin\controller\Contact->car_edit[ E:\xampp\htdocs\tp5\application\admin\controller\Contact.php ]
[ info ] [ VIEW ] E:\xampp\htdocs\tp5\public/../application/admin\view\contact\car_edit.html [ array (
  0 => 'cardata',
  1 => 'carinfo',
) ]
[ info ] [ LOG ] INIT File
[ sql ] [ DB ] CONNECT:[ UseTime:0.000000s ] mysql:host=127.0.0.1;dbname=hlwl;charset=utf8
[ sql ] [ SQL ] SHOW COLUMNS FROM `hl_cardata` [ RunTime:0.015600s ]
[ sql ] [ SQL ] SELECT `id`,`car_name` FROM `hl_cardata` WHERE  `status` = 1 [ RunTime:0.000000s ]
[ sql ] [ SQL ] select * from hl_cardata where id=1 [ RunTime:0.000000s ]
---------------------------------------------------------------
[ 2018-04-10T10:06:25+08:00 ] 127.0.0.1 GET /admin.php/admin/contact/car_edit.html?id=1
[ info ] www.tp5.com/admin.php/admin/contact/car_edit.html?id=1 [运行时间：0.062400s][吞吐率：16.03req/s] [内存消耗：2,348.17kb] [文件加载：49]
[ info ] [ LANG ] E:\xampp\htdocs\tp5\thinkphp\lang\zh-cn.php
[ info ] [ ROUTE ] array (
  'type' => 'module',
  'module' => 
  array (
    0 => 'admin',
    1 => 'contact',
    2 => 'car_edit',
  ),
)
[ info ] [ HEADER ] array (
  'host' => 'www.tp5.com',
  'user-agent' => 'Mozilla/5.0 (Windows NT 6.1; WOW64; rv:59.0) Gecko/20100101 Firefox/59.0',
  'accept' => 'text/html,application/xhtml+xml,application/xml;q=0.9,*/*;q=0.8',
  'accept-language' => 'zh-CN,zh;q=0.8,zh-TW;q=0.7,zh-HK;q=0.5,en-US;q=0.3,en;q=0.2',
  'accept-encoding' => 'gzip, deflate',
  'referer' => 'http://www.tp5.com/admin.php/admin/contact/car_list.html',
  'cookie' => 'thinkphp_show_page_trace=0|0; Hm_lvt_b393d153aeb26b46e9431fabaf0f6190=1522809292,1523150498,1523240450,1523324841; PHPSESSID=aeb9of2s1b2hqokr3cp8fg7gl3; Hm_lpvt_b393d153aeb26b46e9431fabaf0f6190=1523324841',
  'connection' => 'keep-alive',
  'upgrade-insecure-requests' => '1',
)
[ info ] [ PARAM ] array (
  'id' => '1',
)
[ info ] [ SESSION ] INIT array (
  'id' => '',
  'var_session_id' => '',
  'prefix' => 'think',
  'type' => '',
  'auto_start' => true,
)
[ info ] [ DB ] INIT mysql
[ info ] [ VIEW ] E:\xampp\htdocs\tp5\public/../application/admin\view\public\middle.html [ array (
  0 => 'cardata',
) ]
[ info ] [ RUN ] app\admin\controller\Contact->car_edit[ E:\xampp\htdocs\tp5\application\admin\controller\Contact.php ]
[ info ] [ VIEW ] E:\xampp\htdocs\tp5\public/../application/admin\view\contact\car_edit.html [ array (
  0 => 'cardata',
  1 => 'carinfo',
) ]
[ info ] [ LOG ] INIT File
[ sql ] [ DB ] CONNECT:[ UseTime:0.015600s ] mysql:host=127.0.0.1;dbname=hlwl;charset=utf8
[ sql ] [ SQL ] SHOW COLUMNS FROM `hl_cardata` [ RunTime:0.000000s ]
[ sql ] [ SQL ] SELECT `id`,`car_name` FROM `hl_cardata` WHERE  `status` = 1 [ RunTime:0.000000s ]
[ sql ] [ SQL ] select * from hl_cardata where id=1 [ RunTime:0.000000s ]
---------------------------------------------------------------
[ 2018-04-10T10:14:21+08:00 ] 127.0.0.1 GET /admin.php/admin/contact/car_edit.html?id=1
[ info ] www.tp5.com/admin.php/admin/contact/car_edit.html?id=1 [运行时间：0.093600s][吞吐率：10.68req/s] [内存消耗：2,347.66kb] [文件加载：49]
[ info ] [ LANG ] E:\xampp\htdocs\tp5\thinkphp\lang\zh-cn.php
[ info ] [ ROUTE ] array (
  'type' => 'module',
  'module' => 
  array (
    0 => 'admin',
    1 => 'contact',
    2 => 'car_edit',
  ),
)
[ info ] [ HEADER ] array (
  'host' => 'www.tp5.com',
  'user-agent' => 'Mozilla/5.0 (Windows NT 6.1; WOW64; rv:59.0) Gecko/20100101 Firefox/59.0',
  'accept' => 'text/html,application/xhtml+xml,application/xml;q=0.9,*/*;q=0.8',
  'accept-language' => 'zh-CN,zh;q=0.8,zh-TW;q=0.7,zh-HK;q=0.5,en-US;q=0.3,en;q=0.2',
  'accept-encoding' => 'gzip, deflate',
  'referer' => 'http://www.tp5.com/admin.php/admin/contact/car_list.html',
  'cookie' => 'thinkphp_show_page_trace=0|0; Hm_lvt_b393d153aeb26b46e9431fabaf0f6190=1522809292,1523150498,1523240450,1523324841; PHPSESSID=aeb9of2s1b2hqokr3cp8fg7gl3; Hm_lpvt_b393d153aeb26b46e9431fabaf0f6190=1523324841',
  'connection' => 'keep-alive',
  'upgrade-insecure-requests' => '1',
)
[ info ] [ PARAM ] array (
  'id' => '1',
)
[ info ] [ SESSION ] INIT array (
  'id' => '',
  'var_session_id' => '',
  'prefix' => 'think',
  'type' => '',
  'auto_start' => true,
)
[ info ] [ DB ] INIT mysql
[ info ] [ VIEW ] E:\xampp\htdocs\tp5\public/../application/admin\view\public\middle.html [ array (
  0 => 'cardata',
) ]
[ info ] [ RUN ] app\admin\controller\Contact->car_edit[ E:\xampp\htdocs\tp5\application\admin\controller\Contact.php ]
[ info ] [ VIEW ] E:\xampp\htdocs\tp5\public/../application/admin\view\contact\car_edit.html [ array (
  0 => 'cardata',
  1 => 'carinfo',
) ]
[ info ] [ LOG ] INIT File
[ sql ] [ DB ] CONNECT:[ UseTime:0.031200s ] mysql:host=127.0.0.1;dbname=hlwl;charset=utf8
[ sql ] [ SQL ] SHOW COLUMNS FROM `hl_cardata` [ RunTime:0.000000s ]
[ sql ] [ SQL ] SELECT `id`,`car_name` FROM `hl_cardata` WHERE  `status` = 1 [ RunTime:0.000000s ]
[ sql ] [ SQL ] select * from hl_cardata where id=1 [ RunTime:0.000000s ]
---------------------------------------------------------------
[ 2018-04-10T10:26:52+08:00 ] 127.0.0.1 GET /admin.php/admin/contact/car_list.html
[ info ] www.tp5.com/admin.php/admin/contact/car_list.html [运行时间：0.078000s][吞吐率：12.82req/s] [内存消耗：2,648.65kb] [文件加载：52]
[ info ] [ LANG ] E:\xampp\htdocs\tp5\thinkphp\lang\zh-cn.php
[ info ] [ ROUTE ] array (
  'type' => 'module',
  'module' => 
  array (
    0 => 'admin',
    1 => 'contact',
    2 => 'car_list',
  ),
)
[ info ] [ HEADER ] array (
  'host' => 'www.tp5.com',
  'user-agent' => 'Mozilla/5.0 (Windows NT 6.1; WOW64; rv:59.0) Gecko/20100101 Firefox/59.0',
  'accept' => 'text/html,application/xhtml+xml,application/xml;q=0.9,*/*;q=0.8',
  'accept-language' => 'zh-CN,zh;q=0.8,zh-TW;q=0.7,zh-HK;q=0.5,en-US;q=0.3,en;q=0.2',
  'accept-encoding' => 'gzip, deflate',
  'referer' => 'http://www.tp5.com/admin.php/admin/contact/car_list.html',
  'cookie' => 'thinkphp_show_page_trace=0|0; Hm_lvt_b393d153aeb26b46e9431fabaf0f6190=1522809292,1523150498,1523240450,1523324841; PHPSESSID=aeb9of2s1b2hqokr3cp8fg7gl3; Hm_lpvt_b393d153aeb26b46e9431fabaf0f6190=1523324841',
  'connection' => 'keep-alive',
  'upgrade-insecure-requests' => '1',
)
[ info ] [ PARAM ] array (
)
[ info ] [ SESSION ] INIT array (
  'id' => '',
  'var_session_id' => '',
  'prefix' => 'think',
  'type' => '',
  'auto_start' => true,
)
[ info ] [ DB ] INIT mysql
[ info ] [ VIEW ] E:\xampp\htdocs\tp5\public/../application/admin\view\public\middle.html [ array (
  0 => 'cardata',
) ]
[ info ] [ RUN ] app\admin\controller\Contact->car_list[ E:\xampp\htdocs\tp5\application\admin\controller\Contact.php ]
[ info ] [ VIEW ] E:\xampp\htdocs\tp5\public/../application/admin\view\contact\car_list.html [ array (
  0 => 'cardata',
  1 => 'count',
  2 => 'carlist',
) ]
[ info ] [ LOG ] INIT File
[ sql ] [ DB ] CONNECT:[ UseTime:0.015600s ] mysql:host=127.0.0.1;dbname=hlwl;charset=utf8
[ sql ] [ SQL ] SHOW COLUMNS FROM `hl_cardata` [ RunTime:0.000000s ]
[ sql ] [ SQL ] SELECT `id`,`car_name` FROM `hl_cardata` WHERE  `status` = 1 [ RunTime:0.000000s ]
[ sql ] [ SQL ] SELECT COUNT(*) AS tp_count FROM `hl_cardata` WHERE  `status` = 1 LIMIT 1 [ RunTime:0.000000s ]
[ sql ] [ SQL ] SELECT * FROM `hl_cardata` WHERE  `status` = 1 LIMIT 0,10 [ RunTime:0.000000s ]
---------------------------------------------------------------
[ 2018-04-10T10:26:53+08:00 ] 127.0.0.1 GET /admin.php/admin/contact/car_edit.html?id=1
[ info ] www.tp5.com/admin.php/admin/contact/car_edit.html?id=1 [运行时间：0.109200s][吞吐率：9.16req/s] [内存消耗：2,347.67kb] [文件加载：49]
[ info ] [ LANG ] E:\xampp\htdocs\tp5\thinkphp\lang\zh-cn.php
[ info ] [ ROUTE ] array (
  'type' => 'module',
  'module' => 
  array (
    0 => 'admin',
    1 => 'contact',
    2 => 'car_edit',
  ),
)
[ info ] [ HEADER ] array (
  'host' => 'www.tp5.com',
  'user-agent' => 'Mozilla/5.0 (Windows NT 6.1; WOW64; rv:59.0) Gecko/20100101 Firefox/59.0',
  'accept' => 'text/html,application/xhtml+xml,application/xml;q=0.9,*/*;q=0.8',
  'accept-language' => 'zh-CN,zh;q=0.8,zh-TW;q=0.7,zh-HK;q=0.5,en-US;q=0.3,en;q=0.2',
  'accept-encoding' => 'gzip, deflate',
  'referer' => 'http://www.tp5.com/admin.php/admin/contact/car_list.html',
  'cookie' => 'thinkphp_show_page_trace=0|0; Hm_lvt_b393d153aeb26b46e9431fabaf0f6190=1522809292,1523150498,1523240450,1523324841; PHPSESSID=aeb9of2s1b2hqokr3cp8fg7gl3; Hm_lpvt_b393d153aeb26b46e9431fabaf0f6190=1523324841',
  'connection' => 'keep-alive',
  'upgrade-insecure-requests' => '1',
)
[ info ] [ PARAM ] array (
  'id' => '1',
)
[ info ] [ SESSION ] INIT array (
  'id' => '',
  'var_session_id' => '',
  'prefix' => 'think',
  'type' => '',
  'auto_start' => true,
)
[ info ] [ DB ] INIT mysql
[ info ] [ VIEW ] E:\xampp\htdocs\tp5\public/../application/admin\view\public\middle.html [ array (
  0 => 'cardata',
) ]
[ info ] [ RUN ] app\admin\controller\Contact->car_edit[ E:\xampp\htdocs\tp5\application\admin\controller\Contact.php ]
[ info ] [ VIEW ] E:\xampp\htdocs\tp5\public/../application/admin\view\contact\car_edit.html [ array (
  0 => 'cardata',
  1 => 'carinfo',
) ]
[ info ] [ LOG ] INIT File
[ sql ] [ DB ] CONNECT:[ UseTime:0.015600s ] mysql:host=127.0.0.1;dbname=hlwl;charset=utf8
[ sql ] [ SQL ] SHOW COLUMNS FROM `hl_cardata` [ RunTime:0.000000s ]
[ sql ] [ SQL ] SELECT `id`,`car_name` FROM `hl_cardata` WHERE  `status` = 1 [ RunTime:0.000000s ]
[ sql ] [ SQL ] select * from hl_cardata where id=1 [ RunTime:0.000000s ]
---------------------------------------------------------------
[ 2018-04-10T10:44:38+08:00 ] 127.0.0.1 GET /admin.php/admin/contact/car_list.html
[ info ] www.tp5.com/admin.php/admin/contact/car_list.html [运行时间：0.062400s][吞吐率：16.03req/s] [内存消耗：2,648.98kb] [文件加载：52]
[ info ] [ LANG ] E:\xampp\htdocs\tp5\thinkphp\lang\zh-cn.php
[ info ] [ ROUTE ] array (
  'type' => 'module',
  'module' => 
  array (
    0 => 'admin',
    1 => 'contact',
    2 => 'car_list',
  ),
)
[ info ] [ HEADER ] array (
  'host' => 'www.tp5.com',
  'user-agent' => 'Mozilla/5.0 (Windows NT 6.1; WOW64; rv:59.0) Gecko/20100101 Firefox/59.0',
  'accept' => 'text/html,application/xhtml+xml,application/xml;q=0.9,*/*;q=0.8',
  'accept-language' => 'zh-CN,zh;q=0.8,zh-TW;q=0.7,zh-HK;q=0.5,en-US;q=0.3,en;q=0.2',
  'accept-encoding' => 'gzip, deflate',
  'referer' => 'http://www.tp5.com/admin.php/admin/contact/car_list.html',
  'cookie' => 'thinkphp_show_page_trace=0|0; Hm_lvt_b393d153aeb26b46e9431fabaf0f6190=1522809292,1523150498,1523240450,1523324841; PHPSESSID=aeb9of2s1b2hqokr3cp8fg7gl3; Hm_lpvt_b393d153aeb26b46e9431fabaf0f6190=1523324841',
  'connection' => 'keep-alive',
  'upgrade-insecure-requests' => '1',
  'pragma' => 'no-cache',
  'cache-control' => 'no-cache',
)
[ info ] [ PARAM ] array (
)
[ info ] [ SESSION ] INIT array (
  'id' => '',
  'var_session_id' => '',
  'prefix' => 'think',
  'type' => '',
  'auto_start' => true,
)
[ info ] [ DB ] INIT mysql
[ info ] [ VIEW ] E:\xampp\htdocs\tp5\public/../application/admin\view\public\middle.html [ array (
  0 => 'cardata',
) ]
[ info ] [ RUN ] app\admin\controller\Contact->car_list[ E:\xampp\htdocs\tp5\application\admin\controller\Contact.php ]
[ info ] [ VIEW ] E:\xampp\htdocs\tp5\public/../application/admin\view\contact\car_list.html [ array (
  0 => 'cardata',
  1 => 'count',
  2 => 'carlist',
) ]
[ info ] [ LOG ] INIT File
[ sql ] [ DB ] CONNECT:[ UseTime:0.015600s ] mysql:host=127.0.0.1;dbname=hlwl;charset=utf8
[ sql ] [ SQL ] SHOW COLUMNS FROM `hl_cardata` [ RunTime:0.000000s ]
[ sql ] [ SQL ] SELECT `id`,`car_name` FROM `hl_cardata` WHERE  `status` = 1 [ RunTime:0.000000s ]
[ sql ] [ SQL ] SELECT COUNT(*) AS tp_count FROM `hl_cardata` WHERE  `status` = 1 LIMIT 1 [ RunTime:0.000000s ]
[ sql ] [ SQL ] SELECT * FROM `hl_cardata` WHERE  `status` = 1 LIMIT 0,10 [ RunTime:0.000000s ]
---------------------------------------------------------------
[ 2018-04-10T10:44:39+08:00 ] 127.0.0.1 GET /admin.php/admin/contact/car_edit.html?id=1
[ info ] www.tp5.com/admin.php/admin/contact/car_edit.html?id=1 [运行时间：0.062400s][吞吐率：16.03req/s] [内存消耗：2,378.80kb] [文件加载：53]
[ info ] [ LANG ] E:\xampp\htdocs\tp5\thinkphp\lang\zh-cn.php
[ info ] [ ROUTE ] array (
  'type' => 'module',
  'module' => 
  array (
    0 => 'admin',
    1 => 'contact',
    2 => 'car_edit',
  ),
)
[ info ] [ HEADER ] array (
  'host' => 'www.tp5.com',
  'user-agent' => 'Mozilla/5.0 (Windows NT 6.1; WOW64; rv:59.0) Gecko/20100101 Firefox/59.0',
  'accept' => 'text/html,application/xhtml+xml,application/xml;q=0.9,*/*;q=0.8',
  'accept-language' => 'zh-CN,zh;q=0.8,zh-TW;q=0.7,zh-HK;q=0.5,en-US;q=0.3,en;q=0.2',
  'accept-encoding' => 'gzip, deflate',
  'referer' => 'http://www.tp5.com/admin.php/admin/contact/car_list.html',
  'cookie' => 'thinkphp_show_page_trace=0|0; Hm_lvt_b393d153aeb26b46e9431fabaf0f6190=1522809292,1523150498,1523240450,1523324841; PHPSESSID=aeb9of2s1b2hqokr3cp8fg7gl3; Hm_lpvt_b393d153aeb26b46e9431fabaf0f6190=1523324841',
  'connection' => 'keep-alive',
  'upgrade-insecure-requests' => '1',
  'pragma' => 'no-cache',
  'cache-control' => 'no-cache',
)
[ info ] [ PARAM ] array (
  'id' => '1',
)
[ info ] [ SESSION ] INIT array (
  'id' => '',
  'var_session_id' => '',
  'prefix' => 'think',
  'type' => '',
  'auto_start' => true,
)
[ info ] [ DB ] INIT mysql
[ info ] [ VIEW ] E:\xampp\htdocs\tp5\public/../application/admin\view\public\middle.html [ array (
  0 => 'cardata',
) ]
[ info ] [ RUN ] app\admin\controller\Contact->car_edit[ E:\xampp\htdocs\tp5\application\admin\controller\Contact.php ]
[ info ] [ VIEW ] E:\xampp\htdocs\tp5\public/../application/admin\view\contact\car_edit.html [ array (
  0 => 'cardata',
  1 => 'carinfo',
) ]
[ info ] [ LOG ] INIT File
[ sql ] [ DB ] CONNECT:[ UseTime:0.015600s ] mysql:host=127.0.0.1;dbname=hlwl;charset=utf8
[ sql ] [ SQL ] SHOW COLUMNS FROM `hl_cardata` [ RunTime:0.000000s ]
[ sql ] [ SQL ] SELECT `id`,`car_name` FROM `hl_cardata` WHERE  `status` = 1 [ RunTime:0.000000s ]
[ sql ] [ SQL ] select * from hl_cardata where id=1 [ RunTime:0.015600s ]
[ error ] [8]Use of undefined constant status - assumed 'status'[E:\xampp\htdocs\tp5\runtime\temp\6053a87493162f35361c721dbf13f974.php:116]
---------------------------------------------------------------
[ 2018-04-10T10:46:07+08:00 ] 127.0.0.1 GET /admin.php/admin/contact/car_list.html
[ info ] www.tp5.com/admin.php/admin/contact/car_list.html [运行时间：0.046800s][吞吐率：21.37req/s] [内存消耗：2,648.98kb] [文件加载：52]
[ info ] [ LANG ] E:\xampp\htdocs\tp5\thinkphp\lang\zh-cn.php
[ info ] [ ROUTE ] array (
  'type' => 'module',
  'module' => 
  array (
    0 => 'admin',
    1 => 'contact',
    2 => 'car_list',
  ),
)
[ info ] [ HEADER ] array (
  'host' => 'www.tp5.com',
  'user-agent' => 'Mozilla/5.0 (Windows NT 6.1; WOW64; rv:59.0) Gecko/20100101 Firefox/59.0',
  'accept' => 'text/html,application/xhtml+xml,application/xml;q=0.9,*/*;q=0.8',
  'accept-language' => 'zh-CN,zh;q=0.8,zh-TW;q=0.7,zh-HK;q=0.5,en-US;q=0.3,en;q=0.2',
  'accept-encoding' => 'gzip, deflate',
  'referer' => 'http://www.tp5.com/admin.php/admin/contact/car_list.html',
  'cookie' => 'thinkphp_show_page_trace=0|0; Hm_lvt_b393d153aeb26b46e9431fabaf0f6190=1522809292,1523150498,1523240450,1523324841; PHPSESSID=aeb9of2s1b2hqokr3cp8fg7gl3; Hm_lpvt_b393d153aeb26b46e9431fabaf0f6190=1523324841',
  'connection' => 'keep-alive',
  'upgrade-insecure-requests' => '1',
  'pragma' => 'no-cache',
  'cache-control' => 'no-cache',
)
[ info ] [ PARAM ] array (
)
[ info ] [ SESSION ] INIT array (
  'id' => '',
  'var_session_id' => '',
  'prefix' => 'think',
  'type' => '',
  'auto_start' => true,
)
[ info ] [ DB ] INIT mysql
[ info ] [ VIEW ] E:\xampp\htdocs\tp5\public/../application/admin\view\public\middle.html [ array (
  0 => 'cardata',
) ]
[ info ] [ RUN ] app\admin\controller\Contact->car_list[ E:\xampp\htdocs\tp5\application\admin\controller\Contact.php ]
[ info ] [ VIEW ] E:\xampp\htdocs\tp5\public/../application/admin\view\contact\car_list.html [ array (
  0 => 'cardata',
  1 => 'count',
  2 => 'carlist',
) ]
[ info ] [ LOG ] INIT File
[ sql ] [ DB ] CONNECT:[ UseTime:0.000000s ] mysql:host=127.0.0.1;dbname=hlwl;charset=utf8
[ sql ] [ SQL ] SHOW COLUMNS FROM `hl_cardata` [ RunTime:0.000000s ]
[ sql ] [ SQL ] SELECT `id`,`car_name` FROM `hl_cardata` WHERE  `status` = 1 [ RunTime:0.000000s ]
[ sql ] [ SQL ] SELECT COUNT(*) AS tp_count FROM `hl_cardata` WHERE  `status` = 1 LIMIT 1 [ RunTime:0.000000s ]
[ sql ] [ SQL ] SELECT * FROM `hl_cardata` WHERE  `status` = 1 LIMIT 0,10 [ RunTime:0.000000s ]
---------------------------------------------------------------
[ 2018-04-10T10:46:07+08:00 ] 127.0.0.1 GET /admin.php/admin/contact/car_list.html
[ info ] www.tp5.com/admin.php/admin/contact/car_list.html [运行时间：0.063400s][吞吐率：15.77req/s] [内存消耗：2,648.98kb] [文件加载：52]
[ info ] [ LANG ] E:\xampp\htdocs\tp5\thinkphp\lang\zh-cn.php
[ info ] [ ROUTE ] array (
  'type' => 'module',
  'module' => 
  array (
    0 => 'admin',
    1 => 'contact',
    2 => 'car_list',
  ),
)
[ info ] [ HEADER ] array (
  'host' => 'www.tp5.com',
  'user-agent' => 'Mozilla/5.0 (Windows NT 6.1; WOW64; rv:59.0) Gecko/20100101 Firefox/59.0',
  'accept' => 'text/html,application/xhtml+xml,application/xml;q=0.9,*/*;q=0.8',
  'accept-language' => 'zh-CN,zh;q=0.8,zh-TW;q=0.7,zh-HK;q=0.5,en-US;q=0.3,en;q=0.2',
  'accept-encoding' => 'gzip, deflate',
  'referer' => 'http://www.tp5.com/admin.php/admin/contact/car_list.html',
  'cookie' => 'thinkphp_show_page_trace=0|0; Hm_lvt_b393d153aeb26b46e9431fabaf0f6190=1522809292,1523150498,1523240450,1523324841; PHPSESSID=aeb9of2s1b2hqokr3cp8fg7gl3; Hm_lpvt_b393d153aeb26b46e9431fabaf0f6190=1523324841',
  'connection' => 'keep-alive',
  'upgrade-insecure-requests' => '1',
  'pragma' => 'no-cache',
  'cache-control' => 'no-cache',
)
[ info ] [ PARAM ] array (
)
[ info ] [ SESSION ] INIT array (
  'id' => '',
  'var_session_id' => '',
  'prefix' => 'think',
  'type' => '',
  'auto_start' => true,
)
[ info ] [ DB ] INIT mysql
[ info ] [ VIEW ] E:\xampp\htdocs\tp5\public/../application/admin\view\public\middle.html [ array (
  0 => 'cardata',
) ]
[ info ] [ RUN ] app\admin\controller\Contact->car_list[ E:\xampp\htdocs\tp5\application\admin\controller\Contact.php ]
[ info ] [ VIEW ] E:\xampp\htdocs\tp5\public/../application/admin\view\contact\car_list.html [ array (
  0 => 'cardata',
  1 => 'count',
  2 => 'carlist',
) ]
[ info ] [ LOG ] INIT File
[ sql ] [ DB ] CONNECT:[ UseTime:0.015600s ] mysql:host=127.0.0.1;dbname=hlwl;charset=utf8
[ sql ] [ SQL ] SHOW COLUMNS FROM `hl_cardata` [ RunTime:0.000000s ]
[ sql ] [ SQL ] SELECT `id`,`car_name` FROM `hl_cardata` WHERE  `status` = 1 [ RunTime:0.000000s ]
[ sql ] [ SQL ] SELECT COUNT(*) AS tp_count FROM `hl_cardata` WHERE  `status` = 1 LIMIT 1 [ RunTime:0.000000s ]
[ sql ] [ SQL ] SELECT * FROM `hl_cardata` WHERE  `status` = 1 LIMIT 0,10 [ RunTime:0.000000s ]
---------------------------------------------------------------
[ 2018-04-10T10:46:09+08:00 ] 127.0.0.1 GET /admin.php/admin/contact/car_edit.html?id=1
[ info ] www.tp5.com/admin.php/admin/contact/car_edit.html?id=1 [运行时间：0.054200s][吞吐率：18.45req/s] [内存消耗：2,348.33kb] [文件加载：49]
[ info ] [ LANG ] E:\xampp\htdocs\tp5\thinkphp\lang\zh-cn.php
[ info ] [ ROUTE ] array (
  'type' => 'module',
  'module' => 
  array (
    0 => 'admin',
    1 => 'contact',
    2 => 'car_edit',
  ),
)
[ info ] [ HEADER ] array (
  'host' => 'www.tp5.com',
  'user-agent' => 'Mozilla/5.0 (Windows NT 6.1; WOW64; rv:59.0) Gecko/20100101 Firefox/59.0',
  'accept' => 'text/html,application/xhtml+xml,application/xml;q=0.9,*/*;q=0.8',
  'accept-language' => 'zh-CN,zh;q=0.8,zh-TW;q=0.7,zh-HK;q=0.5,en-US;q=0.3,en;q=0.2',
  'accept-encoding' => 'gzip, deflate',
  'referer' => 'http://www.tp5.com/admin.php/admin/contact/car_list.html',
  'cookie' => 'thinkphp_show_page_trace=0|0; Hm_lvt_b393d153aeb26b46e9431fabaf0f6190=1522809292,1523150498,1523240450,1523324841; PHPSESSID=aeb9of2s1b2hqokr3cp8fg7gl3; Hm_lpvt_b393d153aeb26b46e9431fabaf0f6190=1523324841',
  'connection' => 'keep-alive',
  'upgrade-insecure-requests' => '1',
  'pragma' => 'no-cache',
  'cache-control' => 'no-cache',
)
[ info ] [ PARAM ] array (
  'id' => '1',
)
[ info ] [ SESSION ] INIT array (
  'id' => '',
  'var_session_id' => '',
  'prefix' => 'think',
  'type' => '',
  'auto_start' => true,
)
[ info ] [ DB ] INIT mysql
[ info ] [ VIEW ] E:\xampp\htdocs\tp5\public/../application/admin\view\public\middle.html [ array (
  0 => 'cardata',
) ]
[ info ] [ RUN ] app\admin\controller\Contact->car_edit[ E:\xampp\htdocs\tp5\application\admin\controller\Contact.php ]
[ info ] [ VIEW ] E:\xampp\htdocs\tp5\public/../application/admin\view\contact\car_edit.html [ array (
  0 => 'cardata',
  1 => 'carinfo',
) ]
[ info ] [ LOG ] INIT File
[ sql ] [ DB ] CONNECT:[ UseTime:0.000000s ] mysql:host=127.0.0.1;dbname=hlwl;charset=utf8
[ sql ] [ SQL ] SHOW COLUMNS FROM `hl_cardata` [ RunTime:0.015600s ]
[ sql ] [ SQL ] SELECT `id`,`car_name` FROM `hl_cardata` WHERE  `status` = 1 [ RunTime:0.000000s ]
[ sql ] [ SQL ] select * from hl_cardata where id=1 [ RunTime:0.000000s ]
---------------------------------------------------------------
[ 2018-04-10T10:52:39+08:00 ] 127.0.0.1 GET /admin.php/admin/contact/car_list.html
[ info ] www.tp5.com/admin.php/admin/contact/car_list.html [运行时间：0.062400s][吞吐率：16.03req/s] [内存消耗：2,648.98kb] [文件加载：52]
[ info ] [ LANG ] E:\xampp\htdocs\tp5\thinkphp\lang\zh-cn.php
[ info ] [ ROUTE ] array (
  'type' => 'module',
  'module' => 
  array (
    0 => 'admin',
    1 => 'contact',
    2 => 'car_list',
  ),
)
[ info ] [ HEADER ] array (
  'host' => 'www.tp5.com',
  'user-agent' => 'Mozilla/5.0 (Windows NT 6.1; WOW64; rv:59.0) Gecko/20100101 Firefox/59.0',
  'accept' => 'text/html,application/xhtml+xml,application/xml;q=0.9,*/*;q=0.8',
  'accept-language' => 'zh-CN,zh;q=0.8,zh-TW;q=0.7,zh-HK;q=0.5,en-US;q=0.3,en;q=0.2',
  'accept-encoding' => 'gzip, deflate',
  'referer' => 'http://www.tp5.com/admin.php/admin/contact/car_list.html',
  'cookie' => 'thinkphp_show_page_trace=0|0; Hm_lvt_b393d153aeb26b46e9431fabaf0f6190=1522809292,1523150498,1523240450,1523324841; PHPSESSID=aeb9of2s1b2hqokr3cp8fg7gl3; Hm_lpvt_b393d153aeb26b46e9431fabaf0f6190=1523324841',
  'connection' => 'keep-alive',
  'upgrade-insecure-requests' => '1',
  'pragma' => 'no-cache',
  'cache-control' => 'no-cache',
)
[ info ] [ PARAM ] array (
)
[ info ] [ SESSION ] INIT array (
  'id' => '',
  'var_session_id' => '',
  'prefix' => 'think',
  'type' => '',
  'auto_start' => true,
)
[ info ] [ DB ] INIT mysql
[ info ] [ VIEW ] E:\xampp\htdocs\tp5\public/../application/admin\view\public\middle.html [ array (
  0 => 'cardata',
) ]
[ info ] [ RUN ] app\admin\controller\Contact->car_list[ E:\xampp\htdocs\tp5\application\admin\controller\Contact.php ]
[ info ] [ VIEW ] E:\xampp\htdocs\tp5\public/../application/admin\view\contact\car_list.html [ array (
  0 => 'cardata',
  1 => 'count',
  2 => 'carlist',
) ]
[ info ] [ LOG ] INIT File
[ sql ] [ DB ] CONNECT:[ UseTime:0.015600s ] mysql:host=127.0.0.1;dbname=hlwl;charset=utf8
[ sql ] [ SQL ] SHOW COLUMNS FROM `hl_cardata` [ RunTime:0.000000s ]
[ sql ] [ SQL ] SELECT `id`,`car_name` FROM `hl_cardata` WHERE  `status` = 1 [ RunTime:0.000000s ]
[ sql ] [ SQL ] SELECT COUNT(*) AS tp_count FROM `hl_cardata` WHERE  `status` = 1 LIMIT 1 [ RunTime:0.000000s ]
[ sql ] [ SQL ] SELECT * FROM `hl_cardata` WHERE  `status` = 1 LIMIT 0,10 [ RunTime:0.000000s ]
---------------------------------------------------------------
[ 2018-04-10T10:52:45+08:00 ] 127.0.0.1 GET /admin.php/admin/contact/car_edit.html?id=1
[ info ] www.tp5.com/admin.php/admin/contact/car_edit.html?id=1 [运行时间：0.063400s][吞吐率：15.77req/s] [内存消耗：2,303.18kb] [文件加载：45]
[ info ] [ LANG ] E:\xampp\htdocs\tp5\thinkphp\lang\zh-cn.php
[ info ] [ ROUTE ] array (
  'type' => 'module',
  'module' => 
  array (
    0 => 'admin',
    1 => 'contact',
    2 => 'car_edit',
  ),
)
[ info ] [ HEADER ] array (
  'host' => 'www.tp5.com',
  'user-agent' => 'Mozilla/5.0 (Windows NT 6.1; WOW64; rv:59.0) Gecko/20100101 Firefox/59.0',
  'accept' => 'text/html,application/xhtml+xml,application/xml;q=0.9,*/*;q=0.8',
  'accept-language' => 'zh-CN,zh;q=0.8,zh-TW;q=0.7,zh-HK;q=0.5,en-US;q=0.3,en;q=0.2',
  'accept-encoding' => 'gzip, deflate',
  'referer' => 'http://www.tp5.com/admin.php/admin/contact/car_list.html',
  'cookie' => 'thinkphp_show_page_trace=0|0; Hm_lvt_b393d153aeb26b46e9431fabaf0f6190=1522809292,1523150498,1523240450,1523324841; PHPSESSID=aeb9of2s1b2hqokr3cp8fg7gl3; Hm_lpvt_b393d153aeb26b46e9431fabaf0f6190=1523324841',
  'connection' => 'keep-alive',
  'upgrade-insecure-requests' => '1',
  'pragma' => 'no-cache',
  'cache-control' => 'no-cache',
)
[ info ] [ PARAM ] array (
  'id' => '1',
)
[ info ] [ SESSION ] INIT array (
  'id' => '',
  'var_session_id' => '',
  'prefix' => 'think',
  'type' => '',
  'auto_start' => true,
)
[ info ] [ DB ] INIT mysql
[ info ] [ VIEW ] E:\xampp\htdocs\tp5\public/../application/admin\view\public\middle.html [ array (
  0 => 'cardata',
) ]
[ info ] [ RUN ] app\admin\controller\Contact->car_edit[ E:\xampp\htdocs\tp5\application\admin\controller\Contact.php ]
[ info ] [ VIEW ] E:\xampp\htdocs\tp5\public/../application/admin\view\contact\car_edit.html [ array (
  0 => 'cardata',
  1 => 'carinfo',
) ]
[ info ] [ LOG ] INIT File
[ sql ] [ DB ] CONNECT:[ UseTime:0.015600s ] mysql:host=127.0.0.1;dbname=hlwl;charset=utf8
[ sql ] [ SQL ] SHOW COLUMNS FROM `hl_cardata` [ RunTime:0.000000s ]
[ sql ] [ SQL ] SELECT `id`,`car_name` FROM `hl_cardata` WHERE  `status` = 1 [ RunTime:0.000000s ]
[ sql ] [ SQL ] select * from hl_cardata where id=1 [ RunTime:0.000000s ]
