---------------------------------------------------------------
[ 2018-04-11T10:17:35+08:00 ] 127.0.0.1 GET /admin.php/admin/contact/car_list.html
[ info ] www.tp5.com/admin.php/admin/contact/car_list.html [运行时间：0.078000s][吞吐率：12.82req/s] [内存消耗：2,823.74kb] [文件加载：54]
[ info ] [ LANG ] E:\xampp\htdocs\xinjia\tp5\thinkphp\lang\zh-cn.php
[ info ] [ ROUTE ] array (
  'type' => 'module',
  'module' => 
  array (
    0 => 'admin',
    1 => 'contact',
    2 => 'car_list',
  ),
)
[ info ] [ HEADER ] array (
  'host' => 'www.tp5.com',
  'user-agent' => 'Mozilla/5.0 (Windows NT 6.1; WOW64; rv:59.0) Gecko/20100101 Firefox/59.0',
  'accept' => 'text/html,application/xhtml+xml,application/xml;q=0.9,*/*;q=0.8',
  'accept-language' => 'zh-CN,zh;q=0.8,zh-TW;q=0.7,zh-HK;q=0.5,en-US;q=0.3,en;q=0.2',
  'accept-encoding' => 'gzip, deflate',
  'referer' => 'http://www.tp5.com/admin.php/admin/contact/car_list.html',
  'cookie' => 'thinkphp_show_page_trace=0|0; Hm_lvt_b393d153aeb26b46e9431fabaf0f6190=1523353925,1523354357,1523412443; PHPSESSID=2pgnjj9o5ujudcbkbbmpigcqv0; Hm_lpvt_b393d153aeb26b46e9431fabaf0f6190=1523412443',
  'connection' => 'keep-alive',
  'upgrade-insecure-requests' => '1',
)
[ info ] [ PARAM ] array (
)
[ info ] [ SESSION ] INIT array (
  'id' => '',
  'var_session_id' => '',
  'prefix' => 'think',
  'type' => '',
  'auto_start' => true,
)
[ info ] [ DB ] INIT mysql
[ info ] [ VIEW ] E:\xampp\htdocs\xinjia\tp5\public/../application/admin\view\public\middle.html [ array (
  0 => 'cardata',
) ]
[ info ] [ RUN ] app\admin\controller\Contact->car_list[ E:\xampp\htdocs\xinjia\tp5\application\admin\controller\Contact.php ]
[ info ] [ VIEW ] E:\xampp\htdocs\xinjia\tp5\public/../application/admin\view\contact\car_list.html [ array (
  0 => 'cardata',
  1 => 'count',
  2 => 'carlist',
) ]
[ info ] [ LOG ] INIT File
[ sql ] [ DB ] CONNECT:[ UseTime:0.015600s ] mysql:host=127.0.0.1;dbname=hlwl;charset=utf8
[ sql ] [ SQL ] SHOW COLUMNS FROM `hl_cardata` [ RunTime:0.000000s ]
[ sql ] [ SQL ] SELECT `id`,`car_name` FROM `hl_cardata` WHERE  `status` = 1 [ RunTime:0.015600s ]
[ sql ] [ SQL ] SELECT COUNT(*) AS tp_count FROM `hl_cardata` WHERE  `id` > 0 LIMIT 1 [ RunTime:0.000000s ]
[ sql ] [ SQL ] SELECT * FROM `hl_cardata` WHERE  `id` > 0 LIMIT 0,10 [ RunTime:0.000000s ]
---------------------------------------------------------------
[ 2018-04-11T10:17:37+08:00 ] 127.0.0.1 GET /admin.php/admin/contact/car_edit.html?id=1
[ info ] www.tp5.com/admin.php/admin/contact/car_edit.html?id=1 [运行时间：0.171600s][吞吐率：5.83req/s] [内存消耗：2,683.66kb] [文件加载：51]
[ info ] [ LANG ] E:\xampp\htdocs\xinjia\tp5\thinkphp\lang\zh-cn.php
[ info ] [ ROUTE ] array (
  'type' => 'module',
  'module' => 
  array (
    0 => 'admin',
    1 => 'contact',
    2 => 'car_edit',
  ),
)
[ info ] [ HEADER ] array (
  'host' => 'www.tp5.com',
  'user-agent' => 'Mozilla/5.0 (Windows NT 6.1; WOW64; rv:59.0) Gecko/20100101 Firefox/59.0',
  'accept' => 'text/html,application/xhtml+xml,application/xml;q=0.9,*/*;q=0.8',
  'accept-language' => 'zh-CN,zh;q=0.8,zh-TW;q=0.7,zh-HK;q=0.5,en-US;q=0.3,en;q=0.2',
  'accept-encoding' => 'gzip, deflate',
  'referer' => 'http://www.tp5.com/admin.php/admin/contact/car_list.html',
  'cookie' => 'thinkphp_show_page_trace=0|0; Hm_lvt_b393d153aeb26b46e9431fabaf0f6190=1523353925,1523354357,1523412443; PHPSESSID=2pgnjj9o5ujudcbkbbmpigcqv0; Hm_lpvt_b393d153aeb26b46e9431fabaf0f6190=1523412443',
  'connection' => 'keep-alive',
  'upgrade-insecure-requests' => '1',
)
[ info ] [ PARAM ] array (
  'id' => '1',
)
[ info ] [ SESSION ] INIT array (
  'id' => '',
  'var_session_id' => '',
  'prefix' => 'think',
  'type' => '',
  'auto_start' => true,
)
[ info ] [ DB ] INIT mysql
[ info ] [ VIEW ] E:\xampp\htdocs\xinjia\tp5\public/../application/admin\view\public\middle.html [ array (
  0 => 'cardata',
) ]
[ info ] [ RUN ] app\admin\controller\Contact->car_edit[ E:\xampp\htdocs\xinjia\tp5\application\admin\controller\Contact.php ]
[ info ] [ VIEW ] E:\xampp\htdocs\xinjia\tp5\public/../application/admin\view\contact\car_edit.html [ array (
  0 => 'cardata',
  1 => 'carinfo',
  2 => 'symbiosis',
) ]
[ info ] [ LOG ] INIT File
[ sql ] [ DB ] CONNECT:[ UseTime:0.046800s ] mysql:host=127.0.0.1;dbname=hlwl;charset=utf8
[ sql ] [ SQL ] SHOW COLUMNS FROM `hl_cardata` [ RunTime:0.062400s ]
[ sql ] [ SQL ] SELECT `id`,`car_name` FROM `hl_cardata` WHERE  `status` = 1 [ RunTime:0.015600s ]
[ sql ] [ SQL ] select * from hl_cardata where id=1 [ RunTime:0.000000s ]
[ sql ] [ SQL ] SELECT * FROM `hl_cardata` WHERE  `id` = 1 LIMIT 1 [ RunTime:0.000000s ]
