---------------------------------------------------------------
[ 2018-08-10T23:05:36+08:00 ] 127.0.0.1 GET /PV?peerid=0&uri=http://thunderqtypv.union.xunlei.com&src=www.dytt8.net
[ info ] analytics-union.xunlei.com/PV?peerid=0&uri=http://thunderqtypv.union.xunlei.com&src=www.dytt8.net [运行时间：0.451280s][吞吐率：2.22req/s] [内存消耗：1,143.90kb] [文件加载：34]
[ info ] [ LANG ] E:\xampp\htdocs\xinjia\tp5\thinkphp\lang\zh-cn.php
[ info ] [ BIND ] 'index'
[ info ] [ ROUTE ] array (
  'type' => 'module',
  'module' => 
  array (
    0 => 'index',
    1 => 'PV',
    2 => NULL,
  ),
)
[ info ] [ HEADER ] array (
  'host' => 'analytics-union.xunlei.com',
  'user-agent' => 'Mozilla/5.0 (Windows NT 10.0; Win64; x64; rv:61.0) Gecko/20100101 Firefox/61.0',
  'accept' => '*/*',
  'accept-language' => 'zh-CN,zh;q=0.8,zh-TW;q=0.7,zh-HK;q=0.5,en-US;q=0.3,en;q=0.2',
  'accept-encoding' => 'gzip, deflate',
  'referer' => 'http://www.dytt8.net/html/gndy/dyzz/20180809/57264.html',
  'connection' => 'keep-alive',
)
[ info ] [ PARAM ] array (
  'peerid' => '0',
  'uri' => 'http://thunderqtypv.union.xunlei.com',
  'src' => 'www.dytt8.net',
)
[ info ] [ LOG ] INIT File
---------------------------------------------------------------
[ 2018-08-10T23:05:50+08:00 ] 127.0.0.1 GET /PV?peerid=0&uri=http://thunderqtypv.union.xunlei.com&src=www.dytt8.net
[ info ] analytics-union.xunlei.com/PV?peerid=0&uri=http://thunderqtypv.union.xunlei.com&src=www.dytt8.net [运行时间：0.093776s][吞吐率：10.66req/s] [内存消耗：1,143.86kb] [文件加载：34]
[ info ] [ LANG ] E:\xampp\htdocs\xinjia\tp5\thinkphp\lang\zh-cn.php
[ info ] [ BIND ] 'index'
[ info ] [ ROUTE ] array (
  'type' => 'module',
  'module' => 
  array (
    0 => 'index',
    1 => 'PV',
    2 => NULL,
  ),
)
[ info ] [ HEADER ] array (
  'host' => 'analytics-union.xunlei.com',
  'user-agent' => 'Mozilla/5.0 (Windows NT 10.0; Win64; x64; rv:61.0) Gecko/20100101 Firefox/61.0',
  'accept' => '*/*',
  'accept-language' => 'zh-CN,zh;q=0.8,zh-TW;q=0.7,zh-HK;q=0.5,en-US;q=0.3,en;q=0.2',
  'accept-encoding' => 'gzip, deflate',
  'referer' => 'http://www.dytt8.net/html/gndy/dyzz/20180808/57259.html',
  'connection' => 'keep-alive',
)
[ info ] [ PARAM ] array (
  'peerid' => '0',
  'uri' => 'http://thunderqtypv.union.xunlei.com',
  'src' => 'www.dytt8.net',
)
[ info ] [ LOG ] INIT File
---------------------------------------------------------------
[ 2018-08-10T23:06:31+08:00 ] 127.0.0.1 GET /PV?peerid=0&uri=http://thunderqtypv.union.xunlei.com&src=www.dy2018.com
[ info ] analytics-union.xunlei.com/PV?peerid=0&uri=http://thunderqtypv.union.xunlei.com&src=www.dy2018.com [运行时间：0.087146s][吞吐率：11.48req/s] [内存消耗：1,143.56kb] [文件加载：34]
[ info ] [ LANG ] E:\xampp\htdocs\xinjia\tp5\thinkphp\lang\zh-cn.php
[ info ] [ BIND ] 'index'
[ info ] [ ROUTE ] array (
  'type' => 'module',
  'module' => 
  array (
    0 => 'index',
    1 => 'PV',
    2 => NULL,
  ),
)
[ info ] [ HEADER ] array (
  'host' => 'analytics-union.xunlei.com',
  'user-agent' => 'Mozilla/5.0 (Windows NT 10.0; Win64; x64; rv:61.0) Gecko/20100101 Firefox/61.0',
  'accept' => '*/*',
  'accept-language' => 'zh-CN,zh;q=0.8,zh-TW;q=0.7,zh-HK;q=0.5,en-US;q=0.3,en;q=0.2',
  'accept-encoding' => 'gzip, deflate',
  'connection' => 'keep-alive',
)
[ info ] [ PARAM ] array (
  'peerid' => '0',
  'uri' => 'http://thunderqtypv.union.xunlei.com',
  'src' => 'www.dy2018.com',
)
[ info ] [ LOG ] INIT File
---------------------------------------------------------------
[ 2018-08-10T23:07:16+08:00 ] 127.0.0.1 POST /
[ info ] master.test.dphub.sandai.net:80/ [运行时间：0.218171s][吞吐率：4.58req/s] [内存消耗：1,608.84kb] [文件加载：41]
[ info ] [ LANG ] E:\xampp\htdocs\xinjia\tp5\thinkphp\lang\zh-cn.php
[ info ] [ BIND ] 'index'
[ info ] [ ROUTE ] array (
  'type' => 'module',
  'module' => 
  array (
    0 => 'index',
    1 => NULL,
    2 => NULL,
  ),
)
[ info ] [ HEADER ] array (
  'host' => 'master.test.dphub.sandai.net:80',
  'content-type' => 'application/octet-stream',
  'content-length' => '256',
  'connection' => 'Close',
)
[ info ] [ PARAM ] array (
)
[ info ] [ RUN ] app\index\controller\Index->index[ E:\xampp\htdocs\xinjia\tp5\application\index\controller\Index.php ]
[ info ] [ VIEW ] E:\xampp\htdocs\xinjia\tp5\public/../application/index\view\public\top.html [ array (
) ]
[ info ] [ LOG ] INIT File
---------------------------------------------------------------
[ 2018-08-10T23:07:20+08:00 ] 127.0.0.1 POST /
[ info ] test.dphub.com:80/ [运行时间：0.187003s][吞吐率：5.35req/s] [内存消耗：1,465.09kb] [文件加载：39]
[ info ] [ LANG ] E:\xampp\htdocs\xinjia\tp5\thinkphp\lang\zh-cn.php
[ info ] [ BIND ] 'index'
[ info ] [ ROUTE ] array (
  'type' => 'module',
  'module' => 
  array (
    0 => 'index',
    1 => NULL,
    2 => NULL,
  ),
)
[ info ] [ HEADER ] array (
  'host' => 'test.dphub.com:80',
  'content-type' => 'application/octet-stream',
  'content-length' => '320',
  'connection' => 'Close',
)
[ info ] [ PARAM ] array (
)
[ info ] [ RUN ] app\index\controller\Index->index[ E:\xampp\htdocs\xinjia\tp5\application\index\controller\Index.php ]
[ info ] [ VIEW ] E:\xampp\htdocs\xinjia\tp5\public/../application/index\view\public\top.html [ array (
) ]
[ info ] [ LOG ] INIT File
---------------------------------------------------------------
[ 2018-08-10T23:07:30+08:00 ] 127.0.0.1 POST /
[ info ] test.dphub.com:80/ [运行时间：0.114058s][吞吐率：8.77req/s] [内存消耗：1,465.05kb] [文件加载：39]
[ info ] [ LANG ] E:\xampp\htdocs\xinjia\tp5\thinkphp\lang\zh-cn.php
[ info ] [ BIND ] 'index'
[ info ] [ ROUTE ] array (
  'type' => 'module',
  'module' => 
  array (
    0 => 'index',
    1 => NULL,
    2 => NULL,
  ),
)
[ info ] [ HEADER ] array (
  'host' => 'test.dphub.com:80',
  'content-type' => 'application/octet-stream',
  'content-length' => '320',
  'connection' => 'Close',
)
[ info ] [ PARAM ] array (
)
[ info ] [ RUN ] app\index\controller\Index->index[ E:\xampp\htdocs\xinjia\tp5\application\index\controller\Index.php ]
[ info ] [ VIEW ] E:\xampp\htdocs\xinjia\tp5\public/../application/index\view\public\top.html [ array (
) ]
[ info ] [ LOG ] INIT File
---------------------------------------------------------------
[ 2018-08-10T23:07:40+08:00 ] 127.0.0.1 POST /
[ info ] test.dphub.com:80/ [运行时间：0.085515s][吞吐率：11.69req/s] [内存消耗：1,465.05kb] [文件加载：39]
[ info ] [ LANG ] E:\xampp\htdocs\xinjia\tp5\thinkphp\lang\zh-cn.php
[ info ] [ BIND ] 'index'
[ info ] [ ROUTE ] array (
  'type' => 'module',
  'module' => 
  array (
    0 => 'index',
    1 => NULL,
    2 => NULL,
  ),
)
[ info ] [ HEADER ] array (
  'host' => 'test.dphub.com:80',
  'content-type' => 'application/octet-stream',
  'content-length' => '320',
  'connection' => 'Close',
)
[ info ] [ PARAM ] array (
)
[ info ] [ RUN ] app\index\controller\Index->index[ E:\xampp\htdocs\xinjia\tp5\application\index\controller\Index.php ]
[ info ] [ VIEW ] E:\xampp\htdocs\xinjia\tp5\public/../application/index\view\public\top.html [ array (
) ]
[ info ] [ LOG ] INIT File
---------------------------------------------------------------
[ 2018-08-10T23:53:06+08:00 ] 127.0.0.1 GET /PV?peerid=0&uri=http://thunderqtypv.union.xunlei.com&src=www.dy2018.com
[ info ] analytics-union.xunlei.com/PV?peerid=0&uri=http://thunderqtypv.union.xunlei.com&src=www.dy2018.com [运行时间：0.121885s][吞吐率：8.20req/s] [内存消耗：1,143.56kb] [文件加载：34]
[ info ] [ LANG ] E:\xampp\htdocs\xinjia\tp5\thinkphp\lang\zh-cn.php
[ info ] [ BIND ] 'index'
[ info ] [ ROUTE ] array (
  'type' => 'module',
  'module' => 
  array (
    0 => 'index',
    1 => 'PV',
    2 => NULL,
  ),
)
[ info ] [ HEADER ] array (
  'host' => 'analytics-union.xunlei.com',
  'user-agent' => 'Mozilla/5.0 (Windows NT 10.0; Win64; x64; rv:61.0) Gecko/20100101 Firefox/61.0',
  'accept' => '*/*',
  'accept-language' => 'zh-CN,zh;q=0.8,zh-TW;q=0.7,zh-HK;q=0.5,en-US;q=0.3,en;q=0.2',
  'accept-encoding' => 'gzip, deflate',
  'connection' => 'keep-alive',
)
[ info ] [ PARAM ] array (
  'peerid' => '0',
  'uri' => 'http://thunderqtypv.union.xunlei.com',
  'src' => 'www.dy2018.com',
)
[ info ] [ LOG ] INIT File
