---------------------------------------------------------------
[ 2018-08-11T21:48:22+08:00 ] 127.0.0.1 GET /admin.php/index/index.html
[ info ] www.tp5.com/admin.php/index/index.html [运行时间：1.895836s][吞吐率：0.53req/s] [内存消耗：1,620.85kb] [文件加载：44]
[ info ] [ LANG ] E:\xampp\htdocs\xinjia\tp5\thinkphp\lang\zh-cn.php
[ info ] [ BIND ] 'admin'
[ info ] [ ROUTE ] array (
  'type' => 'module',
  'module' => 
  array (
    0 => 'admin',
    1 => 'index',
    2 => 'index',
  ),
)
[ info ] [ HEADER ] array (
  'host' => 'www.tp5.com',
  'user-agent' => 'Mozilla/5.0 (Windows NT 10.0; Win64; x64; rv:61.0) Gecko/20100101 Firefox/61.0',
  'accept' => 'text/html,application/xhtml+xml,application/xml;q=0.9,*/*;q=0.8',
  'accept-language' => 'zh-CN,zh;q=0.8,zh-TW;q=0.7,zh-HK;q=0.5,en-US;q=0.3,en;q=0.2',
  'accept-encoding' => 'gzip, deflate',
  'connection' => 'keep-alive',
  'upgrade-insecure-requests' => '1',
)
[ info ] [ PARAM ] array (
)
[ info ] [ SESSION ] INIT array (
  'id' => '',
  'var_session_id' => '',
  'prefix' => 'think',
  'type' => '',
  'auto_start' => true,
)
[ info ] [ VIEW ] E:\xampp\htdocs\xinjia\tp5\thinkphp\tpl\dispatch_jump.tpl [ array (
  0 => 'code',
  1 => 'msg',
  2 => 'data',
  3 => 'url',
  4 => 'wait',
) ]
[ info ] [ LOG ] INIT File
---------------------------------------------------------------
[ 2018-08-11T21:48:25+08:00 ] 127.0.0.1 GET /admin.php/login/index.html
[ info ] www.tp5.com/admin.php/login/index.html [运行时间：0.298265s][吞吐率：3.35req/s] [内存消耗：1,608.43kb] [文件加载：42]
[ info ] [ LANG ] E:\xampp\htdocs\xinjia\tp5\thinkphp\lang\zh-cn.php
[ info ] [ BIND ] 'admin'
[ info ] [ ROUTE ] array (
  'type' => 'module',
  'module' => 
  array (
    0 => 'admin',
    1 => 'login',
    2 => 'index',
  ),
)
[ info ] [ HEADER ] array (
  'host' => 'www.tp5.com',
  'user-agent' => 'Mozilla/5.0 (Windows NT 10.0; Win64; x64; rv:61.0) Gecko/20100101 Firefox/61.0',
  'accept' => 'text/html,application/xhtml+xml,application/xml;q=0.9,*/*;q=0.8',
  'accept-language' => 'zh-CN,zh;q=0.8,zh-TW;q=0.7,zh-HK;q=0.5,en-US;q=0.3,en;q=0.2',
  'accept-encoding' => 'gzip, deflate',
  'referer' => 'http://www.tp5.com/admin.php/index/index.html',
  'cookie' => 'PHPSESSID=o8lo7u8dn6g6oi62380lrm8oq6',
  'connection' => 'keep-alive',
  'upgrade-insecure-requests' => '1',
)
[ info ] [ PARAM ] array (
)
[ info ] [ RUN ] app\admin\controller\Login->index[ E:\xampp\htdocs\xinjia\tp5\application\admin\controller\Login.php ]
[ info ] [ VIEW ] E:\xampp\htdocs\xinjia\tp5\public/../application/admin\view\login\login.html [ array (
) ]
[ info ] [ LOG ] INIT File
---------------------------------------------------------------
[ 2018-08-11T21:48:26+08:00 ] 127.0.0.1 GET /static/admin/favicon.ico
[ info ] www.tp5.com/static/admin/favicon.ico [运行时间：0.496223s][吞吐率：2.02req/s] [内存消耗：1,143.28kb] [文件加载：34]
[ info ] [ LANG ] E:\xampp\htdocs\xinjia\tp5\thinkphp\lang\zh-cn.php
[ info ] [ BIND ] 'index'
[ info ] [ ROUTE ] array (
  'type' => 'module',
  'module' => 
  array (
    0 => 'index',
    1 => 'static',
    2 => 'admin',
  ),
)
[ info ] [ HEADER ] array (
  'host' => 'www.tp5.com',
  'user-agent' => 'Mozilla/5.0 (Windows NT 10.0; Win64; x64; rv:61.0) Gecko/20100101 Firefox/61.0',
  'accept' => 'text/html,application/xhtml+xml,application/xml;q=0.9,*/*;q=0.8',
  'accept-language' => 'zh-CN,zh;q=0.8,zh-TW;q=0.7,zh-HK;q=0.5,en-US;q=0.3,en;q=0.2',
  'accept-encoding' => 'gzip, deflate',
  'cookie' => 'PHPSESSID=o8lo7u8dn6g6oi62380lrm8oq6',
  'connection' => 'keep-alive',
)
[ info ] [ PARAM ] array (
)
[ info ] [ LOG ] INIT File
---------------------------------------------------------------
[ 2018-08-11T21:48:26+08:00 ] 127.0.0.1 GET /static/admin/favicon.ico
[ info ] www.tp5.com/static/admin/favicon.ico [运行时间：0.169569s][吞吐率：5.90req/s] [内存消耗：1,143.05kb] [文件加载：34]
[ info ] [ LANG ] E:\xampp\htdocs\xinjia\tp5\thinkphp\lang\zh-cn.php
[ info ] [ BIND ] 'index'
[ info ] [ ROUTE ] array (
  'type' => 'module',
  'module' => 
  array (
    0 => 'index',
    1 => 'static',
    2 => 'admin',
  ),
)
[ info ] [ HEADER ] array (
  'host' => 'www.tp5.com',
  'user-agent' => 'Mozilla/5.0 (Windows NT 10.0; Win64; x64; rv:61.0) Gecko/20100101 Firefox/61.0',
  'accept' => '*/*',
  'accept-language' => 'zh-CN,zh;q=0.8,zh-TW;q=0.7,zh-HK;q=0.5,en-US;q=0.3,en;q=0.2',
  'accept-encoding' => 'gzip, deflate',
  'cookie' => 'PHPSESSID=o8lo7u8dn6g6oi62380lrm8oq6',
  'connection' => 'keep-alive',
)
[ info ] [ PARAM ] array (
)
[ info ] [ LOG ] INIT File
---------------------------------------------------------------
[ 2018-08-11T21:49:10+08:00 ] 127.0.0.1 POST /admin.php/login/check.html
[ info ] www.tp5.com/admin.php/login/check.html [运行时间：0.774539s][吞吐率：1.29req/s] [内存消耗：2,496.17kb] [文件加载：47]
[ info ] [ LANG ] E:\xampp\htdocs\xinjia\tp5\thinkphp\lang\zh-cn.php
[ info ] [ BIND ] 'admin'
[ info ] [ ROUTE ] array (
  'type' => 'module',
  'module' => 
  array (
    0 => 'admin',
    1 => 'login',
    2 => 'check',
  ),
)
[ info ] [ HEADER ] array (
  'host' => 'www.tp5.com',
  'user-agent' => 'Mozilla/5.0 (Windows NT 10.0; Win64; x64; rv:61.0) Gecko/20100101 Firefox/61.0',
  'accept' => 'application/json, text/javascript, */*; q=0.01',
  'accept-language' => 'zh-CN,zh;q=0.8,zh-TW;q=0.7,zh-HK;q=0.5,en-US;q=0.3,en;q=0.2',
  'accept-encoding' => 'gzip, deflate',
  'referer' => 'http://www.tp5.com/admin.php/login/index.html',
  'content-type' => 'application/x-www-form-urlencoded; charset=UTF-8',
  'x-requested-with' => 'XMLHttpRequest',
  'content-length' => '29',
  'cookie' => 'thinkphp_show_page_trace=0|0; PHPSESSID=o8lo7u8dn6g6oi62380lrm8oq6',
  'connection' => 'keep-alive',
)
[ info ] [ PARAM ] array (
  'loginname' => 'aaa',
  'password' => '123456',
)
[ info ] [ RUN ] app\admin\controller\Login->check[ E:\xampp\htdocs\xinjia\tp5\application\admin\controller\Login.php ]
[ info ] [ DB ] INIT mysql
[ info ] [ CACHE ] INIT File
[ info ] [ SESSION ] INIT array (
  'id' => '',
  'var_session_id' => '',
  'prefix' => 'think',
  'type' => '',
  'auto_start' => true,
)
[ info ] [ LOG ] INIT File
[ sql ] [ DB ] CONNECT:[ UseTime:0.011350s ] mysql:host=127.0.0.1;dbname=hlwl;charset=utf8
[ sql ] [ SQL ] SHOW COLUMNS FROM `hl_user` [ RunTime:0.128897s ]
[ sql ] [ SQL ] SELECT * FROM `hl_user` WHERE  `loginname` = 'aaa' LIMIT 1 [ RunTime:0.001501s ]
[ sql ] [ SQL ] UPDATE `hl_user`  SET `logintime`=1533995350,`update_time`=2018  WHERE  `id` = 3 [ RunTime:0.062385s ]
---------------------------------------------------------------
[ 2018-08-11T21:49:12+08:00 ] 127.0.0.1 GET /admin.php/index/index.html
[ info ] www.tp5.com/admin.php/index/index.html [运行时间：0.290951s][吞吐率：3.44req/s] [内存消耗：1,654.59kb] [文件加载：43]
[ info ] [ LANG ] E:\xampp\htdocs\xinjia\tp5\thinkphp\lang\zh-cn.php
[ info ] [ BIND ] 'admin'
[ info ] [ ROUTE ] array (
  'type' => 'module',
  'module' => 
  array (
    0 => 'admin',
    1 => 'index',
    2 => 'index',
  ),
)
[ info ] [ HEADER ] array (
  'host' => 'www.tp5.com',
  'user-agent' => 'Mozilla/5.0 (Windows NT 10.0; Win64; x64; rv:61.0) Gecko/20100101 Firefox/61.0',
  'accept' => 'text/html,application/xhtml+xml,application/xml;q=0.9,*/*;q=0.8',
  'accept-language' => 'zh-CN,zh;q=0.8,zh-TW;q=0.7,zh-HK;q=0.5,en-US;q=0.3,en;q=0.2',
  'accept-encoding' => 'gzip, deflate',
  'referer' => 'http://www.tp5.com/admin.php/login/index.html',
  'cookie' => 'thinkphp_show_page_trace=0|0; PHPSESSID=o8lo7u8dn6g6oi62380lrm8oq6',
  'connection' => 'keep-alive',
  'upgrade-insecure-requests' => '1',
)
[ info ] [ PARAM ] array (
)
[ info ] [ SESSION ] INIT array (
  'id' => '',
  'var_session_id' => '',
  'prefix' => 'think',
  'type' => '',
  'auto_start' => true,
)
[ info ] [ RUN ] app\admin\controller\Index->index[ E:\xampp\htdocs\xinjia\tp5\application\admin\controller\Index.php ]
[ info ] [ VIEW ] E:\xampp\htdocs\xinjia\tp5\public/../application/admin\view\index\index.html [ array (
) ]
[ info ] [ LOG ] INIT File
---------------------------------------------------------------
[ 2018-08-11T21:49:12+08:00 ] 127.0.0.1 GET /admin.php/index/welcome.html
[ info ] www.tp5.com/admin.php/index/welcome.html [运行时间：0.195192s][吞吐率：5.12req/s] [内存消耗：1,565.22kb] [文件加载：42]
[ info ] [ LANG ] E:\xampp\htdocs\xinjia\tp5\thinkphp\lang\zh-cn.php
[ info ] [ BIND ] 'admin'
[ info ] [ ROUTE ] array (
  'type' => 'module',
  'module' => 
  array (
    0 => 'admin',
    1 => 'index',
    2 => 'welcome',
  ),
)
[ info ] [ HEADER ] array (
  'host' => 'www.tp5.com',
  'user-agent' => 'Mozilla/5.0 (Windows NT 10.0; Win64; x64; rv:61.0) Gecko/20100101 Firefox/61.0',
  'accept' => 'text/html,application/xhtml+xml,application/xml;q=0.9,*/*;q=0.8',
  'accept-language' => 'zh-CN,zh;q=0.8,zh-TW;q=0.7,zh-HK;q=0.5,en-US;q=0.3,en;q=0.2',
  'accept-encoding' => 'gzip, deflate',
  'referer' => 'http://www.tp5.com/admin.php/index/index.html',
  'cookie' => 'thinkphp_show_page_trace=0|0; PHPSESSID=o8lo7u8dn6g6oi62380lrm8oq6',
  'connection' => 'keep-alive',
  'upgrade-insecure-requests' => '1',
)
[ info ] [ PARAM ] array (
)
[ info ] [ SESSION ] INIT array (
  'id' => '',
  'var_session_id' => '',
  'prefix' => 'think',
  'type' => '',
  'auto_start' => true,
)
[ info ] [ RUN ] app\admin\controller\Index->welcome[ E:\xampp\htdocs\xinjia\tp5\application\admin\controller\Index.php ]
[ info ] [ VIEW ] E:\xampp\htdocs\xinjia\tp5\public/../application/admin\view\index\welcome.html [ array (
) ]
[ info ] [ LOG ] INIT File
---------------------------------------------------------------
[ 2018-08-11T21:49:16+08:00 ] 127.0.0.1 GET /admin.php/order/ordercenter.html
[ info ] www.tp5.com/admin.php/order/ordercenter.html [运行时间：0.262674s][吞吐率：3.81req/s] [内存消耗：1,709.99kb] [文件加载：43]
[ info ] [ LANG ] E:\xampp\htdocs\xinjia\tp5\thinkphp\lang\zh-cn.php
[ info ] [ BIND ] 'admin'
[ info ] [ ROUTE ] array (
  'type' => 'module',
  'module' => 
  array (
    0 => 'admin',
    1 => 'order',
    2 => 'ordercenter',
  ),
)
[ info ] [ HEADER ] array (
  'host' => 'www.tp5.com',
  'user-agent' => 'Mozilla/5.0 (Windows NT 10.0; Win64; x64; rv:61.0) Gecko/20100101 Firefox/61.0',
  'accept' => 'text/html,application/xhtml+xml,application/xml;q=0.9,*/*;q=0.8',
  'accept-language' => 'zh-CN,zh;q=0.8,zh-TW;q=0.7,zh-HK;q=0.5,en-US;q=0.3,en;q=0.2',
  'accept-encoding' => 'gzip, deflate',
  'referer' => 'http://www.tp5.com/admin.php/index/index.html',
  'cookie' => 'PHPSESSID=o8lo7u8dn6g6oi62380lrm8oq6',
  'connection' => 'keep-alive',
  'upgrade-insecure-requests' => '1',
)
[ info ] [ PARAM ] array (
)
[ info ] [ SESSION ] INIT array (
  'id' => '',
  'var_session_id' => '',
  'prefix' => 'think',
  'type' => '',
  'auto_start' => true,
)
[ info ] [ RUN ] app\admin\controller\Order->orderCenter[ E:\xampp\htdocs\xinjia\tp5\application\admin\controller\Order.php ]
[ info ] [ VIEW ] E:\xampp\htdocs\xinjia\tp5\public/../application/admin\view\Order\order_center.html [ array (
) ]
[ info ] [ LOG ] INIT File
---------------------------------------------------------------
[ 2018-08-11T22:52:36+08:00 ] 127.0.0.1 POST /admin.php/order/listcargo.html
[ info ] www.tp5.com/admin.php/order/listcargo.html [运行时间：4.190188s][吞吐率：0.24req/s] [内存消耗：2,918.73kb] [文件加载：52]
[ info ] [ LANG ] E:\xampp\htdocs\xinjia\tp5\thinkphp\lang\zh-cn.php
[ info ] [ BIND ] 'admin'
[ info ] [ ROUTE ] array (
  'type' => 'module',
  'module' => 
  array (
    0 => 'admin',
    1 => 'order',
    2 => 'listcargo',
  ),
)
[ info ] [ HEADER ] array (
  'host' => 'www.tp5.com',
  'user-agent' => 'Mozilla/5.0 (Windows NT 10.0; Win64; x64; rv:61.0) Gecko/20100101 Firefox/61.0',
  'accept' => 'text/html, */*; q=0.01',
  'accept-language' => 'zh-CN,zh;q=0.8,zh-TW;q=0.7,zh-HK;q=0.5,en-US;q=0.3,en;q=0.2',
  'accept-encoding' => 'gzip, deflate',
  'referer' => 'http://www.tp5.com/admin.php/order/ordercenter.html',
  'content-type' => 'application/x-www-form-urlencoded; charset=UTF-8',
  'x-requested-with' => 'XMLHttpRequest',
  'content-length' => '29',
  'cookie' => 'thinkphp_show_page_trace=0|0; PHPSESSID=o8lo7u8dn6g6oi62380lrm8oq6',
  'connection' => 'keep-alive',
)
[ info ] [ PARAM ] array (
  'type1' => 'paramer1',
  'type2' => 'paramer2',
)
[ info ] [ SESSION ] INIT array (
  'id' => '',
  'var_session_id' => '',
  'prefix' => 'think',
  'type' => '',
  'auto_start' => true,
)
[ info ] [ RUN ] app\admin\controller\Order->listCargo[ E:\xampp\htdocs\xinjia\tp5\application\admin\controller\Order.php ]
[ info ] [ DB ] INIT mysql
[ info ] [ VIEW ] E:\xampp\htdocs\xinjia\tp5\public/../application/admin\view\listOrder\list_cargo.html [ array (
  0 => 'count_book',
  1 => 'list_book',
  2 => 'page_book',
) ]
[ info ] [ LOG ] INIT File
[ sql ] [ DB ] CONNECT:[ UseTime:0.008759s ] mysql:host=127.0.0.1;dbname=hlwl;charset=utf8
[ sql ] [ SQL ] SHOW COLUMNS FROM `hl_order_father` [ RunTime:0.165804s ]
[ sql ] [ SQL ] SELECT COUNT(*) AS tp_count FROM ( SELECT `OF`.`id`,`OF`.`order_num`,`SA`.`salesname`,`SB`.`sl_start`,P1.port_name s_port_name,`SB`.`sl_end`,P2.port_name e_port_name,`OF`.`cargo`,`CS`.`type`,`OF`.`container_sum`,group_concat(distinct OS.track_num order by OS.id separator '_') track_num,group_concat(distinct OS.container_code order by OS.id separator '_') container_code,`SC`.`ship_short_name`,`B`.`boat_code`,`B`.`boat_name`,`OF`.`mtime`,`SP`.`shipping_date`,`SP`.`sea_limitation`,`SP`.`cutoff_date`,`LK2`.`company` FROM `hl_order_father` `OF` LEFT JOIN `hl_container_size` `CS` ON `CS`.`id`=`OF`.`container_size` LEFT JOIN `hl_book_line` `BL` ON `BL`.`id`=`OF`.`book_line_id` LEFT JOIN `hl_seaprice` `SP` ON `SP`.`id`=`BL`.`seaprice_id` LEFT JOIN `hl_ship_route` `SR` ON `SR`.`id`=`SP`.`route_id` LEFT JOIN `hl_sea_bothend` `SB` ON `SB`.`sealine_id`=`SR`.`bothend_id` LEFT JOIN `hl_port` `P1` ON `P1`.`port_code`=`SB`.`sl_start` LEFT JOIN `hl_port` `P2` ON `P2`.`port_code`=`SB`.`sl_end` LEFT JOIN `hl_shipcompany` `SC` ON `SC`.`id`=`SP`.`ship_id` LEFT JOIN `hl_boat` `B` ON `B`.`boat_code`=`SP`.`boat_code` LEFT JOIN `hl_sales_member` `SM` ON `SM`.`member_code`=`OF`.`member_code` LEFT JOIN `hl_salesman` `SA` ON `SA`.`sales_code`=`SM`.`sales_code` LEFT JOIN `hl_member` `MB` ON `MB`.`member_code`=`OF`.`member_code` LEFT JOIN `hl_order_add` `OA` ON `OA`.`id`=`OF`.`add_id` LEFT JOIN `hl_linkman` `LK2` ON `OA`.`r_linkman_id`=`LK2`.`id` LEFT JOIN `hl_order_son` `OS` ON `OS`.`order_num`=`OF`.`order_num` WHERE  `OS`.`state` = '5' GROUP BY `OF`.`order_num` ORDER BY OF.id ,OF.mtime desc ) A LIMIT 1 [ RunTime:0.602617s ]
[ sql ] [ SQL ] SELECT * FROM ( SELECT `OF`.`id`,`OF`.`order_num`,`SA`.`salesname`,`SB`.`sl_start`,P1.port_name s_port_name,`SB`.`sl_end`,P2.port_name e_port_name,`OF`.`cargo`,`CS`.`type`,`OF`.`container_sum`,group_concat(distinct OS.track_num order by OS.id separator '_') track_num,group_concat(distinct OS.container_code order by OS.id separator '_') container_code,`SC`.`ship_short_name`,`B`.`boat_code`,`B`.`boat_name`,`OF`.`mtime`,`SP`.`shipping_date`,`SP`.`sea_limitation`,`SP`.`cutoff_date`,`LK2`.`company` FROM `hl_order_father` `OF` LEFT JOIN `hl_container_size` `CS` ON `CS`.`id`=`OF`.`container_size` LEFT JOIN `hl_book_line` `BL` ON `BL`.`id`=`OF`.`book_line_id` LEFT JOIN `hl_seaprice` `SP` ON `SP`.`id`=`BL`.`seaprice_id` LEFT JOIN `hl_ship_route` `SR` ON `SR`.`id`=`SP`.`route_id` LEFT JOIN `hl_sea_bothend` `SB` ON `SB`.`sealine_id`=`SR`.`bothend_id` LEFT JOIN `hl_port` `P1` ON `P1`.`port_code`=`SB`.`sl_start` LEFT JOIN `hl_port` `P2` ON `P2`.`port_code`=`SB`.`sl_end` LEFT JOIN `hl_shipcompany` `SC` ON `SC`.`id`=`SP`.`ship_id` LEFT JOIN `hl_boat` `B` ON `B`.`boat_code`=`SP`.`boat_code` LEFT JOIN `hl_sales_member` `SM` ON `SM`.`member_code`=`OF`.`member_code` LEFT JOIN `hl_salesman` `SA` ON `SA`.`sales_code`=`SM`.`sales_code` LEFT JOIN `hl_member` `MB` ON `MB`.`member_code`=`OF`.`member_code` LEFT JOIN `hl_order_add` `OA` ON `OA`.`id`=`OF`.`add_id` LEFT JOIN `hl_linkman` `LK2` ON `OA`.`r_linkman_id`=`LK2`.`id` LEFT JOIN `hl_order_son` `OS` ON `OS`.`order_num`=`OF`.`order_num` WHERE  `OS`.`state` = '5' GROUP BY `OF`.`order_num` ORDER BY OF.id ,OF.mtime desc ) A LIMIT 0,5 [ RunTime:0.032779s ]
---------------------------------------------------------------
[ 2018-08-11T22:52:37+08:00 ] 127.0.0.1 GET /admin.php/order/lay/modules/form.js
[ info ] www.tp5.com/admin.php/order/lay/modules/form.js [运行时间：0.581018s][吞吐率：1.72req/s] [内存消耗：1,488.91kb] [文件加载：42]
[ info ] [ LANG ] E:\xampp\htdocs\xinjia\tp5\thinkphp\lang\zh-cn.php
[ info ] [ BIND ] 'admin'
[ info ] [ ROUTE ] array (
  'type' => 'module',
  'module' => 
  array (
    0 => 'admin',
    1 => 'order',
    2 => 'lay',
  ),
)
[ info ] [ HEADER ] array (
  'host' => 'www.tp5.com',
  'user-agent' => 'Mozilla/5.0 (Windows NT 10.0; Win64; x64; rv:61.0) Gecko/20100101 Firefox/61.0',
  'accept' => '*/*',
  'accept-language' => 'zh-CN,zh;q=0.8,zh-TW;q=0.7,zh-HK;q=0.5,en-US;q=0.3,en;q=0.2',
  'accept-encoding' => 'gzip, deflate',
  'referer' => 'http://www.tp5.com/admin.php/order/ordercenter.html',
  'cookie' => 'thinkphp_show_page_trace=0|0; PHPSESSID=o8lo7u8dn6g6oi62380lrm8oq6',
  'connection' => 'keep-alive',
)
[ info ] [ PARAM ] array (
  'modules' => 'form.js',
)
[ info ] [ SESSION ] INIT array (
  'id' => '',
  'var_session_id' => '',
  'prefix' => 'think',
  'type' => '',
  'auto_start' => true,
)
[ info ] [ LOG ] INIT File
---------------------------------------------------------------
[ 2018-08-11T22:52:39+08:00 ] 127.0.0.1 GET /admin.php/order/list_dship.html
[ info ] www.tp5.com/admin.php/order/list_dship.html [运行时间：0.123056s][吞吐率：8.13req/s] [内存消耗：1,489.13kb] [文件加载：42]
[ info ] [ LANG ] E:\xampp\htdocs\xinjia\tp5\thinkphp\lang\zh-cn.php
[ info ] [ BIND ] 'admin'
[ info ] [ ROUTE ] array (
  'type' => 'module',
  'module' => 
  array (
    0 => 'admin',
    1 => 'order',
    2 => 'list_dship',
  ),
)
[ info ] [ HEADER ] array (
  'host' => 'www.tp5.com',
  'user-agent' => 'Mozilla/5.0 (Windows NT 10.0; Win64; x64; rv:61.0) Gecko/20100101 Firefox/61.0',
  'accept' => 'text/html,application/xhtml+xml,application/xml;q=0.9,*/*;q=0.8',
  'accept-language' => 'zh-CN,zh;q=0.8,zh-TW;q=0.7,zh-HK;q=0.5,en-US;q=0.3,en;q=0.2',
  'accept-encoding' => 'gzip, deflate',
  'referer' => 'http://www.tp5.com/admin.php/order/ordercenter.html',
  'cookie' => 'thinkphp_show_page_trace=0|0; PHPSESSID=o8lo7u8dn6g6oi62380lrm8oq6',
  'connection' => 'keep-alive',
  'upgrade-insecure-requests' => '1',
)
[ info ] [ PARAM ] array (
)
[ info ] [ SESSION ] INIT array (
  'id' => '',
  'var_session_id' => '',
  'prefix' => 'think',
  'type' => '',
  'auto_start' => true,
)
[ info ] [ LOG ] INIT File
---------------------------------------------------------------
[ 2018-08-11T22:53:44+08:00 ] 127.0.0.1 GET /PV?peerid=0&uri=http://thunderqtypv.union.xunlei.com&src=www.ygdy8.net
[ info ] analytics-union.xunlei.com/PV?peerid=0&uri=http://thunderqtypv.union.xunlei.com&src=www.ygdy8.net [运行时间：0.250218s][吞吐率：4.00req/s] [内存消耗：1,143.88kb] [文件加载：34]
[ info ] [ LANG ] E:\xampp\htdocs\xinjia\tp5\thinkphp\lang\zh-cn.php
[ info ] [ BIND ] 'index'
[ info ] [ ROUTE ] array (
  'type' => 'module',
  'module' => 
  array (
    0 => 'index',
    1 => 'PV',
    2 => NULL,
  ),
)
[ info ] [ HEADER ] array (
  'host' => 'analytics-union.xunlei.com',
  'user-agent' => 'Mozilla/5.0 (Windows NT 10.0; Win64; x64; rv:61.0) Gecko/20100101 Firefox/61.0',
  'accept' => '*/*',
  'accept-language' => 'zh-CN,zh;q=0.8,zh-TW;q=0.7,zh-HK;q=0.5,en-US;q=0.3,en;q=0.2',
  'accept-encoding' => 'gzip, deflate',
  'referer' => 'http://www.ygdy8.net/html/gndy/jddy/20180808/57241.html',
  'connection' => 'keep-alive',
)
[ info ] [ PARAM ] array (
  'peerid' => '0',
  'uri' => 'http://thunderqtypv.union.xunlei.com',
  'src' => 'www.ygdy8.net',
)
[ info ] [ LOG ] INIT File
