---------------------------------------------------------------
[ 2018-08-20T23:22:20+08:00 ] 127.0.0.1 GET /admin.php/member/memberlist.html
[ info ] www.tp5.com/admin.php/member/memberlist.html [运行时间：0.145147s][吞吐率：6.89req/s] [内存消耗：2,818.14kb] [文件加载：53]
[ info ] [ LANG ] E:\xampp\htdocs\xinjia\tp5\thinkphp\lang\zh-cn.php
[ info ] [ BIND ] 'admin'
[ info ] [ ROUTE ] array (
  'type' => 'module',
  'module' => 
  array (
    0 => 'admin',
    1 => 'member',
    2 => 'memberlist',
  ),
)
[ info ] [ HEADER ] array (
  'host' => 'www.tp5.com',
  'user-agent' => 'Mozilla/5.0 (Windows NT 10.0; Win64; x64; rv:61.0) Gecko/20100101 Firefox/61.0',
  'accept' => 'text/html,application/xhtml+xml,application/xml;q=0.9,*/*;q=0.8',
  'accept-language' => 'zh-CN,zh;q=0.8,zh-TW;q=0.7,zh-HK;q=0.5,en-US;q=0.3,en;q=0.2',
  'accept-encoding' => 'gzip, deflate',
  'referer' => 'http://www.tp5.com/admin.php/member/memberlist.html',
  'cookie' => 'thinkphp_show_page_trace=0|0; thinkphp_show_page_trace=0|0; thinkphp_show_page_trace=0|0; PHPSESSID=hodtopibi7ibb481odr7bgrqg4',
  'connection' => 'keep-alive',
  'upgrade-insecure-requests' => '1',
  'pragma' => 'no-cache',
  'cache-control' => 'no-cache',
)
[ info ] [ PARAM ] array (
)
[ info ] [ SESSION ] INIT array (
  'id' => '',
  'var_session_id' => '',
  'prefix' => 'think',
  'type' => '',
  'auto_start' => true,
)
[ info ] [ RUN ] app\admin\controller\Member->memberList[ E:\xampp\htdocs\xinjia\tp5\application\admin\controller\Member.php ]
[ info ] [ DB ] INIT mysql
[ info ] [ VIEW ] E:\xampp\htdocs\xinjia\tp5\public/../application/admin\view\Member\member_list.html [ array (
  0 => 'list',
  1 => 'page',
) ]
[ info ] [ LOG ] INIT File
[ sql ] [ DB ] CONNECT:[ UseTime:0.002266s ] mysql:host=127.0.0.1;dbname=hlwl;charset=utf8
[ sql ] [ SQL ] SHOW COLUMNS FROM `hl_member` [ RunTime:0.012893s ]
[ sql ] [ SQL ] SELECT COUNT(*) AS tp_count FROM ( SELECT `a`.`id`,`a`.`name`,`a`.`create_time`,`a`.`logintime`,`a`.`phone`,`a`.`email`,`a`.`status`,`a`.`company`,`a`.`member_code`,`b`.`sales_name` FROM `hl_member` `a` INNER JOIN `hl_sales_member` `b` ON `b`.`member_code`=`a`.`member_code` WHERE  `a`.`type` = 'person' ) b LIMIT 1 [ RunTime:0.001602s ]
[ sql ] [ SQL ] SELECT * FROM ( SELECT `a`.`id`,`a`.`name`,`a`.`create_time`,`a`.`logintime`,`a`.`phone`,`a`.`email`,`a`.`status`,`a`.`company`,`a`.`member_code`,`b`.`sales_name` FROM `hl_member` `a` INNER JOIN `hl_sales_member` `b` ON `b`.`member_code`=`a`.`member_code` WHERE  `a`.`type` = 'person' ) b ORDER BY id,logintime LIMIT 0,5 [ RunTime:0.001729s ]
---------------------------------------------------------------
[ 2018-08-20T23:24:17+08:00 ] 127.0.0.1 GET /admin.php/member/memberlist.html
[ info ] www.tp5.com/admin.php/member/memberlist.html [运行时间：0.151405s][吞吐率：6.60req/s] [内存消耗：2,818.57kb] [文件加载：53]
[ info ] [ LANG ] E:\xampp\htdocs\xinjia\tp5\thinkphp\lang\zh-cn.php
[ info ] [ BIND ] 'admin'
[ info ] [ ROUTE ] array (
  'type' => 'module',
  'module' => 
  array (
    0 => 'admin',
    1 => 'member',
    2 => 'memberlist',
  ),
)
[ info ] [ HEADER ] array (
  'host' => 'www.tp5.com',
  'user-agent' => 'Mozilla/5.0 (Windows NT 10.0; Win64; x64; rv:61.0) Gecko/20100101 Firefox/61.0',
  'accept' => 'text/html,application/xhtml+xml,application/xml;q=0.9,*/*;q=0.8',
  'accept-language' => 'zh-CN,zh;q=0.8,zh-TW;q=0.7,zh-HK;q=0.5,en-US;q=0.3,en;q=0.2',
  'accept-encoding' => 'gzip, deflate',
  'referer' => 'http://www.tp5.com/admin.php/member/memberlist.html',
  'cookie' => 'thinkphp_show_page_trace=0|0; thinkphp_show_page_trace=0|0; thinkphp_show_page_trace=0|0; PHPSESSID=hodtopibi7ibb481odr7bgrqg4',
  'connection' => 'keep-alive',
  'upgrade-insecure-requests' => '1',
  'pragma' => 'no-cache',
  'cache-control' => 'no-cache',
)
[ info ] [ PARAM ] array (
)
[ info ] [ SESSION ] INIT array (
  'id' => '',
  'var_session_id' => '',
  'prefix' => 'think',
  'type' => '',
  'auto_start' => true,
)
[ info ] [ RUN ] app\admin\controller\Member->memberList[ E:\xampp\htdocs\xinjia\tp5\application\admin\controller\Member.php ]
[ info ] [ DB ] INIT mysql
[ info ] [ VIEW ] E:\xampp\htdocs\xinjia\tp5\public/../application/admin\view\Member\member_list.html [ array (
  0 => 'list',
  1 => 'page',
) ]
[ info ] [ LOG ] INIT File
[ sql ] [ DB ] CONNECT:[ UseTime:0.002101s ] mysql:host=127.0.0.1;dbname=hlwl;charset=utf8
[ sql ] [ SQL ] SHOW COLUMNS FROM `hl_member` [ RunTime:0.012645s ]
[ sql ] [ SQL ] SELECT COUNT(*) AS tp_count FROM ( SELECT `a`.`id`,`a`.`name`,`a`.`create_time`,`a`.`logintime`,`a`.`phone`,`a`.`email`,`a`.`status`,`a`.`company`,`a`.`member_code`,`b`.`sales_name` FROM `hl_member` `a` INNER JOIN `hl_sales_member` `b` ON `b`.`member_code`=`a`.`member_code` WHERE  `a`.`type` = 'person' ) b LIMIT 1 [ RunTime:0.001601s ]
[ sql ] [ SQL ] SELECT * FROM ( SELECT `a`.`id`,`a`.`name`,`a`.`create_time`,`a`.`logintime`,`a`.`phone`,`a`.`email`,`a`.`status`,`a`.`company`,`a`.`member_code`,`b`.`sales_name` FROM `hl_member` `a` INNER JOIN `hl_sales_member` `b` ON `b`.`member_code`=`a`.`member_code` WHERE  `a`.`type` = 'person' ) b ORDER BY id,logintime LIMIT 0,5 [ RunTime:0.001707s ]
---------------------------------------------------------------
[ 2018-08-20T23:27:58+08:00 ] 127.0.0.1 GET /admin.php/member/disablelist.html
[ info ] www.tp5.com/admin.php/member/disablelist.html [运行时间：0.175940s][吞吐率：5.68req/s] [内存消耗：1,459.30kb] [文件加载：42]
[ info ] [ LANG ] E:\xampp\htdocs\xinjia\tp5\thinkphp\lang\zh-cn.php
[ info ] [ BIND ] 'admin'
[ info ] [ ROUTE ] array (
  'type' => 'module',
  'module' => 
  array (
    0 => 'admin',
    1 => 'member',
    2 => 'disablelist',
  ),
)
[ info ] [ HEADER ] array (
  'host' => 'www.tp5.com',
  'user-agent' => 'Mozilla/5.0 (Windows NT 10.0; Win64; x64; rv:61.0) Gecko/20100101 Firefox/61.0',
  'accept' => 'text/html,application/xhtml+xml,application/xml;q=0.9,*/*;q=0.8',
  'accept-language' => 'zh-CN,zh;q=0.8,zh-TW;q=0.7,zh-HK;q=0.5,en-US;q=0.3,en;q=0.2',
  'accept-encoding' => 'gzip, deflate',
  'referer' => 'http://www.tp5.com/admin.php/index/index.html',
  'cookie' => 'thinkphp_show_page_trace=0|0; thinkphp_show_page_trace=0|0; thinkphp_show_page_trace=0|0; PHPSESSID=hodtopibi7ibb481odr7bgrqg4',
  'connection' => 'keep-alive',
  'upgrade-insecure-requests' => '1',
  'pragma' => 'no-cache',
  'cache-control' => 'no-cache',
)
[ info ] [ PARAM ] array (
)
[ info ] [ SESSION ] INIT array (
  'id' => '',
  'var_session_id' => '',
  'prefix' => 'think',
  'type' => '',
  'auto_start' => true,
)
[ info ] [ LOG ] INIT File
