---------------------------------------------------------------
[ 2018-06-22T15:44:18+08:00 ] 127.0.0.1 GET /admin.php/index/index/index.html
[ info ] www.tp5.com/admin.php/index/index/index.html [运行时间：0.071000s][吞吐率：14.08req/s] [内存消耗：1,614.24kb] [文件加载：41]
[ info ] [ LANG ] E:\xampp\htdocs\xinjia\tp5\thinkphp\lang\zh-cn.php
[ info ] [ ROUTE ] array (
  'type' => 'module',
  'module' => 
  array (
    0 => 'index',
    1 => 'index',
    2 => 'index',
  ),
)
[ info ] [ HEADER ] array (
  'host' => 'www.tp5.com',
  'user-agent' => 'Mozilla/5.0 (Windows NT 6.1; Win64; x64; rv:60.0) Gecko/20100101 Firefox/60.0',
  'accept' => 'text/html,application/xhtml+xml,application/xml;q=0.9,*/*;q=0.8',
  'accept-language' => 'zh-CN,zh;q=0.8,zh-TW;q=0.7,zh-HK;q=0.5,en-US;q=0.3,en;q=0.2',
  'accept-encoding' => 'gzip, deflate',
  'cookie' => 'thinkphp_show_page_trace=0|0; pgv_pvi=9210117120; hibext_instdsigdipv2=1; _ga=GA1.2.1868033078.1526888261; PHPSESSID=1n3o4udgm3ho5sf2cnuuk4b641; _gid=GA1.2.130850067.1529632047',
  'connection' => 'keep-alive',
  'upgrade-insecure-requests' => '1',
  'cache-control' => 'max-age=0',
)
[ info ] [ PARAM ] array (
)
[ info ] [ RUN ] app\index\controller\Index->index[ E:\xampp\htdocs\xinjia\tp5\application\index\controller\Index.php ]
[ info ] [ VIEW ] E:\xampp\htdocs\xinjia\tp5\public/../application/index\view\index\top.html [ array (
) ]
[ info ] [ LOG ] INIT File
---------------------------------------------------------------
[ 2018-06-22T15:44:18+08:00 ] 127.0.0.1 GET /static/index/css/font.css
[ info ] www.tp5.com/static/index/css/font.css [运行时间：0.025000s][吞吐率：40.00req/s] [内存消耗：1,138.79kb] [文件加载：32]
[ info ] [ LANG ] E:\xampp\htdocs\xinjia\tp5\thinkphp\lang\zh-cn.php
[ info ] [ ROUTE ] array (
  'type' => 'module',
  'module' => 
  array (
    0 => 'static',
    1 => 'index',
    2 => 'css',
  ),
)
[ info ] [ HEADER ] array (
  'host' => 'www.tp5.com',
  'user-agent' => 'Mozilla/5.0 (Windows NT 6.1; Win64; x64; rv:60.0) Gecko/20100101 Firefox/60.0',
  'accept' => 'text/css,*/*;q=0.1',
  'accept-language' => 'zh-CN,zh;q=0.8,zh-TW;q=0.7,zh-HK;q=0.5,en-US;q=0.3,en;q=0.2',
  'accept-encoding' => 'gzip, deflate',
  'referer' => 'http://www.tp5.com/admin.php/index/index/index.html',
  'cookie' => 'pgv_pvi=9210117120; hibext_instdsigdipv2=1; _ga=GA1.2.1868033078.1526888261; PHPSESSID=1n3o4udgm3ho5sf2cnuuk4b641; _gid=GA1.2.130850067.1529632047',
  'connection' => 'keep-alive',
  'cache-control' => 'max-age=0',
)
[ info ] [ PARAM ] array (
)
[ info ] [ LOG ] INIT File
---------------------------------------------------------------
[ 2018-06-22T15:44:19+08:00 ] 127.0.0.1 GET /admin.php/index/index/index1.html
[ info ] www.tp5.com/admin.php/index/index/index1.html [运行时间：0.028000s][吞吐率：35.71req/s] [内存消耗：1,556.15kb] [文件加载：40]
[ info ] [ LANG ] E:\xampp\htdocs\xinjia\tp5\thinkphp\lang\zh-cn.php
[ info ] [ ROUTE ] array (
  'type' => 'module',
  'module' => 
  array (
    0 => 'index',
    1 => 'index',
    2 => 'index1',
  ),
)
[ info ] [ HEADER ] array (
  'host' => 'www.tp5.com',
  'user-agent' => 'Mozilla/5.0 (Windows NT 6.1; Win64; x64; rv:60.0) Gecko/20100101 Firefox/60.0',
  'accept' => 'text/html,application/xhtml+xml,application/xml;q=0.9,*/*;q=0.8',
  'accept-language' => 'zh-CN,zh;q=0.8,zh-TW;q=0.7,zh-HK;q=0.5,en-US;q=0.3,en;q=0.2',
  'accept-encoding' => 'gzip, deflate',
  'referer' => 'http://www.tp5.com/admin.php/index/index/index.html',
  'cookie' => 'thinkphp_show_page_trace=0|0; pgv_pvi=9210117120; hibext_instdsigdipv2=1; _ga=GA1.2.1868033078.1526888261; PHPSESSID=1n3o4udgm3ho5sf2cnuuk4b641; _gid=GA1.2.130850067.1529632047',
  'connection' => 'keep-alive',
  'upgrade-insecure-requests' => '1',
)
[ info ] [ PARAM ] array (
)
[ info ] [ RUN ] app\index\controller\Index->index1[ E:\xampp\htdocs\xinjia\tp5\application\index\controller\Index.php ]
[ info ] [ VIEW ] E:\xampp\htdocs\xinjia\tp5\public/../application/index\view\index\index.html [ array (
) ]
[ info ] [ LOG ] INIT File
---------------------------------------------------------------
[ 2018-06-22T15:44:20+08:00 ] 127.0.0.1 GET /static/index/css/font.css
[ info ] www.tp5.com/static/index/css/font.css [运行时间：0.035000s][吞吐率：28.57req/s] [内存消耗：1,138.61kb] [文件加载：32]
[ info ] [ LANG ] E:\xampp\htdocs\xinjia\tp5\thinkphp\lang\zh-cn.php
[ info ] [ ROUTE ] array (
  'type' => 'module',
  'module' => 
  array (
    0 => 'static',
    1 => 'index',
    2 => 'css',
  ),
)
[ info ] [ HEADER ] array (
  'host' => 'www.tp5.com',
  'user-agent' => 'Mozilla/5.0 (Windows NT 6.1; Win64; x64; rv:60.0) Gecko/20100101 Firefox/60.0',
  'accept' => 'text/css,*/*;q=0.1',
  'accept-language' => 'zh-CN,zh;q=0.8,zh-TW;q=0.7,zh-HK;q=0.5,en-US;q=0.3,en;q=0.2',
  'accept-encoding' => 'gzip, deflate',
  'referer' => 'http://www.tp5.com/admin.php/index/index/index1.html',
  'cookie' => 'pgv_pvi=9210117120; hibext_instdsigdipv2=1; _ga=GA1.2.1868033078.1526888261; PHPSESSID=1n3o4udgm3ho5sf2cnuuk4b641; _gid=GA1.2.130850067.1529632047',
  'connection' => 'keep-alive',
)
[ info ] [ PARAM ] array (
)
[ info ] [ LOG ] INIT File
---------------------------------------------------------------
[ 2018-06-22T15:44:20+08:00 ] 127.0.0.1 GET /admin.php/index/index/index1.html
[ info ] www.tp5.com/admin.php/index/index/index1.html [运行时间：0.024000s][吞吐率：41.67req/s] [内存消耗：1,409.27kb] [文件加载：38]
[ info ] [ LANG ] E:\xampp\htdocs\xinjia\tp5\thinkphp\lang\zh-cn.php
[ info ] [ ROUTE ] array (
  'type' => 'module',
  'module' => 
  array (
    0 => 'index',
    1 => 'index',
    2 => 'index1',
  ),
)
[ info ] [ HEADER ] array (
  'host' => 'www.tp5.com',
  'user-agent' => 'Mozilla/5.0 (Windows NT 6.1; Win64; x64; rv:60.0) Gecko/20100101 Firefox/60.0',
  'accept' => 'video/webm,video/ogg,video/*;q=0.9,application/ogg;q=0.7,audio/*;q=0.6,*/*;q=0.5',
  'accept-language' => 'zh-CN,zh;q=0.8,zh-TW;q=0.7,zh-HK;q=0.5,en-US;q=0.3,en;q=0.2',
  'referer' => 'http://www.tp5.com/admin.php/index/index/index1.html',
  'range' => 'bytes=0-',
  'cookie' => 'thinkphp_show_page_trace=0|0; pgv_pvi=9210117120; hibext_instdsigdipv2=1; _ga=GA1.2.1868033078.1526888261; PHPSESSID=1n3o4udgm3ho5sf2cnuuk4b641; _gid=GA1.2.130850067.1529632047',
  'connection' => 'keep-alive',
)
[ info ] [ PARAM ] array (
)
[ info ] [ RUN ] app\index\controller\Index->index1[ E:\xampp\htdocs\xinjia\tp5\application\index\controller\Index.php ]
[ info ] [ VIEW ] E:\xampp\htdocs\xinjia\tp5\public/../application/index\view\index\index.html [ array (
) ]
[ info ] [ LOG ] INIT File
---------------------------------------------------------------
[ 2018-06-22T15:44:22+08:00 ] 127.0.0.1 GET /admin.php/index/index/personal.html
[ info ] www.tp5.com/admin.php/index/index/personal.html [运行时间：0.030000s][吞吐率：33.33req/s] [内存消耗：1,620.46kb] [文件加载：41]
[ info ] [ LANG ] E:\xampp\htdocs\xinjia\tp5\thinkphp\lang\zh-cn.php
[ info ] [ ROUTE ] array (
  'type' => 'module',
  'module' => 
  array (
    0 => 'index',
    1 => 'index',
    2 => 'personal',
  ),
)
[ info ] [ HEADER ] array (
  'host' => 'www.tp5.com',
  'user-agent' => 'Mozilla/5.0 (Windows NT 6.1; Win64; x64; rv:60.0) Gecko/20100101 Firefox/60.0',
  'accept' => 'text/html,application/xhtml+xml,application/xml;q=0.9,*/*;q=0.8',
  'accept-language' => 'zh-CN,zh;q=0.8,zh-TW;q=0.7,zh-HK;q=0.5,en-US;q=0.3,en;q=0.2',
  'accept-encoding' => 'gzip, deflate',
  'referer' => 'http://www.tp5.com/admin.php/index/index/index.html',
  'cookie' => 'thinkphp_show_page_trace=0|0; pgv_pvi=9210117120; hibext_instdsigdipv2=1; _ga=GA1.2.1868033078.1526888261; PHPSESSID=1n3o4udgm3ho5sf2cnuuk4b641; _gid=GA1.2.130850067.1529632047; trdipcktrffcext=1; _gat=1',
  'connection' => 'keep-alive',
  'upgrade-insecure-requests' => '1',
)
[ info ] [ PARAM ] array (
)
[ info ] [ RUN ] app\index\controller\Index->personal[ E:\xampp\htdocs\xinjia\tp5\application\index\controller\Index.php ]
[ info ] [ VIEW ] E:\xampp\htdocs\xinjia\tp5\public/../application/index\view\index\personal.html [ array (
) ]
[ info ] [ LOG ] INIT File
---------------------------------------------------------------
[ 2018-06-22T15:44:22+08:00 ] 127.0.0.1 GET /static/index/js/xadmin.js
[ info ] www.tp5.com/static/index/js/xadmin.js [运行时间：0.025000s][吞吐率：40.00req/s] [内存消耗：1,138.53kb] [文件加载：32]
[ info ] [ LANG ] E:\xampp\htdocs\xinjia\tp5\thinkphp\lang\zh-cn.php
[ info ] [ ROUTE ] array (
  'type' => 'module',
  'module' => 
  array (
    0 => 'static',
    1 => 'index',
    2 => 'js',
  ),
)
[ info ] [ HEADER ] array (
  'host' => 'www.tp5.com',
  'user-agent' => 'Mozilla/5.0 (Windows NT 6.1; Win64; x64; rv:60.0) Gecko/20100101 Firefox/60.0',
  'accept' => '*/*',
  'accept-language' => 'zh-CN,zh;q=0.8,zh-TW;q=0.7,zh-HK;q=0.5,en-US;q=0.3,en;q=0.2',
  'accept-encoding' => 'gzip, deflate',
  'referer' => 'http://www.tp5.com/admin.php/index/index/personal.html',
  'cookie' => 'pgv_pvi=9210117120; hibext_instdsigdipv2=1; _ga=GA1.2.1868033078.1526888261; PHPSESSID=1n3o4udgm3ho5sf2cnuuk4b641; _gid=GA1.2.130850067.1529632047; trdipcktrffcext=1; _gat=1',
  'connection' => 'keep-alive',
)
[ info ] [ PARAM ] array (
)
[ info ] [ LOG ] INIT File
---------------------------------------------------------------
[ 2018-06-22T15:44:22+08:00 ] 127.0.0.1 GET /static/index/css/font.css
[ info ] www.tp5.com/static/index/css/font.css [运行时间：0.027000s][吞吐率：37.04req/s] [内存消耗：1,138.59kb] [文件加载：32]
[ info ] [ LANG ] E:\xampp\htdocs\xinjia\tp5\thinkphp\lang\zh-cn.php
[ info ] [ ROUTE ] array (
  'type' => 'module',
  'module' => 
  array (
    0 => 'static',
    1 => 'index',
    2 => 'css',
  ),
)
[ info ] [ HEADER ] array (
  'host' => 'www.tp5.com',
  'user-agent' => 'Mozilla/5.0 (Windows NT 6.1; Win64; x64; rv:60.0) Gecko/20100101 Firefox/60.0',
  'accept' => 'text/css,*/*;q=0.1',
  'accept-language' => 'zh-CN,zh;q=0.8,zh-TW;q=0.7,zh-HK;q=0.5,en-US;q=0.3,en;q=0.2',
  'accept-encoding' => 'gzip, deflate',
  'referer' => 'http://www.tp5.com/admin.php/index/index/personal.html',
  'cookie' => 'pgv_pvi=9210117120; hibext_instdsigdipv2=1; _ga=GA1.2.1868033078.1526888261; PHPSESSID=1n3o4udgm3ho5sf2cnuuk4b641; _gid=GA1.2.130850067.1529632047; trdipcktrffcext=1; _gat=1',
  'connection' => 'keep-alive',
)
[ info ] [ PARAM ] array (
)
[ info ] [ LOG ] INIT File
---------------------------------------------------------------
[ 2018-06-22T15:44:22+08:00 ] 127.0.0.1 GET /static/index/css/xadmin.css
[ info ] www.tp5.com/static/index/css/xadmin.css [运行时间：0.028000s][吞吐率：35.71req/s] [内存消耗：1,138.59kb] [文件加载：32]
[ info ] [ LANG ] E:\xampp\htdocs\xinjia\tp5\thinkphp\lang\zh-cn.php
[ info ] [ ROUTE ] array (
  'type' => 'module',
  'module' => 
  array (
    0 => 'static',
    1 => 'index',
    2 => 'css',
  ),
)
[ info ] [ HEADER ] array (
  'host' => 'www.tp5.com',
  'user-agent' => 'Mozilla/5.0 (Windows NT 6.1; Win64; x64; rv:60.0) Gecko/20100101 Firefox/60.0',
  'accept' => 'text/css,*/*;q=0.1',
  'accept-language' => 'zh-CN,zh;q=0.8,zh-TW;q=0.7,zh-HK;q=0.5,en-US;q=0.3,en;q=0.2',
  'accept-encoding' => 'gzip, deflate',
  'referer' => 'http://www.tp5.com/admin.php/index/index/personal.html',
  'cookie' => 'pgv_pvi=9210117120; hibext_instdsigdipv2=1; _ga=GA1.2.1868033078.1526888261; PHPSESSID=1n3o4udgm3ho5sf2cnuuk4b641; _gid=GA1.2.130850067.1529632047; trdipcktrffcext=1; _gat=1',
  'connection' => 'keep-alive',
)
[ info ] [ PARAM ] array (
)
[ info ] [ LOG ] INIT File
---------------------------------------------------------------
[ 2018-06-22T15:44:22+08:00 ] 127.0.0.1 GET /static/index/css/xadmin.css
[ info ] www.tp5.com/static/index/css/xadmin.css [运行时间：0.024000s][吞吐率：41.67req/s] [内存消耗：1,138.59kb] [文件加载：32]
[ info ] [ LANG ] E:\xampp\htdocs\xinjia\tp5\thinkphp\lang\zh-cn.php
[ info ] [ ROUTE ] array (
  'type' => 'module',
  'module' => 
  array (
    0 => 'static',
    1 => 'index',
    2 => 'css',
  ),
)
[ info ] [ HEADER ] array (
  'host' => 'www.tp5.com',
  'user-agent' => 'Mozilla/5.0 (Windows NT 6.1; Win64; x64; rv:60.0) Gecko/20100101 Firefox/60.0',
  'accept' => 'text/css,*/*;q=0.1',
  'accept-language' => 'zh-CN,zh;q=0.8,zh-TW;q=0.7,zh-HK;q=0.5,en-US;q=0.3,en;q=0.2',
  'accept-encoding' => 'gzip, deflate',
  'referer' => 'http://www.tp5.com/admin.php/index/index/personal.html',
  'cookie' => 'pgv_pvi=9210117120; hibext_instdsigdipv2=1; _ga=GA1.2.1868033078.1526888261; PHPSESSID=1n3o4udgm3ho5sf2cnuuk4b641; _gid=GA1.2.130850067.1529632047; trdipcktrffcext=1; _gat=1',
  'connection' => 'keep-alive',
)
[ info ] [ PARAM ] array (
)
[ info ] [ LOG ] INIT File
---------------------------------------------------------------
[ 2018-06-22T15:44:22+08:00 ] 127.0.0.1 GET /static/index/js/xadmin.js
[ info ] www.tp5.com/static/index/js/xadmin.js [运行时间：0.025000s][吞吐率：40.00req/s] [内存消耗：1,138.53kb] [文件加载：32]
[ info ] [ LANG ] E:\xampp\htdocs\xinjia\tp5\thinkphp\lang\zh-cn.php
[ info ] [ ROUTE ] array (
  'type' => 'module',
  'module' => 
  array (
    0 => 'static',
    1 => 'index',
    2 => 'js',
  ),
)
[ info ] [ HEADER ] array (
  'host' => 'www.tp5.com',
  'user-agent' => 'Mozilla/5.0 (Windows NT 6.1; Win64; x64; rv:60.0) Gecko/20100101 Firefox/60.0',
  'accept' => '*/*',
  'accept-language' => 'zh-CN,zh;q=0.8,zh-TW;q=0.7,zh-HK;q=0.5,en-US;q=0.3,en;q=0.2',
  'accept-encoding' => 'gzip, deflate',
  'referer' => 'http://www.tp5.com/admin.php/index/index/personal.html',
  'cookie' => 'pgv_pvi=9210117120; hibext_instdsigdipv2=1; _ga=GA1.2.1868033078.1526888261; PHPSESSID=1n3o4udgm3ho5sf2cnuuk4b641; _gid=GA1.2.130850067.1529632047; trdipcktrffcext=1; _gat=1',
  'connection' => 'keep-alive',
)
[ info ] [ PARAM ] array (
)
[ info ] [ LOG ] INIT File
---------------------------------------------------------------
[ 2018-06-22T15:44:22+08:00 ] 127.0.0.1 GET /admin.php/index/personal/steward.html
[ info ] www.tp5.com/admin.php/index/personal/steward.html [运行时间：0.029000s][吞吐率：34.48req/s] [内存消耗：1,553.79kb] [文件加载：40]
[ info ] [ LANG ] E:\xampp\htdocs\xinjia\tp5\thinkphp\lang\zh-cn.php
[ info ] [ ROUTE ] array (
  'type' => 'module',
  'module' => 
  array (
    0 => 'index',
    1 => 'personal',
    2 => 'steward',
  ),
)
[ info ] [ HEADER ] array (
  'host' => 'www.tp5.com',
  'user-agent' => 'Mozilla/5.0 (Windows NT 6.1; Win64; x64; rv:60.0) Gecko/20100101 Firefox/60.0',
  'accept' => 'text/html,application/xhtml+xml,application/xml;q=0.9,*/*;q=0.8',
  'accept-language' => 'zh-CN,zh;q=0.8,zh-TW;q=0.7,zh-HK;q=0.5,en-US;q=0.3,en;q=0.2',
  'accept-encoding' => 'gzip, deflate',
  'referer' => 'http://www.tp5.com/admin.php/index/index/personal.html',
  'cookie' => 'thinkphp_show_page_trace=0|0; pgv_pvi=9210117120; hibext_instdsigdipv2=1; _ga=GA1.2.1868033078.1526888261; PHPSESSID=1n3o4udgm3ho5sf2cnuuk4b641; _gid=GA1.2.130850067.1529632047; trdipcktrffcext=1; _gat=1',
  'connection' => 'keep-alive',
  'upgrade-insecure-requests' => '1',
)
[ info ] [ PARAM ] array (
)
[ info ] [ RUN ] app\index\controller\Personal->steward[ E:\xampp\htdocs\xinjia\tp5\application\index\controller\Personal.php ]
[ info ] [ VIEW ] E:\xampp\htdocs\xinjia\tp5\public/../application/index\view\personal\steward.html [ array (
) ]
[ info ] [ LOG ] INIT File
---------------------------------------------------------------
[ 2018-06-22T15:44:23+08:00 ] 127.0.0.1 GET /static/index/css/font.css
[ info ] www.tp5.com/static/index/css/font.css [运行时间：0.031000s][吞吐率：32.26req/s] [内存消耗：1,138.62kb] [文件加载：32]
[ info ] [ LANG ] E:\xampp\htdocs\xinjia\tp5\thinkphp\lang\zh-cn.php
[ info ] [ ROUTE ] array (
  'type' => 'module',
  'module' => 
  array (
    0 => 'static',
    1 => 'index',
    2 => 'css',
  ),
)
[ info ] [ HEADER ] array (
  'host' => 'www.tp5.com',
  'user-agent' => 'Mozilla/5.0 (Windows NT 6.1; Win64; x64; rv:60.0) Gecko/20100101 Firefox/60.0',
  'accept' => 'text/css,*/*;q=0.1',
  'accept-language' => 'zh-CN,zh;q=0.8,zh-TW;q=0.7,zh-HK;q=0.5,en-US;q=0.3,en;q=0.2',
  'accept-encoding' => 'gzip, deflate',
  'referer' => 'http://www.tp5.com/admin.php/index/personal/steward.html',
  'cookie' => 'pgv_pvi=9210117120; hibext_instdsigdipv2=1; _ga=GA1.2.1868033078.1526888261; PHPSESSID=1n3o4udgm3ho5sf2cnuuk4b641; _gid=GA1.2.130850067.1529632047; trdipcktrffcext=1; _gat=1',
  'connection' => 'keep-alive',
)
[ info ] [ PARAM ] array (
)
[ info ] [ LOG ] INIT File
---------------------------------------------------------------
[ 2018-06-22T15:44:34+08:00 ] 127.0.0.1 GET /admin.php/index/index/help.html
[ info ] www.tp5.com/admin.php/index/index/help.html [运行时间：0.044000s][吞吐率：22.73req/s] [内存消耗：1,551.48kb] [文件加载：40]
[ info ] [ LANG ] E:\xampp\htdocs\xinjia\tp5\thinkphp\lang\zh-cn.php
[ info ] [ ROUTE ] array (
  'type' => 'module',
  'module' => 
  array (
    0 => 'index',
    1 => 'index',
    2 => 'help',
  ),
)
[ info ] [ HEADER ] array (
  'host' => 'www.tp5.com',
  'user-agent' => 'Mozilla/5.0 (Windows NT 6.1; Win64; x64; rv:60.0) Gecko/20100101 Firefox/60.0',
  'accept' => 'text/html,application/xhtml+xml,application/xml;q=0.9,*/*;q=0.8',
  'accept-language' => 'zh-CN,zh;q=0.8,zh-TW;q=0.7,zh-HK;q=0.5,en-US;q=0.3,en;q=0.2',
  'accept-encoding' => 'gzip, deflate',
  'referer' => 'http://www.tp5.com/admin.php/index/index/index.html',
  'cookie' => 'thinkphp_show_page_trace=0|0; pgv_pvi=9210117120; hibext_instdsigdipv2=1; _ga=GA1.2.1868033078.1526888261; PHPSESSID=1n3o4udgm3ho5sf2cnuuk4b641; _gid=GA1.2.130850067.1529632047; trdipcktrffcext=1; _gat=1',
  'connection' => 'keep-alive',
  'upgrade-insecure-requests' => '1',
)
[ info ] [ PARAM ] array (
)
[ info ] [ RUN ] app\index\controller\Index->help[ E:\xampp\htdocs\xinjia\tp5\application\index\controller\Index.php ]
[ info ] [ VIEW ] E:\xampp\htdocs\xinjia\tp5\public/../application/index\view\index\help.html [ array (
) ]
[ info ] [ LOG ] INIT File
---------------------------------------------------------------
[ 2018-06-22T15:44:34+08:00 ] 127.0.0.1 GET /static/index/css/font.css
[ info ] www.tp5.com/static/index/css/font.css [运行时间：0.027000s][吞吐率：37.04req/s] [内存消耗：1,138.65kb] [文件加载：32]
[ info ] [ LANG ] E:\xampp\htdocs\xinjia\tp5\thinkphp\lang\zh-cn.php
[ info ] [ ROUTE ] array (
  'type' => 'module',
  'module' => 
  array (
    0 => 'static',
    1 => 'index',
    2 => 'css',
  ),
)
[ info ] [ HEADER ] array (
  'host' => 'www.tp5.com',
  'user-agent' => 'Mozilla/5.0 (Windows NT 6.1; Win64; x64; rv:60.0) Gecko/20100101 Firefox/60.0',
  'accept' => 'text/css,*/*;q=0.1',
  'accept-language' => 'zh-CN,zh;q=0.8,zh-TW;q=0.7,zh-HK;q=0.5,en-US;q=0.3,en;q=0.2',
  'accept-encoding' => 'gzip, deflate',
  'referer' => 'http://www.tp5.com/admin.php/index/index/help.html',
  'cookie' => 'pgv_pvi=9210117120; hibext_instdsigdipv2=1; _ga=GA1.2.1868033078.1526888261; PHPSESSID=1n3o4udgm3ho5sf2cnuuk4b641; _gid=GA1.2.130850067.1529632047; trdipcktrffcext=1; _gat=1',
  'connection' => 'keep-alive',
)
[ info ] [ PARAM ] array (
)
[ info ] [ LOG ] INIT File
---------------------------------------------------------------
[ 2018-06-22T15:44:36+08:00 ] 127.0.0.1 GET /admin.php/index/index/container.html
[ info ] www.tp5.com/admin.php/index/index/container.html [运行时间：0.030000s][吞吐率：33.33req/s] [内存消耗：1,554.51kb] [文件加载：40]
[ info ] [ LANG ] E:\xampp\htdocs\xinjia\tp5\thinkphp\lang\zh-cn.php
[ info ] [ ROUTE ] array (
  'type' => 'module',
  'module' => 
  array (
    0 => 'index',
    1 => 'index',
    2 => 'container',
  ),
)
[ info ] [ HEADER ] array (
  'host' => 'www.tp5.com',
  'user-agent' => 'Mozilla/5.0 (Windows NT 6.1; Win64; x64; rv:60.0) Gecko/20100101 Firefox/60.0',
  'accept' => 'text/html,application/xhtml+xml,application/xml;q=0.9,*/*;q=0.8',
  'accept-language' => 'zh-CN,zh;q=0.8,zh-TW;q=0.7,zh-HK;q=0.5,en-US;q=0.3,en;q=0.2',
  'accept-encoding' => 'gzip, deflate',
  'referer' => 'http://www.tp5.com/admin.php/index/index/index.html',
  'cookie' => 'thinkphp_show_page_trace=0|0; pgv_pvi=9210117120; hibext_instdsigdipv2=1; _ga=GA1.2.1868033078.1526888261; PHPSESSID=1n3o4udgm3ho5sf2cnuuk4b641; _gid=GA1.2.130850067.1529632047; trdipcktrffcext=1; _gat=1',
  'connection' => 'keep-alive',
  'upgrade-insecure-requests' => '1',
)
[ info ] [ PARAM ] array (
)
[ info ] [ RUN ] app\index\controller\Index->container[ E:\xampp\htdocs\xinjia\tp5\application\index\controller\Index.php ]
[ info ] [ VIEW ] E:\xampp\htdocs\xinjia\tp5\public/../application/index\view\index\container.html [ array (
) ]
[ info ] [ LOG ] INIT File
---------------------------------------------------------------
[ 2018-06-22T15:44:36+08:00 ] 127.0.0.1 GET /static/index/css/font.css
[ info ] www.tp5.com/static/index/css/font.css [运行时间：0.025000s][吞吐率：40.00req/s] [内存消耗：1,138.59kb] [文件加载：32]
[ info ] [ LANG ] E:\xampp\htdocs\xinjia\tp5\thinkphp\lang\zh-cn.php
[ info ] [ ROUTE ] array (
  'type' => 'module',
  'module' => 
  array (
    0 => 'static',
    1 => 'index',
    2 => 'css',
  ),
)
[ info ] [ HEADER ] array (
  'host' => 'www.tp5.com',
  'user-agent' => 'Mozilla/5.0 (Windows NT 6.1; Win64; x64; rv:60.0) Gecko/20100101 Firefox/60.0',
  'accept' => 'text/css,*/*;q=0.1',
  'accept-language' => 'zh-CN,zh;q=0.8,zh-TW;q=0.7,zh-HK;q=0.5,en-US;q=0.3,en;q=0.2',
  'accept-encoding' => 'gzip, deflate',
  'referer' => 'http://www.tp5.com/admin.php/index/index/container.html',
  'cookie' => 'pgv_pvi=9210117120; hibext_instdsigdipv2=1; _ga=GA1.2.1868033078.1526888261; PHPSESSID=1n3o4udgm3ho5sf2cnuuk4b641; _gid=GA1.2.130850067.1529632047; trdipcktrffcext=1; _gat=1',
  'connection' => 'keep-alive',
)
[ info ] [ PARAM ] array (
)
[ info ] [ LOG ] INIT File
---------------------------------------------------------------
[ 2018-06-22T15:44:38+08:00 ] 127.0.0.1 GET /admin.php/index/index/hyyj.html
[ info ] www.tp5.com/admin.php/index/index/hyyj.html [运行时间：0.034000s][吞吐率：29.41req/s] [内存消耗：1,624.22kb] [文件加载：41]
[ info ] [ LANG ] E:\xampp\htdocs\xinjia\tp5\thinkphp\lang\zh-cn.php
[ info ] [ ROUTE ] array (
  'type' => 'module',
  'module' => 
  array (
    0 => 'index',
    1 => 'index',
    2 => 'hyyj',
  ),
)
[ info ] [ HEADER ] array (
  'host' => 'www.tp5.com',
  'user-agent' => 'Mozilla/5.0 (Windows NT 6.1; Win64; x64; rv:60.0) Gecko/20100101 Firefox/60.0',
  'accept' => 'text/html,application/xhtml+xml,application/xml;q=0.9,*/*;q=0.8',
  'accept-language' => 'zh-CN,zh;q=0.8,zh-TW;q=0.7,zh-HK;q=0.5,en-US;q=0.3,en;q=0.2',
  'accept-encoding' => 'gzip, deflate',
  'referer' => 'http://www.tp5.com/admin.php/index/index/index.html',
  'cookie' => 'thinkphp_show_page_trace=0|0; pgv_pvi=9210117120; hibext_instdsigdipv2=1; _ga=GA1.2.1868033078.1526888261; PHPSESSID=1n3o4udgm3ho5sf2cnuuk4b641; _gid=GA1.2.130850067.1529632047; trdipcktrffcext=1; _gat=1',
  'connection' => 'keep-alive',
  'upgrade-insecure-requests' => '1',
)
[ info ] [ PARAM ] array (
)
[ info ] [ RUN ] app\index\controller\Index->hyyj[ E:\xampp\htdocs\xinjia\tp5\application\index\controller\Index.php ]
[ info ] [ VIEW ] E:\xampp\htdocs\xinjia\tp5\public/../application/index\view\index\hyyj.html [ array (
) ]
[ info ] [ LOG ] INIT File
---------------------------------------------------------------
[ 2018-06-22T15:44:38+08:00 ] 127.0.0.1 GET /static/index/css/font.css
[ info ] www.tp5.com/static/index/css/font.css [运行时间：0.028000s][吞吐率：35.71req/s] [内存消耗：1,138.65kb] [文件加载：32]
[ info ] [ LANG ] E:\xampp\htdocs\xinjia\tp5\thinkphp\lang\zh-cn.php
[ info ] [ ROUTE ] array (
  'type' => 'module',
  'module' => 
  array (
    0 => 'static',
    1 => 'index',
    2 => 'css',
  ),
)
[ info ] [ HEADER ] array (
  'host' => 'www.tp5.com',
  'user-agent' => 'Mozilla/5.0 (Windows NT 6.1; Win64; x64; rv:60.0) Gecko/20100101 Firefox/60.0',
  'accept' => 'text/css,*/*;q=0.1',
  'accept-language' => 'zh-CN,zh;q=0.8,zh-TW;q=0.7,zh-HK;q=0.5,en-US;q=0.3,en;q=0.2',
  'accept-encoding' => 'gzip, deflate',
  'referer' => 'http://www.tp5.com/admin.php/index/index/hyyj.html',
  'cookie' => 'pgv_pvi=9210117120; hibext_instdsigdipv2=1; _ga=GA1.2.1868033078.1526888261; PHPSESSID=1n3o4udgm3ho5sf2cnuuk4b641; _gid=GA1.2.130850067.1529632047; trdipcktrffcext=1; _gat=1',
  'connection' => 'keep-alive',
)
[ info ] [ PARAM ] array (
)
[ info ] [ LOG ] INIT File
---------------------------------------------------------------
[ 2018-06-22T15:44:40+08:00 ] 127.0.0.1 GET /admin.php/index/index/xxtx.html
[ info ] www.tp5.com/admin.php/index/index/xxtx.html [运行时间：0.032000s][吞吐率：31.25req/s] [内存消耗：1,616.98kb] [文件加载：41]
[ info ] [ LANG ] E:\xampp\htdocs\xinjia\tp5\thinkphp\lang\zh-cn.php
[ info ] [ ROUTE ] array (
  'type' => 'module',
  'module' => 
  array (
    0 => 'index',
    1 => 'index',
    2 => 'xxtx',
  ),
)
[ info ] [ HEADER ] array (
  'host' => 'www.tp5.com',
  'user-agent' => 'Mozilla/5.0 (Windows NT 6.1; Win64; x64; rv:60.0) Gecko/20100101 Firefox/60.0',
  'accept' => 'text/html,application/xhtml+xml,application/xml;q=0.9,*/*;q=0.8',
  'accept-language' => 'zh-CN,zh;q=0.8,zh-TW;q=0.7,zh-HK;q=0.5,en-US;q=0.3,en;q=0.2',
  'accept-encoding' => 'gzip, deflate',
  'referer' => 'http://www.tp5.com/admin.php/index/index/hyyj.html',
  'cookie' => 'thinkphp_show_page_trace=0|0; pgv_pvi=9210117120; hibext_instdsigdipv2=1; _ga=GA1.2.1868033078.1526888261; PHPSESSID=1n3o4udgm3ho5sf2cnuuk4b641; _gid=GA1.2.130850067.1529632047; trdipcktrffcext=1; _gat=1',
  'connection' => 'keep-alive',
  'upgrade-insecure-requests' => '1',
)
[ info ] [ PARAM ] array (
)
[ info ] [ RUN ] app\index\controller\Index->xxtx[ E:\xampp\htdocs\xinjia\tp5\application\index\controller\Index.php ]
[ info ] [ VIEW ] E:\xampp\htdocs\xinjia\tp5\public/../application/index\view\index\xxtx.html [ array (
) ]
[ info ] [ LOG ] INIT File
---------------------------------------------------------------
[ 2018-06-22T15:44:40+08:00 ] 127.0.0.1 GET /static/index/css/font.css
[ info ] www.tp5.com/static/index/css/font.css [运行时间：0.035000s][吞吐率：28.57req/s] [内存消耗：1,138.65kb] [文件加载：32]
[ info ] [ LANG ] E:\xampp\htdocs\xinjia\tp5\thinkphp\lang\zh-cn.php
[ info ] [ ROUTE ] array (
  'type' => 'module',
  'module' => 
  array (
    0 => 'static',
    1 => 'index',
    2 => 'css',
  ),
)
[ info ] [ HEADER ] array (
  'host' => 'www.tp5.com',
  'user-agent' => 'Mozilla/5.0 (Windows NT 6.1; Win64; x64; rv:60.0) Gecko/20100101 Firefox/60.0',
  'accept' => 'text/css,*/*;q=0.1',
  'accept-language' => 'zh-CN,zh;q=0.8,zh-TW;q=0.7,zh-HK;q=0.5,en-US;q=0.3,en;q=0.2',
  'accept-encoding' => 'gzip, deflate',
  'referer' => 'http://www.tp5.com/admin.php/index/index/xxtx.html',
  'cookie' => 'pgv_pvi=9210117120; hibext_instdsigdipv2=1; _ga=GA1.2.1868033078.1526888261; PHPSESSID=1n3o4udgm3ho5sf2cnuuk4b641; _gid=GA1.2.130850067.1529632047; trdipcktrffcext=1; _gat=1',
  'connection' => 'keep-alive',
)
[ info ] [ PARAM ] array (
)
[ info ] [ LOG ] INIT File
---------------------------------------------------------------
[ 2018-06-22T15:44:42+08:00 ] 127.0.0.1 GET /admin.php/index/index/lrdd.html
[ info ] www.tp5.com/admin.php/index/index/lrdd.html [运行时间：0.028000s][吞吐率：35.71req/s] [内存消耗：1,591.84kb] [文件加载：40]
[ info ] [ LANG ] E:\xampp\htdocs\xinjia\tp5\thinkphp\lang\zh-cn.php
[ info ] [ ROUTE ] array (
  'type' => 'module',
  'module' => 
  array (
    0 => 'index',
    1 => 'index',
    2 => 'lrdd',
  ),
)
[ info ] [ HEADER ] array (
  'host' => 'www.tp5.com',
  'user-agent' => 'Mozilla/5.0 (Windows NT 6.1; Win64; x64; rv:60.0) Gecko/20100101 Firefox/60.0',
  'accept' => 'text/html,application/xhtml+xml,application/xml;q=0.9,*/*;q=0.8',
  'accept-language' => 'zh-CN,zh;q=0.8,zh-TW;q=0.7,zh-HK;q=0.5,en-US;q=0.3,en;q=0.2',
  'accept-encoding' => 'gzip, deflate',
  'referer' => 'http://www.tp5.com/admin.php/index/index/xxtx.html',
  'cookie' => 'thinkphp_show_page_trace=0|0; pgv_pvi=9210117120; hibext_instdsigdipv2=1; _ga=GA1.2.1868033078.1526888261; PHPSESSID=1n3o4udgm3ho5sf2cnuuk4b641; _gid=GA1.2.130850067.1529632047; trdipcktrffcext=1; _gat=1',
  'connection' => 'keep-alive',
  'upgrade-insecure-requests' => '1',
)
[ info ] [ PARAM ] array (
)
[ info ] [ RUN ] app\index\controller\Index->lrdd[ E:\xampp\htdocs\xinjia\tp5\application\index\controller\Index.php ]
[ info ] [ VIEW ] E:\xampp\htdocs\xinjia\tp5\public/../application/index\view\index\lrdd.html [ array (
) ]
[ info ] [ LOG ] INIT File
---------------------------------------------------------------
[ 2018-06-22T15:44:42+08:00 ] 127.0.0.1 GET /static/index/css/font.css
[ info ] www.tp5.com/static/index/css/font.css [运行时间：0.026000s][吞吐率：38.46req/s] [内存消耗：1,138.65kb] [文件加载：32]
[ info ] [ LANG ] E:\xampp\htdocs\xinjia\tp5\thinkphp\lang\zh-cn.php
[ info ] [ ROUTE ] array (
  'type' => 'module',
  'module' => 
  array (
    0 => 'static',
    1 => 'index',
    2 => 'css',
  ),
)
[ info ] [ HEADER ] array (
  'host' => 'www.tp5.com',
  'user-agent' => 'Mozilla/5.0 (Windows NT 6.1; Win64; x64; rv:60.0) Gecko/20100101 Firefox/60.0',
  'accept' => 'text/css,*/*;q=0.1',
  'accept-language' => 'zh-CN,zh;q=0.8,zh-TW;q=0.7,zh-HK;q=0.5,en-US;q=0.3,en;q=0.2',
  'accept-encoding' => 'gzip, deflate',
  'referer' => 'http://www.tp5.com/admin.php/index/index/lrdd.html',
  'cookie' => 'pgv_pvi=9210117120; hibext_instdsigdipv2=1; _ga=GA1.2.1868033078.1526888261; PHPSESSID=1n3o4udgm3ho5sf2cnuuk4b641; _gid=GA1.2.130850067.1529632047; trdipcktrffcext=1; _gat=1',
  'connection' => 'keep-alive',
)
[ info ] [ PARAM ] array (
)
[ info ] [ LOG ] INIT File
---------------------------------------------------------------
[ 2018-06-22T15:45:10+08:00 ] 127.0.0.1 GET /admin.php/index/index/personal.html
[ info ] www.tp5.com/admin.php/index/index/personal.html [运行时间：0.036000s][吞吐率：27.78req/s] [内存消耗：1,470.51kb] [文件加载：39]
[ info ] [ LANG ] E:\xampp\htdocs\xinjia\tp5\thinkphp\lang\zh-cn.php
[ info ] [ ROUTE ] array (
  'type' => 'module',
  'module' => 
  array (
    0 => 'index',
    1 => 'index',
    2 => 'personal',
  ),
)
[ info ] [ HEADER ] array (
  'host' => 'www.tp5.com',
  'user-agent' => 'Mozilla/5.0 (Windows NT 6.1; Win64; x64; rv:60.0) Gecko/20100101 Firefox/60.0',
  'accept' => 'text/html,application/xhtml+xml,application/xml;q=0.9,*/*;q=0.8',
  'accept-language' => 'zh-CN,zh;q=0.8,zh-TW;q=0.7,zh-HK;q=0.5,en-US;q=0.3,en;q=0.2',
  'accept-encoding' => 'gzip, deflate',
  'referer' => 'http://www.tp5.com/admin.php/index/index/index.html',
  'cookie' => 'thinkphp_show_page_trace=0|0; pgv_pvi=9210117120; hibext_instdsigdipv2=1; _ga=GA1.2.1868033078.1526888261; PHPSESSID=1n3o4udgm3ho5sf2cnuuk4b641; _gid=GA1.2.130850067.1529632047; trdipcktrffcext=1; _gat=1',
  'connection' => 'keep-alive',
  'upgrade-insecure-requests' => '1',
)
[ info ] [ PARAM ] array (
)
[ info ] [ RUN ] app\index\controller\Index->personal[ E:\xampp\htdocs\xinjia\tp5\application\index\controller\Index.php ]
[ info ] [ VIEW ] E:\xampp\htdocs\xinjia\tp5\public/../application/index\view\index\personal.html [ array (
) ]
[ info ] [ LOG ] INIT File
---------------------------------------------------------------
[ 2018-06-22T15:45:10+08:00 ] 127.0.0.1 GET /static/index/css/font.css
[ info ] www.tp5.com/static/index/css/font.css [运行时间：0.026000s][吞吐率：38.46req/s] [内存消耗：1,138.59kb] [文件加载：32]
[ info ] [ LANG ] E:\xampp\htdocs\xinjia\tp5\thinkphp\lang\zh-cn.php
[ info ] [ ROUTE ] array (
  'type' => 'module',
  'module' => 
  array (
    0 => 'static',
    1 => 'index',
    2 => 'css',
  ),
)
[ info ] [ HEADER ] array (
  'host' => 'www.tp5.com',
  'user-agent' => 'Mozilla/5.0 (Windows NT 6.1; Win64; x64; rv:60.0) Gecko/20100101 Firefox/60.0',
  'accept' => 'text/css,*/*;q=0.1',
  'accept-language' => 'zh-CN,zh;q=0.8,zh-TW;q=0.7,zh-HK;q=0.5,en-US;q=0.3,en;q=0.2',
  'accept-encoding' => 'gzip, deflate',
  'referer' => 'http://www.tp5.com/admin.php/index/index/personal.html',
  'cookie' => 'pgv_pvi=9210117120; hibext_instdsigdipv2=1; _ga=GA1.2.1868033078.1526888261; PHPSESSID=1n3o4udgm3ho5sf2cnuuk4b641; _gid=GA1.2.130850067.1529632047; trdipcktrffcext=1; _gat=1',
  'connection' => 'keep-alive',
)
[ info ] [ PARAM ] array (
)
[ info ] [ LOG ] INIT File
---------------------------------------------------------------
[ 2018-06-22T15:45:10+08:00 ] 127.0.0.1 GET /static/index/js/xadmin.js
[ info ] www.tp5.com/static/index/js/xadmin.js [运行时间：0.026000s][吞吐率：38.46req/s] [内存消耗：1,138.53kb] [文件加载：32]
[ info ] [ LANG ] E:\xampp\htdocs\xinjia\tp5\thinkphp\lang\zh-cn.php
[ info ] [ ROUTE ] array (
  'type' => 'module',
  'module' => 
  array (
    0 => 'static',
    1 => 'index',
    2 => 'js',
  ),
)
[ info ] [ HEADER ] array (
  'host' => 'www.tp5.com',
  'user-agent' => 'Mozilla/5.0 (Windows NT 6.1; Win64; x64; rv:60.0) Gecko/20100101 Firefox/60.0',
  'accept' => '*/*',
  'accept-language' => 'zh-CN,zh;q=0.8,zh-TW;q=0.7,zh-HK;q=0.5,en-US;q=0.3,en;q=0.2',
  'accept-encoding' => 'gzip, deflate',
  'referer' => 'http://www.tp5.com/admin.php/index/index/personal.html',
  'cookie' => 'pgv_pvi=9210117120; hibext_instdsigdipv2=1; _ga=GA1.2.1868033078.1526888261; PHPSESSID=1n3o4udgm3ho5sf2cnuuk4b641; _gid=GA1.2.130850067.1529632047; trdipcktrffcext=1; _gat=1',
  'connection' => 'keep-alive',
)
[ info ] [ PARAM ] array (
)
[ info ] [ LOG ] INIT File
---------------------------------------------------------------
[ 2018-06-22T15:45:11+08:00 ] 127.0.0.1 GET /static/index/css/xadmin.css
[ info ] www.tp5.com/static/index/css/xadmin.css [运行时间：0.025000s][吞吐率：40.00req/s] [内存消耗：1,138.59kb] [文件加载：32]
[ info ] [ LANG ] E:\xampp\htdocs\xinjia\tp5\thinkphp\lang\zh-cn.php
[ info ] [ ROUTE ] array (
  'type' => 'module',
  'module' => 
  array (
    0 => 'static',
    1 => 'index',
    2 => 'css',
  ),
)
[ info ] [ HEADER ] array (
  'host' => 'www.tp5.com',
  'user-agent' => 'Mozilla/5.0 (Windows NT 6.1; Win64; x64; rv:60.0) Gecko/20100101 Firefox/60.0',
  'accept' => 'text/css,*/*;q=0.1',
  'accept-language' => 'zh-CN,zh;q=0.8,zh-TW;q=0.7,zh-HK;q=0.5,en-US;q=0.3,en;q=0.2',
  'accept-encoding' => 'gzip, deflate',
  'referer' => 'http://www.tp5.com/admin.php/index/index/personal.html',
  'cookie' => 'pgv_pvi=9210117120; hibext_instdsigdipv2=1; _ga=GA1.2.1868033078.1526888261; PHPSESSID=1n3o4udgm3ho5sf2cnuuk4b641; _gid=GA1.2.130850067.1529632047; trdipcktrffcext=1; _gat=1',
  'connection' => 'keep-alive',
)
[ info ] [ PARAM ] array (
)
[ info ] [ LOG ] INIT File
---------------------------------------------------------------
[ 2018-06-22T15:45:11+08:00 ] 127.0.0.1 GET /static/index/css/xadmin.css
[ info ] www.tp5.com/static/index/css/xadmin.css [运行时间：0.023000s][吞吐率：43.48req/s] [内存消耗：1,138.59kb] [文件加载：32]
[ info ] [ LANG ] E:\xampp\htdocs\xinjia\tp5\thinkphp\lang\zh-cn.php
[ info ] [ ROUTE ] array (
  'type' => 'module',
  'module' => 
  array (
    0 => 'static',
    1 => 'index',
    2 => 'css',
  ),
)
[ info ] [ HEADER ] array (
  'host' => 'www.tp5.com',
  'user-agent' => 'Mozilla/5.0 (Windows NT 6.1; Win64; x64; rv:60.0) Gecko/20100101 Firefox/60.0',
  'accept' => 'text/css,*/*;q=0.1',
  'accept-language' => 'zh-CN,zh;q=0.8,zh-TW;q=0.7,zh-HK;q=0.5,en-US;q=0.3,en;q=0.2',
  'accept-encoding' => 'gzip, deflate',
  'referer' => 'http://www.tp5.com/admin.php/index/index/personal.html',
  'cookie' => 'pgv_pvi=9210117120; hibext_instdsigdipv2=1; _ga=GA1.2.1868033078.1526888261; PHPSESSID=1n3o4udgm3ho5sf2cnuuk4b641; _gid=GA1.2.130850067.1529632047; trdipcktrffcext=1; _gat=1',
  'connection' => 'keep-alive',
)
[ info ] [ PARAM ] array (
)
[ info ] [ LOG ] INIT File
---------------------------------------------------------------
[ 2018-06-22T15:45:11+08:00 ] 127.0.0.1 GET /static/index/js/xadmin.js
[ info ] www.tp5.com/static/index/js/xadmin.js [运行时间：0.024000s][吞吐率：41.67req/s] [内存消耗：1,138.53kb] [文件加载：32]
[ info ] [ LANG ] E:\xampp\htdocs\xinjia\tp5\thinkphp\lang\zh-cn.php
[ info ] [ ROUTE ] array (
  'type' => 'module',
  'module' => 
  array (
    0 => 'static',
    1 => 'index',
    2 => 'js',
  ),
)
[ info ] [ HEADER ] array (
  'host' => 'www.tp5.com',
  'user-agent' => 'Mozilla/5.0 (Windows NT 6.1; Win64; x64; rv:60.0) Gecko/20100101 Firefox/60.0',
  'accept' => '*/*',
  'accept-language' => 'zh-CN,zh;q=0.8,zh-TW;q=0.7,zh-HK;q=0.5,en-US;q=0.3,en;q=0.2',
  'accept-encoding' => 'gzip, deflate',
  'referer' => 'http://www.tp5.com/admin.php/index/index/personal.html',
  'cookie' => 'pgv_pvi=9210117120; hibext_instdsigdipv2=1; _ga=GA1.2.1868033078.1526888261; PHPSESSID=1n3o4udgm3ho5sf2cnuuk4b641; _gid=GA1.2.130850067.1529632047; trdipcktrffcext=1; _gat=1',
  'connection' => 'keep-alive',
)
[ info ] [ PARAM ] array (
)
[ info ] [ LOG ] INIT File
---------------------------------------------------------------
[ 2018-06-22T15:45:11+08:00 ] 127.0.0.1 GET /admin.php/index/personal/steward.html
[ info ] www.tp5.com/admin.php/index/personal/steward.html [运行时间：0.026000s][吞吐率：38.46req/s] [内存消耗：1,407.81kb] [文件加载：38]
[ info ] [ LANG ] E:\xampp\htdocs\xinjia\tp5\thinkphp\lang\zh-cn.php
[ info ] [ ROUTE ] array (
  'type' => 'module',
  'module' => 
  array (
    0 => 'index',
    1 => 'personal',
    2 => 'steward',
  ),
)
[ info ] [ HEADER ] array (
  'host' => 'www.tp5.com',
  'user-agent' => 'Mozilla/5.0 (Windows NT 6.1; Win64; x64; rv:60.0) Gecko/20100101 Firefox/60.0',
  'accept' => 'text/html,application/xhtml+xml,application/xml;q=0.9,*/*;q=0.8',
  'accept-language' => 'zh-CN,zh;q=0.8,zh-TW;q=0.7,zh-HK;q=0.5,en-US;q=0.3,en;q=0.2',
  'accept-encoding' => 'gzip, deflate',
  'referer' => 'http://www.tp5.com/admin.php/index/index/personal.html',
  'cookie' => 'thinkphp_show_page_trace=0|0; pgv_pvi=9210117120; hibext_instdsigdipv2=1; _ga=GA1.2.1868033078.1526888261; PHPSESSID=1n3o4udgm3ho5sf2cnuuk4b641; _gid=GA1.2.130850067.1529632047; trdipcktrffcext=1; _gat=1',
  'connection' => 'keep-alive',
  'upgrade-insecure-requests' => '1',
)
[ info ] [ PARAM ] array (
)
[ info ] [ RUN ] app\index\controller\Personal->steward[ E:\xampp\htdocs\xinjia\tp5\application\index\controller\Personal.php ]
[ info ] [ VIEW ] E:\xampp\htdocs\xinjia\tp5\public/../application/index\view\personal\steward.html [ array (
) ]
[ info ] [ LOG ] INIT File
---------------------------------------------------------------
[ 2018-06-22T15:45:11+08:00 ] 127.0.0.1 GET /static/index/css/font.css
[ info ] www.tp5.com/static/index/css/font.css [运行时间：0.023000s][吞吐率：43.48req/s] [内存消耗：1,138.62kb] [文件加载：32]
[ info ] [ LANG ] E:\xampp\htdocs\xinjia\tp5\thinkphp\lang\zh-cn.php
[ info ] [ ROUTE ] array (
  'type' => 'module',
  'module' => 
  array (
    0 => 'static',
    1 => 'index',
    2 => 'css',
  ),
)
[ info ] [ HEADER ] array (
  'host' => 'www.tp5.com',
  'user-agent' => 'Mozilla/5.0 (Windows NT 6.1; Win64; x64; rv:60.0) Gecko/20100101 Firefox/60.0',
  'accept' => 'text/css,*/*;q=0.1',
  'accept-language' => 'zh-CN,zh;q=0.8,zh-TW;q=0.7,zh-HK;q=0.5,en-US;q=0.3,en;q=0.2',
  'accept-encoding' => 'gzip, deflate',
  'referer' => 'http://www.tp5.com/admin.php/index/personal/steward.html',
  'cookie' => 'pgv_pvi=9210117120; hibext_instdsigdipv2=1; _ga=GA1.2.1868033078.1526888261; PHPSESSID=1n3o4udgm3ho5sf2cnuuk4b641; _gid=GA1.2.130850067.1529632047; trdipcktrffcext=1; _gat=1',
  'connection' => 'keep-alive',
)
[ info ] [ PARAM ] array (
)
[ info ] [ LOG ] INIT File
---------------------------------------------------------------
[ 2018-06-22T15:46:10+08:00 ] 127.0.0.1 GET /admin.php/index/index/hyyj.html
[ info ] www.tp5.com/admin.php/index/index/hyyj.html [运行时间：0.029000s][吞吐率：34.48req/s] [内存消耗：1,470.80kb] [文件加载：39]
[ info ] [ LANG ] E:\xampp\htdocs\xinjia\tp5\thinkphp\lang\zh-cn.php
[ info ] [ ROUTE ] array (
  'type' => 'module',
  'module' => 
  array (
    0 => 'index',
    1 => 'index',
    2 => 'hyyj',
  ),
)
[ info ] [ HEADER ] array (
  'host' => 'www.tp5.com',
  'user-agent' => 'Mozilla/5.0 (Windows NT 6.1; Win64; x64; rv:60.0) Gecko/20100101 Firefox/60.0',
  'accept' => 'text/html,application/xhtml+xml,application/xml;q=0.9,*/*;q=0.8',
  'accept-language' => 'zh-CN,zh;q=0.8,zh-TW;q=0.7,zh-HK;q=0.5,en-US;q=0.3,en;q=0.2',
  'accept-encoding' => 'gzip, deflate',
  'referer' => 'http://www.tp5.com/admin.php/index/index/index.html',
  'cookie' => 'thinkphp_show_page_trace=0|0; pgv_pvi=9210117120; hibext_instdsigdipv2=1; _ga=GA1.2.1868033078.1526888261; PHPSESSID=1n3o4udgm3ho5sf2cnuuk4b641; _gid=GA1.2.130850067.1529632047; trdipcktrffcext=1',
  'connection' => 'keep-alive',
  'upgrade-insecure-requests' => '1',
  'pragma' => 'no-cache',
  'cache-control' => 'no-cache',
)
[ info ] [ PARAM ] array (
)
[ info ] [ RUN ] app\index\controller\Index->hyyj[ E:\xampp\htdocs\xinjia\tp5\application\index\controller\Index.php ]
[ info ] [ VIEW ] E:\xampp\htdocs\xinjia\tp5\public/../application/index\view\index\hyyj.html [ array (
) ]
[ info ] [ LOG ] INIT File
---------------------------------------------------------------
[ 2018-06-22T15:46:11+08:00 ] 127.0.0.1 GET /static/index/css/font.css
[ info ] www.tp5.com/static/index/css/font.css [运行时间：0.030000s][吞吐率：33.33req/s] [内存消耗：1,139.06kb] [文件加载：32]
[ info ] [ LANG ] E:\xampp\htdocs\xinjia\tp5\thinkphp\lang\zh-cn.php
[ info ] [ ROUTE ] array (
  'type' => 'module',
  'module' => 
  array (
    0 => 'static',
    1 => 'index',
    2 => 'css',
  ),
)
[ info ] [ HEADER ] array (
  'host' => 'www.tp5.com',
  'user-agent' => 'Mozilla/5.0 (Windows NT 6.1; Win64; x64; rv:60.0) Gecko/20100101 Firefox/60.0',
  'accept' => 'text/css,*/*;q=0.1',
  'accept-language' => 'zh-CN,zh;q=0.8,zh-TW;q=0.7,zh-HK;q=0.5,en-US;q=0.3,en;q=0.2',
  'accept-encoding' => 'gzip, deflate',
  'referer' => 'http://www.tp5.com/admin.php/index/index/hyyj.html',
  'cookie' => 'pgv_pvi=9210117120; hibext_instdsigdipv2=1; _ga=GA1.2.1868033078.1526888261; PHPSESSID=1n3o4udgm3ho5sf2cnuuk4b641; _gid=GA1.2.130850067.1529632047; trdipcktrffcext=1',
  'connection' => 'keep-alive',
  'pragma' => 'no-cache',
  'cache-control' => 'no-cache',
)
[ info ] [ PARAM ] array (
)
[ info ] [ LOG ] INIT File
---------------------------------------------------------------
[ 2018-06-22T15:46:12+08:00 ] 127.0.0.1 GET /admin.php/index/index/container.html
[ info ] www.tp5.com/admin.php/index/index/container.html [运行时间：0.034000s][吞吐率：29.41req/s] [内存消耗：1,409.91kb] [文件加载：38]
[ info ] [ LANG ] E:\xampp\htdocs\xinjia\tp5\thinkphp\lang\zh-cn.php
[ info ] [ ROUTE ] array (
  'type' => 'module',
  'module' => 
  array (
    0 => 'index',
    1 => 'index',
    2 => 'container',
  ),
)
[ info ] [ HEADER ] array (
  'host' => 'www.tp5.com',
  'user-agent' => 'Mozilla/5.0 (Windows NT 6.1; Win64; x64; rv:60.0) Gecko/20100101 Firefox/60.0',
  'accept' => 'text/html,application/xhtml+xml,application/xml;q=0.9,*/*;q=0.8',
  'accept-language' => 'zh-CN,zh;q=0.8,zh-TW;q=0.7,zh-HK;q=0.5,en-US;q=0.3,en;q=0.2',
  'accept-encoding' => 'gzip, deflate',
  'referer' => 'http://www.tp5.com/admin.php/index/index/index.html',
  'cookie' => 'thinkphp_show_page_trace=0|0; pgv_pvi=9210117120; hibext_instdsigdipv2=1; _ga=GA1.2.1868033078.1526888261; PHPSESSID=1n3o4udgm3ho5sf2cnuuk4b641; _gid=GA1.2.130850067.1529632047; trdipcktrffcext=1',
  'connection' => 'keep-alive',
  'upgrade-insecure-requests' => '1',
  'pragma' => 'no-cache',
  'cache-control' => 'no-cache',
)
[ info ] [ PARAM ] array (
)
[ info ] [ RUN ] app\index\controller\Index->container[ E:\xampp\htdocs\xinjia\tp5\application\index\controller\Index.php ]
[ info ] [ VIEW ] E:\xampp\htdocs\xinjia\tp5\public/../application/index\view\index\container.html [ array (
) ]
[ info ] [ LOG ] INIT File
---------------------------------------------------------------
[ 2018-06-22T15:46:12+08:00 ] 127.0.0.1 GET /static/index/css/font.css
[ info ] www.tp5.com/static/index/css/font.css [运行时间：0.028000s][吞吐率：35.71req/s] [内存消耗：1,139.01kb] [文件加载：32]
[ info ] [ LANG ] E:\xampp\htdocs\xinjia\tp5\thinkphp\lang\zh-cn.php
[ info ] [ ROUTE ] array (
  'type' => 'module',
  'module' => 
  array (
    0 => 'static',
    1 => 'index',
    2 => 'css',
  ),
)
[ info ] [ HEADER ] array (
  'host' => 'www.tp5.com',
  'user-agent' => 'Mozilla/5.0 (Windows NT 6.1; Win64; x64; rv:60.0) Gecko/20100101 Firefox/60.0',
  'accept' => 'text/css,*/*;q=0.1',
  'accept-language' => 'zh-CN,zh;q=0.8,zh-TW;q=0.7,zh-HK;q=0.5,en-US;q=0.3,en;q=0.2',
  'accept-encoding' => 'gzip, deflate',
  'referer' => 'http://www.tp5.com/admin.php/index/index/container.html',
  'cookie' => 'pgv_pvi=9210117120; hibext_instdsigdipv2=1; _ga=GA1.2.1868033078.1526888261; PHPSESSID=1n3o4udgm3ho5sf2cnuuk4b641; _gid=GA1.2.130850067.1529632047; trdipcktrffcext=1',
  'connection' => 'keep-alive',
  'pragma' => 'no-cache',
  'cache-control' => 'no-cache',
)
[ info ] [ PARAM ] array (
)
[ info ] [ LOG ] INIT File
---------------------------------------------------------------
[ 2018-06-22T15:46:14+08:00 ] 127.0.0.1 GET /admin.php/index/index/hyyj.html
[ info ] www.tp5.com/admin.php/index/index/hyyj.html [运行时间：0.034000s][吞吐率：29.41req/s] [内存消耗：1,470.80kb] [文件加载：39]
[ info ] [ LANG ] E:\xampp\htdocs\xinjia\tp5\thinkphp\lang\zh-cn.php
[ info ] [ ROUTE ] array (
  'type' => 'module',
  'module' => 
  array (
    0 => 'index',
    1 => 'index',
    2 => 'hyyj',
  ),
)
[ info ] [ HEADER ] array (
  'host' => 'www.tp5.com',
  'user-agent' => 'Mozilla/5.0 (Windows NT 6.1; Win64; x64; rv:60.0) Gecko/20100101 Firefox/60.0',
  'accept' => 'text/html,application/xhtml+xml,application/xml;q=0.9,*/*;q=0.8',
  'accept-language' => 'zh-CN,zh;q=0.8,zh-TW;q=0.7,zh-HK;q=0.5,en-US;q=0.3,en;q=0.2',
  'accept-encoding' => 'gzip, deflate',
  'referer' => 'http://www.tp5.com/admin.php/index/index/index.html',
  'cookie' => 'thinkphp_show_page_trace=0|0; pgv_pvi=9210117120; hibext_instdsigdipv2=1; _ga=GA1.2.1868033078.1526888261; PHPSESSID=1n3o4udgm3ho5sf2cnuuk4b641; _gid=GA1.2.130850067.1529632047; trdipcktrffcext=1',
  'connection' => 'keep-alive',
  'upgrade-insecure-requests' => '1',
  'pragma' => 'no-cache',
  'cache-control' => 'no-cache',
)
[ info ] [ PARAM ] array (
)
[ info ] [ RUN ] app\index\controller\Index->hyyj[ E:\xampp\htdocs\xinjia\tp5\application\index\controller\Index.php ]
[ info ] [ VIEW ] E:\xampp\htdocs\xinjia\tp5\public/../application/index\view\index\hyyj.html [ array (
) ]
[ info ] [ LOG ] INIT File
---------------------------------------------------------------
[ 2018-06-22T15:46:14+08:00 ] 127.0.0.1 GET /static/index/css/font.css
[ info ] www.tp5.com/static/index/css/font.css [运行时间：0.024000s][吞吐率：41.67req/s] [内存消耗：1,139.06kb] [文件加载：32]
[ info ] [ LANG ] E:\xampp\htdocs\xinjia\tp5\thinkphp\lang\zh-cn.php
[ info ] [ ROUTE ] array (
  'type' => 'module',
  'module' => 
  array (
    0 => 'static',
    1 => 'index',
    2 => 'css',
  ),
)
[ info ] [ HEADER ] array (
  'host' => 'www.tp5.com',
  'user-agent' => 'Mozilla/5.0 (Windows NT 6.1; Win64; x64; rv:60.0) Gecko/20100101 Firefox/60.0',
  'accept' => 'text/css,*/*;q=0.1',
  'accept-language' => 'zh-CN,zh;q=0.8,zh-TW;q=0.7,zh-HK;q=0.5,en-US;q=0.3,en;q=0.2',
  'accept-encoding' => 'gzip, deflate',
  'referer' => 'http://www.tp5.com/admin.php/index/index/hyyj.html',
  'cookie' => 'pgv_pvi=9210117120; hibext_instdsigdipv2=1; _ga=GA1.2.1868033078.1526888261; PHPSESSID=1n3o4udgm3ho5sf2cnuuk4b641; _gid=GA1.2.130850067.1529632047; trdipcktrffcext=1',
  'connection' => 'keep-alive',
  'pragma' => 'no-cache',
  'cache-control' => 'no-cache',
)
[ info ] [ PARAM ] array (
)
[ info ] [ LOG ] INIT File
---------------------------------------------------------------
[ 2018-06-22T15:47:12+08:00 ] 127.0.0.1 GET /admin.php/index/index/xxtx.html
[ info ] www.tp5.com/admin.php/index/index/xxtx.html [运行时间：0.044000s][吞吐率：22.73req/s] [内存消耗：1,470.28kb] [文件加载：39]
[ info ] [ LANG ] E:\xampp\htdocs\xinjia\tp5\thinkphp\lang\zh-cn.php
[ info ] [ ROUTE ] array (
  'type' => 'module',
  'module' => 
  array (
    0 => 'index',
    1 => 'index',
    2 => 'xxtx',
  ),
)
[ info ] [ HEADER ] array (
  'host' => 'www.tp5.com',
  'user-agent' => 'Mozilla/5.0 (Windows NT 6.1; Win64; x64; rv:60.0) Gecko/20100101 Firefox/60.0',
  'accept' => 'text/html,application/xhtml+xml,application/xml;q=0.9,*/*;q=0.8',
  'accept-language' => 'zh-CN,zh;q=0.8,zh-TW;q=0.7,zh-HK;q=0.5,en-US;q=0.3,en;q=0.2',
  'accept-encoding' => 'gzip, deflate',
  'referer' => 'http://www.tp5.com/admin.php/index/index/hyyj.html',
  'cookie' => 'thinkphp_show_page_trace=0|0; pgv_pvi=9210117120; hibext_instdsigdipv2=1; _ga=GA1.2.1868033078.1526888261; PHPSESSID=1n3o4udgm3ho5sf2cnuuk4b641; _gid=GA1.2.130850067.1529632047; trdipcktrffcext=1',
  'connection' => 'keep-alive',
  'upgrade-insecure-requests' => '1',
)
[ info ] [ PARAM ] array (
)
[ info ] [ RUN ] app\index\controller\Index->xxtx[ E:\xampp\htdocs\xinjia\tp5\application\index\controller\Index.php ]
[ info ] [ VIEW ] E:\xampp\htdocs\xinjia\tp5\public/../application/index\view\index\xxtx.html [ array (
) ]
[ info ] [ LOG ] INIT File
---------------------------------------------------------------
[ 2018-06-22T15:47:12+08:00 ] 127.0.0.1 GET /static/index/css/font.css
[ info ] www.tp5.com/static/index/css/font.css [运行时间：0.027000s][吞吐率：37.04req/s] [内存消耗：1,138.63kb] [文件加载：32]
[ info ] [ LANG ] E:\xampp\htdocs\xinjia\tp5\thinkphp\lang\zh-cn.php
[ info ] [ ROUTE ] array (
  'type' => 'module',
  'module' => 
  array (
    0 => 'static',
    1 => 'index',
    2 => 'css',
  ),
)
[ info ] [ HEADER ] array (
  'host' => 'www.tp5.com',
  'user-agent' => 'Mozilla/5.0 (Windows NT 6.1; Win64; x64; rv:60.0) Gecko/20100101 Firefox/60.0',
  'accept' => 'text/css,*/*;q=0.1',
  'accept-language' => 'zh-CN,zh;q=0.8,zh-TW;q=0.7,zh-HK;q=0.5,en-US;q=0.3,en;q=0.2',
  'accept-encoding' => 'gzip, deflate',
  'referer' => 'http://www.tp5.com/admin.php/index/index/xxtx.html',
  'cookie' => 'pgv_pvi=9210117120; hibext_instdsigdipv2=1; _ga=GA1.2.1868033078.1526888261; PHPSESSID=1n3o4udgm3ho5sf2cnuuk4b641; _gid=GA1.2.130850067.1529632047; trdipcktrffcext=1',
  'connection' => 'keep-alive',
)
[ info ] [ PARAM ] array (
)
[ info ] [ LOG ] INIT File
