---------------------------------------------------------------
[ 2018-06-23T16:34:23+08:00 ] 127.0.0.1 GET /admin/index
[ info ] www.tp5.com/admin/index [运行时间：0.050231s][吞吐率：19.91req/s] [内存消耗：1,143.11kb] [文件加载：34]
[ info ] [ LANG ] E:\xampp\htdocs\xinjia\tp5\thinkphp\lang\zh-cn.php
[ info ] [ BIND ] 'index'
[ info ] [ ROUTE ] array (
  'type' => 'module',
  'module' => 
  array (
    0 => 'index',
    1 => 'admin',
    2 => 'index',
  ),
)
[ info ] [ HEADER ] array (
  'host' => 'www.tp5.com',
  'user-agent' => 'Mozilla/5.0 (Windows NT 10.0; Win64; x64; rv:60.0) Gecko/20100101 Firefox/60.0',
  'accept' => 'text/html,application/xhtml+xml,application/xml;q=0.9,*/*;q=0.8',
  'accept-language' => 'zh-CN,zh;q=0.8,zh-TW;q=0.7,zh-HK;q=0.5,en-US;q=0.3,en;q=0.2',
  'accept-encoding' => 'gzip, deflate',
  'connection' => 'keep-alive',
  'upgrade-insecure-requests' => '1',
)
[ info ] [ PARAM ] array (
)
[ info ] [ LOG ] INIT File
---------------------------------------------------------------
[ 2018-06-23T16:34:42+08:00 ] 127.0.0.1 GET /admin.php/admin/index
[ info ] www.tp5.com/admin.php/admin/index [运行时间：0.046417s][吞吐率：21.54req/s] [内存消耗：1,143.41kb] [文件加载：35]
[ info ] [ LANG ] E:\xampp\htdocs\xinjia\tp5\thinkphp\lang\zh-cn.php
[ info ] [ BIND ] 'admin'
[ info ] [ ROUTE ] array (
  'type' => 'module',
  'module' => 
  array (
    0 => 'admin',
    1 => 'admin',
    2 => 'index',
  ),
)
[ info ] [ HEADER ] array (
  'host' => 'www.tp5.com',
  'user-agent' => 'Mozilla/5.0 (Windows NT 10.0; Win64; x64; rv:60.0) Gecko/20100101 Firefox/60.0',
  'accept' => 'text/html,application/xhtml+xml,application/xml;q=0.9,*/*;q=0.8',
  'accept-language' => 'zh-CN,zh;q=0.8,zh-TW;q=0.7,zh-HK;q=0.5,en-US;q=0.3,en;q=0.2',
  'accept-encoding' => 'gzip, deflate',
  'connection' => 'keep-alive',
  'upgrade-insecure-requests' => '1',
)
[ info ] [ PARAM ] array (
)
[ info ] [ LOG ] INIT File
---------------------------------------------------------------
[ 2018-06-23T16:34:50+08:00 ] 127.0.0.1 GET /admin.php/index
[ info ] www.tp5.com/admin.php/index [运行时间：0.188092s][吞吐率：5.32req/s] [内存消耗：1,622.48kb] [文件加载：44]
[ info ] [ LANG ] E:\xampp\htdocs\xinjia\tp5\thinkphp\lang\zh-cn.php
[ info ] [ BIND ] 'admin'
[ info ] [ ROUTE ] array (
  'type' => 'module',
  'module' => 
  array (
    0 => 'admin',
    1 => 'index',
    2 => NULL,
  ),
)
[ info ] [ HEADER ] array (
  'host' => 'www.tp5.com',
  'user-agent' => 'Mozilla/5.0 (Windows NT 10.0; Win64; x64; rv:60.0) Gecko/20100101 Firefox/60.0',
  'accept' => 'text/html,application/xhtml+xml,application/xml;q=0.9,*/*;q=0.8',
  'accept-language' => 'zh-CN,zh;q=0.8,zh-TW;q=0.7,zh-HK;q=0.5,en-US;q=0.3,en;q=0.2',
  'accept-encoding' => 'gzip, deflate',
  'connection' => 'keep-alive',
  'upgrade-insecure-requests' => '1',
)
[ info ] [ PARAM ] array (
)
[ info ] [ SESSION ] INIT array (
  'id' => '',
  'var_session_id' => '',
  'prefix' => 'think',
  'type' => '',
  'auto_start' => true,
)
[ info ] [ VIEW ] E:\xampp\htdocs\xinjia\tp5\thinkphp\tpl\dispatch_jump.tpl [ array (
  0 => 'code',
  1 => 'msg',
  2 => 'data',
  3 => 'url',
  4 => 'wait',
) ]
[ info ] [ LOG ] INIT File
---------------------------------------------------------------
[ 2018-06-23T16:34:54+08:00 ] 127.0.0.1 GET /admin.php/login/index.html
[ info ] www.tp5.com/admin.php/login/index.html [运行时间：0.101262s][吞吐率：9.88req/s] [内存消耗：1,608.53kb] [文件加载：42]
[ info ] [ LANG ] E:\xampp\htdocs\xinjia\tp5\thinkphp\lang\zh-cn.php
[ info ] [ BIND ] 'admin'
[ info ] [ ROUTE ] array (
  'type' => 'module',
  'module' => 
  array (
    0 => 'admin',
    1 => 'login',
    2 => 'index',
  ),
)
[ info ] [ HEADER ] array (
  'host' => 'www.tp5.com',
  'user-agent' => 'Mozilla/5.0 (Windows NT 10.0; Win64; x64; rv:60.0) Gecko/20100101 Firefox/60.0',
  'accept' => 'text/html,application/xhtml+xml,application/xml;q=0.9,*/*;q=0.8',
  'accept-language' => 'zh-CN,zh;q=0.8,zh-TW;q=0.7,zh-HK;q=0.5,en-US;q=0.3,en;q=0.2',
  'accept-encoding' => 'gzip, deflate',
  'referer' => 'http://www.tp5.com/admin.php/index',
  'cookie' => 'thinkphp_show_page_trace=0|0; PHPSESSID=cj5griplspubdea3ogad2ocvk3',
  'connection' => 'keep-alive',
  'upgrade-insecure-requests' => '1',
)
[ info ] [ PARAM ] array (
)
[ info ] [ RUN ] app\admin\controller\Login->index[ E:\xampp\htdocs\xinjia\tp5\application\admin\controller\Login.php ]
[ info ] [ VIEW ] E:\xampp\htdocs\xinjia\tp5\public/../application/admin\view\login\login.html [ array (
) ]
[ info ] [ LOG ] INIT File
---------------------------------------------------------------
[ 2018-06-23T16:34:54+08:00 ] 127.0.0.1 GET /static/admin/favicon.ico
[ info ] www.tp5.com/static/admin/favicon.ico [运行时间：0.073363s][吞吐率：13.63req/s] [内存消耗：1,143.20kb] [文件加载：34]
[ info ] [ LANG ] E:\xampp\htdocs\xinjia\tp5\thinkphp\lang\zh-cn.php
[ info ] [ BIND ] 'index'
[ info ] [ ROUTE ] array (
  'type' => 'module',
  'module' => 
  array (
    0 => 'index',
    1 => 'static',
    2 => 'admin',
  ),
)
[ info ] [ HEADER ] array (
  'host' => 'www.tp5.com',
  'user-agent' => 'Mozilla/5.0 (Windows NT 10.0; Win64; x64; rv:60.0) Gecko/20100101 Firefox/60.0',
  'accept' => 'text/html,application/xhtml+xml,application/xml;q=0.9,*/*;q=0.8',
  'accept-language' => 'zh-CN,zh;q=0.8,zh-TW;q=0.7,zh-HK;q=0.5,en-US;q=0.3,en;q=0.2',
  'accept-encoding' => 'gzip, deflate',
  'cookie' => 'PHPSESSID=cj5griplspubdea3ogad2ocvk3',
  'connection' => 'keep-alive',
)
[ info ] [ PARAM ] array (
)
[ info ] [ LOG ] INIT File
---------------------------------------------------------------
[ 2018-06-23T16:35:12+08:00 ] 127.0.0.1 POST /admin.php/login/check.html
[ info ] www.tp5.com/admin.php/login/check.html [运行时间：0.464692s][吞吐率：2.15req/s] [内存消耗：2,494.41kb] [文件加载：47]
[ info ] [ LANG ] E:\xampp\htdocs\xinjia\tp5\thinkphp\lang\zh-cn.php
[ info ] [ BIND ] 'admin'
[ info ] [ ROUTE ] array (
  'type' => 'module',
  'module' => 
  array (
    0 => 'admin',
    1 => 'login',
    2 => 'check',
  ),
)
[ info ] [ HEADER ] array (
  'host' => 'www.tp5.com',
  'user-agent' => 'Mozilla/5.0 (Windows NT 10.0; Win64; x64; rv:60.0) Gecko/20100101 Firefox/60.0',
  'accept' => 'application/json, text/javascript, */*; q=0.01',
  'accept-language' => 'zh-CN,zh;q=0.8,zh-TW;q=0.7,zh-HK;q=0.5,en-US;q=0.3,en;q=0.2',
  'accept-encoding' => 'gzip, deflate',
  'referer' => 'http://www.tp5.com/admin.php/login/index.html',
  'content-type' => 'application/x-www-form-urlencoded; charset=UTF-8',
  'x-requested-with' => 'XMLHttpRequest',
  'content-length' => '29',
  'cookie' => 'thinkphp_show_page_trace=0|0; thinkphp_show_page_trace=0|0; PHPSESSID=cj5griplspubdea3ogad2ocvk3',
  'connection' => 'keep-alive',
)
[ info ] [ PARAM ] array (
  'loginname' => 'aaa',
  'password' => '123456',
)
[ info ] [ RUN ] app\admin\controller\Login->check[ E:\xampp\htdocs\xinjia\tp5\application\admin\controller\Login.php ]
[ info ] [ DB ] INIT mysql
[ info ] [ CACHE ] INIT File
[ info ] [ SESSION ] INIT array (
  'id' => '',
  'var_session_id' => '',
  'prefix' => 'think',
  'type' => '',
  'auto_start' => true,
)
[ info ] [ LOG ] INIT File
[ sql ] [ DB ] CONNECT:[ UseTime:0.008879s ] mysql:host=127.0.0.1;dbname=hlwl;charset=utf8
[ sql ] [ SQL ] SHOW COLUMNS FROM `hl_user` [ RunTime:0.246779s ]
[ sql ] [ SQL ] SELECT * FROM `hl_user` WHERE  `loginname` = 'aaa' LIMIT 1 [ RunTime:0.029506s ]
[ sql ] [ SQL ] UPDATE `hl_user`  SET `logintime`=1529742912,`update_time`=2018  WHERE  `id` = 3 [ RunTime:0.096576s ]
---------------------------------------------------------------
[ 2018-06-23T16:35:14+08:00 ] 127.0.0.1 GET /admin.php/index/index.html
[ info ] www.tp5.com/admin.php/index/index.html [运行时间：0.315642s][吞吐率：3.17req/s] [内存消耗：2,389.51kb] [文件加载：49]
[ info ] [ LANG ] E:\xampp\htdocs\xinjia\tp5\thinkphp\lang\zh-cn.php
[ info ] [ BIND ] 'admin'
[ info ] [ ROUTE ] array (
  'type' => 'module',
  'module' => 
  array (
    0 => 'admin',
    1 => 'index',
    2 => 'index',
  ),
)
[ info ] [ HEADER ] array (
  'host' => 'www.tp5.com',
  'user-agent' => 'Mozilla/5.0 (Windows NT 10.0; Win64; x64; rv:60.0) Gecko/20100101 Firefox/60.0',
  'accept' => 'text/html,application/xhtml+xml,application/xml;q=0.9,*/*;q=0.8',
  'accept-language' => 'zh-CN,zh;q=0.8,zh-TW;q=0.7,zh-HK;q=0.5,en-US;q=0.3,en;q=0.2',
  'accept-encoding' => 'gzip, deflate',
  'referer' => 'http://www.tp5.com/admin.php/login/index.html',
  'cookie' => 'thinkphp_show_page_trace=0|0; PHPSESSID=cj5griplspubdea3ogad2ocvk3',
  'connection' => 'keep-alive',
  'upgrade-insecure-requests' => '1',
)
[ info ] [ PARAM ] array (
)
[ info ] [ SESSION ] INIT array (
  'id' => '',
  'var_session_id' => '',
  'prefix' => 'think',
  'type' => '',
  'auto_start' => true,
)
[ info ] [ DB ] INIT mysql
[ info ] [ VIEW ] E:\xampp\htdocs\xinjia\tp5\public/../application/admin\view\public\middle.html [ array (
  0 => 'cardata',
) ]
[ info ] [ RUN ] app\admin\controller\Index->index[ E:\xampp\htdocs\xinjia\tp5\application\admin\controller\Index.php ]
[ info ] [ VIEW ] E:\xampp\htdocs\xinjia\tp5\public/../application/admin\view\index\index.html [ array (
  0 => 'cardata',
) ]
[ info ] [ LOG ] INIT File
[ sql ] [ DB ] CONNECT:[ UseTime:0.001328s ] mysql:host=127.0.0.1;dbname=hlwl;charset=utf8
[ sql ] [ SQL ] SHOW COLUMNS FROM `hl_cardata` [ RunTime:0.088877s ]
[ sql ] [ SQL ] SELECT `id`,`car_name` FROM `hl_cardata` WHERE  `status` = 1 [ RunTime:0.001369s ]
---------------------------------------------------------------
[ 2018-06-23T16:35:15+08:00 ] 127.0.0.1 GET /admin.php/index/welcome.html
[ info ] www.tp5.com/admin.php/index/welcome.html [运行时间：0.198174s][吞吐率：5.05req/s] [内存消耗：2,336.35kb] [文件加载：49]
[ info ] [ LANG ] E:\xampp\htdocs\xinjia\tp5\thinkphp\lang\zh-cn.php
[ info ] [ BIND ] 'admin'
[ info ] [ ROUTE ] array (
  'type' => 'module',
  'module' => 
  array (
    0 => 'admin',
    1 => 'index',
    2 => 'welcome',
  ),
)
[ info ] [ HEADER ] array (
  'host' => 'www.tp5.com',
  'user-agent' => 'Mozilla/5.0 (Windows NT 10.0; Win64; x64; rv:60.0) Gecko/20100101 Firefox/60.0',
  'accept' => 'text/html,application/xhtml+xml,application/xml;q=0.9,*/*;q=0.8',
  'accept-language' => 'zh-CN,zh;q=0.8,zh-TW;q=0.7,zh-HK;q=0.5,en-US;q=0.3,en;q=0.2',
  'accept-encoding' => 'gzip, deflate',
  'referer' => 'http://www.tp5.com/admin.php/index/index.html',
  'cookie' => 'thinkphp_show_page_trace=0|0; PHPSESSID=cj5griplspubdea3ogad2ocvk3',
  'connection' => 'keep-alive',
  'upgrade-insecure-requests' => '1',
)
[ info ] [ PARAM ] array (
)
[ info ] [ SESSION ] INIT array (
  'id' => '',
  'var_session_id' => '',
  'prefix' => 'think',
  'type' => '',
  'auto_start' => true,
)
[ info ] [ DB ] INIT mysql
[ info ] [ VIEW ] E:\xampp\htdocs\xinjia\tp5\public/../application/admin\view\public\middle.html [ array (
  0 => 'cardata',
) ]
[ info ] [ RUN ] app\admin\controller\Index->welcome[ E:\xampp\htdocs\xinjia\tp5\application\admin\controller\Index.php ]
[ info ] [ VIEW ] E:\xampp\htdocs\xinjia\tp5\public/../application/admin\view\index\welcome.html [ array (
  0 => 'cardata',
) ]
[ info ] [ LOG ] INIT File
[ sql ] [ DB ] CONNECT:[ UseTime:0.001161s ] mysql:host=127.0.0.1;dbname=hlwl;charset=utf8
[ sql ] [ SQL ] SHOW COLUMNS FROM `hl_cardata` [ RunTime:0.034828s ]
[ sql ] [ SQL ] SELECT `id`,`car_name` FROM `hl_cardata` WHERE  `status` = 1 [ RunTime:0.000722s ]
---------------------------------------------------------------
[ 2018-06-23T16:35:20+08:00 ] 127.0.0.1 GET /admin.php/price/price_route.html
[ info ] www.tp5.com/admin.php/price/price_route.html [运行时间：0.824892s][吞吐率：1.21req/s] [内存消耗：2,943.13kb] [文件加载：54]
[ info ] [ LANG ] E:\xampp\htdocs\xinjia\tp5\thinkphp\lang\zh-cn.php
[ info ] [ BIND ] 'admin'
[ info ] [ ROUTE ] array (
  'type' => 'module',
  'module' => 
  array (
    0 => 'admin',
    1 => 'price',
    2 => 'price_route',
  ),
)
[ info ] [ HEADER ] array (
  'host' => 'www.tp5.com',
  'user-agent' => 'Mozilla/5.0 (Windows NT 10.0; Win64; x64; rv:60.0) Gecko/20100101 Firefox/60.0',
  'accept' => 'text/html,application/xhtml+xml,application/xml;q=0.9,*/*;q=0.8',
  'accept-language' => 'zh-CN,zh;q=0.8,zh-TW;q=0.7,zh-HK;q=0.5,en-US;q=0.3,en;q=0.2',
  'accept-encoding' => 'gzip, deflate',
  'referer' => 'http://www.tp5.com/admin.php/index/index.html',
  'cookie' => 'thinkphp_show_page_trace=0|0; PHPSESSID=cj5griplspubdea3ogad2ocvk3',
  'connection' => 'keep-alive',
  'upgrade-insecure-requests' => '1',
)
[ info ] [ PARAM ] array (
)
[ info ] [ SESSION ] INIT array (
  'id' => '',
  'var_session_id' => '',
  'prefix' => 'think',
  'type' => '',
  'auto_start' => true,
)
[ info ] [ DB ] INIT mysql
[ info ] [ VIEW ] E:\xampp\htdocs\xinjia\tp5\public/../application/admin\view\public\middle.html [ array (
  0 => 'cardata',
) ]
[ info ] [ RUN ] app\admin\controller\Price->price_route[ E:\xampp\htdocs\xinjia\tp5\application\admin\controller\Price.php ]
[ info ] [ VIEW ] E:\xampp\htdocs\xinjia\tp5\public/../application/admin\view\Price\price_route.html [ array (
  0 => 'cardata',
  1 => 'list',
  2 => 'page',
) ]
[ info ] [ LOG ] INIT File
[ sql ] [ DB ] CONNECT:[ UseTime:0.001124s ] mysql:host=127.0.0.1;dbname=hlwl;charset=utf8
[ sql ] [ SQL ] SHOW COLUMNS FROM `hl_cardata` [ RunTime:0.028679s ]
[ sql ] [ SQL ] SELECT `id`,`car_name` FROM `hl_cardata` WHERE  `status` = 1 [ RunTime:0.000767s ]
[ sql ] [ SQL ] SHOW COLUMNS FROM `hl_sea_middle` [ RunTime:0.117669s ]
[ sql ] [ SQL ] SHOW COLUMNS FROM `hl_sea_bothend` [ RunTime:0.093375s ]
[ sql ] [ SQL ] SHOW COLUMNS FROM `hl_ship_route` [ RunTime:0.069383s ]
[ sql ] [ SQL ] SHOW COLUMNS FROM `hl_seaprice` [ RunTime:0.085924s ]
[ sql ] [ SQL ] SELECT COUNT(*) AS tp_count FROM ( SELECT `SP`.*,S.ship_short_name ship_name,`B`.`boat_name`,`T3`.`s_port_name`,`T3`.`e_port_name`,`T3`.`port_name` FROM `hl_seaprice` `SP` LEFT JOIN `hl_shipcompany` `S` ON `S`.`id`=`SP`.`ship_id` LEFT JOIN ( SELECT `SR`.*,T1.sealine_id s_id,`T1`.`sl_start`,`T1`.`s_port_name`,`T1`.`sl_end`,`T1`.`e_port_name`,T2.sealine_id m_id,`T2`.`middle_port`,`T2`.`port_name` FROM `hl_ship_route` `SR` LEFT JOIN ( SELECT `SB`.`sealine_id`,`SB`.`sl_start`,P1.port_name s_port_name,`SB`.`sl_end`,P2.port_name e_port_name FROM `hl_sea_bothend` `SB` LEFT JOIN `hl_port` `P1` ON `P1`.`port_code`=`SB`.`sl_start` LEFT JOIN `hl_port` `P2` ON `P2`.`port_code`=`SB`.`sl_end` GROUP BY `SB`.`sealine_id` ORDER BY `SB`.`sealine_id` ) T1 ON `SR`.`bothend_id`=`T1`.`sealine_id` LEFT JOIN ( SELECT `SM`.`sealine_id`,group_concat(SM.sl_middle order by SM.sequence) middle_port,group_concat(P.port_name order by SM.sequence) port_name FROM `hl_sea_middle` `SM` LEFT JOIN `hl_port` `P` ON `P`.`port_code`=`SM`.`sl_middle` GROUP BY `SM`.`sealine_id` ORDER BY `SM`.`sealine_id` ) T2 ON `SR`.`middle_id`=`T2`.`sealine_id` ORDER BY `SR`.`id` ) T3 ON `T3`.`id`=`SP`.`route_id` LEFT JOIN `hl_boat` `B` ON `B`.`boat_code`=`SP`.`boat_code` ORDER BY SP.id,SP.ship_id,SP.route_id ) c LIMIT 1 [ RunTime:0.195484s ]
[ sql ] [ SQL ] SELECT * FROM ( SELECT `SP`.*,S.ship_short_name ship_name,`B`.`boat_name`,`T3`.`s_port_name`,`T3`.`e_port_name`,`T3`.`port_name` FROM `hl_seaprice` `SP` LEFT JOIN `hl_shipcompany` `S` ON `S`.`id`=`SP`.`ship_id` LEFT JOIN ( SELECT `SR`.*,T1.sealine_id s_id,`T1`.`sl_start`,`T1`.`s_port_name`,`T1`.`sl_end`,`T1`.`e_port_name`,T2.sealine_id m_id,`T2`.`middle_port`,`T2`.`port_name` FROM `hl_ship_route` `SR` LEFT JOIN ( SELECT `SB`.`sealine_id`,`SB`.`sl_start`,P1.port_name s_port_name,`SB`.`sl_end`,P2.port_name e_port_name FROM `hl_sea_bothend` `SB` LEFT JOIN `hl_port` `P1` ON `P1`.`port_code`=`SB`.`sl_start` LEFT JOIN `hl_port` `P2` ON `P2`.`port_code`=`SB`.`sl_end` GROUP BY `SB`.`sealine_id` ORDER BY `SB`.`sealine_id` ) T1 ON `SR`.`bothend_id`=`T1`.`sealine_id` LEFT JOIN ( SELECT `SM`.`sealine_id`,group_concat(SM.sl_middle order by SM.sequence) middle_port,group_concat(P.port_name order by SM.sequence) port_name FROM `hl_sea_middle` `SM` LEFT JOIN `hl_port` `P` ON `P`.`port_code`=`SM`.`sl_middle` GROUP BY `SM`.`sealine_id` ORDER BY `SM`.`sealine_id` ) T2 ON `SR`.`middle_id`=`T2`.`sealine_id` ORDER BY `SR`.`id` ) T3 ON `T3`.`id`=`SP`.`route_id` LEFT JOIN `hl_boat` `B` ON `B`.`boat_code`=`SP`.`boat_code` ORDER BY SP.id,SP.ship_id,SP.route_id ) c ORDER BY id,ship_id,route_id LIMIT 0,5 [ RunTime:0.064119s ]
---------------------------------------------------------------
[ 2018-06-23T16:35:22+08:00 ] 127.0.0.1 GET /admin.php/order/order_audit.html
[ info ] www.tp5.com/admin.php/order/order_audit.html [运行时间：0.266747s][吞吐率：3.75req/s] [内存消耗：2,339.34kb] [文件加载：49]
[ info ] [ LANG ] E:\xampp\htdocs\xinjia\tp5\thinkphp\lang\zh-cn.php
[ info ] [ BIND ] 'admin'
[ info ] [ ROUTE ] array (
  'type' => 'module',
  'module' => 
  array (
    0 => 'admin',
    1 => 'order',
    2 => 'order_audit',
  ),
)
[ info ] [ HEADER ] array (
  'host' => 'www.tp5.com',
  'user-agent' => 'Mozilla/5.0 (Windows NT 10.0; Win64; x64; rv:60.0) Gecko/20100101 Firefox/60.0',
  'accept' => 'text/html,application/xhtml+xml,application/xml;q=0.9,*/*;q=0.8',
  'accept-language' => 'zh-CN,zh;q=0.8,zh-TW;q=0.7,zh-HK;q=0.5,en-US;q=0.3,en;q=0.2',
  'accept-encoding' => 'gzip, deflate',
  'referer' => 'http://www.tp5.com/admin.php/index/index.html',
  'cookie' => 'thinkphp_show_page_trace=0|0; PHPSESSID=cj5griplspubdea3ogad2ocvk3',
  'connection' => 'keep-alive',
  'upgrade-insecure-requests' => '1',
)
[ info ] [ PARAM ] array (
)
[ info ] [ SESSION ] INIT array (
  'id' => '',
  'var_session_id' => '',
  'prefix' => 'think',
  'type' => '',
  'auto_start' => true,
)
[ info ] [ DB ] INIT mysql
[ info ] [ VIEW ] E:\xampp\htdocs\xinjia\tp5\public/../application/admin\view\public\middle.html [ array (
  0 => 'cardata',
) ]
[ info ] [ RUN ] app\admin\controller\Order->order_audit[ E:\xampp\htdocs\xinjia\tp5\application\admin\controller\Order.php ]
[ info ] [ VIEW ] E:\xampp\htdocs\xinjia\tp5\public/../application/admin\view\Order\order_audit.html [ array (
  0 => 'cardata',
) ]
[ info ] [ LOG ] INIT File
[ sql ] [ DB ] CONNECT:[ UseTime:0.001228s ] mysql:host=127.0.0.1;dbname=hlwl;charset=utf8
[ sql ] [ SQL ] SHOW COLUMNS FROM `hl_cardata` [ RunTime:0.094636s ]
[ sql ] [ SQL ] SELECT `id`,`car_name` FROM `hl_cardata` WHERE  `status` = 1 [ RunTime:0.001050s ]
---------------------------------------------------------------
[ 2018-06-23T16:35:23+08:00 ] 127.0.0.1 GET /admin.php/order/order_list.html
[ info ] www.tp5.com/admin.php/order/order_list.html [运行时间：0.223652s][吞吐率：4.47req/s] [内存消耗：2,418.60kb] [文件加载：49]
[ info ] [ LANG ] E:\xampp\htdocs\xinjia\tp5\thinkphp\lang\zh-cn.php
[ info ] [ BIND ] 'admin'
[ info ] [ ROUTE ] array (
  'type' => 'module',
  'module' => 
  array (
    0 => 'admin',
    1 => 'order',
    2 => 'order_list',
  ),
)
[ info ] [ HEADER ] array (
  'host' => 'www.tp5.com',
  'user-agent' => 'Mozilla/5.0 (Windows NT 10.0; Win64; x64; rv:60.0) Gecko/20100101 Firefox/60.0',
  'accept' => 'text/html,application/xhtml+xml,application/xml;q=0.9,*/*;q=0.8',
  'accept-language' => 'zh-CN,zh;q=0.8,zh-TW;q=0.7,zh-HK;q=0.5,en-US;q=0.3,en;q=0.2',
  'accept-encoding' => 'gzip, deflate',
  'referer' => 'http://www.tp5.com/admin.php/index/index.html',
  'cookie' => 'thinkphp_show_page_trace=0|0; thinkphp_show_page_trace=0|0; PHPSESSID=cj5griplspubdea3ogad2ocvk3',
  'connection' => 'keep-alive',
  'upgrade-insecure-requests' => '1',
)
[ info ] [ PARAM ] array (
)
[ info ] [ SESSION ] INIT array (
  'id' => '',
  'var_session_id' => '',
  'prefix' => 'think',
  'type' => '',
  'auto_start' => true,
)
[ info ] [ DB ] INIT mysql
[ info ] [ VIEW ] E:\xampp\htdocs\xinjia\tp5\public/../application/admin\view\public\middle.html [ array (
  0 => 'cardata',
) ]
[ info ] [ RUN ] app\admin\controller\Order->order_list[ E:\xampp\htdocs\xinjia\tp5\application\admin\controller\Order.php ]
[ info ] [ VIEW ] E:\xampp\htdocs\xinjia\tp5\public/../application/admin\view\Order\order_list.html [ array (
  0 => 'cardata',
) ]
[ info ] [ LOG ] INIT File
[ sql ] [ DB ] CONNECT:[ UseTime:0.001064s ] mysql:host=127.0.0.1;dbname=hlwl;charset=utf8
[ sql ] [ SQL ] SHOW COLUMNS FROM `hl_cardata` [ RunTime:0.030180s ]
[ sql ] [ SQL ] SELECT `id`,`car_name` FROM `hl_cardata` WHERE  `status` = 1 [ RunTime:0.000838s ]
---------------------------------------------------------------
[ 2018-06-23T16:37:09+08:00 ] 127.0.0.1 GET /iplookup/iplookup.php?format=js
[ info ] int.dpool.sina.com.cn/iplookup/iplookup.php?format=js [运行时间：0.094748s][吞吐率：10.55req/s] [内存消耗：1,145.42kb] [文件加载：34]
[ info ] [ LANG ] E:\xampp\htdocs\xinjia\tp5\thinkphp\lang\zh-cn.php
[ info ] [ BIND ] 'index'
[ info ] [ ROUTE ] array (
  'type' => 'module',
  'module' => 
  array (
    0 => 'index',
    1 => 'iplookup',
    2 => 'iplookup.php',
  ),
)
[ info ] [ HEADER ] array (
  'host' => 'int.dpool.sina.com.cn',
  'user-agent' => 'Mozilla/5.0 (Windows NT 10.0; Win64; x64; rv:60.0) Gecko/20100101 Firefox/60.0',
  'accept' => '*/*',
  'accept-language' => 'zh-CN,zh;q=0.8,zh-TW;q=0.7,zh-HK;q=0.5,en-US;q=0.3,en;q=0.2',
  'accept-encoding' => 'gzip, deflate',
  'referer' => 'http://blog.sina.com.cn/lm/mini/01.html',
  'cookie' => 'SINAGLOBAL=116.5.29.140_1528547324.68180; UOR=www.baidu.com,news.sina.com.cn,; ULV=1529742939397:8:8:4:116.5.28.29_1529742932.358125:1529414613957; lxlrttp=1529373927; SUB=_2AkMsQPpDf8NxqwJRmPoXxW7laY5xzQrEieKaHAuYJRMyHRl-yD83qnQltRB6B8DUrLlPwkxOHkxQXaUs-bHc7CE90U-4; SUBP=0033WrSXqPxfM72-Ws9jqgMF55529P9D9WFhv.bCg38qEWXjnROoBcFu; SGUID=1529221229421_44167196; U_TRS1=000000af.21721fb5.5b26105a.c18da9d2; ArtiFSize=14; Apache=116.5.28.29_1529742932.358125; rotatecount=1',
  'connection' => 'keep-alive',
)
[ info ] [ PARAM ] array (
  'format' => 'js',
)
[ info ] [ LOG ] INIT File
---------------------------------------------------------------
[ 2018-06-23T16:40:40+08:00 ] 127.0.0.1 GET /index.php/index/index.html
[ info ] www.tp5.com/index.php/index/index.html [运行时间：0.096272s][吞吐率：10.39req/s] [内存消耗：1,611.15kb] [文件加载：41]
[ info ] [ LANG ] E:\xampp\htdocs\xinjia\tp5\thinkphp\lang\zh-cn.php
[ info ] [ BIND ] 'index'
[ info ] [ ROUTE ] array (
  'type' => 'module',
  'module' => 
  array (
    0 => 'index',
    1 => 'index',
    2 => 'index',
  ),
)
[ info ] [ HEADER ] array (
  'host' => 'www.tp5.com',
  'user-agent' => 'Mozilla/5.0 (Windows NT 10.0; Win64; x64; rv:60.0) Gecko/20100101 Firefox/60.0',
  'accept' => 'text/html,application/xhtml+xml,application/xml;q=0.9,*/*;q=0.8',
  'accept-language' => 'zh-CN,zh;q=0.8,zh-TW;q=0.7,zh-HK;q=0.5,en-US;q=0.3,en;q=0.2',
  'accept-encoding' => 'gzip, deflate',
  'cookie' => 'PHPSESSID=cj5griplspubdea3ogad2ocvk3',
  'connection' => 'keep-alive',
  'upgrade-insecure-requests' => '1',
)
[ info ] [ PARAM ] array (
)
[ info ] [ RUN ] app\index\controller\Index->index[ E:\xampp\htdocs\xinjia\tp5\application\index\controller\Index.php ]
[ info ] [ VIEW ] E:\xampp\htdocs\xinjia\tp5\public/../application/index\view\index\top.html [ array (
) ]
[ info ] [ LOG ] INIT File
---------------------------------------------------------------
[ 2018-06-23T16:40:41+08:00 ] 127.0.0.1 GET /index.php/index/index1.html
[ info ] www.tp5.com/index.php/index/index1.html [运行时间：0.104098s][吞吐率：9.61req/s] [内存消耗：1,553.16kb] [文件加载：40]
[ info ] [ LANG ] E:\xampp\htdocs\xinjia\tp5\thinkphp\lang\zh-cn.php
[ info ] [ BIND ] 'index'
[ info ] [ ROUTE ] array (
  'type' => 'module',
  'module' => 
  array (
    0 => 'index',
    1 => 'index',
    2 => 'index1',
  ),
)
[ info ] [ HEADER ] array (
  'host' => 'www.tp5.com',
  'user-agent' => 'Mozilla/5.0 (Windows NT 10.0; Win64; x64; rv:60.0) Gecko/20100101 Firefox/60.0',
  'accept' => 'text/html,application/xhtml+xml,application/xml;q=0.9,*/*;q=0.8',
  'accept-language' => 'zh-CN,zh;q=0.8,zh-TW;q=0.7,zh-HK;q=0.5,en-US;q=0.3,en;q=0.2',
  'accept-encoding' => 'gzip, deflate',
  'referer' => 'http://www.tp5.com/index.php/index/index.html',
  'cookie' => 'PHPSESSID=cj5griplspubdea3ogad2ocvk3',
  'connection' => 'keep-alive',
  'upgrade-insecure-requests' => '1',
)
[ info ] [ PARAM ] array (
)
[ info ] [ RUN ] app\index\controller\Index->index1[ E:\xampp\htdocs\xinjia\tp5\application\index\controller\Index.php ]
[ info ] [ VIEW ] E:\xampp\htdocs\xinjia\tp5\public/../application/index\view\index\index.html [ array (
) ]
[ info ] [ LOG ] INIT File
---------------------------------------------------------------
[ 2018-06-23T16:40:41+08:00 ] 127.0.0.1 GET /index.php/index/index1.html
[ info ] www.tp5.com/index.php/index/index1.html [运行时间：0.066540s][吞吐率：15.03req/s] [内存消耗：1,406.71kb] [文件加载：38]
[ info ] [ LANG ] E:\xampp\htdocs\xinjia\tp5\thinkphp\lang\zh-cn.php
[ info ] [ BIND ] 'index'
[ info ] [ ROUTE ] array (
  'type' => 'module',
  'module' => 
  array (
    0 => 'index',
    1 => 'index',
    2 => 'index1',
  ),
)
[ info ] [ HEADER ] array (
  'host' => 'www.tp5.com',
  'user-agent' => 'Mozilla/5.0 (Windows NT 10.0; Win64; x64; rv:60.0) Gecko/20100101 Firefox/60.0',
  'accept' => 'video/webm,video/ogg,video/*;q=0.9,application/ogg;q=0.7,audio/*;q=0.6,*/*;q=0.5',
  'accept-language' => 'zh-CN,zh;q=0.8,zh-TW;q=0.7,zh-HK;q=0.5,en-US;q=0.3,en;q=0.2',
  'referer' => 'http://www.tp5.com/index.php/index/index1.html',
  'range' => 'bytes=0-',
  'cookie' => 'thinkphp_show_page_trace=0|0; PHPSESSID=cj5griplspubdea3ogad2ocvk3',
  'connection' => 'keep-alive',
)
[ info ] [ PARAM ] array (
)
[ info ] [ RUN ] app\index\controller\Index->index1[ E:\xampp\htdocs\xinjia\tp5\application\index\controller\Index.php ]
[ info ] [ VIEW ] E:\xampp\htdocs\xinjia\tp5\public/../application/index\view\index\index.html [ array (
) ]
[ info ] [ LOG ] INIT File
---------------------------------------------------------------
[ 2018-06-23T16:40:54+08:00 ] 127.0.0.1 GET /index.php/index/help.html
[ info ] www.tp5.com/index.php/index/help.html [运行时间：0.071500s][吞吐率：13.99req/s] [内存消耗：1,548.72kb] [文件加载：40]
[ info ] [ LANG ] E:\xampp\htdocs\xinjia\tp5\thinkphp\lang\zh-cn.php
[ info ] [ BIND ] 'index'
[ info ] [ ROUTE ] array (
  'type' => 'module',
  'module' => 
  array (
    0 => 'index',
    1 => 'index',
    2 => 'help',
  ),
)
[ info ] [ HEADER ] array (
  'host' => 'www.tp5.com',
  'user-agent' => 'Mozilla/5.0 (Windows NT 10.0; Win64; x64; rv:60.0) Gecko/20100101 Firefox/60.0',
  'accept' => 'text/html,application/xhtml+xml,application/xml;q=0.9,*/*;q=0.8',
  'accept-language' => 'zh-CN,zh;q=0.8,zh-TW;q=0.7,zh-HK;q=0.5,en-US;q=0.3,en;q=0.2',
  'accept-encoding' => 'gzip, deflate',
  'referer' => 'http://www.tp5.com/index.php/index/index.html',
  'cookie' => 'thinkphp_show_page_trace=0|0; PHPSESSID=cj5griplspubdea3ogad2ocvk3',
  'connection' => 'keep-alive',
  'upgrade-insecure-requests' => '1',
)
[ info ] [ PARAM ] array (
)
[ info ] [ RUN ] app\index\controller\Index->help[ E:\xampp\htdocs\xinjia\tp5\application\index\controller\Index.php ]
[ info ] [ VIEW ] E:\xampp\htdocs\xinjia\tp5\public/../application/index\view\index\help.html [ array (
) ]
[ info ] [ LOG ] INIT File
---------------------------------------------------------------
[ 2018-06-23T16:41:02+08:00 ] 127.0.0.1 GET /index.php/index/personal.html
[ info ] www.tp5.com/index.php/index/personal.html [运行时间：0.119901s][吞吐率：8.34req/s] [内存消耗：1,617.41kb] [文件加载：41]
[ info ] [ LANG ] E:\xampp\htdocs\xinjia\tp5\thinkphp\lang\zh-cn.php
[ info ] [ BIND ] 'index'
[ info ] [ ROUTE ] array (
  'type' => 'module',
  'module' => 
  array (
    0 => 'index',
    1 => 'index',
    2 => 'personal',
  ),
)
[ info ] [ HEADER ] array (
  'host' => 'www.tp5.com',
  'user-agent' => 'Mozilla/5.0 (Windows NT 10.0; Win64; x64; rv:60.0) Gecko/20100101 Firefox/60.0',
  'accept' => 'text/html,application/xhtml+xml,application/xml;q=0.9,*/*;q=0.8',
  'accept-language' => 'zh-CN,zh;q=0.8,zh-TW;q=0.7,zh-HK;q=0.5,en-US;q=0.3,en;q=0.2',
  'accept-encoding' => 'gzip, deflate',
  'referer' => 'http://www.tp5.com/index.php/index/index.html',
  'cookie' => 'thinkphp_show_page_trace=0|0; PHPSESSID=cj5griplspubdea3ogad2ocvk3',
  'connection' => 'keep-alive',
  'upgrade-insecure-requests' => '1',
)
[ info ] [ PARAM ] array (
)
[ info ] [ RUN ] app\index\controller\Index->personal[ E:\xampp\htdocs\xinjia\tp5\application\index\controller\Index.php ]
[ info ] [ VIEW ] E:\xampp\htdocs\xinjia\tp5\public/../application/index\view\index\personal.html [ array (
) ]
[ info ] [ LOG ] INIT File
---------------------------------------------------------------
[ 2018-06-23T16:41:02+08:00 ] 127.0.0.1 GET /index.php/personal/steward.html
[ info ] www.tp5.com/index.php/personal/steward.html [运行时间：0.116318s][吞吐率：8.60req/s] [内存消耗：1,550.75kb] [文件加载：40]
[ info ] [ LANG ] E:\xampp\htdocs\xinjia\tp5\thinkphp\lang\zh-cn.php
[ info ] [ BIND ] 'index'
[ info ] [ ROUTE ] array (
  'type' => 'module',
  'module' => 
  array (
    0 => 'index',
    1 => 'personal',
    2 => 'steward',
  ),
)
[ info ] [ HEADER ] array (
  'host' => 'www.tp5.com',
  'user-agent' => 'Mozilla/5.0 (Windows NT 10.0; Win64; x64; rv:60.0) Gecko/20100101 Firefox/60.0',
  'accept' => 'text/html,application/xhtml+xml,application/xml;q=0.9,*/*;q=0.8',
  'accept-language' => 'zh-CN,zh;q=0.8,zh-TW;q=0.7,zh-HK;q=0.5,en-US;q=0.3,en;q=0.2',
  'accept-encoding' => 'gzip, deflate',
  'referer' => 'http://www.tp5.com/index.php/index/personal.html',
  'cookie' => 'PHPSESSID=cj5griplspubdea3ogad2ocvk3',
  'connection' => 'keep-alive',
  'upgrade-insecure-requests' => '1',
)
[ info ] [ PARAM ] array (
)
[ info ] [ RUN ] app\index\controller\Personal->steward[ E:\xampp\htdocs\xinjia\tp5\application\index\controller\Personal.php ]
[ info ] [ VIEW ] E:\xampp\htdocs\xinjia\tp5\public/../application/index\view\personal\steward.html [ array (
) ]
[ info ] [ LOG ] INIT File
---------------------------------------------------------------
[ 2018-06-23T16:41:09+08:00 ] 127.0.0.1 GET /index.php/personal/all_order.html
[ info ] www.tp5.com/index.php/personal/all_order.html [运行时间：0.102754s][吞吐率：9.73req/s] [内存消耗：1,648.66kb] [文件加载：40]
[ info ] [ LANG ] E:\xampp\htdocs\xinjia\tp5\thinkphp\lang\zh-cn.php
[ info ] [ BIND ] 'index'
[ info ] [ ROUTE ] array (
  'type' => 'module',
  'module' => 
  array (
    0 => 'index',
    1 => 'personal',
    2 => 'all_order',
  ),
)
[ info ] [ HEADER ] array (
  'host' => 'www.tp5.com',
  'user-agent' => 'Mozilla/5.0 (Windows NT 10.0; Win64; x64; rv:60.0) Gecko/20100101 Firefox/60.0',
  'accept' => 'text/html,application/xhtml+xml,application/xml;q=0.9,*/*;q=0.8',
  'accept-language' => 'zh-CN,zh;q=0.8,zh-TW;q=0.7,zh-HK;q=0.5,en-US;q=0.3,en;q=0.2',
  'accept-encoding' => 'gzip, deflate',
  'referer' => 'http://www.tp5.com/index.php/index/personal.html',
  'cookie' => 'thinkphp_show_page_trace=0|0; PHPSESSID=cj5griplspubdea3ogad2ocvk3',
  'connection' => 'keep-alive',
  'upgrade-insecure-requests' => '1',
)
[ info ] [ PARAM ] array (
)
[ info ] [ RUN ] app\index\controller\Personal->all_order[ E:\xampp\htdocs\xinjia\tp5\application\index\controller\Personal.php ]
[ info ] [ VIEW ] E:\xampp\htdocs\xinjia\tp5\public/../application/index\view\personal\all_order.html [ array (
) ]
[ info ] [ LOG ] INIT File
---------------------------------------------------------------
[ 2018-06-23T16:41:11+08:00 ] 127.0.0.1 GET /index.php/personal/invalid.html
[ info ] www.tp5.com/index.php/personal/invalid.html [运行时间：0.096870s][吞吐率：10.32req/s] [内存消耗：1,560.91kb] [文件加载：40]
[ info ] [ LANG ] E:\xampp\htdocs\xinjia\tp5\thinkphp\lang\zh-cn.php
[ info ] [ BIND ] 'index'
[ info ] [ ROUTE ] array (
  'type' => 'module',
  'module' => 
  array (
    0 => 'index',
    1 => 'personal',
    2 => 'invalid',
  ),
)
[ info ] [ HEADER ] array (
  'host' => 'www.tp5.com',
  'user-agent' => 'Mozilla/5.0 (Windows NT 10.0; Win64; x64; rv:60.0) Gecko/20100101 Firefox/60.0',
  'accept' => 'text/html,application/xhtml+xml,application/xml;q=0.9,*/*;q=0.8',
  'accept-language' => 'zh-CN,zh;q=0.8,zh-TW;q=0.7,zh-HK;q=0.5,en-US;q=0.3,en;q=0.2',
  'accept-encoding' => 'gzip, deflate',
  'referer' => 'http://www.tp5.com/index.php/index/personal.html',
  'cookie' => 'thinkphp_show_page_trace=0|0; PHPSESSID=cj5griplspubdea3ogad2ocvk3',
  'connection' => 'keep-alive',
  'upgrade-insecure-requests' => '1',
)
[ info ] [ PARAM ] array (
)
[ info ] [ RUN ] app\index\controller\Personal->invalid[ E:\xampp\htdocs\xinjia\tp5\application\index\controller\Personal.php ]
[ info ] [ VIEW ] E:\xampp\htdocs\xinjia\tp5\public/../application/index\view\personal\invalid.html [ array (
) ]
[ info ] [ LOG ] INIT File
---------------------------------------------------------------
[ 2018-06-23T16:41:14+08:00 ] 127.0.0.1 GET /index.php/personal/a_order.html
[ info ] www.tp5.com/index.php/personal/a_order.html [运行时间：0.082250s][吞吐率：12.16req/s] [内存消耗：1,550.16kb] [文件加载：40]
[ info ] [ LANG ] E:\xampp\htdocs\xinjia\tp5\thinkphp\lang\zh-cn.php
[ info ] [ BIND ] 'index'
[ info ] [ ROUTE ] array (
  'type' => 'module',
  'module' => 
  array (
    0 => 'index',
    1 => 'personal',
    2 => 'a_order',
  ),
)
[ info ] [ HEADER ] array (
  'host' => 'www.tp5.com',
  'user-agent' => 'Mozilla/5.0 (Windows NT 10.0; Win64; x64; rv:60.0) Gecko/20100101 Firefox/60.0',
  'accept' => 'text/html,application/xhtml+xml,application/xml;q=0.9,*/*;q=0.8',
  'accept-language' => 'zh-CN,zh;q=0.8,zh-TW;q=0.7,zh-HK;q=0.5,en-US;q=0.3,en;q=0.2',
  'accept-encoding' => 'gzip, deflate',
  'referer' => 'http://www.tp5.com/index.php/index/personal.html',
  'cookie' => 'thinkphp_show_page_trace=0|0; PHPSESSID=cj5griplspubdea3ogad2ocvk3',
  'connection' => 'keep-alive',
  'upgrade-insecure-requests' => '1',
)
[ info ] [ PARAM ] array (
)
[ info ] [ RUN ] app\index\controller\Personal->a_order[ E:\xampp\htdocs\xinjia\tp5\application\index\controller\Personal.php ]
[ info ] [ VIEW ] E:\xampp\htdocs\xinjia\tp5\public/../application/index\view\personal\a_order.html [ array (
) ]
[ info ] [ LOG ] INIT File
---------------------------------------------------------------
[ 2018-06-23T16:41:21+08:00 ] 127.0.0.1 GET /index.php/personal/form_order.html
[ info ] www.tp5.com/index.php/personal/form_order.html [运行时间：0.138041s][吞吐率：7.24req/s] [内存消耗：1,555.31kb] [文件加载：40]
[ info ] [ LANG ] E:\xampp\htdocs\xinjia\tp5\thinkphp\lang\zh-cn.php
[ info ] [ BIND ] 'index'
[ info ] [ ROUTE ] array (
  'type' => 'module',
  'module' => 
  array (
    0 => 'index',
    1 => 'personal',
    2 => 'form_order',
  ),
)
[ info ] [ HEADER ] array (
  'host' => 'www.tp5.com',
  'user-agent' => 'Mozilla/5.0 (Windows NT 10.0; Win64; x64; rv:60.0) Gecko/20100101 Firefox/60.0',
  'accept' => 'text/html,application/xhtml+xml,application/xml;q=0.9,*/*;q=0.8',
  'accept-language' => 'zh-CN,zh;q=0.8,zh-TW;q=0.7,zh-HK;q=0.5,en-US;q=0.3,en;q=0.2',
  'accept-encoding' => 'gzip, deflate',
  'referer' => 'http://www.tp5.com/index.php/index/personal.html',
  'cookie' => 'thinkphp_show_page_trace=0|0; PHPSESSID=cj5griplspubdea3ogad2ocvk3',
  'connection' => 'keep-alive',
  'upgrade-insecure-requests' => '1',
)
[ info ] [ PARAM ] array (
)
[ info ] [ RUN ] app\index\controller\Personal->form_order[ E:\xampp\htdocs\xinjia\tp5\application\index\controller\Personal.php ]
[ info ] [ VIEW ] E:\xampp\htdocs\xinjia\tp5\public/../application/index\view\personal\form_order.html [ array (
) ]
[ info ] [ LOG ] INIT File
---------------------------------------------------------------
[ 2018-06-23T16:41:24+08:00 ] 127.0.0.1 GET /index.php/personal/info.html
[ info ] www.tp5.com/index.php/personal/info.html [运行时间：0.082439s][吞吐率：12.13req/s] [内存消耗：1,553.75kb] [文件加载：40]
[ info ] [ LANG ] E:\xampp\htdocs\xinjia\tp5\thinkphp\lang\zh-cn.php
[ info ] [ BIND ] 'index'
[ info ] [ ROUTE ] array (
  'type' => 'module',
  'module' => 
  array (
    0 => 'index',
    1 => 'personal',
    2 => 'info',
  ),
)
[ info ] [ HEADER ] array (
  'host' => 'www.tp5.com',
  'user-agent' => 'Mozilla/5.0 (Windows NT 10.0; Win64; x64; rv:60.0) Gecko/20100101 Firefox/60.0',
  'accept' => 'text/html,application/xhtml+xml,application/xml;q=0.9,*/*;q=0.8',
  'accept-language' => 'zh-CN,zh;q=0.8,zh-TW;q=0.7,zh-HK;q=0.5,en-US;q=0.3,en;q=0.2',
  'accept-encoding' => 'gzip, deflate',
  'referer' => 'http://www.tp5.com/index.php/index/personal.html',
  'cookie' => 'thinkphp_show_page_trace=0|0; PHPSESSID=cj5griplspubdea3ogad2ocvk3',
  'connection' => 'keep-alive',
  'upgrade-insecure-requests' => '1',
)
[ info ] [ PARAM ] array (
)
[ info ] [ RUN ] app\index\controller\Personal->info[ E:\xampp\htdocs\xinjia\tp5\application\index\controller\Personal.php ]
[ info ] [ VIEW ] E:\xampp\htdocs\xinjia\tp5\public/../application/index\view\personal\info.html [ array (
) ]
[ info ] [ LOG ] INIT File
---------------------------------------------------------------
[ 2018-06-23T16:41:29+08:00 ] 127.0.0.1 GET /index.php/personal/company.html
[ info ] www.tp5.com/index.php/personal/company.html [运行时间：0.083305s][吞吐率：12.00req/s] [内存消耗：1,553.83kb] [文件加载：40]
[ info ] [ LANG ] E:\xampp\htdocs\xinjia\tp5\thinkphp\lang\zh-cn.php
[ info ] [ BIND ] 'index'
[ info ] [ ROUTE ] array (
  'type' => 'module',
  'module' => 
  array (
    0 => 'index',
    1 => 'personal',
    2 => 'company',
  ),
)
[ info ] [ HEADER ] array (
  'host' => 'www.tp5.com',
  'user-agent' => 'Mozilla/5.0 (Windows NT 10.0; Win64; x64; rv:60.0) Gecko/20100101 Firefox/60.0',
  'accept' => 'text/html,application/xhtml+xml,application/xml;q=0.9,*/*;q=0.8',
  'accept-language' => 'zh-CN,zh;q=0.8,zh-TW;q=0.7,zh-HK;q=0.5,en-US;q=0.3,en;q=0.2',
  'accept-encoding' => 'gzip, deflate',
  'referer' => 'http://www.tp5.com/index.php/index/personal.html',
  'cookie' => 'thinkphp_show_page_trace=0|0; PHPSESSID=cj5griplspubdea3ogad2ocvk3',
  'connection' => 'keep-alive',
  'upgrade-insecure-requests' => '1',
)
[ info ] [ PARAM ] array (
)
[ info ] [ RUN ] app\index\controller\Personal->company[ E:\xampp\htdocs\xinjia\tp5\application\index\controller\Personal.php ]
[ info ] [ VIEW ] E:\xampp\htdocs\xinjia\tp5\public/../application/index\view\personal\company.html [ array (
) ]
[ info ] [ LOG ] INIT File
---------------------------------------------------------------
[ 2018-06-23T16:41:31+08:00 ] 127.0.0.1 GET /index.php/personal/common_info.html
[ info ] www.tp5.com/index.php/personal/common_info.html [运行时间：0.079153s][吞吐率：12.63req/s] [内存消耗：1,554.51kb] [文件加载：40]
[ info ] [ LANG ] E:\xampp\htdocs\xinjia\tp5\thinkphp\lang\zh-cn.php
[ info ] [ BIND ] 'index'
[ info ] [ ROUTE ] array (
  'type' => 'module',
  'module' => 
  array (
    0 => 'index',
    1 => 'personal',
    2 => 'common_info',
  ),
)
[ info ] [ HEADER ] array (
  'host' => 'www.tp5.com',
  'user-agent' => 'Mozilla/5.0 (Windows NT 10.0; Win64; x64; rv:60.0) Gecko/20100101 Firefox/60.0',
  'accept' => 'text/html,application/xhtml+xml,application/xml;q=0.9,*/*;q=0.8',
  'accept-language' => 'zh-CN,zh;q=0.8,zh-TW;q=0.7,zh-HK;q=0.5,en-US;q=0.3,en;q=0.2',
  'accept-encoding' => 'gzip, deflate',
  'referer' => 'http://www.tp5.com/index.php/index/personal.html',
  'cookie' => 'thinkphp_show_page_trace=0|0; PHPSESSID=cj5griplspubdea3ogad2ocvk3',
  'connection' => 'keep-alive',
  'upgrade-insecure-requests' => '1',
)
[ info ] [ PARAM ] array (
)
[ info ] [ RUN ] app\index\controller\Personal->common_info[ E:\xampp\htdocs\xinjia\tp5\application\index\controller\Personal.php ]
[ info ] [ VIEW ] E:\xampp\htdocs\xinjia\tp5\public/../application/index\view\personal\common_info.html [ array (
) ]
[ info ] [ LOG ] INIT File
---------------------------------------------------------------
[ 2018-06-23T16:41:43+08:00 ] 127.0.0.1 GET /index.php/index/help.html
[ info ] www.tp5.com/index.php/index/help.html [运行时间：0.052476s][吞吐率：19.06req/s] [内存消耗：1,407.05kb] [文件加载：38]
[ info ] [ LANG ] E:\xampp\htdocs\xinjia\tp5\thinkphp\lang\zh-cn.php
[ info ] [ BIND ] 'index'
[ info ] [ ROUTE ] array (
  'type' => 'module',
  'module' => 
  array (
    0 => 'index',
    1 => 'index',
    2 => 'help',
  ),
)
[ info ] [ HEADER ] array (
  'host' => 'www.tp5.com',
  'user-agent' => 'Mozilla/5.0 (Windows NT 10.0; Win64; x64; rv:60.0) Gecko/20100101 Firefox/60.0',
  'accept' => 'text/html,application/xhtml+xml,application/xml;q=0.9,*/*;q=0.8',
  'accept-language' => 'zh-CN,zh;q=0.8,zh-TW;q=0.7,zh-HK;q=0.5,en-US;q=0.3,en;q=0.2',
  'accept-encoding' => 'gzip, deflate',
  'referer' => 'http://www.tp5.com/index.php/index/index.html',
  'cookie' => 'thinkphp_show_page_trace=0|0; PHPSESSID=cj5griplspubdea3ogad2ocvk3',
  'connection' => 'keep-alive',
  'upgrade-insecure-requests' => '1',
)
[ info ] [ PARAM ] array (
)
[ info ] [ RUN ] app\index\controller\Index->help[ E:\xampp\htdocs\xinjia\tp5\application\index\controller\Index.php ]
[ info ] [ VIEW ] E:\xampp\htdocs\xinjia\tp5\public/../application/index\view\index\help.html [ array (
) ]
[ info ] [ LOG ] INIT File
