---------------------------------------------------------------
[ 2018-06-25T09:06:35+08:00 ] 127.0.0.1 GET /admin.php/admin/index/index.html
[ info ] www.tp5.com/admin.php/admin/index/index.html [运行时间：0.078000s][吞吐率：12.82req/s] [内存消耗：1,145.73kb] [文件加载：35]
[ info ] [ LANG ] E:\xampp\htdocs\xinjia\tp5\thinkphp\lang\zh-cn.php
[ info ] [ BIND ] 'admin'
[ info ] [ ROUTE ] array (
  'type' => 'module',
  'module' => 
  array (
    0 => 'admin',
    1 => 'admin',
    2 => 'index',
  ),
)
[ info ] [ HEADER ] array (
  'host' => 'www.tp5.com',
  'user-agent' => 'Mozilla/5.0 (Windows NT 6.1; Win64; x64; rv:60.0) Gecko/20100101 Firefox/60.0',
  'accept' => 'text/html,application/xhtml+xml,application/xml;q=0.9,*/*;q=0.8',
  'accept-language' => 'zh-CN,zh;q=0.8,zh-TW;q=0.7,zh-HK;q=0.5,en-US;q=0.3,en;q=0.2',
  'accept-encoding' => 'gzip, deflate',
  'connection' => 'keep-alive',
  'upgrade-insecure-requests' => '1',
  'pragma' => 'no-cache',
  'cache-control' => 'no-cache',
)
[ info ] [ PARAM ] array (
)
[ info ] [ LOG ] INIT File
---------------------------------------------------------------
[ 2018-06-25T09:16:33+08:00 ] 127.0.0.1 GET /admin.php/admin/index/index.html
[ info ] www.tp5.com/admin.php/admin/index/index.html [运行时间：0.046800s][吞吐率：21.37req/s] [内存消耗：1,145.96kb] [文件加载：35]
[ info ] [ LANG ] E:\xampp\htdocs\xinjia\tp5\thinkphp\lang\zh-cn.php
[ info ] [ BIND ] 'admin'
[ info ] [ ROUTE ] array (
  'type' => 'module',
  'module' => 
  array (
    0 => 'admin',
    1 => 'admin',
    2 => 'index',
  ),
)
[ info ] [ HEADER ] array (
  'host' => 'www.tp5.com',
  'user-agent' => 'Mozilla/5.0 (Windows NT 6.1; Win64; x64; rv:60.0) Gecko/20100101 Firefox/60.0',
  'accept' => 'text/html,application/xhtml+xml,application/xml;q=0.9,*/*;q=0.8',
  'accept-language' => 'zh-CN,zh;q=0.8,zh-TW;q=0.7,zh-HK;q=0.5,en-US;q=0.3,en;q=0.2',
  'accept-encoding' => 'gzip, deflate',
  'cookie' => 'thinkphp_show_page_trace=0|0; pgv_pvi=9210117120; hibext_instdsigdipv2=1; _ga=GA1.2.1868033078.1526888261',
  'connection' => 'keep-alive',
  'upgrade-insecure-requests' => '1',
)
[ info ] [ PARAM ] array (
)
[ info ] [ LOG ] INIT File
---------------------------------------------------------------
[ 2018-06-25T09:16:40+08:00 ] 127.0.0.1 GET /admin.php/index/index.html
[ info ] www.tp5.com/admin.php/index/index.html [运行时间：0.046800s][吞吐率：21.37req/s] [内存消耗：1,625.79kb] [文件加载：44]
[ info ] [ LANG ] E:\xampp\htdocs\xinjia\tp5\thinkphp\lang\zh-cn.php
[ info ] [ BIND ] 'admin'
[ info ] [ ROUTE ] array (
  'type' => 'module',
  'module' => 
  array (
    0 => 'admin',
    1 => 'index',
    2 => 'index',
  ),
)
[ info ] [ HEADER ] array (
  'host' => 'www.tp5.com',
  'user-agent' => 'Mozilla/5.0 (Windows NT 6.1; Win64; x64; rv:60.0) Gecko/20100101 Firefox/60.0',
  'accept' => 'text/html,application/xhtml+xml,application/xml;q=0.9,*/*;q=0.8',
  'accept-language' => 'zh-CN,zh;q=0.8,zh-TW;q=0.7,zh-HK;q=0.5,en-US;q=0.3,en;q=0.2',
  'accept-encoding' => 'gzip, deflate',
  'cookie' => 'pgv_pvi=9210117120; hibext_instdsigdipv2=1; _ga=GA1.2.1868033078.1526888261; trdipcktrffcext=1',
  'connection' => 'keep-alive',
  'upgrade-insecure-requests' => '1',
)
[ info ] [ PARAM ] array (
)
[ info ] [ SESSION ] INIT array (
  'id' => '',
  'var_session_id' => '',
  'prefix' => 'think',
  'type' => '',
  'auto_start' => true,
)
[ info ] [ VIEW ] E:\xampp\htdocs\xinjia\tp5\thinkphp\tpl\dispatch_jump.tpl [ array (
  0 => 'code',
  1 => 'msg',
  2 => 'data',
  3 => 'url',
  4 => 'wait',
) ]
[ info ] [ LOG ] INIT File
---------------------------------------------------------------
[ 2018-06-25T09:16:43+08:00 ] 127.0.0.1 GET /admin.php/login/index.html
[ info ] www.tp5.com/admin.php/login/index.html [运行时间：0.046800s][吞吐率：21.37req/s] [内存消耗：1,611.27kb] [文件加载：42]
[ info ] [ LANG ] E:\xampp\htdocs\xinjia\tp5\thinkphp\lang\zh-cn.php
[ info ] [ BIND ] 'admin'
[ info ] [ ROUTE ] array (
  'type' => 'module',
  'module' => 
  array (
    0 => 'admin',
    1 => 'login',
    2 => 'index',
  ),
)
[ info ] [ HEADER ] array (
  'host' => 'www.tp5.com',
  'user-agent' => 'Mozilla/5.0 (Windows NT 6.1; Win64; x64; rv:60.0) Gecko/20100101 Firefox/60.0',
  'accept' => 'text/html,application/xhtml+xml,application/xml;q=0.9,*/*;q=0.8',
  'accept-language' => 'zh-CN,zh;q=0.8,zh-TW;q=0.7,zh-HK;q=0.5,en-US;q=0.3,en;q=0.2',
  'accept-encoding' => 'gzip, deflate',
  'referer' => 'http://www.tp5.com/admin.php/index/index.html',
  'cookie' => 'pgv_pvi=9210117120; hibext_instdsigdipv2=1; _ga=GA1.2.1868033078.1526888261; trdipcktrffcext=1; PHPSESSID=4rol6698vid893e1fbkkc0k3a2',
  'connection' => 'keep-alive',
  'upgrade-insecure-requests' => '1',
)
[ info ] [ PARAM ] array (
)
[ info ] [ RUN ] app\admin\controller\Login->index[ E:\xampp\htdocs\xinjia\tp5\application\admin\controller\Login.php ]
[ info ] [ VIEW ] E:\xampp\htdocs\xinjia\tp5\public/../application/admin\view\login\login.html [ array (
) ]
[ info ] [ LOG ] INIT File
---------------------------------------------------------------
[ 2018-06-25T09:16:43+08:00 ] 127.0.0.1 GET /static/admin/favicon.ico
[ info ] www.tp5.com/static/admin/favicon.ico [运行时间：0.015600s][吞吐率：64.10req/s] [内存消耗：1,145.52kb] [文件加载：34]
[ info ] [ LANG ] E:\xampp\htdocs\xinjia\tp5\thinkphp\lang\zh-cn.php
[ info ] [ BIND ] 'index'
[ info ] [ ROUTE ] array (
  'type' => 'module',
  'module' => 
  array (
    0 => 'index',
    1 => 'static',
    2 => 'admin',
  ),
)
[ info ] [ HEADER ] array (
  'host' => 'www.tp5.com',
  'user-agent' => 'Mozilla/5.0 (Windows NT 6.1; Win64; x64; rv:60.0) Gecko/20100101 Firefox/60.0',
  'accept' => 'text/html,application/xhtml+xml,application/xml;q=0.9,*/*;q=0.8',
  'accept-language' => 'zh-CN,zh;q=0.8,zh-TW;q=0.7,zh-HK;q=0.5,en-US;q=0.3,en;q=0.2',
  'accept-encoding' => 'gzip, deflate',
  'cookie' => 'pgv_pvi=9210117120; hibext_instdsigdipv2=1; _ga=GA1.2.1868033078.1526888261; trdipcktrffcext=1; PHPSESSID=4rol6698vid893e1fbkkc0k3a2',
  'connection' => 'keep-alive',
)
[ info ] [ PARAM ] array (
)
[ info ] [ LOG ] INIT File
---------------------------------------------------------------
[ 2018-06-25T09:17:02+08:00 ] 127.0.0.1 POST /admin.php/login/check.html
[ info ] www.tp5.com/admin.php/login/check.html [运行时间：0.124800s][吞吐率：8.01req/s] [内存消耗：2,498.45kb] [文件加载：47]
[ info ] [ LANG ] E:\xampp\htdocs\xinjia\tp5\thinkphp\lang\zh-cn.php
[ info ] [ BIND ] 'admin'
[ info ] [ ROUTE ] array (
  'type' => 'module',
  'module' => 
  array (
    0 => 'admin',
    1 => 'login',
    2 => 'check',
  ),
)
[ info ] [ HEADER ] array (
  'host' => 'www.tp5.com',
  'user-agent' => 'Mozilla/5.0 (Windows NT 6.1; Win64; x64; rv:60.0) Gecko/20100101 Firefox/60.0',
  'accept' => 'application/json, text/javascript, */*; q=0.01',
  'accept-language' => 'zh-CN,zh;q=0.8,zh-TW;q=0.7,zh-HK;q=0.5,en-US;q=0.3,en;q=0.2',
  'accept-encoding' => 'gzip, deflate',
  'referer' => 'http://www.tp5.com/admin.php/login/index.html',
  'content-type' => 'application/x-www-form-urlencoded; charset=UTF-8',
  'x-requested-with' => 'XMLHttpRequest',
  'content-length' => '29',
  'cookie' => 'thinkphp_show_page_trace=0|0; pgv_pvi=9210117120; hibext_instdsigdipv2=1; _ga=GA1.2.1868033078.1526888261; trdipcktrffcext=1; PHPSESSID=4rol6698vid893e1fbkkc0k3a2',
  'connection' => 'keep-alive',
)
[ info ] [ PARAM ] array (
  'loginname' => 'aaa',
  'password' => '123456',
)
[ info ] [ RUN ] app\admin\controller\Login->check[ E:\xampp\htdocs\xinjia\tp5\application\admin\controller\Login.php ]
[ info ] [ DB ] INIT mysql
[ info ] [ CACHE ] INIT File
[ info ] [ SESSION ] INIT array (
  'id' => '',
  'var_session_id' => '',
  'prefix' => 'think',
  'type' => '',
  'auto_start' => true,
)
[ info ] [ LOG ] INIT File
[ sql ] [ DB ] CONNECT:[ UseTime:0.015600s ] mysql:host=127.0.0.1;dbname=hlwl;charset=utf8
[ sql ] [ SQL ] SHOW COLUMNS FROM `hl_user` [ RunTime:0.015600s ]
[ sql ] [ SQL ] SELECT * FROM `hl_user` WHERE  `loginname` = 'aaa' LIMIT 1 [ RunTime:0.000000s ]
[ sql ] [ SQL ] UPDATE `hl_user`  SET `logintime`=1529889422,`update_time`=2018  WHERE  `id` = 3 [ RunTime:0.031200s ]
---------------------------------------------------------------
[ 2018-06-25T09:17:06+08:00 ] 127.0.0.1 GET /admin.php/index/index.html
[ info ] www.tp5.com/admin.php/index/index.html [运行时间：0.062400s][吞吐率：16.03req/s] [内存消耗：2,201.86kb] [文件加载：47]
[ info ] [ LANG ] E:\xampp\htdocs\xinjia\tp5\thinkphp\lang\zh-cn.php
[ info ] [ BIND ] 'admin'
[ info ] [ ROUTE ] array (
  'type' => 'module',
  'module' => 
  array (
    0 => 'admin',
    1 => 'index',
    2 => 'index',
  ),
)
[ info ] [ HEADER ] array (
  'host' => 'www.tp5.com',
  'user-agent' => 'Mozilla/5.0 (Windows NT 6.1; Win64; x64; rv:60.0) Gecko/20100101 Firefox/60.0',
  'accept' => 'text/html,application/xhtml+xml,application/xml;q=0.9,*/*;q=0.8',
  'accept-language' => 'zh-CN,zh;q=0.8,zh-TW;q=0.7,zh-HK;q=0.5,en-US;q=0.3,en;q=0.2',
  'accept-encoding' => 'gzip, deflate',
  'referer' => 'http://www.tp5.com/admin.php/login/index.html',
  'cookie' => 'thinkphp_show_page_trace=0|0; pgv_pvi=9210117120; hibext_instdsigdipv2=1; _ga=GA1.2.1868033078.1526888261; trdipcktrffcext=1; PHPSESSID=4rol6698vid893e1fbkkc0k3a2',
  'connection' => 'keep-alive',
  'upgrade-insecure-requests' => '1',
)
[ info ] [ PARAM ] array (
)
[ info ] [ SESSION ] INIT array (
  'id' => '',
  'var_session_id' => '',
  'prefix' => 'think',
  'type' => '',
  'auto_start' => true,
)
[ info ] [ DB ] INIT mysql
[ info ] [ VIEW ] E:\xampp\htdocs\xinjia\tp5\public/../application/admin\view\public\middle.html [ array (
  0 => 'cardata',
) ]
[ info ] [ RUN ] app\admin\controller\Index->index[ E:\xampp\htdocs\xinjia\tp5\application\admin\controller\Index.php ]
[ info ] [ VIEW ] E:\xampp\htdocs\xinjia\tp5\public/../application/admin\view\index\index.html [ array (
  0 => 'cardata',
) ]
[ info ] [ LOG ] INIT File
[ sql ] [ DB ] CONNECT:[ UseTime:0.000000s ] mysql:host=127.0.0.1;dbname=hlwl;charset=utf8
[ sql ] [ SQL ] SHOW COLUMNS FROM `hl_cardata` [ RunTime:0.000000s ]
[ sql ] [ SQL ] SELECT `id`,`car_name` FROM `hl_cardata` WHERE  `status` = 1 [ RunTime:0.000000s ]
---------------------------------------------------------------
[ 2018-06-25T09:17:06+08:00 ] 127.0.0.1 GET /admin.php/index/welcome.html
[ info ] www.tp5.com/admin.php/index/welcome.html [运行时间：0.046800s][吞吐率：21.37req/s] [内存消耗：2,189.80kb] [文件加载：47]
[ info ] [ LANG ] E:\xampp\htdocs\xinjia\tp5\thinkphp\lang\zh-cn.php
[ info ] [ BIND ] 'admin'
[ info ] [ ROUTE ] array (
  'type' => 'module',
  'module' => 
  array (
    0 => 'admin',
    1 => 'index',
    2 => 'welcome',
  ),
)
[ info ] [ HEADER ] array (
  'host' => 'www.tp5.com',
  'user-agent' => 'Mozilla/5.0 (Windows NT 6.1; Win64; x64; rv:60.0) Gecko/20100101 Firefox/60.0',
  'accept' => 'text/html,application/xhtml+xml,application/xml;q=0.9,*/*;q=0.8',
  'accept-language' => 'zh-CN,zh;q=0.8,zh-TW;q=0.7,zh-HK;q=0.5,en-US;q=0.3,en;q=0.2',
  'accept-encoding' => 'gzip, deflate',
  'referer' => 'http://www.tp5.com/admin.php/index/index.html',
  'cookie' => 'thinkphp_show_page_trace=0|0; pgv_pvi=9210117120; hibext_instdsigdipv2=1; _ga=GA1.2.1868033078.1526888261; trdipcktrffcext=1; PHPSESSID=4rol6698vid893e1fbkkc0k3a2',
  'connection' => 'keep-alive',
  'upgrade-insecure-requests' => '1',
)
[ info ] [ PARAM ] array (
)
[ info ] [ SESSION ] INIT array (
  'id' => '',
  'var_session_id' => '',
  'prefix' => 'think',
  'type' => '',
  'auto_start' => true,
)
[ info ] [ DB ] INIT mysql
[ info ] [ VIEW ] E:\xampp\htdocs\xinjia\tp5\public/../application/admin\view\public\middle.html [ array (
  0 => 'cardata',
) ]
[ info ] [ RUN ] app\admin\controller\Index->welcome[ E:\xampp\htdocs\xinjia\tp5\application\admin\controller\Index.php ]
[ info ] [ VIEW ] E:\xampp\htdocs\xinjia\tp5\public/../application/admin\view\index\welcome.html [ array (
  0 => 'cardata',
) ]
[ info ] [ LOG ] INIT File
[ sql ] [ DB ] CONNECT:[ UseTime:0.015600s ] mysql:host=127.0.0.1;dbname=hlwl;charset=utf8
[ sql ] [ SQL ] SHOW COLUMNS FROM `hl_cardata` [ RunTime:0.000000s ]
[ sql ] [ SQL ] SELECT `id`,`car_name` FROM `hl_cardata` WHERE  `status` = 1 [ RunTime:0.000000s ]
---------------------------------------------------------------
[ 2018-06-25T09:17:09+08:00 ] 127.0.0.1 GET /admin.php/order/order_audit.html
[ info ] www.tp5.com/admin.php/order/order_audit.html [运行时间：0.093600s][吞吐率：10.68req/s] [内存消耗：2,343.18kb] [文件加载：49]
[ info ] [ LANG ] E:\xampp\htdocs\xinjia\tp5\thinkphp\lang\zh-cn.php
[ info ] [ BIND ] 'admin'
[ info ] [ ROUTE ] array (
  'type' => 'module',
  'module' => 
  array (
    0 => 'admin',
    1 => 'order',
    2 => 'order_audit',
  ),
)
[ info ] [ HEADER ] array (
  'host' => 'www.tp5.com',
  'user-agent' => 'Mozilla/5.0 (Windows NT 6.1; Win64; x64; rv:60.0) Gecko/20100101 Firefox/60.0',
  'accept' => 'text/html,application/xhtml+xml,application/xml;q=0.9,*/*;q=0.8',
  'accept-language' => 'zh-CN,zh;q=0.8,zh-TW;q=0.7,zh-HK;q=0.5,en-US;q=0.3,en;q=0.2',
  'accept-encoding' => 'gzip, deflate',
  'referer' => 'http://www.tp5.com/admin.php/index/index.html',
  'cookie' => 'pgv_pvi=9210117120; hibext_instdsigdipv2=1; _ga=GA1.2.1868033078.1526888261; trdipcktrffcext=1; PHPSESSID=4rol6698vid893e1fbkkc0k3a2',
  'connection' => 'keep-alive',
  'upgrade-insecure-requests' => '1',
)
[ info ] [ PARAM ] array (
)
[ info ] [ SESSION ] INIT array (
  'id' => '',
  'var_session_id' => '',
  'prefix' => 'think',
  'type' => '',
  'auto_start' => true,
)
[ info ] [ DB ] INIT mysql
[ info ] [ VIEW ] E:\xampp\htdocs\xinjia\tp5\public/../application/admin\view\public\middle.html [ array (
  0 => 'cardata',
) ]
[ info ] [ RUN ] app\admin\controller\Order->order_audit[ E:\xampp\htdocs\xinjia\tp5\application\admin\controller\Order.php ]
[ info ] [ VIEW ] E:\xampp\htdocs\xinjia\tp5\public/../application/admin\view\Order\order_audit.html [ array (
  0 => 'cardata',
) ]
[ info ] [ LOG ] INIT File
[ sql ] [ DB ] CONNECT:[ UseTime:0.015600s ] mysql:host=127.0.0.1;dbname=hlwl;charset=utf8
[ sql ] [ SQL ] SHOW COLUMNS FROM `hl_cardata` [ RunTime:0.000000s ]
[ sql ] [ SQL ] SELECT `id`,`car_name` FROM `hl_cardata` WHERE  `status` = 1 [ RunTime:0.000000s ]
---------------------------------------------------------------
[ 2018-06-25T09:19:33+08:00 ] 127.0.0.1 GET /index.php/index/index/index.html
[ info ] www.tp5.com/index.php/index/index/index.html [运行时间：0.046800s][吞吐率：21.37req/s] [内存消耗：1,470.25kb] [文件加载：39]
[ info ] [ LANG ] E:\xampp\htdocs\xinjia\tp5\thinkphp\lang\zh-cn.php
[ info ] [ BIND ] 'index'
[ info ] [ ROUTE ] array (
  'type' => 'module',
  'module' => 
  array (
    0 => 'index',
    1 => 'index',
    2 => 'index',
  ),
)
[ info ] [ HEADER ] array (
  'host' => 'www.tp5.com',
  'user-agent' => 'Mozilla/5.0 (Windows NT 6.1; Win64; x64; rv:60.0) Gecko/20100101 Firefox/60.0',
  'accept' => 'text/html,application/xhtml+xml,application/xml;q=0.9,*/*;q=0.8',
  'accept-language' => 'zh-CN,zh;q=0.8,zh-TW;q=0.7,zh-HK;q=0.5,en-US;q=0.3,en;q=0.2',
  'accept-encoding' => 'gzip, deflate',
  'cookie' => 'pgv_pvi=9210117120; hibext_instdsigdipv2=1; _ga=GA1.2.1868033078.1526888261; trdipcktrffcext=1; PHPSESSID=4rol6698vid893e1fbkkc0k3a2',
  'connection' => 'keep-alive',
  'upgrade-insecure-requests' => '1',
)
[ info ] [ PARAM ] array (
)
[ info ] [ RUN ] app\index\controller\Index->index[ E:\xampp\htdocs\xinjia\tp5\application\index\controller\Index.php ]
[ info ] [ VIEW ] E:\xampp\htdocs\xinjia\tp5\public/../application/index\view\index\top.html [ array (
) ]
[ info ] [ LOG ] INIT File
---------------------------------------------------------------
[ 2018-06-25T09:19:34+08:00 ] 127.0.0.1 GET /index.php/index/index1.html
[ info ] www.tp5.com/index.php/index/index1.html [运行时间：0.031200s][吞吐率：32.05req/s] [内存消耗：1,409.71kb] [文件加载：38]
[ info ] [ LANG ] E:\xampp\htdocs\xinjia\tp5\thinkphp\lang\zh-cn.php
[ info ] [ BIND ] 'index'
[ info ] [ ROUTE ] array (
  'type' => 'module',
  'module' => 
  array (
    0 => 'index',
    1 => 'index',
    2 => 'index1',
  ),
)
[ info ] [ HEADER ] array (
  'host' => 'www.tp5.com',
  'user-agent' => 'Mozilla/5.0 (Windows NT 6.1; Win64; x64; rv:60.0) Gecko/20100101 Firefox/60.0',
  'accept' => 'text/html,application/xhtml+xml,application/xml;q=0.9,*/*;q=0.8',
  'accept-language' => 'zh-CN,zh;q=0.8,zh-TW;q=0.7,zh-HK;q=0.5,en-US;q=0.3,en;q=0.2',
  'accept-encoding' => 'gzip, deflate',
  'referer' => 'http://www.tp5.com/index.php/index/index/index.html',
  'cookie' => 'pgv_pvi=9210117120; hibext_instdsigdipv2=1; _ga=GA1.2.1868033078.1526888261; trdipcktrffcext=1; PHPSESSID=4rol6698vid893e1fbkkc0k3a2',
  'connection' => 'keep-alive',
  'upgrade-insecure-requests' => '1',
)
[ info ] [ PARAM ] array (
)
[ info ] [ RUN ] app\index\controller\Index->index1[ E:\xampp\htdocs\xinjia\tp5\application\index\controller\Index.php ]
[ info ] [ VIEW ] E:\xampp\htdocs\xinjia\tp5\public/../application/index\view\index\index.html [ array (
) ]
[ info ] [ LOG ] INIT File
---------------------------------------------------------------
[ 2018-06-25T09:19:35+08:00 ] 127.0.0.1 GET /index.php/index/index1.html
[ info ] www.tp5.com/index.php/index/index1.html [运行时间：0.015600s][吞吐率：64.10req/s] [内存消耗：1,409.47kb] [文件加载：38]
[ info ] [ LANG ] E:\xampp\htdocs\xinjia\tp5\thinkphp\lang\zh-cn.php
[ info ] [ BIND ] 'index'
[ info ] [ ROUTE ] array (
  'type' => 'module',
  'module' => 
  array (
    0 => 'index',
    1 => 'index',
    2 => 'index1',
  ),
)
[ info ] [ HEADER ] array (
  'host' => 'www.tp5.com',
  'user-agent' => 'Mozilla/5.0 (Windows NT 6.1; Win64; x64; rv:60.0) Gecko/20100101 Firefox/60.0',
  'accept' => 'video/webm,video/ogg,video/*;q=0.9,application/ogg;q=0.7,audio/*;q=0.6,*/*;q=0.5',
  'accept-language' => 'zh-CN,zh;q=0.8,zh-TW;q=0.7,zh-HK;q=0.5,en-US;q=0.3,en;q=0.2',
  'referer' => 'http://www.tp5.com/index.php/index/index1.html',
  'range' => 'bytes=0-',
  'cookie' => 'pgv_pvi=9210117120; hibext_instdsigdipv2=1; _ga=GA1.2.1868033078.1526888261; trdipcktrffcext=1; PHPSESSID=4rol6698vid893e1fbkkc0k3a2',
  'connection' => 'keep-alive',
)
[ info ] [ PARAM ] array (
)
[ info ] [ RUN ] app\index\controller\Index->index1[ E:\xampp\htdocs\xinjia\tp5\application\index\controller\Index.php ]
[ info ] [ VIEW ] E:\xampp\htdocs\xinjia\tp5\public/../application/index\view\index\index.html [ array (
) ]
[ info ] [ LOG ] INIT File
---------------------------------------------------------------
[ 2018-06-25T09:19:39+08:00 ] 127.0.0.1 GET /index.php/index/hyyj.html
[ info ] www.tp5.com/index.php/index/hyyj.html [运行时间：0.062400s][吞吐率：16.03req/s] [内存消耗：1,470.71kb] [文件加载：39]
[ info ] [ LANG ] E:\xampp\htdocs\xinjia\tp5\thinkphp\lang\zh-cn.php
[ info ] [ BIND ] 'index'
[ info ] [ ROUTE ] array (
  'type' => 'module',
  'module' => 
  array (
    0 => 'index',
    1 => 'index',
    2 => 'hyyj',
  ),
)
[ info ] [ HEADER ] array (
  'host' => 'www.tp5.com',
  'user-agent' => 'Mozilla/5.0 (Windows NT 6.1; Win64; x64; rv:60.0) Gecko/20100101 Firefox/60.0',
  'accept' => 'text/html,application/xhtml+xml,application/xml;q=0.9,*/*;q=0.8',
  'accept-language' => 'zh-CN,zh;q=0.8,zh-TW;q=0.7,zh-HK;q=0.5,en-US;q=0.3,en;q=0.2',
  'accept-encoding' => 'gzip, deflate',
  'referer' => 'http://www.tp5.com/index.php/index/index/index.html',
  'cookie' => 'thinkphp_show_page_trace=0|0; pgv_pvi=9210117120; hibext_instdsigdipv2=1; _ga=GA1.2.1868033078.1526888261; trdipcktrffcext=1; PHPSESSID=4rol6698vid893e1fbkkc0k3a2',
  'connection' => 'keep-alive',
  'upgrade-insecure-requests' => '1',
)
[ info ] [ PARAM ] array (
)
[ info ] [ RUN ] app\index\controller\Index->hyyj[ E:\xampp\htdocs\xinjia\tp5\application\index\controller\Index.php ]
[ info ] [ VIEW ] E:\xampp\htdocs\xinjia\tp5\public/../application/index\view\index\hyyj.html [ array (
) ]
[ info ] [ LOG ] INIT File
---------------------------------------------------------------
[ 2018-06-25T09:19:48+08:00 ] 127.0.0.1 GET /index.php/index/xxtx.html
[ info ] www.tp5.com/index.php/index/xxtx.html [运行时间：0.046800s][吞吐率：21.37req/s] [内存消耗：1,470.60kb] [文件加载：39]
[ info ] [ LANG ] E:\xampp\htdocs\xinjia\tp5\thinkphp\lang\zh-cn.php
[ info ] [ BIND ] 'index'
[ info ] [ ROUTE ] array (
  'type' => 'module',
  'module' => 
  array (
    0 => 'index',
    1 => 'index',
    2 => 'xxtx',
  ),
)
[ info ] [ HEADER ] array (
  'host' => 'www.tp5.com',
  'user-agent' => 'Mozilla/5.0 (Windows NT 6.1; Win64; x64; rv:60.0) Gecko/20100101 Firefox/60.0',
  'accept' => 'text/html,application/xhtml+xml,application/xml;q=0.9,*/*;q=0.8',
  'accept-language' => 'zh-CN,zh;q=0.8,zh-TW;q=0.7,zh-HK;q=0.5,en-US;q=0.3,en;q=0.2',
  'accept-encoding' => 'gzip, deflate',
  'referer' => 'http://www.tp5.com/index.php/index/hyyj.html',
  'cookie' => 'thinkphp_show_page_trace=0|0; pgv_pvi=9210117120; hibext_instdsigdipv2=1; _ga=GA1.2.1868033078.1526888261; trdipcktrffcext=1; PHPSESSID=4rol6698vid893e1fbkkc0k3a2',
  'connection' => 'keep-alive',
  'upgrade-insecure-requests' => '1',
)
[ info ] [ PARAM ] array (
)
[ info ] [ RUN ] app\index\controller\Index->xxtx[ E:\xampp\htdocs\xinjia\tp5\application\index\controller\Index.php ]
[ info ] [ VIEW ] E:\xampp\htdocs\xinjia\tp5\public/../application/index\view\index\xxtx.html [ array (
) ]
[ info ] [ LOG ] INIT File
---------------------------------------------------------------
[ 2018-06-25T09:25:40+08:00 ] 127.0.0.1 GET /index.php/index/lrdd.html
[ info ] www.tp5.com/index.php/index/lrdd.html [运行时间：0.031200s][吞吐率：32.05req/s] [内存消耗：1,417.72kb] [文件加载：38]
[ info ] [ LANG ] E:\xampp\htdocs\xinjia\tp5\thinkphp\lang\zh-cn.php
[ info ] [ BIND ] 'index'
[ info ] [ ROUTE ] array (
  'type' => 'module',
  'module' => 
  array (
    0 => 'index',
    1 => 'index',
    2 => 'lrdd',
  ),
)
[ info ] [ HEADER ] array (
  'host' => 'www.tp5.com',
  'user-agent' => 'Mozilla/5.0 (Windows NT 6.1; Win64; x64; rv:60.0) Gecko/20100101 Firefox/60.0',
  'accept' => 'text/html,application/xhtml+xml,application/xml;q=0.9,*/*;q=0.8',
  'accept-language' => 'zh-CN,zh;q=0.8,zh-TW;q=0.7,zh-HK;q=0.5,en-US;q=0.3,en;q=0.2',
  'accept-encoding' => 'gzip, deflate',
  'referer' => 'http://www.tp5.com/index.php/index/xxtx.html',
  'cookie' => 'thinkphp_show_page_trace=0|0; pgv_pvi=9210117120; hibext_instdsigdipv2=1; _ga=GA1.2.1868033078.1526888261; trdipcktrffcext=1; PHPSESSID=4rol6698vid893e1fbkkc0k3a2',
  'connection' => 'keep-alive',
  'upgrade-insecure-requests' => '1',
)
[ info ] [ PARAM ] array (
)
[ info ] [ RUN ] app\index\controller\Index->lrdd[ E:\xampp\htdocs\xinjia\tp5\application\index\controller\Index.php ]
[ info ] [ VIEW ] E:\xampp\htdocs\xinjia\tp5\public/../application/index\view\index\lrdd.html [ array (
) ]
[ info ] [ LOG ] INIT File
---------------------------------------------------------------
[ 2018-06-25T09:37:43+08:00 ] 192.168.0.110 GET /
[ info ] 192.168.0.103/ [运行时间：0.062400s][吞吐率：16.03req/s] [内存消耗：1,468.36kb] [文件加载：39]
[ info ] [ LANG ] E:\xampp\htdocs\xinjia\tp5\thinkphp\lang\zh-cn.php
[ info ] [ BIND ] 'index'
[ info ] [ ROUTE ] array (
  'type' => 'module',
  'module' => 
  array (
    0 => 'index',
    1 => NULL,
    2 => NULL,
  ),
)
[ info ] [ HEADER ] array (
  'user-agent' => 'Mozilla/4.0 (compatible; MSIE 9.0; Windows NT 5.1; Trident/5.0)',
  'host' => '192.168.0.103',
  'accept' => '*/*',
  'accept-encoding' => 'gzip, deflate',
  'pragma' => 'no-cache',
)
[ info ] [ PARAM ] array (
)
[ info ] [ RUN ] app\index\controller\Index->index[ E:\xampp\htdocs\xinjia\tp5\application\index\controller\Index.php ]
[ info ] [ VIEW ] E:\xampp\htdocs\xinjia\tp5\public/../application/index\view\index\top.html [ array (
) ]
[ info ] [ LOG ] INIT File
---------------------------------------------------------------
[ 2018-06-25T11:15:27+08:00 ] 127.0.0.1 GET /index.php/index/xxtx.html
[ info ] www.tp5.com/index.php/index/xxtx.html [运行时间：0.483600s][吞吐率：2.07req/s] [内存消耗：1,470.55kb] [文件加载：39]
[ info ] [ LANG ] E:\xampp\htdocs\xinjia\tp5\thinkphp\lang\zh-cn.php
[ info ] [ BIND ] 'index'
[ info ] [ ROUTE ] array (
  'type' => 'module',
  'module' => 
  array (
    0 => 'index',
    1 => 'index',
    2 => 'xxtx',
  ),
)
[ info ] [ HEADER ] array (
  'host' => 'www.tp5.com',
  'user-agent' => 'Mozilla/5.0 (Windows NT 6.1; Win64; x64; rv:60.0) Gecko/20100101 Firefox/60.0',
  'accept' => 'text/html,application/xhtml+xml,application/xml;q=0.9,*/*;q=0.8',
  'accept-language' => 'zh-CN,zh;q=0.8,zh-TW;q=0.7,zh-HK;q=0.5,en-US;q=0.3,en;q=0.2',
  'accept-encoding' => 'gzip, deflate',
  'referer' => 'http://www.tp5.com/index.php/index/hyyj.html',
  'cookie' => 'thinkphp_show_page_trace=0|0; pgv_pvi=9210117120; hibext_instdsigdipv2=1; _ga=GA1.2.1868033078.1526888261; PHPSESSID=4rol6698vid893e1fbkkc0k3a2',
  'connection' => 'keep-alive',
  'upgrade-insecure-requests' => '1',
)
[ info ] [ PARAM ] array (
)
[ info ] [ RUN ] app\index\controller\Index->xxtx[ E:\xampp\htdocs\xinjia\tp5\application\index\controller\Index.php ]
[ info ] [ VIEW ] E:\xampp\htdocs\xinjia\tp5\public/../application/index\view\index\xxtx.html [ array (
) ]
[ info ] [ LOG ] INIT File
---------------------------------------------------------------
[ 2018-06-25T11:15:43+08:00 ] 127.0.0.1 GET /index.php/index/lrdd.html
[ info ] www.tp5.com/index.php/index/lrdd.html [运行时间：0.078000s][吞吐率：12.82req/s] [内存消耗：1,417.67kb] [文件加载：38]
[ info ] [ LANG ] E:\xampp\htdocs\xinjia\tp5\thinkphp\lang\zh-cn.php
[ info ] [ BIND ] 'index'
[ info ] [ ROUTE ] array (
  'type' => 'module',
  'module' => 
  array (
    0 => 'index',
    1 => 'index',
    2 => 'lrdd',
  ),
)
[ info ] [ HEADER ] array (
  'host' => 'www.tp5.com',
  'user-agent' => 'Mozilla/5.0 (Windows NT 6.1; Win64; x64; rv:60.0) Gecko/20100101 Firefox/60.0',
  'accept' => 'text/html,application/xhtml+xml,application/xml;q=0.9,*/*;q=0.8',
  'accept-language' => 'zh-CN,zh;q=0.8,zh-TW;q=0.7,zh-HK;q=0.5,en-US;q=0.3,en;q=0.2',
  'accept-encoding' => 'gzip, deflate',
  'referer' => 'http://www.tp5.com/index.php/index/xxtx.html',
  'cookie' => 'thinkphp_show_page_trace=0|0; pgv_pvi=9210117120; hibext_instdsigdipv2=1; _ga=GA1.2.1868033078.1526888261; PHPSESSID=4rol6698vid893e1fbkkc0k3a2',
  'connection' => 'keep-alive',
  'upgrade-insecure-requests' => '1',
)
[ info ] [ PARAM ] array (
)
[ info ] [ RUN ] app\index\controller\Index->lrdd[ E:\xampp\htdocs\xinjia\tp5\application\index\controller\Index.php ]
[ info ] [ VIEW ] E:\xampp\htdocs\xinjia\tp5\public/../application/index\view\index\lrdd.html [ array (
) ]
[ info ] [ LOG ] INIT File
---------------------------------------------------------------
[ 2018-06-25T14:10:34+08:00 ] 127.0.0.1 GET /admin.php/order/order_list.html
[ info ] www.tp5.com/admin.php/order/order_list.html [运行时间：0.078000s][吞吐率：12.82req/s] [内存消耗：2,422.21kb] [文件加载：49]
[ info ] [ LANG ] E:\xampp\htdocs\xinjia\tp5\thinkphp\lang\zh-cn.php
[ info ] [ BIND ] 'admin'
[ info ] [ ROUTE ] array (
  'type' => 'module',
  'module' => 
  array (
    0 => 'admin',
    1 => 'order',
    2 => 'order_list',
  ),
)
[ info ] [ HEADER ] array (
  'host' => 'www.tp5.com',
  'user-agent' => 'Mozilla/5.0 (Windows NT 6.1; Win64; x64; rv:60.0) Gecko/20100101 Firefox/60.0',
  'accept' => 'text/html,application/xhtml+xml,application/xml;q=0.9,*/*;q=0.8',
  'accept-language' => 'zh-CN,zh;q=0.8,zh-TW;q=0.7,zh-HK;q=0.5,en-US;q=0.3,en;q=0.2',
  'accept-encoding' => 'gzip, deflate',
  'referer' => 'http://www.tp5.com/admin.php/index/index.html',
  'cookie' => 'thinkphp_show_page_trace=0|0; pgv_pvi=9210117120; hibext_instdsigdipv2=1; _ga=GA1.2.1868033078.1526888261; PHPSESSID=4rol6698vid893e1fbkkc0k3a2',
  'connection' => 'keep-alive',
  'upgrade-insecure-requests' => '1',
)
[ info ] [ PARAM ] array (
)
[ info ] [ SESSION ] INIT array (
  'id' => '',
  'var_session_id' => '',
  'prefix' => 'think',
  'type' => '',
  'auto_start' => true,
)
[ info ] [ DB ] INIT mysql
[ info ] [ VIEW ] E:\xampp\htdocs\xinjia\tp5\public/../application/admin\view\public\middle.html [ array (
  0 => 'cardata',
) ]
[ info ] [ RUN ] app\admin\controller\Order->order_list[ E:\xampp\htdocs\xinjia\tp5\application\admin\controller\Order.php ]
[ info ] [ VIEW ] E:\xampp\htdocs\xinjia\tp5\public/../application/admin\view\Order\order_list.html [ array (
  0 => 'cardata',
) ]
[ info ] [ LOG ] INIT File
[ sql ] [ DB ] CONNECT:[ UseTime:0.000000s ] mysql:host=127.0.0.1;dbname=hlwl;charset=utf8
[ sql ] [ SQL ] SHOW COLUMNS FROM `hl_cardata` [ RunTime:0.015600s ]
[ sql ] [ SQL ] SELECT `id`,`car_name` FROM `hl_cardata` WHERE  `status` = 1 [ RunTime:0.000000s ]
---------------------------------------------------------------
[ 2018-06-25T14:50:02+08:00 ] 127.0.0.1 GET /iplookup/iplookup.php?format=js
[ info ] int.dpool.sina.com.cn/iplookup/iplookup.php?format=js [运行时间：0.054000s][吞吐率：18.52req/s] [内存消耗：1,148.73kb] [文件加载：34]
[ info ] [ LANG ] E:\xampp\htdocs\xinjia\tp5\thinkphp\lang\zh-cn.php
[ info ] [ BIND ] 'index'
[ info ] [ ROUTE ] array (
  'type' => 'module',
  'module' => 
  array (
    0 => 'index',
    1 => 'iplookup',
    2 => 'iplookup.php',
  ),
)
[ info ] [ HEADER ] array (
  'host' => 'int.dpool.sina.com.cn',
  'user-agent' => 'Mozilla/5.0 (Windows NT 6.1; Win64; x64; rv:60.0) Gecko/20100101 Firefox/60.0',
  'accept' => '*/*',
  'accept-language' => 'zh-CN,zh;q=0.8,zh-TW;q=0.7,zh-HK;q=0.5,en-US;q=0.3,en;q=0.2',
  'accept-encoding' => 'gzip, deflate',
  'referer' => 'http://news.sina.com.cn/sf/news/ajjj/2018-06-25/doc-ihencxtt7525626.shtml',
  'cookie' => 'UOR=www.baidu.com,news.sina.com.cn,; ULV=1529895288105:62:31:2:219.137.186.62_1529895275.495485:1529895262844; SINAGLOBAL=219.137.186.249_1525431499.241271; lxlrttp=1529373927; U_TRS1=000000e5.a7971a9f.5aed0ad5.01680ed0; SGUID=1525509626876_42604577; sso_info=v02m6alo5qztKWRk5SljpOApZCkiKWRk5iljpSMpY6DoKWRk5ilkKOUpZCUha-copWFjbKUuJCilYKQspm1mpaQvY2jkLGNg5y2jIOcuY2AwMA=; SCF=Anhw5e-4R7E1KZvq1B2GohKdoN13AMZH7pmHDKF-nG_xB5rwBkJ36lvzMIRmgB0zgKV6gMT-qftfHbMeHb3Uo0k.; lxlrtst=1528782981_o; vjuids=-aece6b598.163ab267160.0.3db311821b935; vjlast=1529551539; SUB=_2AkMsbNa6dcPxrAVVmfwSymvlZYlH-jyfub9MAn7tJhMyOBgv7g8CqSVutBF-XBF99juBu_41tFuqK5ycNEamwhPo; Apache=219.137.186.62_1529895275.495485; UM_distinctid=16435996e0c449-0dde19760101cd-143e7140-129900-16435996e0d42e; _ga=GA1.3.1903693945.1529907612; _gid=GA1.3.162117964.1529907612',
  'connection' => 'keep-alive',
)
[ info ] [ PARAM ] array (
  'format' => 'js',
)
[ info ] [ LOG ] INIT File
---------------------------------------------------------------
[ 2018-06-25T15:00:20+08:00 ] 127.0.0.1 GET /iplookup/iplookup.php?format=js
[ info ] int.dpool.sina.com.cn/iplookup/iplookup.php?format=js [运行时间：0.026000s][吞吐率：38.46req/s] [内存消耗：1,148.90kb] [文件加载：34]
[ info ] [ LANG ] E:\xampp\htdocs\xinjia\tp5\thinkphp\lang\zh-cn.php
[ info ] [ BIND ] 'index'
[ info ] [ ROUTE ] array (
  'type' => 'module',
  'module' => 
  array (
    0 => 'index',
    1 => 'iplookup',
    2 => 'iplookup.php',
  ),
)
[ info ] [ HEADER ] array (
  'host' => 'int.dpool.sina.com.cn',
  'user-agent' => 'Mozilla/5.0 (Windows NT 6.1; Win64; x64; rv:60.0) Gecko/20100101 Firefox/60.0',
  'accept' => '*/*',
  'accept-language' => 'zh-CN,zh;q=0.8,zh-TW;q=0.7,zh-HK;q=0.5,en-US;q=0.3,en;q=0.2',
  'accept-encoding' => 'gzip, deflate',
  'referer' => 'http://news.sina.com.cn/sf/news/ajjj/2018-06-25/doc-ihencxtt7683711.shtml',
  'cookie' => 'UOR=www.baidu.com,news.sina.com.cn,; ULV=1529895288105:62:31:2:219.137.186.62_1529895275.495485:1529895262844; SINAGLOBAL=219.137.186.249_1525431499.241271; lxlrttp=1529373927; U_TRS1=000000e5.a7971a9f.5aed0ad5.01680ed0; SGUID=1525509626876_42604577; sso_info=v02m6alo5qztKWRk5SljpOApZCkiKWRk5iljpSMpY6DoKWRk5ilkKOUpZCUha-copWFjbKUuJCilYKQspm1mpaQvY2jkLGNg5y2jIOcuY2AwMA=; SCF=Anhw5e-4R7E1KZvq1B2GohKdoN13AMZH7pmHDKF-nG_xB5rwBkJ36lvzMIRmgB0zgKV6gMT-qftfHbMeHb3Uo0k.; lxlrtst=1528782981_o; vjuids=-aece6b598.163ab267160.0.3db311821b935; vjlast=1529551539; SUB=_2AkMsbB-HdcPxrAVVmfwSymvlZYlH-jyfuXZxAn7tJhMyOBgv7lIIqSVutBF-XE4KzvWywUORzNyOe4N_5LbX0XmI; Apache=219.137.186.62_1529895275.495485; U_TRS2=0000003e.f3da495d.5b3090a8.f7180d61; _ga=GA1.3.1705118869.1529909407; _gid=GA1.3.664929579.1529909407; SUBP=0033WrSXqPxfM72wWs9jqgMF55529P9D9WhCJcmSISjhIFW7Bwwjo92M',
  'connection' => 'keep-alive',
)
[ info ] [ PARAM ] array (
  'format' => 'js',
)
[ info ] [ LOG ] INIT File
---------------------------------------------------------------
[ 2018-06-25T16:57:23+08:00 ] 127.0.0.1 GET /iplookup/iplookup.php?format=js
[ info ] int.dpool.sina.com.cn/iplookup/iplookup.php?format=js [运行时间：0.025000s][吞吐率：40.00req/s] [内存消耗：1,148.88kb] [文件加载：34]
[ info ] [ LANG ] E:\xampp\htdocs\xinjia\tp5\thinkphp\lang\zh-cn.php
[ info ] [ BIND ] 'index'
[ info ] [ ROUTE ] array (
  'type' => 'module',
  'module' => 
  array (
    0 => 'index',
    1 => 'iplookup',
    2 => 'iplookup.php',
  ),
)
[ info ] [ HEADER ] array (
  'host' => 'int.dpool.sina.com.cn',
  'user-agent' => 'Mozilla/5.0 (Windows NT 6.1; Win64; x64; rv:60.0) Gecko/20100101 Firefox/60.0',
  'accept' => '*/*',
  'accept-language' => 'zh-CN,zh;q=0.8,zh-TW;q=0.7,zh-HK;q=0.5,en-US;q=0.3,en;q=0.2',
  'accept-encoding' => 'gzip, deflate',
  'referer' => 'http://news.sina.com.cn/sf/news/ajjj/2018-06-25/doc-ihencxtt7922853.shtml',
  'cookie' => 'UOR=www.baidu.com,news.sina.com.cn,; ULV=1529895288105:62:31:2:219.137.186.62_1529895275.495485:1529895262844; SINAGLOBAL=219.137.186.249_1525431499.241271; lxlrttp=1529373927; U_TRS1=000000e5.a7971a9f.5aed0ad5.01680ed0; SGUID=1525509626876_42604577; sso_info=v02m6alo5qztKWRk5SljpOApZCkiKWRk5iljpSMpY6DoKWRk5ilkKOUpZCUha-copWFjbKUuJCilYKQspm1mpaQvY2jkLGNg5y2jIOcuY2AwMA=; SCF=Anhw5e-4R7E1KZvq1B2GohKdoN13AMZH7pmHDKF-nG_xB5rwBkJ36lvzMIRmgB0zgKV6gMT-qftfHbMeHb3Uo0k.; lxlrtst=1528782981_o; vjuids=-aece6b598.163ab267160.0.3db311821b935; vjlast=1529551539; SUB=_2AkMsbBwgdcPxrAVVmfwSymvlZYlH-jyfuXXWAn7tJhMyOBgv7koiqSVutBF-XHEG1B4-bZ67e2vmNtEWAKHI81zw; Apache=219.137.186.62_1529895275.495485; U_TRS2=0000003e.f3da495d.5b3090a8.f7180d61; _ga=GA1.3.563650584.1529910023; _gid=GA1.3.908470782.1529910023; SUBP=0033WrSXqPxfM72wWs9jqgMF55529P9D9WhCJcmSISjhIFW7Bwwjo92M',
  'connection' => 'keep-alive',
)
[ info ] [ PARAM ] array (
  'format' => 'js',
)
[ info ] [ LOG ] INIT File
---------------------------------------------------------------
[ 2018-06-25T19:51:05+08:00 ] 127.0.0.1 GET /admin.php/order/order_waste.html
[ info ] www.tp5.com/admin.php/order/order_waste.html [运行时间：0.230000s][吞吐率：4.35req/s] [内存消耗：2,343.36kb] [文件加载：49]
[ info ] [ LANG ] E:\xampp\htdocs\xinjia\tp5\thinkphp\lang\zh-cn.php
[ info ] [ BIND ] 'admin'
[ info ] [ ROUTE ] array (
  'type' => 'module',
  'module' => 
  array (
    0 => 'admin',
    1 => 'order',
    2 => 'order_waste',
  ),
)
[ info ] [ HEADER ] array (
  'host' => 'www.tp5.com',
  'user-agent' => 'Mozilla/5.0 (Windows NT 6.1; Win64; x64; rv:60.0) Gecko/20100101 Firefox/60.0',
  'accept' => 'text/html,application/xhtml+xml,application/xml;q=0.9,*/*;q=0.8',
  'accept-language' => 'zh-CN,zh;q=0.8,zh-TW;q=0.7,zh-HK;q=0.5,en-US;q=0.3,en;q=0.2',
  'accept-encoding' => 'gzip, deflate',
  'referer' => 'http://www.tp5.com/admin.php/index/index.html',
  'cookie' => 'thinkphp_show_page_trace=0|0; pgv_pvi=9210117120; hibext_instdsigdipv2=1; _ga=GA1.2.1868033078.1526888261; PHPSESSID=4rol6698vid893e1fbkkc0k3a2',
  'connection' => 'keep-alive',
  'upgrade-insecure-requests' => '1',
)
[ info ] [ PARAM ] array (
)
[ info ] [ SESSION ] INIT array (
  'id' => '',
  'var_session_id' => '',
  'prefix' => 'think',
  'type' => '',
  'auto_start' => true,
)
[ info ] [ DB ] INIT mysql
[ info ] [ VIEW ] E:\xampp\htdocs\xinjia\tp5\public/../application/admin\view\public\middle.html [ array (
  0 => 'cardata',
) ]
[ info ] [ RUN ] app\admin\controller\Order->order_waste[ E:\xampp\htdocs\xinjia\tp5\application\admin\controller\Order.php ]
[ info ] [ VIEW ] E:\xampp\htdocs\xinjia\tp5\public/../application/admin\view\Order\order_waste.html [ array (
  0 => 'cardata',
) ]
[ info ] [ LOG ] INIT File
[ sql ] [ DB ] CONNECT:[ UseTime:0.010000s ] mysql:host=127.0.0.1;dbname=hlwl;charset=utf8
[ sql ] [ SQL ] SHOW COLUMNS FROM `hl_cardata` [ RunTime:0.010000s ]
[ sql ] [ SQL ] SELECT `id`,`car_name` FROM `hl_cardata` WHERE  `status` = 1 [ RunTime:0.000000s ]
---------------------------------------------------------------
[ 2018-06-25T19:51:10+08:00 ] 127.0.0.1 GET /admin.php/order/order_waste.html
[ info ] www.tp5.com/admin.php/order/order_waste.html [运行时间：0.070000s][吞吐率：14.29req/s] [内存消耗：2,196.55kb] [文件加载：47]
[ info ] [ LANG ] E:\xampp\htdocs\xinjia\tp5\thinkphp\lang\zh-cn.php
[ info ] [ BIND ] 'admin'
[ info ] [ ROUTE ] array (
  'type' => 'module',
  'module' => 
  array (
    0 => 'admin',
    1 => 'order',
    2 => 'order_waste',
  ),
)
[ info ] [ HEADER ] array (
  'host' => 'www.tp5.com',
  'user-agent' => 'Mozilla/5.0 (Windows NT 6.1; Win64; x64; rv:60.0) Gecko/20100101 Firefox/60.0',
  'accept' => 'text/html,application/xhtml+xml,application/xml;q=0.9,*/*;q=0.8',
  'accept-language' => 'zh-CN,zh;q=0.8,zh-TW;q=0.7,zh-HK;q=0.5,en-US;q=0.3,en;q=0.2',
  'accept-encoding' => 'gzip, deflate',
  'referer' => 'http://www.tp5.com/admin.php/index/index.html',
  'cookie' => 'thinkphp_show_page_trace=0|0; pgv_pvi=9210117120; hibext_instdsigdipv2=1; _ga=GA1.2.1868033078.1526888261; PHPSESSID=4rol6698vid893e1fbkkc0k3a2',
  'connection' => 'keep-alive',
  'upgrade-insecure-requests' => '1',
)
[ info ] [ PARAM ] array (
)
[ info ] [ SESSION ] INIT array (
  'id' => '',
  'var_session_id' => '',
  'prefix' => 'think',
  'type' => '',
  'auto_start' => true,
)
[ info ] [ DB ] INIT mysql
[ info ] [ VIEW ] E:\xampp\htdocs\xinjia\tp5\public/../application/admin\view\public\middle.html [ array (
  0 => 'cardata',
) ]
[ info ] [ RUN ] app\admin\controller\Order->order_waste[ E:\xampp\htdocs\xinjia\tp5\application\admin\controller\Order.php ]
[ info ] [ VIEW ] E:\xampp\htdocs\xinjia\tp5\public/../application/admin\view\Order\order_waste.html [ array (
  0 => 'cardata',
) ]
[ info ] [ LOG ] INIT File
[ sql ] [ DB ] CONNECT:[ UseTime:0.010000s ] mysql:host=127.0.0.1;dbname=hlwl;charset=utf8
[ sql ] [ SQL ] SHOW COLUMNS FROM `hl_cardata` [ RunTime:0.000000s ]
[ sql ] [ SQL ] SELECT `id`,`car_name` FROM `hl_cardata` WHERE  `status` = 1 [ RunTime:0.000000s ]
---------------------------------------------------------------
[ 2018-06-25T19:51:11+08:00 ] 127.0.0.1 GET /admin.php/order/order_edit.html
[ info ] www.tp5.com/admin.php/order/order_edit.html [运行时间：0.060000s][吞吐率：16.67req/s] [内存消耗：2,343.86kb] [文件加载：49]
[ info ] [ LANG ] E:\xampp\htdocs\xinjia\tp5\thinkphp\lang\zh-cn.php
[ info ] [ BIND ] 'admin'
[ info ] [ ROUTE ] array (
  'type' => 'module',
  'module' => 
  array (
    0 => 'admin',
    1 => 'order',
    2 => 'order_edit',
  ),
)
[ info ] [ HEADER ] array (
  'host' => 'www.tp5.com',
  'user-agent' => 'Mozilla/5.0 (Windows NT 6.1; Win64; x64; rv:60.0) Gecko/20100101 Firefox/60.0',
  'accept' => 'text/html,application/xhtml+xml,application/xml;q=0.9,*/*;q=0.8',
  'accept-language' => 'zh-CN,zh;q=0.8,zh-TW;q=0.7,zh-HK;q=0.5,en-US;q=0.3,en;q=0.2',
  'accept-encoding' => 'gzip, deflate',
  'referer' => 'http://www.tp5.com/admin.php/index/index.html',
  'cookie' => 'thinkphp_show_page_trace=0|0; pgv_pvi=9210117120; hibext_instdsigdipv2=1; _ga=GA1.2.1868033078.1526888261; PHPSESSID=4rol6698vid893e1fbkkc0k3a2',
  'connection' => 'keep-alive',
  'upgrade-insecure-requests' => '1',
)
[ info ] [ PARAM ] array (
)
[ info ] [ SESSION ] INIT array (
  'id' => '',
  'var_session_id' => '',
  'prefix' => 'think',
  'type' => '',
  'auto_start' => true,
)
[ info ] [ DB ] INIT mysql
[ info ] [ VIEW ] E:\xampp\htdocs\xinjia\tp5\public/../application/admin\view\public\middle.html [ array (
  0 => 'cardata',
) ]
[ info ] [ RUN ] app\admin\controller\Order->order_edit[ E:\xampp\htdocs\xinjia\tp5\application\admin\controller\Order.php ]
[ info ] [ VIEW ] E:\xampp\htdocs\xinjia\tp5\public/../application/admin\view\Order\order_edit.html [ array (
  0 => 'cardata',
) ]
[ info ] [ LOG ] INIT File
[ sql ] [ DB ] CONNECT:[ UseTime:0.000000s ] mysql:host=127.0.0.1;dbname=hlwl;charset=utf8
[ sql ] [ SQL ] SHOW COLUMNS FROM `hl_cardata` [ RunTime:0.000000s ]
[ sql ] [ SQL ] SELECT `id`,`car_name` FROM `hl_cardata` WHERE  `status` = 1 [ RunTime:0.000000s ]
