---------------------------------------------------------------
[ 2018-05-02T18:47:54+08:00 ] 127.0.0.1 GET /admin.php/admin/login
[ info ] www.tp7.com/admin.php/admin/login [运行时间：0.032720s][吞吐率：30.56req/s] [内存消耗：2,110.48kb] [文件加载：42]
[ info ] [ LANG ] /home/linux/xinjia/tp5/thinkphp/lang/zh-cn.php
[ info ] [ ROUTE ] array (
  'type' => 'module',
  'module' => 
  array (
    0 => 'admin',
    1 => 'login',
    2 => NULL,
  ),
)
[ info ] [ HEADER ] array (
  'host' => 'www.tp7.com',
  'connection' => 'keep-alive',
  'cache-control' => 'max-age=0',
  'upgrade-insecure-requests' => '1',
  'user-agent' => 'Mozilla/5.0 (X11; Linux x86_64) AppleWebKit/537.36 (KHTML, like Gecko) Chrome/64.0.3282.167 Safari/537.36',
  'accept' => 'text/html,application/xhtml+xml,application/xml;q=0.9,image/webp,image/apng,*/*;q=0.8',
  'accept-encoding' => 'gzip, deflate',
  'accept-language' => 'zh-CN,zh;q=0.9,en;q=0.8',
  'cookie' => 'thinkphp_show_page_trace=0|0',
)
[ info ] [ PARAM ] array (
)
[ info ] [ RUN ] app\admin\controller\Login->index[ /home/linux/xinjia/tp5/application/admin/controller/Login.php ]
[ info ] [ VIEW ] /home/linux/xinjia/tp5/public/../application/admin/view/login/login.html [ array (
) ]
[ info ] [ LOG ] INIT File
