---------------------------------------------------------------
[ 2018-05-31T09:08:36+08:00 ] 127.0.0.1 GET /admin.php/admin/index/index.html
[ info ] www.tp5.com/admin.php/admin/index/index.html [运行时间：0.157000s][吞吐率：6.37req/s] [内存消耗：1,625.39kb] [文件加载：44]
[ info ] [ LANG ] E:\xampp\htdocs\xinjia\tp5\thinkphp\lang\zh-cn.php
[ info ] [ ROUTE ] array (
  'type' => 'module',
  'module' => 
  array (
    0 => 'admin',
    1 => 'index',
    2 => 'index',
  ),
)
[ info ] [ HEADER ] array (
  'host' => 'www.tp5.com',
  'user-agent' => 'Mozilla/5.0 (Windows NT 6.1; WOW64; rv:60.0) Gecko/20100101 Firefox/60.0',
  'accept' => 'text/html,application/xhtml+xml,application/xml;q=0.9,*/*;q=0.8',
  'accept-language' => 'zh-CN,zh;q=0.8,zh-TW;q=0.7,zh-HK;q=0.5,en-US;q=0.3,en;q=0.2',
  'accept-encoding' => 'gzip, deflate',
  'connection' => 'keep-alive',
  'upgrade-insecure-requests' => '1',
  'pragma' => 'no-cache',
  'cache-control' => 'no-cache',
)
[ info ] [ PARAM ] array (
)
[ info ] [ SESSION ] INIT array (
  'id' => '',
  'var_session_id' => '',
  'prefix' => 'think',
  'type' => '',
  'auto_start' => true,
)
[ info ] [ VIEW ] E:\xampp\htdocs\xinjia\tp5\thinkphp\tpl\dispatch_jump.tpl [ array (
  0 => 'code',
  1 => 'msg',
  2 => 'data',
  3 => 'url',
  4 => 'wait',
) ]
[ info ] [ LOG ] INIT File
---------------------------------------------------------------
[ 2018-05-31T09:08:39+08:00 ] 127.0.0.1 GET /admin.php/admin/login/index.html
[ info ] www.tp5.com/admin.php/admin/login/index.html [运行时间：0.046800s][吞吐率：21.37req/s] [内存消耗：1,610.55kb] [文件加载：42]
[ info ] [ LANG ] E:\xampp\htdocs\xinjia\tp5\thinkphp\lang\zh-cn.php
[ info ] [ ROUTE ] array (
  'type' => 'module',
  'module' => 
  array (
    0 => 'admin',
    1 => 'login',
    2 => 'index',
  ),
)
[ info ] [ HEADER ] array (
  'host' => 'www.tp5.com',
  'user-agent' => 'Mozilla/5.0 (Windows NT 6.1; WOW64; rv:60.0) Gecko/20100101 Firefox/60.0',
  'accept' => 'text/html,application/xhtml+xml,application/xml;q=0.9,*/*;q=0.8',
  'accept-language' => 'zh-CN,zh;q=0.8,zh-TW;q=0.7,zh-HK;q=0.5,en-US;q=0.3,en;q=0.2',
  'accept-encoding' => 'gzip, deflate',
  'referer' => 'http://www.tp5.com/admin.php/admin/index/index.html',
  'connection' => 'keep-alive',
  'upgrade-insecure-requests' => '1',
  'pragma' => 'no-cache',
  'cache-control' => 'no-cache',
)
[ info ] [ PARAM ] array (
)
[ info ] [ RUN ] app\admin\controller\Login->index[ E:\xampp\htdocs\xinjia\tp5\application\admin\controller\Login.php ]
[ info ] [ VIEW ] E:\xampp\htdocs\xinjia\tp5\public/../application/admin\view\login\login.html [ array (
) ]
[ info ] [ LOG ] INIT File
---------------------------------------------------------------
[ 2018-05-31T09:37:14+08:00 ] 127.0.0.1 GET /admin.php/admin/index/index.html
[ info ] www.tp5.com/admin.php/admin/index/index.html [运行时间：0.015600s][吞吐率：64.10req/s] [内存消耗：1,484.70kb] [文件加载：42]
[ info ] [ LANG ] E:\xampp\htdocs\xinjia\tp5\thinkphp\lang\zh-cn.php
[ info ] [ ROUTE ] array (
  'type' => 'module',
  'module' => 
  array (
    0 => 'admin',
    1 => 'index',
    2 => 'index',
  ),
)
[ info ] [ HEADER ] array (
  'host' => 'www.tp5.com',
  'user-agent' => 'Mozilla/5.0 (Windows NT 6.1; WOW64; rv:60.0) Gecko/20100101 Firefox/60.0',
  'accept' => 'text/html,application/xhtml+xml,application/xml;q=0.9,*/*;q=0.8',
  'accept-language' => 'zh-CN,zh;q=0.8,zh-TW;q=0.7,zh-HK;q=0.5,en-US;q=0.3,en;q=0.2',
  'accept-encoding' => 'gzip, deflate',
  'connection' => 'keep-alive',
  'upgrade-insecure-requests' => '1',
  'pragma' => 'no-cache',
  'cache-control' => 'no-cache',
)
[ info ] [ PARAM ] array (
)
[ info ] [ SESSION ] INIT array (
  'id' => '',
  'var_session_id' => '',
  'prefix' => 'think',
  'type' => '',
  'auto_start' => true,
)
[ info ] [ VIEW ] E:\xampp\htdocs\xinjia\tp5\thinkphp\tpl\dispatch_jump.tpl [ array (
  0 => 'code',
  1 => 'msg',
  2 => 'data',
  3 => 'url',
  4 => 'wait',
) ]
[ info ] [ LOG ] INIT File
---------------------------------------------------------------
[ 2018-05-31T09:37:18+08:00 ] 127.0.0.1 GET /admin.php/admin/login/index.html
[ info ] www.tp5.com/admin.php/admin/login/index.html [运行时间：0.031200s][吞吐率：32.05req/s] [内存消耗：1,468.79kb] [文件加载：40]
[ info ] [ LANG ] E:\xampp\htdocs\xinjia\tp5\thinkphp\lang\zh-cn.php
[ info ] [ ROUTE ] array (
  'type' => 'module',
  'module' => 
  array (
    0 => 'admin',
    1 => 'login',
    2 => 'index',
  ),
)
[ info ] [ HEADER ] array (
  'host' => 'www.tp5.com',
  'user-agent' => 'Mozilla/5.0 (Windows NT 6.1; WOW64; rv:60.0) Gecko/20100101 Firefox/60.0',
  'accept' => 'text/html,application/xhtml+xml,application/xml;q=0.9,*/*;q=0.8',
  'accept-language' => 'zh-CN,zh;q=0.8,zh-TW;q=0.7,zh-HK;q=0.5,en-US;q=0.3,en;q=0.2',
  'accept-encoding' => 'gzip, deflate',
  'referer' => 'http://www.tp5.com/admin.php/admin/index/index.html',
  'connection' => 'keep-alive',
  'upgrade-insecure-requests' => '1',
  'pragma' => 'no-cache',
  'cache-control' => 'no-cache',
)
[ info ] [ PARAM ] array (
)
[ info ] [ RUN ] app\admin\controller\Login->index[ E:\xampp\htdocs\xinjia\tp5\application\admin\controller\Login.php ]
[ info ] [ VIEW ] E:\xampp\htdocs\xinjia\tp5\public/../application/admin\view\login\login.html [ array (
) ]
[ info ] [ LOG ] INIT File
---------------------------------------------------------------
[ 2018-05-31T09:50:51+08:00 ] 127.0.0.1 GET /admin.php/admin/index/index.html
[ info ] www.tp5.com/admin.php/admin/index/index.html [运行时间：0.031200s][吞吐率：32.05req/s] [内存消耗：1,484.91kb] [文件加载：42]
[ info ] [ LANG ] E:\xampp\htdocs\xinjia\tp5\thinkphp\lang\zh-cn.php
[ info ] [ ROUTE ] array (
  'type' => 'module',
  'module' => 
  array (
    0 => 'admin',
    1 => 'index',
    2 => 'index',
  ),
)
[ info ] [ HEADER ] array (
  'host' => 'www.tp5.com',
  'user-agent' => 'Mozilla/5.0 (Windows NT 6.1; WOW64; rv:60.0) Gecko/20100101 Firefox/60.0',
  'accept' => 'text/html,application/xhtml+xml,application/xml;q=0.9,*/*;q=0.8',
  'accept-language' => 'zh-CN,zh;q=0.8,zh-TW;q=0.7,zh-HK;q=0.5,en-US;q=0.3,en;q=0.2',
  'accept-encoding' => 'gzip, deflate',
  'cookie' => 'thinkphp_show_page_trace=0|0; pgv_pvi=9210117120; hibext_instdsigdipv2=1; _ga=GA1.2.1868033078.1526888261; _gid=GA1.2.1334922522.1527471372',
  'connection' => 'keep-alive',
  'upgrade-insecure-requests' => '1',
)
[ info ] [ PARAM ] array (
)
[ info ] [ SESSION ] INIT array (
  'id' => '',
  'var_session_id' => '',
  'prefix' => 'think',
  'type' => '',
  'auto_start' => true,
)
[ info ] [ VIEW ] E:\xampp\htdocs\xinjia\tp5\thinkphp\tpl\dispatch_jump.tpl [ array (
  0 => 'code',
  1 => 'msg',
  2 => 'data',
  3 => 'url',
  4 => 'wait',
) ]
[ info ] [ LOG ] INIT File
---------------------------------------------------------------
[ 2018-05-31T09:50:55+08:00 ] 127.0.0.1 GET /admin.php/admin/login/index.html
[ info ] www.tp5.com/admin.php/admin/login/index.html [运行时间：0.015600s][吞吐率：64.10req/s] [内存消耗：1,469.25kb] [文件加载：40]
[ info ] [ LANG ] E:\xampp\htdocs\xinjia\tp5\thinkphp\lang\zh-cn.php
[ info ] [ ROUTE ] array (
  'type' => 'module',
  'module' => 
  array (
    0 => 'admin',
    1 => 'login',
    2 => 'index',
  ),
)
[ info ] [ HEADER ] array (
  'host' => 'www.tp5.com',
  'user-agent' => 'Mozilla/5.0 (Windows NT 6.1; WOW64; rv:60.0) Gecko/20100101 Firefox/60.0',
  'accept' => 'text/html,application/xhtml+xml,application/xml;q=0.9,*/*;q=0.8',
  'accept-language' => 'zh-CN,zh;q=0.8,zh-TW;q=0.7,zh-HK;q=0.5,en-US;q=0.3,en;q=0.2',
  'accept-encoding' => 'gzip, deflate',
  'referer' => 'http://www.tp5.com/admin.php/admin/index/index.html',
  'cookie' => 'pgv_pvi=9210117120; hibext_instdsigdipv2=1; _ga=GA1.2.1868033078.1526888261; _gid=GA1.2.1334922522.1527471372; PHPSESSID=lcj2f82pq8d491o51sfu8af893; trdipcktrffcext=1',
  'connection' => 'keep-alive',
  'upgrade-insecure-requests' => '1',
)
[ info ] [ PARAM ] array (
)
[ info ] [ RUN ] app\admin\controller\Login->index[ E:\xampp\htdocs\xinjia\tp5\application\admin\controller\Login.php ]
[ info ] [ VIEW ] E:\xampp\htdocs\xinjia\tp5\public/../application/admin\view\login\login.html [ array (
) ]
[ info ] [ LOG ] INIT File
---------------------------------------------------------------
[ 2018-05-31T09:50:55+08:00 ] 127.0.0.1 GET /static/admin/favicon.ico
[ info ] www.tp5.com/static/admin/favicon.ico [运行时间：0.015600s][吞吐率：64.10req/s] [内存消耗：1,138.42kb] [文件加载：32]
[ info ] [ LANG ] E:\xampp\htdocs\xinjia\tp5\thinkphp\lang\zh-cn.php
[ info ] [ ROUTE ] array (
  'type' => 'module',
  'module' => 
  array (
    0 => 'static',
    1 => 'admin',
    2 => 'favicon.ico',
  ),
)
[ info ] [ HEADER ] array (
  'host' => 'www.tp5.com',
  'user-agent' => 'Mozilla/5.0 (Windows NT 6.1; WOW64; rv:60.0) Gecko/20100101 Firefox/60.0',
  'accept' => 'text/html,application/xhtml+xml,application/xml;q=0.9,*/*;q=0.8',
  'accept-language' => 'zh-CN,zh;q=0.8,zh-TW;q=0.7,zh-HK;q=0.5,en-US;q=0.3,en;q=0.2',
  'accept-encoding' => 'gzip, deflate',
  'cookie' => 'pgv_pvi=9210117120; hibext_instdsigdipv2=1; _ga=GA1.2.1868033078.1526888261; _gid=GA1.2.1334922522.1527471372; PHPSESSID=lcj2f82pq8d491o51sfu8af893; trdipcktrffcext=1',
  'connection' => 'keep-alive',
)
[ info ] [ PARAM ] array (
)
[ info ] [ LOG ] INIT File
---------------------------------------------------------------
[ 2018-05-31T09:51:02+08:00 ] 127.0.0.1 POST /admin.php/admin/login/check.html
[ info ] www.tp5.com/admin.php/admin/login/check.html [运行时间：0.140400s][吞吐率：7.12req/s] [内存消耗：2,498.30kb] [文件加载：47]
[ info ] [ LANG ] E:\xampp\htdocs\xinjia\tp5\thinkphp\lang\zh-cn.php
[ info ] [ ROUTE ] array (
  'type' => 'module',
  'module' => 
  array (
    0 => 'admin',
    1 => 'login',
    2 => 'check',
  ),
)
[ info ] [ HEADER ] array (
  'host' => 'www.tp5.com',
  'user-agent' => 'Mozilla/5.0 (Windows NT 6.1; WOW64; rv:60.0) Gecko/20100101 Firefox/60.0',
  'accept' => 'application/json, text/javascript, */*; q=0.01',
  'accept-language' => 'zh-CN,zh;q=0.8,zh-TW;q=0.7,zh-HK;q=0.5,en-US;q=0.3,en;q=0.2',
  'accept-encoding' => 'gzip, deflate',
  'referer' => 'http://www.tp5.com/admin.php/admin/login/index.html',
  'content-type' => 'application/x-www-form-urlencoded; charset=UTF-8',
  'x-requested-with' => 'XMLHttpRequest',
  'content-length' => '29',
  'cookie' => 'thinkphp_show_page_trace=0|0; pgv_pvi=9210117120; hibext_instdsigdipv2=1; _ga=GA1.2.1868033078.1526888261; _gid=GA1.2.1334922522.1527471372; PHPSESSID=lcj2f82pq8d491o51sfu8af893; trdipcktrffcext=1',
  'connection' => 'keep-alive',
)
[ info ] [ PARAM ] array (
  'loginname' => 'aaa',
  'password' => '123456',
)
[ info ] [ RUN ] app\admin\controller\Login->check[ E:\xampp\htdocs\xinjia\tp5\application\admin\controller\Login.php ]
[ info ] [ DB ] INIT mysql
[ info ] [ CACHE ] INIT File
[ info ] [ SESSION ] INIT array (
  'id' => '',
  'var_session_id' => '',
  'prefix' => 'think',
  'type' => '',
  'auto_start' => true,
)
[ info ] [ LOG ] INIT File
[ sql ] [ DB ] CONNECT:[ UseTime:0.015600s ] mysql:host=127.0.0.1;dbname=hlwl;charset=utf8
[ sql ] [ SQL ] SHOW COLUMNS FROM `hl_user` [ RunTime:0.031200s ]
[ sql ] [ SQL ] SELECT * FROM `hl_user` WHERE  `loginname` = 'aaa' LIMIT 1 [ RunTime:0.000000s ]
[ sql ] [ SQL ] UPDATE `hl_user`  SET `logintime`=1527731462,`update_time`=2018  WHERE  `id` = 3 [ RunTime:0.046800s ]
---------------------------------------------------------------
[ 2018-05-31T09:51:03+08:00 ] 127.0.0.1 GET /admin.php/admin/index/index.html
[ info ] www.tp5.com/admin.php/admin/index/index.html [运行时间：0.062400s][吞吐率：16.03req/s] [内存消耗：2,201.41kb] [文件加载：47]
[ info ] [ LANG ] E:\xampp\htdocs\xinjia\tp5\thinkphp\lang\zh-cn.php
[ info ] [ ROUTE ] array (
  'type' => 'module',
  'module' => 
  array (
    0 => 'admin',
    1 => 'index',
    2 => 'index',
  ),
)
[ info ] [ HEADER ] array (
  'host' => 'www.tp5.com',
  'user-agent' => 'Mozilla/5.0 (Windows NT 6.1; WOW64; rv:60.0) Gecko/20100101 Firefox/60.0',
  'accept' => 'text/html,application/xhtml+xml,application/xml;q=0.9,*/*;q=0.8',
  'accept-language' => 'zh-CN,zh;q=0.8,zh-TW;q=0.7,zh-HK;q=0.5,en-US;q=0.3,en;q=0.2',
  'accept-encoding' => 'gzip, deflate',
  'referer' => 'http://www.tp5.com/admin.php/admin/login/index.html',
  'cookie' => 'thinkphp_show_page_trace=0|0; pgv_pvi=9210117120; hibext_instdsigdipv2=1; _ga=GA1.2.1868033078.1526888261; _gid=GA1.2.1334922522.1527471372; PHPSESSID=lcj2f82pq8d491o51sfu8af893; trdipcktrffcext=1',
  'connection' => 'keep-alive',
  'upgrade-insecure-requests' => '1',
)
[ info ] [ PARAM ] array (
)
[ info ] [ SESSION ] INIT array (
  'id' => '',
  'var_session_id' => '',
  'prefix' => 'think',
  'type' => '',
  'auto_start' => true,
)
[ info ] [ DB ] INIT mysql
[ info ] [ VIEW ] E:\xampp\htdocs\xinjia\tp5\public/../application/admin\view\public\middle.html [ array (
  0 => 'cardata',
) ]
[ info ] [ RUN ] app\admin\controller\Index->index[ E:\xampp\htdocs\xinjia\tp5\application\admin\controller\Index.php ]
[ info ] [ VIEW ] E:\xampp\htdocs\xinjia\tp5\public/../application/admin\view\index\index.html [ array (
  0 => 'cardata',
) ]
[ info ] [ LOG ] INIT File
[ sql ] [ DB ] CONNECT:[ UseTime:0.000000s ] mysql:host=127.0.0.1;dbname=hlwl;charset=utf8
[ sql ] [ SQL ] SHOW COLUMNS FROM `hl_cardata` [ RunTime:0.015600s ]
[ sql ] [ SQL ] SELECT `id`,`car_name` FROM `hl_cardata` WHERE  `status` = 1 [ RunTime:0.000000s ]
---------------------------------------------------------------
[ 2018-05-31T09:51:03+08:00 ] 127.0.0.1 GET /admin.php/admin/index/welcome.html
[ info ] www.tp5.com/admin.php/admin/index/welcome.html [运行时间：0.031200s][吞吐率：32.05req/s] [内存消耗：2,189.49kb] [文件加载：47]
[ info ] [ LANG ] E:\xampp\htdocs\xinjia\tp5\thinkphp\lang\zh-cn.php
[ info ] [ ROUTE ] array (
  'type' => 'module',
  'module' => 
  array (
    0 => 'admin',
    1 => 'index',
    2 => 'welcome',
  ),
)
[ info ] [ HEADER ] array (
  'host' => 'www.tp5.com',
  'user-agent' => 'Mozilla/5.0 (Windows NT 6.1; WOW64; rv:60.0) Gecko/20100101 Firefox/60.0',
  'accept' => 'text/html,application/xhtml+xml,application/xml;q=0.9,*/*;q=0.8',
  'accept-language' => 'zh-CN,zh;q=0.8,zh-TW;q=0.7,zh-HK;q=0.5,en-US;q=0.3,en;q=0.2',
  'accept-encoding' => 'gzip, deflate',
  'referer' => 'http://www.tp5.com/admin.php/admin/index/index.html',
  'cookie' => 'thinkphp_show_page_trace=0|0; pgv_pvi=9210117120; hibext_instdsigdipv2=1; _ga=GA1.2.1868033078.1526888261; _gid=GA1.2.1334922522.1527471372; PHPSESSID=lcj2f82pq8d491o51sfu8af893; trdipcktrffcext=1',
  'connection' => 'keep-alive',
  'upgrade-insecure-requests' => '1',
)
[ info ] [ PARAM ] array (
)
[ info ] [ SESSION ] INIT array (
  'id' => '',
  'var_session_id' => '',
  'prefix' => 'think',
  'type' => '',
  'auto_start' => true,
)
[ info ] [ DB ] INIT mysql
[ info ] [ VIEW ] E:\xampp\htdocs\xinjia\tp5\public/../application/admin\view\public\middle.html [ array (
  0 => 'cardata',
) ]
[ info ] [ RUN ] app\admin\controller\Index->welcome[ E:\xampp\htdocs\xinjia\tp5\application\admin\controller\Index.php ]
[ info ] [ VIEW ] E:\xampp\htdocs\xinjia\tp5\public/../application/admin\view\index\welcome.html [ array (
  0 => 'cardata',
) ]
[ info ] [ LOG ] INIT File
[ sql ] [ DB ] CONNECT:[ UseTime:0.000000s ] mysql:host=127.0.0.1;dbname=hlwl;charset=utf8
[ sql ] [ SQL ] SHOW COLUMNS FROM `hl_cardata` [ RunTime:0.000000s ]
[ sql ] [ SQL ] SELECT `id`,`car_name` FROM `hl_cardata` WHERE  `status` = 1 [ RunTime:0.000000s ]
---------------------------------------------------------------
[ 2018-05-31T09:54:27+08:00 ] 127.0.0.1 GET /admin.php/admin/price/price_trailer.html
[ info ] www.tp5.com/admin.php/admin/price/price_trailer.html [运行时间：0.078000s][吞吐率：12.82req/s] [内存消耗：2,215.44kb] [文件加载：47]
[ info ] [ LANG ] E:\xampp\htdocs\xinjia\tp5\thinkphp\lang\zh-cn.php
[ info ] [ ROUTE ] array (
  'type' => 'module',
  'module' => 
  array (
    0 => 'admin',
    1 => 'price',
    2 => 'price_trailer',
  ),
)
[ info ] [ HEADER ] array (
  'host' => 'www.tp5.com',
  'user-agent' => 'Mozilla/5.0 (Windows NT 6.1; WOW64; rv:60.0) Gecko/20100101 Firefox/60.0',
  'accept' => 'text/html,application/xhtml+xml,application/xml;q=0.9,*/*;q=0.8',
  'accept-language' => 'zh-CN,zh;q=0.8,zh-TW;q=0.7,zh-HK;q=0.5,en-US;q=0.3,en;q=0.2',
  'accept-encoding' => 'gzip, deflate',
  'referer' => 'http://www.tp5.com/admin.php/admin/index/index.html',
  'cookie' => 'pgv_pvi=9210117120; hibext_instdsigdipv2=1; _ga=GA1.2.1868033078.1526888261; _gid=GA1.2.1334922522.1527471372; PHPSESSID=lcj2f82pq8d491o51sfu8af893; trdipcktrffcext=1',
  'connection' => 'keep-alive',
  'upgrade-insecure-requests' => '1',
)
[ info ] [ PARAM ] array (
)
[ info ] [ SESSION ] INIT array (
  'id' => '',
  'var_session_id' => '',
  'prefix' => 'think',
  'type' => '',
  'auto_start' => true,
)
[ info ] [ DB ] INIT mysql
[ info ] [ VIEW ] E:\xampp\htdocs\xinjia\tp5\public/../application/admin\view\public\middle.html [ array (
  0 => 'cardata',
) ]
[ info ] [ RUN ] app\admin\controller\Price->price_trailer[ E:\xampp\htdocs\xinjia\tp5\application\admin\controller\Price.php ]
[ info ] [ VIEW ] E:\xampp\htdocs\xinjia\tp5\public/../application/admin\view\Price\price_trailer.html [ array (
  0 => 'cardata',
) ]
[ info ] [ LOG ] INIT File
[ sql ] [ DB ] CONNECT:[ UseTime:0.015600s ] mysql:host=127.0.0.1;dbname=hlwl;charset=utf8
[ sql ] [ SQL ] SHOW COLUMNS FROM `hl_cardata` [ RunTime:0.000000s ]
[ sql ] [ SQL ] SELECT `id`,`car_name` FROM `hl_cardata` WHERE  `status` = 1 [ RunTime:0.000000s ]
---------------------------------------------------------------
[ 2018-05-31T09:59:48+08:00 ] 127.0.0.1 GET /admin.php/admin/price/price_route.html
[ info ] www.tp5.com/admin.php/admin/price/price_route.html [运行时间：0.078000s][吞吐率：12.82req/s] [内存消耗：2,308.29kb] [文件加载：50]
[ info ] [ LANG ] E:\xampp\htdocs\xinjia\tp5\thinkphp\lang\zh-cn.php
[ info ] [ ROUTE ] array (
  'type' => 'module',
  'module' => 
  array (
    0 => 'admin',
    1 => 'price',
    2 => 'price_route',
  ),
)
[ info ] [ HEADER ] array (
  'host' => 'www.tp5.com',
  'user-agent' => 'Mozilla/5.0 (Windows NT 6.1; WOW64; rv:60.0) Gecko/20100101 Firefox/60.0',
  'accept' => 'text/html,application/xhtml+xml,application/xml;q=0.9,*/*;q=0.8',
  'accept-language' => 'zh-CN,zh;q=0.8,zh-TW;q=0.7,zh-HK;q=0.5,en-US;q=0.3,en;q=0.2',
  'accept-encoding' => 'gzip, deflate',
  'referer' => 'http://www.tp5.com/admin.php/admin/index/index.html',
  'cookie' => 'thinkphp_show_page_trace=0|0; pgv_pvi=9210117120; hibext_instdsigdipv2=1; _ga=GA1.2.1868033078.1526888261; _gid=GA1.2.1334922522.1527471372; PHPSESSID=lcj2f82pq8d491o51sfu8af893; trdipcktrffcext=1',
  'connection' => 'keep-alive',
  'upgrade-insecure-requests' => '1',
)
[ info ] [ PARAM ] array (
)
[ info ] [ SESSION ] INIT array (
  'id' => '',
  'var_session_id' => '',
  'prefix' => 'think',
  'type' => '',
  'auto_start' => true,
)
[ info ] [ DB ] INIT mysql
[ info ] [ VIEW ] E:\xampp\htdocs\xinjia\tp5\public/../application/admin\view\public\middle.html [ array (
  0 => 'cardata',
) ]
[ info ] [ RUN ] app\admin\controller\Price->price_route[ E:\xampp\htdocs\xinjia\tp5\application\admin\controller\Price.php ]
[ info ] [ LOG ] INIT File
[ sql ] [ DB ] CONNECT:[ UseTime:0.031200s ] mysql:host=127.0.0.1;dbname=hlwl;charset=utf8
[ sql ] [ SQL ] SHOW COLUMNS FROM `hl_cardata` [ RunTime:0.000000s ]
[ sql ] [ SQL ] SELECT `id`,`car_name` FROM `hl_cardata` WHERE  `status` = 1 [ RunTime:0.000000s ]
[ error ] [4]语法错误: unexpected '}'[E:\xampp\htdocs\xinjia\tp5\application\admin\model\Price.php:237]
---------------------------------------------------------------
[ 2018-05-31T10:30:18+08:00 ] 127.0.0.1 GET /admin.php/admin/price/price_route.html
[ info ] www.tp5.com/admin.php/admin/price/price_route.html [运行时间：0.530400s][吞吐率：1.89req/s] [内存消耗：2,743.38kb] [文件加载：52]
[ info ] [ LANG ] E:\xampp\htdocs\xinjia\tp5\thinkphp\lang\zh-cn.php
[ info ] [ ROUTE ] array (
  'type' => 'module',
  'module' => 
  array (
    0 => 'admin',
    1 => 'price',
    2 => 'price_route',
  ),
)
[ info ] [ HEADER ] array (
  'host' => 'www.tp5.com',
  'user-agent' => 'Mozilla/5.0 (Windows NT 6.1; WOW64; rv:60.0) Gecko/20100101 Firefox/60.0',
  'accept' => 'text/html,application/xhtml+xml,application/xml;q=0.9,*/*;q=0.8',
  'accept-language' => 'zh-CN,zh;q=0.8,zh-TW;q=0.7,zh-HK;q=0.5,en-US;q=0.3,en;q=0.2',
  'accept-encoding' => 'gzip, deflate',
  'referer' => 'http://www.tp5.com/admin.php/admin/index/index.html',
  'cookie' => 'thinkphp_show_page_trace=0|0; pgv_pvi=9210117120; hibext_instdsigdipv2=1; _ga=GA1.2.1868033078.1526888261; _gid=GA1.2.1334922522.1527471372; PHPSESSID=lcj2f82pq8d491o51sfu8af893',
  'connection' => 'keep-alive',
  'upgrade-insecure-requests' => '1',
)
[ info ] [ PARAM ] array (
)
[ info ] [ SESSION ] INIT array (
  'id' => '',
  'var_session_id' => '',
  'prefix' => 'think',
  'type' => '',
  'auto_start' => true,
)
[ info ] [ DB ] INIT mysql
[ info ] [ VIEW ] E:\xampp\htdocs\xinjia\tp5\public/../application/admin\view\public\middle.html [ array (
  0 => 'cardata',
) ]
[ info ] [ RUN ] app\admin\controller\Price->price_route[ E:\xampp\htdocs\xinjia\tp5\application\admin\controller\Price.php ]
[ info ] [ VIEW ] E:\xampp\htdocs\xinjia\tp5\public/../application/admin\view\Price\price_route.html [ array (
  0 => 'cardata',
  1 => 'list',
  2 => 'page',
) ]
[ info ] [ LOG ] INIT File
[ sql ] [ DB ] CONNECT:[ UseTime:0.015600s ] mysql:host=127.0.0.1;dbname=hlwl;charset=utf8
[ sql ] [ SQL ] SHOW COLUMNS FROM `hl_cardata` [ RunTime:0.000000s ]
[ sql ] [ SQL ] SELECT `id`,`car_name` FROM `hl_cardata` WHERE  `status` = 1 [ RunTime:0.000000s ]
[ sql ] [ SQL ] SHOW COLUMNS FROM `hl_seaprice` [ RunTime:0.421200s ]
[ sql ] [ SQL ] SELECT COUNT(*) AS tp_count FROM ( SELECT `SP`.*,`S`.`ship_short_name`,P1.port_name as start_port,P2.port_name as over_port FROM `hl_seaprice` `SP` LEFT JOIN `hl_shipcompany` `S` ON `S`.`id`=`SP`.`ship_id` LEFT JOIN `hl_sealine` `SL` ON `SL`.`id`=`SP`.`sl_id` LEFT JOIN `hl_port` `P1` ON `SL`.`sl_start`=`P1`.`id` LEFT JOIN `hl_port` `P2` ON `SL`.`sl_over`=`P2`.`id` ) a LIMIT 1 [ RunTime:0.015600s ]
[ sql ] [ SQL ] SELECT * FROM ( SELECT `SP`.*,`S`.`ship_short_name`,P1.port_name as start_port,P2.port_name as over_port FROM `hl_seaprice` `SP` LEFT JOIN `hl_shipcompany` `S` ON `S`.`id`=`SP`.`ship_id` LEFT JOIN `hl_sealine` `SL` ON `SL`.`id`=`SP`.`sl_id` LEFT JOIN `hl_port` `P1` ON `SL`.`sl_start`=`P1`.`id` LEFT JOIN `hl_port` `P2` ON `SL`.`sl_over`=`P2`.`id` ) a LIMIT 0,5 [ RunTime:0.015600s ]
---------------------------------------------------------------
[ 2018-05-31T10:30:22+08:00 ] 127.0.0.1 GET /admin.php/admin/price/trailer_add.html
[ info ] www.tp5.com/admin.php/admin/price/trailer_add.html [运行时间：0.078000s][吞吐率：12.82req/s] [内存消耗：2,222.16kb] [文件加载：47]
[ info ] [ LANG ] E:\xampp\htdocs\xinjia\tp5\thinkphp\lang\zh-cn.php
[ info ] [ ROUTE ] array (
  'type' => 'module',
  'module' => 
  array (
    0 => 'admin',
    1 => 'price',
    2 => 'trailer_add',
  ),
)
[ info ] [ HEADER ] array (
  'host' => 'www.tp5.com',
  'user-agent' => 'Mozilla/5.0 (Windows NT 6.1; WOW64; rv:60.0) Gecko/20100101 Firefox/60.0',
  'accept' => 'text/html,application/xhtml+xml,application/xml;q=0.9,*/*;q=0.8',
  'accept-language' => 'zh-CN,zh;q=0.8,zh-TW;q=0.7,zh-HK;q=0.5,en-US;q=0.3,en;q=0.2',
  'accept-encoding' => 'gzip, deflate',
  'referer' => 'http://www.tp5.com/admin.php/admin/price/price_trailer.html',
  'cookie' => 'thinkphp_show_page_trace=0|0; pgv_pvi=9210117120; hibext_instdsigdipv2=1; _ga=GA1.2.1868033078.1526888261; _gid=GA1.2.1334922522.1527471372; PHPSESSID=lcj2f82pq8d491o51sfu8af893',
  'connection' => 'keep-alive',
  'upgrade-insecure-requests' => '1',
)
[ info ] [ PARAM ] array (
)
[ info ] [ SESSION ] INIT array (
  'id' => '',
  'var_session_id' => '',
  'prefix' => 'think',
  'type' => '',
  'auto_start' => true,
)
[ info ] [ DB ] INIT mysql
[ info ] [ VIEW ] E:\xampp\htdocs\xinjia\tp5\public/../application/admin\view\public\middle.html [ array (
  0 => 'cardata',
) ]
[ info ] [ RUN ] app\admin\controller\Price->trailer_add[ E:\xampp\htdocs\xinjia\tp5\application\admin\controller\Price.php ]
[ info ] [ VIEW ] E:\xampp\htdocs\xinjia\tp5\public/../application/admin\view\Price\trailer_add.html [ array (
  0 => 'cardata',
  1 => 'js_port',
  2 => 'js_car',
) ]
[ info ] [ LOG ] INIT File
[ sql ] [ DB ] CONNECT:[ UseTime:0.015600s ] mysql:host=127.0.0.1;dbname=hlwl;charset=utf8
[ sql ] [ SQL ] SHOW COLUMNS FROM `hl_cardata` [ RunTime:0.000000s ]
[ sql ] [ SQL ] SELECT `id`,`car_name` FROM `hl_cardata` WHERE  `status` = 1 [ RunTime:0.000000s ]
[ sql ] [ SQL ] select *  from  hl_port [ RunTime:0.000000s ]
[ sql ] [ SQL ] select id ,car_name from  hl_cardata [ RunTime:0.000000s ]
---------------------------------------------------------------
[ 2018-05-31T10:31:03+08:00 ] 127.0.0.1 GET /admin.php/admin/price/trailer_add.html
[ info ] www.tp5.com/admin.php/admin/price/trailer_add.html [运行时间：0.062400s][吞吐率：16.03req/s] [内存消耗：2,222.16kb] [文件加载：47]
[ info ] [ LANG ] E:\xampp\htdocs\xinjia\tp5\thinkphp\lang\zh-cn.php
[ info ] [ ROUTE ] array (
  'type' => 'module',
  'module' => 
  array (
    0 => 'admin',
    1 => 'price',
    2 => 'trailer_add',
  ),
)
[ info ] [ HEADER ] array (
  'host' => 'www.tp5.com',
  'user-agent' => 'Mozilla/5.0 (Windows NT 6.1; WOW64; rv:60.0) Gecko/20100101 Firefox/60.0',
  'accept' => 'text/html,application/xhtml+xml,application/xml;q=0.9,*/*;q=0.8',
  'accept-language' => 'zh-CN,zh;q=0.8,zh-TW;q=0.7,zh-HK;q=0.5,en-US;q=0.3,en;q=0.2',
  'accept-encoding' => 'gzip, deflate',
  'referer' => 'http://www.tp5.com/admin.php/admin/price/price_trailer.html',
  'cookie' => 'thinkphp_show_page_trace=0|0; pgv_pvi=9210117120; hibext_instdsigdipv2=1; _ga=GA1.2.1868033078.1526888261; _gid=GA1.2.1334922522.1527471372; PHPSESSID=lcj2f82pq8d491o51sfu8af893',
  'connection' => 'keep-alive',
  'upgrade-insecure-requests' => '1',
)
[ info ] [ PARAM ] array (
)
[ info ] [ SESSION ] INIT array (
  'id' => '',
  'var_session_id' => '',
  'prefix' => 'think',
  'type' => '',
  'auto_start' => true,
)
[ info ] [ DB ] INIT mysql
[ info ] [ VIEW ] E:\xampp\htdocs\xinjia\tp5\public/../application/admin\view\public\middle.html [ array (
  0 => 'cardata',
) ]
[ info ] [ RUN ] app\admin\controller\Price->trailer_add[ E:\xampp\htdocs\xinjia\tp5\application\admin\controller\Price.php ]
[ info ] [ VIEW ] E:\xampp\htdocs\xinjia\tp5\public/../application/admin\view\Price\trailer_add.html [ array (
  0 => 'cardata',
  1 => 'js_port',
  2 => 'js_car',
) ]
[ info ] [ LOG ] INIT File
[ sql ] [ DB ] CONNECT:[ UseTime:0.015600s ] mysql:host=127.0.0.1;dbname=hlwl;charset=utf8
[ sql ] [ SQL ] SHOW COLUMNS FROM `hl_cardata` [ RunTime:0.000000s ]
[ sql ] [ SQL ] SELECT `id`,`car_name` FROM `hl_cardata` WHERE  `status` = 1 [ RunTime:0.000000s ]
[ sql ] [ SQL ] select *  from  hl_port [ RunTime:0.000000s ]
[ sql ] [ SQL ] select id ,car_name from  hl_cardata [ RunTime:0.000000s ]
---------------------------------------------------------------
[ 2018-05-31T10:31:16+08:00 ] 127.0.0.1 POST /admin.php/admin/address/town.html?twoncode=120102
[ info ] www.tp5.com/admin.php/admin/address/town.html?twoncode=120102 [运行时间：0.046800s][吞吐率：21.37req/s] [内存消耗：1,350.78kb] [文件加载：36]
[ info ] [ LANG ] E:\xampp\htdocs\xinjia\tp5\thinkphp\lang\zh-cn.php
[ info ] [ ROUTE ] array (
  'type' => 'module',
  'module' => 
  array (
    0 => 'admin',
    1 => 'address',
    2 => 'town',
  ),
)
[ info ] [ HEADER ] array (
  'host' => 'www.tp5.com',
  'user-agent' => 'Mozilla/5.0 (Windows NT 6.1; WOW64; rv:60.0) Gecko/20100101 Firefox/60.0',
  'accept' => 'application/json, text/javascript, */*; q=0.01',
  'accept-language' => 'zh-CN,zh;q=0.8,zh-TW;q=0.7,zh-HK;q=0.5,en-US;q=0.3,en;q=0.2',
  'accept-encoding' => 'gzip, deflate',
  'referer' => 'http://www.tp5.com/admin.php/admin/price/trailer_add.html',
  'x-requested-with' => 'XMLHttpRequest',
  'cookie' => 'pgv_pvi=9210117120; hibext_instdsigdipv2=1; _ga=GA1.2.1868033078.1526888261; _gid=GA1.2.1334922522.1527471372; PHPSESSID=lcj2f82pq8d491o51sfu8af893',
  'connection' => 'keep-alive',
  'content-length' => '0',
)
[ info ] [ PARAM ] array (
  'twoncode' => '120102',
)
[ info ] [ RUN ] app\admin\controller\Address->town[ E:\xampp\htdocs\xinjia\tp5\application\admin\controller\Address.php ]
[ info ] [ LOG ] INIT File
---------------------------------------------------------------
[ 2018-05-31T10:31:38+08:00 ] 127.0.0.1 POST /admin.php/admin/price/trailer_toadd.html
[ info ] www.tp5.com/admin.php/admin/price/trailer_toadd.html [运行时间：0.140400s][吞吐率：7.12req/s] [内存消耗：2,596.99kb] [文件加载：50]
[ info ] [ LANG ] E:\xampp\htdocs\xinjia\tp5\thinkphp\lang\zh-cn.php
[ info ] [ ROUTE ] array (
  'type' => 'module',
  'module' => 
  array (
    0 => 'admin',
    1 => 'price',
    2 => 'trailer_toadd',
  ),
)
[ info ] [ HEADER ] array (
  'host' => 'www.tp5.com',
  'user-agent' => 'Mozilla/5.0 (Windows NT 6.1; WOW64; rv:60.0) Gecko/20100101 Firefox/60.0',
  'accept' => 'application/json, text/javascript, */*; q=0.01',
  'accept-language' => 'zh-CN,zh;q=0.8,zh-TW;q=0.7,zh-HK;q=0.5,en-US;q=0.3,en;q=0.2',
  'accept-encoding' => 'gzip, deflate',
  'referer' => 'http://www.tp5.com/admin.php/admin/price/trailer_add.html',
  'content-type' => 'application/x-www-form-urlencoded; charset=UTF-8',
  'x-requested-with' => 'XMLHttpRequest',
  'content-length' => '331',
  'cookie' => 'thinkphp_show_page_trace=0|0; pgv_pvi=9210117120; hibext_instdsigdipv2=1; _ga=GA1.2.1868033078.1526888261; _gid=GA1.2.1334922522.1527471372; PHPSESSID=lcj2f82pq8d491o51sfu8af893',
  'connection' => 'keep-alive',
)
[ info ] [ PARAM ] array (
  'port' => '1_上海港',
  'province' => '120000_2_1',
  'city' => '120100_13_0',
  'area' => '120102',
  'town' => '120102002',
  'load' => 
  array (
    '\'pirce_20GP\'' => '555',
    '\'pirce_40HQ\'' => '1000',
  ),
  'car_load' => '1_法撒旦法',
  'send' => 
  array (
    '\'pirce_20GP\'' => '600',
    '\'pirce_40HQ\'' => '1200',
  ),
  'car_send' => '7_京东万达出生地',
)
[ info ] [ SESSION ] INIT array (
  'id' => '',
  'var_session_id' => '',
  'prefix' => 'think',
  'type' => '',
  'auto_start' => true,
)
[ info ] [ DB ] INIT mysql
[ info ] [ VIEW ] E:\xampp\htdocs\xinjia\tp5\public/../application/admin\view\public\middle.html [ array (
  0 => 'cardata',
) ]
[ info ] [ RUN ] app\admin\controller\Price->trailer_toadd[ E:\xampp\htdocs\xinjia\tp5\application\admin\controller\Price.php ]
[ info ] [ LOG ] INIT File
[ sql ] [ DB ] CONNECT:[ UseTime:0.000000s ] mysql:host=127.0.0.1;dbname=hlwl;charset=utf8
[ sql ] [ SQL ] SHOW COLUMNS FROM `hl_cardata` [ RunTime:0.015600s ]
[ sql ] [ SQL ] SELECT `id`,`car_name` FROM `hl_cardata` WHERE  `status` = 1 [ RunTime:0.000000s ]
[ sql ] [ SQL ] select id from hl_car_line where port_id = '1,' and  address_id = '120102002' [ RunTime:0.015600s ]
[ sql ] [ SQL ] insert into hl_car_line(port_id , address_id) values('1' , '120102002') [ RunTime:0.046800s ]
[ error ] [8]未定义数组索引: price_20GP[E:\xampp\htdocs\xinjia\tp5\application\admin\model\Price.php:225]
---------------------------------------------------------------
[ 2018-05-31T10:31:41+08:00 ] 127.0.0.1 GET /admin.php/admin/price/trailer_add.html
[ info ] www.tp5.com/admin.php/admin/price/trailer_add.html [运行时间：0.062400s][吞吐率：16.03req/s] [内存消耗：2,222.09kb] [文件加载：47]
[ info ] [ LANG ] E:\xampp\htdocs\xinjia\tp5\thinkphp\lang\zh-cn.php
[ info ] [ ROUTE ] array (
  'type' => 'module',
  'module' => 
  array (
    0 => 'admin',
    1 => 'price',
    2 => 'trailer_add',
  ),
)
[ info ] [ HEADER ] array (
  'host' => 'www.tp5.com',
  'user-agent' => 'Mozilla/5.0 (Windows NT 6.1; WOW64; rv:60.0) Gecko/20100101 Firefox/60.0',
  'accept' => 'text/html,application/xhtml+xml,application/xml;q=0.9,*/*;q=0.8',
  'accept-language' => 'zh-CN,zh;q=0.8,zh-TW;q=0.7,zh-HK;q=0.5,en-US;q=0.3,en;q=0.2',
  'accept-encoding' => 'gzip, deflate',
  'cookie' => 'thinkphp_show_page_trace=0|0; pgv_pvi=9210117120; hibext_instdsigdipv2=1; _ga=GA1.2.1868033078.1526888261; _gid=GA1.2.1334922522.1527471372; PHPSESSID=lcj2f82pq8d491o51sfu8af893',
  'connection' => 'keep-alive',
  'pragma' => 'no-cache',
  'cache-control' => 'no-cache',
)
[ info ] [ PARAM ] array (
)
[ info ] [ SESSION ] INIT array (
  'id' => '',
  'var_session_id' => '',
  'prefix' => 'think',
  'type' => '',
  'auto_start' => true,
)
[ info ] [ DB ] INIT mysql
[ info ] [ VIEW ] E:\xampp\htdocs\xinjia\tp5\public/../application/admin\view\public\middle.html [ array (
  0 => 'cardata',
) ]
[ info ] [ RUN ] app\admin\controller\Price->trailer_add[ E:\xampp\htdocs\xinjia\tp5\application\admin\controller\Price.php ]
[ info ] [ VIEW ] E:\xampp\htdocs\xinjia\tp5\public/../application/admin\view\Price\trailer_add.html [ array (
  0 => 'cardata',
  1 => 'js_port',
  2 => 'js_car',
) ]
[ info ] [ LOG ] INIT File
[ sql ] [ DB ] CONNECT:[ UseTime:0.015600s ] mysql:host=127.0.0.1;dbname=hlwl;charset=utf8
[ sql ] [ SQL ] SHOW COLUMNS FROM `hl_cardata` [ RunTime:0.000000s ]
[ sql ] [ SQL ] SELECT `id`,`car_name` FROM `hl_cardata` WHERE  `status` = 1 [ RunTime:0.000000s ]
[ sql ] [ SQL ] select *  from  hl_port [ RunTime:0.000000s ]
[ sql ] [ SQL ] select id ,car_name from  hl_cardata [ RunTime:0.000000s ]
---------------------------------------------------------------
[ 2018-05-31T10:31:46+08:00 ] 127.0.0.1 POST /admin.php/admin/price/trailer_toadd.html
[ info ] www.tp5.com/admin.php/admin/price/trailer_toadd.html [运行时间：0.062400s][吞吐率：16.03req/s] [内存消耗：2,595.69kb] [文件加载：50]
[ info ] [ LANG ] E:\xampp\htdocs\xinjia\tp5\thinkphp\lang\zh-cn.php
[ info ] [ ROUTE ] array (
  'type' => 'module',
  'module' => 
  array (
    0 => 'admin',
    1 => 'price',
    2 => 'trailer_toadd',
  ),
)
[ info ] [ HEADER ] array (
  'host' => 'www.tp5.com',
  'user-agent' => 'Mozilla/5.0 (Windows NT 6.1; WOW64; rv:60.0) Gecko/20100101 Firefox/60.0',
  'accept' => 'application/json, text/javascript, */*; q=0.01',
  'accept-language' => 'zh-CN,zh;q=0.8,zh-TW;q=0.7,zh-HK;q=0.5,en-US;q=0.3,en;q=0.2',
  'accept-encoding' => 'gzip, deflate',
  'referer' => 'http://www.tp5.com/admin.php/admin/price/trailer_add.html',
  'content-type' => 'application/x-www-form-urlencoded; charset=UTF-8',
  'x-requested-with' => 'XMLHttpRequest',
  'content-length' => '331',
  'cookie' => 'thinkphp_show_page_trace=0|0; pgv_pvi=9210117120; hibext_instdsigdipv2=1; _ga=GA1.2.1868033078.1526888261; _gid=GA1.2.1334922522.1527471372; PHPSESSID=lcj2f82pq8d491o51sfu8af893',
  'connection' => 'keep-alive',
  'pragma' => 'no-cache',
  'cache-control' => 'no-cache',
)
[ info ] [ PARAM ] array (
  'port' => '1_上海港',
  'province' => '120000_2_1',
  'city' => '120100_13_0',
  'area' => '120102',
  'town' => '120102002',
  'load' => 
  array (
    '\'pirce_20GP\'' => '555',
    '\'pirce_40HQ\'' => '1000',
  ),
  'car_load' => '1_法撒旦法',
  'send' => 
  array (
    '\'pirce_20GP\'' => '600',
    '\'pirce_40HQ\'' => '1200',
  ),
  'car_send' => '7_京东万达出生地',
)
[ info ] [ SESSION ] INIT array (
  'id' => '',
  'var_session_id' => '',
  'prefix' => 'think',
  'type' => '',
  'auto_start' => true,
)
[ info ] [ DB ] INIT mysql
[ info ] [ VIEW ] E:\xampp\htdocs\xinjia\tp5\public/../application/admin\view\public\middle.html [ array (
  0 => 'cardata',
) ]
[ info ] [ RUN ] app\admin\controller\Price->trailer_toadd[ E:\xampp\htdocs\xinjia\tp5\application\admin\controller\Price.php ]
[ info ] [ LOG ] INIT File
[ sql ] [ DB ] CONNECT:[ UseTime:0.015600s ] mysql:host=127.0.0.1;dbname=hlwl;charset=utf8
[ sql ] [ SQL ] SHOW COLUMNS FROM `hl_cardata` [ RunTime:0.000000s ]
[ sql ] [ SQL ] SELECT `id`,`car_name` FROM `hl_cardata` WHERE  `status` = 1 [ RunTime:0.000000s ]
[ sql ] [ SQL ] select id from hl_car_line where port_id = '1,' and  address_id = '120102002' [ RunTime:0.000000s ]
[ error ] [8]未定义数组索引: price_20GP[E:\xampp\htdocs\xinjia\tp5\application\admin\model\Price.php:225]
---------------------------------------------------------------
[ 2018-05-31T10:38:06+08:00 ] 127.0.0.1 POST /admin.php/admin/price/trailer_toadd.html
[ info ] www.tp5.com/admin.php/admin/price/trailer_toadd.html [运行时间：0.046800s][吞吐率：21.37req/s] [内存消耗：2,504.91kb] [文件加载：44]
[ info ] [ LANG ] E:\xampp\htdocs\xinjia\tp5\thinkphp\lang\zh-cn.php
[ info ] [ ROUTE ] array (
  'type' => 'module',
  'module' => 
  array (
    0 => 'admin',
    1 => 'price',
    2 => 'trailer_toadd',
  ),
)
[ info ] [ HEADER ] array (
  'host' => 'www.tp5.com',
  'user-agent' => 'Mozilla/5.0 (Windows NT 6.1; WOW64; rv:60.0) Gecko/20100101 Firefox/60.0',
  'accept' => 'application/json, text/javascript, */*; q=0.01',
  'accept-language' => 'zh-CN,zh;q=0.8,zh-TW;q=0.7,zh-HK;q=0.5,en-US;q=0.3,en;q=0.2',
  'accept-encoding' => 'gzip, deflate',
  'referer' => 'http://www.tp5.com/admin.php/admin/price/trailer_add.html',
  'content-type' => 'application/x-www-form-urlencoded; charset=UTF-8',
  'x-requested-with' => 'XMLHttpRequest',
  'content-length' => '331',
  'cookie' => 'thinkphp_show_page_trace=0|0; pgv_pvi=9210117120; hibext_instdsigdipv2=1; _ga=GA1.2.1868033078.1526888261; _gid=GA1.2.1334922522.1527471372; PHPSESSID=lcj2f82pq8d491o51sfu8af893',
  'connection' => 'keep-alive',
  'pragma' => 'no-cache',
  'cache-control' => 'no-cache',
)
[ info ] [ PARAM ] array (
  'port' => '1_上海港',
  'province' => '120000_2_1',
  'city' => '120100_13_0',
  'area' => '120102',
  'town' => '120102002',
  'load' => 
  array (
    '\'pirce_20GP\'' => '555',
    '\'pirce_40HQ\'' => '1000',
  ),
  'car_load' => '1_法撒旦法',
  'send' => 
  array (
    '\'pirce_20GP\'' => '600',
    '\'pirce_40HQ\'' => '1200',
  ),
  'car_send' => '7_京东万达出生地',
)
[ info ] [ SESSION ] INIT array (
  'id' => '',
  'var_session_id' => '',
  'prefix' => 'think',
  'type' => '',
  'auto_start' => true,
)
[ info ] [ DB ] INIT mysql
[ info ] [ VIEW ] E:\xampp\htdocs\xinjia\tp5\public/../application/admin\view\public\middle.html [ array (
  0 => 'cardata',
) ]
[ info ] [ RUN ] app\admin\controller\Price->trailer_toadd[ E:\xampp\htdocs\xinjia\tp5\application\admin\controller\Price.php ]
[ info ] [ LOG ] INIT File
[ sql ] [ DB ] CONNECT:[ UseTime:0.000000s ] mysql:host=127.0.0.1;dbname=hlwl;charset=utf8
[ sql ] [ SQL ] SHOW COLUMNS FROM `hl_cardata` [ RunTime:0.000000s ]
[ sql ] [ SQL ] SELECT `id`,`car_name` FROM `hl_cardata` WHERE  `status` = 1 [ RunTime:0.000000s ]
[ sql ] [ SQL ] select id from hl_car_line where port_id = '1,' and  address_id = '120102002' [ RunTime:0.000000s ]
---------------------------------------------------------------
[ 2018-05-31T10:40:01+08:00 ] 127.0.0.1 GET /admin.php/admin/price/price_trailer.html
[ info ] www.tp5.com/admin.php/admin/price/price_trailer.html [运行时间：0.031200s][吞吐率：32.05req/s] [内存消耗：2,215.83kb] [文件加载：47]
[ info ] [ LANG ] E:\xampp\htdocs\xinjia\tp5\thinkphp\lang\zh-cn.php
[ info ] [ ROUTE ] array (
  'type' => 'module',
  'module' => 
  array (
    0 => 'admin',
    1 => 'price',
    2 => 'price_trailer',
  ),
)
[ info ] [ HEADER ] array (
  'host' => 'www.tp5.com',
  'user-agent' => 'Mozilla/5.0 (Windows NT 6.1; WOW64; rv:60.0) Gecko/20100101 Firefox/60.0',
  'accept' => 'text/html,application/xhtml+xml,application/xml;q=0.9,*/*;q=0.8',
  'accept-language' => 'zh-CN,zh;q=0.8,zh-TW;q=0.7,zh-HK;q=0.5,en-US;q=0.3,en;q=0.2',
  'accept-encoding' => 'gzip, deflate',
  'referer' => 'http://www.tp5.com/admin.php/admin/price/price_trailer.html',
  'cookie' => 'thinkphp_show_page_trace=0|0; pgv_pvi=9210117120; hibext_instdsigdipv2=1; _ga=GA1.2.1868033078.1526888261; _gid=GA1.2.1334922522.1527471372; PHPSESSID=lcj2f82pq8d491o51sfu8af893',
  'connection' => 'keep-alive',
  'upgrade-insecure-requests' => '1',
  'pragma' => 'no-cache',
  'cache-control' => 'no-cache',
)
[ info ] [ PARAM ] array (
)
[ info ] [ SESSION ] INIT array (
  'id' => '',
  'var_session_id' => '',
  'prefix' => 'think',
  'type' => '',
  'auto_start' => true,
)
[ info ] [ DB ] INIT mysql
[ info ] [ VIEW ] E:\xampp\htdocs\xinjia\tp5\public/../application/admin\view\public\middle.html [ array (
  0 => 'cardata',
) ]
[ info ] [ RUN ] app\admin\controller\Price->price_trailer[ E:\xampp\htdocs\xinjia\tp5\application\admin\controller\Price.php ]
[ info ] [ VIEW ] E:\xampp\htdocs\xinjia\tp5\public/../application/admin\view\Price\price_trailer.html [ array (
  0 => 'cardata',
) ]
[ info ] [ LOG ] INIT File
[ sql ] [ DB ] CONNECT:[ UseTime:0.015600s ] mysql:host=127.0.0.1;dbname=hlwl;charset=utf8
[ sql ] [ SQL ] SHOW COLUMNS FROM `hl_cardata` [ RunTime:0.000000s ]
[ sql ] [ SQL ] SELECT `id`,`car_name` FROM `hl_cardata` WHERE  `status` = 1 [ RunTime:0.000000s ]
---------------------------------------------------------------
[ 2018-05-31T10:40:03+08:00 ] 127.0.0.1 GET /admin.php/admin/price/trailer_add.html
[ info ] www.tp5.com/admin.php/admin/price/trailer_add.html [运行时间：0.078000s][吞吐率：12.82req/s] [内存消耗：2,378.30kb] [文件加载：49]
[ info ] [ LANG ] E:\xampp\htdocs\xinjia\tp5\thinkphp\lang\zh-cn.php
[ info ] [ ROUTE ] array (
  'type' => 'module',
  'module' => 
  array (
    0 => 'admin',
    1 => 'price',
    2 => 'trailer_add',
  ),
)
[ info ] [ HEADER ] array (
  'host' => 'www.tp5.com',
  'user-agent' => 'Mozilla/5.0 (Windows NT 6.1; WOW64; rv:60.0) Gecko/20100101 Firefox/60.0',
  'accept' => 'text/html,application/xhtml+xml,application/xml;q=0.9,*/*;q=0.8',
  'accept-language' => 'zh-CN,zh;q=0.8,zh-TW;q=0.7,zh-HK;q=0.5,en-US;q=0.3,en;q=0.2',
  'accept-encoding' => 'gzip, deflate',
  'referer' => 'http://www.tp5.com/admin.php/admin/price/price_trailer.html',
  'cookie' => 'thinkphp_show_page_trace=0|0; pgv_pvi=9210117120; hibext_instdsigdipv2=1; _ga=GA1.2.1868033078.1526888261; _gid=GA1.2.1334922522.1527471372; PHPSESSID=lcj2f82pq8d491o51sfu8af893',
  'connection' => 'keep-alive',
  'upgrade-insecure-requests' => '1',
  'pragma' => 'no-cache',
  'cache-control' => 'no-cache',
)
[ info ] [ PARAM ] array (
)
[ info ] [ SESSION ] INIT array (
  'id' => '',
  'var_session_id' => '',
  'prefix' => 'think',
  'type' => '',
  'auto_start' => true,
)
[ info ] [ DB ] INIT mysql
[ info ] [ VIEW ] E:\xampp\htdocs\xinjia\tp5\public/../application/admin\view\public\middle.html [ array (
  0 => 'cardata',
) ]
[ info ] [ RUN ] app\admin\controller\Price->trailer_add[ E:\xampp\htdocs\xinjia\tp5\application\admin\controller\Price.php ]
[ info ] [ VIEW ] E:\xampp\htdocs\xinjia\tp5\public/../application/admin\view\Price\trailer_add.html [ array (
  0 => 'cardata',
  1 => 'js_port',
  2 => 'js_car',
) ]
[ info ] [ LOG ] INIT File
[ sql ] [ DB ] CONNECT:[ UseTime:0.000000s ] mysql:host=127.0.0.1;dbname=hlwl;charset=utf8
[ sql ] [ SQL ] SHOW COLUMNS FROM `hl_cardata` [ RunTime:0.015600s ]
[ sql ] [ SQL ] SELECT `id`,`car_name` FROM `hl_cardata` WHERE  `status` = 1 [ RunTime:0.000000s ]
[ sql ] [ SQL ] select *  from  hl_port [ RunTime:0.000000s ]
[ sql ] [ SQL ] select id ,car_name from  hl_cardata [ RunTime:0.000000s ]
---------------------------------------------------------------
[ 2018-05-31T10:40:17+08:00 ] 127.0.0.1 POST /admin.php/admin/address/town.html?twoncode=110105
[ info ] www.tp5.com/admin.php/admin/address/town.html?twoncode=110105 [运行时间：0.031200s][吞吐率：32.05req/s] [内存消耗：1,351.11kb] [文件加载：36]
[ info ] [ LANG ] E:\xampp\htdocs\xinjia\tp5\thinkphp\lang\zh-cn.php
[ info ] [ ROUTE ] array (
  'type' => 'module',
  'module' => 
  array (
    0 => 'admin',
    1 => 'address',
    2 => 'town',
  ),
)
[ info ] [ HEADER ] array (
  'host' => 'www.tp5.com',
  'user-agent' => 'Mozilla/5.0 (Windows NT 6.1; WOW64; rv:60.0) Gecko/20100101 Firefox/60.0',
  'accept' => 'application/json, text/javascript, */*; q=0.01',
  'accept-language' => 'zh-CN,zh;q=0.8,zh-TW;q=0.7,zh-HK;q=0.5,en-US;q=0.3,en;q=0.2',
  'accept-encoding' => 'gzip, deflate',
  'referer' => 'http://www.tp5.com/admin.php/admin/price/trailer_add.html',
  'x-requested-with' => 'XMLHttpRequest',
  'cookie' => 'pgv_pvi=9210117120; hibext_instdsigdipv2=1; _ga=GA1.2.1868033078.1526888261; _gid=GA1.2.1334922522.1527471372; PHPSESSID=lcj2f82pq8d491o51sfu8af893',
  'connection' => 'keep-alive',
  'pragma' => 'no-cache',
  'cache-control' => 'no-cache',
  'content-length' => '0',
)
[ info ] [ PARAM ] array (
  'twoncode' => '110105',
)
[ info ] [ RUN ] app\admin\controller\Address->town[ E:\xampp\htdocs\xinjia\tp5\application\admin\controller\Address.php ]
[ info ] [ LOG ] INIT File
---------------------------------------------------------------
[ 2018-05-31T10:40:40+08:00 ] 127.0.0.1 POST /admin.php/admin/price/trailer_toadd.html
[ info ] www.tp5.com/admin.php/admin/price/trailer_toadd.html [运行时间：0.093600s][吞吐率：10.68req/s] [内存消耗：2,506.52kb] [文件加载：44]
[ info ] [ LANG ] E:\xampp\htdocs\xinjia\tp5\thinkphp\lang\zh-cn.php
[ info ] [ ROUTE ] array (
  'type' => 'module',
  'module' => 
  array (
    0 => 'admin',
    1 => 'price',
    2 => 'trailer_toadd',
  ),
)
[ info ] [ HEADER ] array (
  'host' => 'www.tp5.com',
  'user-agent' => 'Mozilla/5.0 (Windows NT 6.1; WOW64; rv:60.0) Gecko/20100101 Firefox/60.0',
  'accept' => 'application/json, text/javascript, */*; q=0.01',
  'accept-language' => 'zh-CN,zh;q=0.8,zh-TW;q=0.7,zh-HK;q=0.5,en-US;q=0.3,en;q=0.2',
  'accept-encoding' => 'gzip, deflate',
  'referer' => 'http://www.tp5.com/admin.php/admin/price/trailer_add.html',
  'content-type' => 'application/x-www-form-urlencoded; charset=UTF-8',
  'x-requested-with' => 'XMLHttpRequest',
  'content-length' => '287',
  'cookie' => 'thinkphp_show_page_trace=0|0; pgv_pvi=9210117120; hibext_instdsigdipv2=1; _ga=GA1.2.1868033078.1526888261; _gid=GA1.2.1334922522.1527471372; PHPSESSID=lcj2f82pq8d491o51sfu8af893',
  'connection' => 'keep-alive',
  'pragma' => 'no-cache',
  'cache-control' => 'no-cache',
)
[ info ] [ PARAM ] array (
  'port' => '1_上海港',
  'province' => '110000_2_0',
  'city' => '110100_14_0',
  'area' => '110105',
  'town' => '110105001',
  'load' => 
  array (
    'pirce_20GP' => '1111',
    'pirce_40HQ' => '2222',
  ),
  'car_load' => '5_第三方',
  'send' => 
  array (
    'pirce_20GP' => '555',
    'pirce_40HQ' => '666',
  ),
  'car_send' => '6_撒旦发射',
)
[ info ] [ SESSION ] INIT array (
  'id' => '',
  'var_session_id' => '',
  'prefix' => 'think',
  'type' => '',
  'auto_start' => true,
)
[ info ] [ DB ] INIT mysql
[ info ] [ VIEW ] E:\xampp\htdocs\xinjia\tp5\public/../application/admin\view\public\middle.html [ array (
  0 => 'cardata',
) ]
[ info ] [ RUN ] app\admin\controller\Price->trailer_toadd[ E:\xampp\htdocs\xinjia\tp5\application\admin\controller\Price.php ]
[ info ] [ LOG ] INIT File
[ sql ] [ DB ] CONNECT:[ UseTime:0.015600s ] mysql:host=127.0.0.1;dbname=hlwl;charset=utf8
[ sql ] [ SQL ] SHOW COLUMNS FROM `hl_cardata` [ RunTime:0.000000s ]
[ sql ] [ SQL ] SELECT `id`,`car_name` FROM `hl_cardata` WHERE  `status` = 1 [ RunTime:0.000000s ]
[ sql ] [ SQL ] select id from hl_car_line where port_id = '1,' and  address_id = '110105001' [ RunTime:0.000000s ]
[ sql ] [ SQL ] insert into hl_car_line(port_id , address_id) values('1' , '110105001') [ RunTime:0.046800s ]
---------------------------------------------------------------
[ 2018-05-31T10:42:16+08:00 ] 127.0.0.1 POST /admin.php/admin/price/trailer_toadd.html
[ info ] www.tp5.com/admin.php/admin/price/trailer_toadd.html [运行时间：0.062400s][吞吐率：16.03req/s] [内存消耗：2,595.58kb] [文件加载：50]
[ info ] [ LANG ] E:\xampp\htdocs\xinjia\tp5\thinkphp\lang\zh-cn.php
[ info ] [ ROUTE ] array (
  'type' => 'module',
  'module' => 
  array (
    0 => 'admin',
    1 => 'price',
    2 => 'trailer_toadd',
  ),
)
[ info ] [ HEADER ] array (
  'host' => 'www.tp5.com',
  'user-agent' => 'Mozilla/5.0 (Windows NT 6.1; WOW64; rv:60.0) Gecko/20100101 Firefox/60.0',
  'accept' => 'application/json, text/javascript, */*; q=0.01',
  'accept-language' => 'zh-CN,zh;q=0.8,zh-TW;q=0.7,zh-HK;q=0.5,en-US;q=0.3,en;q=0.2',
  'accept-encoding' => 'gzip, deflate',
  'referer' => 'http://www.tp5.com/admin.php/admin/price/trailer_add.html',
  'content-type' => 'application/x-www-form-urlencoded; charset=UTF-8',
  'x-requested-with' => 'XMLHttpRequest',
  'content-length' => '287',
  'cookie' => 'thinkphp_show_page_trace=0|0; pgv_pvi=9210117120; hibext_instdsigdipv2=1; _ga=GA1.2.1868033078.1526888261; _gid=GA1.2.1334922522.1527471372; PHPSESSID=lcj2f82pq8d491o51sfu8af893',
  'connection' => 'keep-alive',
  'pragma' => 'no-cache',
  'cache-control' => 'no-cache',
)
[ info ] [ PARAM ] array (
  'port' => '1_上海港',
  'province' => '110000_2_0',
  'city' => '110100_14_0',
  'area' => '110105',
  'town' => '110105001',
  'load' => 
  array (
    'pirce_20GP' => '1111',
    'pirce_40HQ' => '2222',
  ),
  'car_load' => '5_第三方',
  'send' => 
  array (
    'pirce_20GP' => '555',
    'pirce_40HQ' => '666',
  ),
  'car_send' => '6_撒旦发射',
)
[ info ] [ SESSION ] INIT array (
  'id' => '',
  'var_session_id' => '',
  'prefix' => 'think',
  'type' => '',
  'auto_start' => true,
)
[ info ] [ DB ] INIT mysql
[ info ] [ VIEW ] E:\xampp\htdocs\xinjia\tp5\public/../application/admin\view\public\middle.html [ array (
  0 => 'cardata',
) ]
[ info ] [ RUN ] app\admin\controller\Price->trailer_toadd[ E:\xampp\htdocs\xinjia\tp5\application\admin\controller\Price.php ]
[ info ] [ LOG ] INIT File
[ sql ] [ DB ] CONNECT:[ UseTime:0.015600s ] mysql:host=127.0.0.1;dbname=hlwl;charset=utf8
[ sql ] [ SQL ] SHOW COLUMNS FROM `hl_cardata` [ RunTime:0.000000s ]
[ sql ] [ SQL ] SELECT `id`,`car_name` FROM `hl_cardata` WHERE  `status` = 1 [ RunTime:0.000000s ]
[ sql ] [ SQL ] select id from hl_car_line where port_id = '1,' and  address_id = '110105001' [ RunTime:0.000000s ]
[ error ] [8]未定义数组索引: price_20GP[E:\xampp\htdocs\xinjia\tp5\application\admin\model\Price.php:226]
---------------------------------------------------------------
[ 2018-05-31T10:45:09+08:00 ] 127.0.0.1 POST /admin.php/admin/price/trailer_toadd.html
[ info ] www.tp5.com/admin.php/admin/price/trailer_toadd.html [运行时间：0.078000s][吞吐率：12.82req/s] [内存消耗：2,595.58kb] [文件加载：50]
[ info ] [ LANG ] E:\xampp\htdocs\xinjia\tp5\thinkphp\lang\zh-cn.php
[ info ] [ ROUTE ] array (
  'type' => 'module',
  'module' => 
  array (
    0 => 'admin',
    1 => 'price',
    2 => 'trailer_toadd',
  ),
)
[ info ] [ HEADER ] array (
  'host' => 'www.tp5.com',
  'user-agent' => 'Mozilla/5.0 (Windows NT 6.1; WOW64; rv:60.0) Gecko/20100101 Firefox/60.0',
  'accept' => 'application/json, text/javascript, */*; q=0.01',
  'accept-language' => 'zh-CN,zh;q=0.8,zh-TW;q=0.7,zh-HK;q=0.5,en-US;q=0.3,en;q=0.2',
  'accept-encoding' => 'gzip, deflate',
  'referer' => 'http://www.tp5.com/admin.php/admin/price/trailer_add.html',
  'content-type' => 'application/x-www-form-urlencoded; charset=UTF-8',
  'x-requested-with' => 'XMLHttpRequest',
  'content-length' => '287',
  'cookie' => 'thinkphp_show_page_trace=0|0; pgv_pvi=9210117120; hibext_instdsigdipv2=1; _ga=GA1.2.1868033078.1526888261; _gid=GA1.2.1334922522.1527471372; PHPSESSID=lcj2f82pq8d491o51sfu8af893',
  'connection' => 'keep-alive',
  'pragma' => 'no-cache',
  'cache-control' => 'no-cache',
)
[ info ] [ PARAM ] array (
  'port' => '1_上海港',
  'province' => '110000_2_0',
  'city' => '110100_14_0',
  'area' => '110105',
  'town' => '110105001',
  'load' => 
  array (
    'pirce_20GP' => '1111',
    'pirce_40HQ' => '2222',
  ),
  'car_load' => '5_第三方',
  'send' => 
  array (
    'pirce_20GP' => '555',
    'pirce_40HQ' => '666',
  ),
  'car_send' => '6_撒旦发射',
)
[ info ] [ SESSION ] INIT array (
  'id' => '',
  'var_session_id' => '',
  'prefix' => 'think',
  'type' => '',
  'auto_start' => true,
)
[ info ] [ DB ] INIT mysql
[ info ] [ VIEW ] E:\xampp\htdocs\xinjia\tp5\public/../application/admin\view\public\middle.html [ array (
  0 => 'cardata',
) ]
[ info ] [ RUN ] app\admin\controller\Price->trailer_toadd[ E:\xampp\htdocs\xinjia\tp5\application\admin\controller\Price.php ]
[ info ] [ LOG ] INIT File
[ sql ] [ DB ] CONNECT:[ UseTime:0.015600s ] mysql:host=127.0.0.1;dbname=hlwl;charset=utf8
[ sql ] [ SQL ] SHOW COLUMNS FROM `hl_cardata` [ RunTime:0.000000s ]
[ sql ] [ SQL ] SELECT `id`,`car_name` FROM `hl_cardata` WHERE  `status` = 1 [ RunTime:0.000000s ]
[ sql ] [ SQL ] select id from hl_car_line where port_id = '1,' and  address_id = '110105001' [ RunTime:0.000000s ]
[ error ] [8]未定义数组索引: price_20GP[E:\xampp\htdocs\xinjia\tp5\application\admin\model\Price.php:226]
---------------------------------------------------------------
[ 2018-05-31T10:45:21+08:00 ] 127.0.0.1 GET /admin.php/admin/price/price_trailer.html
[ info ] www.tp5.com/admin.php/admin/price/price_trailer.html [运行时间：0.031200s][吞吐率：32.05req/s] [内存消耗：2,215.83kb] [文件加载：47]
[ info ] [ LANG ] E:\xampp\htdocs\xinjia\tp5\thinkphp\lang\zh-cn.php
[ info ] [ ROUTE ] array (
  'type' => 'module',
  'module' => 
  array (
    0 => 'admin',
    1 => 'price',
    2 => 'price_trailer',
  ),
)
[ info ] [ HEADER ] array (
  'host' => 'www.tp5.com',
  'user-agent' => 'Mozilla/5.0 (Windows NT 6.1; WOW64; rv:60.0) Gecko/20100101 Firefox/60.0',
  'accept' => 'text/html,application/xhtml+xml,application/xml;q=0.9,*/*;q=0.8',
  'accept-language' => 'zh-CN,zh;q=0.8,zh-TW;q=0.7,zh-HK;q=0.5,en-US;q=0.3,en;q=0.2',
  'accept-encoding' => 'gzip, deflate',
  'referer' => 'http://www.tp5.com/admin.php/admin/price/price_trailer.html',
  'cookie' => 'thinkphp_show_page_trace=0|0; pgv_pvi=9210117120; hibext_instdsigdipv2=1; _ga=GA1.2.1868033078.1526888261; _gid=GA1.2.1334922522.1527471372; PHPSESSID=lcj2f82pq8d491o51sfu8af893',
  'connection' => 'keep-alive',
  'upgrade-insecure-requests' => '1',
  'pragma' => 'no-cache',
  'cache-control' => 'no-cache',
)
[ info ] [ PARAM ] array (
)
[ info ] [ SESSION ] INIT array (
  'id' => '',
  'var_session_id' => '',
  'prefix' => 'think',
  'type' => '',
  'auto_start' => true,
)
[ info ] [ DB ] INIT mysql
[ info ] [ VIEW ] E:\xampp\htdocs\xinjia\tp5\public/../application/admin\view\public\middle.html [ array (
  0 => 'cardata',
) ]
[ info ] [ RUN ] app\admin\controller\Price->price_trailer[ E:\xampp\htdocs\xinjia\tp5\application\admin\controller\Price.php ]
[ info ] [ VIEW ] E:\xampp\htdocs\xinjia\tp5\public/../application/admin\view\Price\price_trailer.html [ array (
  0 => 'cardata',
) ]
[ info ] [ LOG ] INIT File
[ sql ] [ DB ] CONNECT:[ UseTime:0.015600s ] mysql:host=127.0.0.1;dbname=hlwl;charset=utf8
[ sql ] [ SQL ] SHOW COLUMNS FROM `hl_cardata` [ RunTime:0.000000s ]
[ sql ] [ SQL ] SELECT `id`,`car_name` FROM `hl_cardata` WHERE  `status` = 1 [ RunTime:0.000000s ]
---------------------------------------------------------------
[ 2018-05-31T10:45:21+08:00 ] 127.0.0.1 GET /admin.php/admin/price/price_trailer.html
[ info ] www.tp5.com/admin.php/admin/price/price_trailer.html [运行时间：0.046800s][吞吐率：21.37req/s] [内存消耗：2,215.83kb] [文件加载：47]
[ info ] [ LANG ] E:\xampp\htdocs\xinjia\tp5\thinkphp\lang\zh-cn.php
[ info ] [ ROUTE ] array (
  'type' => 'module',
  'module' => 
  array (
    0 => 'admin',
    1 => 'price',
    2 => 'price_trailer',
  ),
)
[ info ] [ HEADER ] array (
  'host' => 'www.tp5.com',
  'user-agent' => 'Mozilla/5.0 (Windows NT 6.1; WOW64; rv:60.0) Gecko/20100101 Firefox/60.0',
  'accept' => 'text/html,application/xhtml+xml,application/xml;q=0.9,*/*;q=0.8',
  'accept-language' => 'zh-CN,zh;q=0.8,zh-TW;q=0.7,zh-HK;q=0.5,en-US;q=0.3,en;q=0.2',
  'accept-encoding' => 'gzip, deflate',
  'referer' => 'http://www.tp5.com/admin.php/admin/price/price_trailer.html',
  'cookie' => 'thinkphp_show_page_trace=0|0; pgv_pvi=9210117120; hibext_instdsigdipv2=1; _ga=GA1.2.1868033078.1526888261; _gid=GA1.2.1334922522.1527471372; PHPSESSID=lcj2f82pq8d491o51sfu8af893',
  'connection' => 'keep-alive',
  'upgrade-insecure-requests' => '1',
  'pragma' => 'no-cache',
  'cache-control' => 'no-cache',
)
[ info ] [ PARAM ] array (
)
[ info ] [ SESSION ] INIT array (
  'id' => '',
  'var_session_id' => '',
  'prefix' => 'think',
  'type' => '',
  'auto_start' => true,
)
[ info ] [ DB ] INIT mysql
[ info ] [ VIEW ] E:\xampp\htdocs\xinjia\tp5\public/../application/admin\view\public\middle.html [ array (
  0 => 'cardata',
) ]
[ info ] [ RUN ] app\admin\controller\Price->price_trailer[ E:\xampp\htdocs\xinjia\tp5\application\admin\controller\Price.php ]
[ info ] [ VIEW ] E:\xampp\htdocs\xinjia\tp5\public/../application/admin\view\Price\price_trailer.html [ array (
  0 => 'cardata',
) ]
[ info ] [ LOG ] INIT File
[ sql ] [ DB ] CONNECT:[ UseTime:0.015600s ] mysql:host=127.0.0.1;dbname=hlwl;charset=utf8
[ sql ] [ SQL ] SHOW COLUMNS FROM `hl_cardata` [ RunTime:0.000000s ]
[ sql ] [ SQL ] SELECT `id`,`car_name` FROM `hl_cardata` WHERE  `status` = 1 [ RunTime:0.000000s ]
---------------------------------------------------------------
[ 2018-05-31T10:45:22+08:00 ] 127.0.0.1 GET /admin.php/admin/price/trailer_add.html
[ info ] www.tp5.com/admin.php/admin/price/trailer_add.html [运行时间：0.062400s][吞吐率：16.03req/s] [内存消耗：2,378.31kb] [文件加载：49]
[ info ] [ LANG ] E:\xampp\htdocs\xinjia\tp5\thinkphp\lang\zh-cn.php
[ info ] [ ROUTE ] array (
  'type' => 'module',
  'module' => 
  array (
    0 => 'admin',
    1 => 'price',
    2 => 'trailer_add',
  ),
)
[ info ] [ HEADER ] array (
  'host' => 'www.tp5.com',
  'user-agent' => 'Mozilla/5.0 (Windows NT 6.1; WOW64; rv:60.0) Gecko/20100101 Firefox/60.0',
  'accept' => 'text/html,application/xhtml+xml,application/xml;q=0.9,*/*;q=0.8',
  'accept-language' => 'zh-CN,zh;q=0.8,zh-TW;q=0.7,zh-HK;q=0.5,en-US;q=0.3,en;q=0.2',
  'accept-encoding' => 'gzip, deflate',
  'referer' => 'http://www.tp5.com/admin.php/admin/price/price_trailer.html',
  'cookie' => 'thinkphp_show_page_trace=0|0; pgv_pvi=9210117120; hibext_instdsigdipv2=1; _ga=GA1.2.1868033078.1526888261; _gid=GA1.2.1334922522.1527471372; PHPSESSID=lcj2f82pq8d491o51sfu8af893',
  'connection' => 'keep-alive',
  'upgrade-insecure-requests' => '1',
  'pragma' => 'no-cache',
  'cache-control' => 'no-cache',
)
[ info ] [ PARAM ] array (
)
[ info ] [ SESSION ] INIT array (
  'id' => '',
  'var_session_id' => '',
  'prefix' => 'think',
  'type' => '',
  'auto_start' => true,
)
[ info ] [ DB ] INIT mysql
[ info ] [ VIEW ] E:\xampp\htdocs\xinjia\tp5\public/../application/admin\view\public\middle.html [ array (
  0 => 'cardata',
) ]
[ info ] [ RUN ] app\admin\controller\Price->trailer_add[ E:\xampp\htdocs\xinjia\tp5\application\admin\controller\Price.php ]
[ info ] [ VIEW ] E:\xampp\htdocs\xinjia\tp5\public/../application/admin\view\Price\trailer_add.html [ array (
  0 => 'cardata',
  1 => 'js_port',
  2 => 'js_car',
) ]
[ info ] [ LOG ] INIT File
[ sql ] [ DB ] CONNECT:[ UseTime:0.000000s ] mysql:host=127.0.0.1;dbname=hlwl;charset=utf8
[ sql ] [ SQL ] SHOW COLUMNS FROM `hl_cardata` [ RunTime:0.000000s ]
[ sql ] [ SQL ] SELECT `id`,`car_name` FROM `hl_cardata` WHERE  `status` = 1 [ RunTime:0.000000s ]
[ sql ] [ SQL ] select *  from  hl_port [ RunTime:0.000000s ]
[ sql ] [ SQL ] select id ,car_name from  hl_cardata [ RunTime:0.015600s ]
---------------------------------------------------------------
[ 2018-05-31T10:45:33+08:00 ] 127.0.0.1 POST /admin.php/admin/address/town.html?twoncode=230102
[ info ] www.tp5.com/admin.php/admin/address/town.html?twoncode=230102 [运行时间：0.031200s][吞吐率：32.05req/s] [内存消耗：1,351.13kb] [文件加载：36]
[ info ] [ LANG ] E:\xampp\htdocs\xinjia\tp5\thinkphp\lang\zh-cn.php
[ info ] [ ROUTE ] array (
  'type' => 'module',
  'module' => 
  array (
    0 => 'admin',
    1 => 'address',
    2 => 'town',
  ),
)
[ info ] [ HEADER ] array (
  'host' => 'www.tp5.com',
  'user-agent' => 'Mozilla/5.0 (Windows NT 6.1; WOW64; rv:60.0) Gecko/20100101 Firefox/60.0',
  'accept' => 'application/json, text/javascript, */*; q=0.01',
  'accept-language' => 'zh-CN,zh;q=0.8,zh-TW;q=0.7,zh-HK;q=0.5,en-US;q=0.3,en;q=0.2',
  'accept-encoding' => 'gzip, deflate',
  'referer' => 'http://www.tp5.com/admin.php/admin/price/trailer_add.html',
  'x-requested-with' => 'XMLHttpRequest',
  'cookie' => 'pgv_pvi=9210117120; hibext_instdsigdipv2=1; _ga=GA1.2.1868033078.1526888261; _gid=GA1.2.1334922522.1527471372; PHPSESSID=lcj2f82pq8d491o51sfu8af893',
  'connection' => 'keep-alive',
  'pragma' => 'no-cache',
  'cache-control' => 'no-cache',
  'content-length' => '0',
)
[ info ] [ PARAM ] array (
  'twoncode' => '230102',
)
[ info ] [ RUN ] app\admin\controller\Address->town[ E:\xampp\htdocs\xinjia\tp5\application\admin\controller\Address.php ]
[ info ] [ LOG ] INIT File
---------------------------------------------------------------
[ 2018-05-31T10:45:53+08:00 ] 127.0.0.1 POST /admin.php/admin/price/trailer_toadd.html
[ info ] www.tp5.com/admin.php/admin/price/trailer_toadd.html [运行时间：0.140400s][吞吐率：7.12req/s] [内存消耗：2,560.96kb] [文件加载：47]
[ info ] [ LANG ] E:\xampp\htdocs\xinjia\tp5\thinkphp\lang\zh-cn.php
[ info ] [ ROUTE ] array (
  'type' => 'module',
  'module' => 
  array (
    0 => 'admin',
    1 => 'price',
    2 => 'trailer_toadd',
  ),
)
[ info ] [ HEADER ] array (
  'host' => 'www.tp5.com',
  'user-agent' => 'Mozilla/5.0 (Windows NT 6.1; WOW64; rv:60.0) Gecko/20100101 Firefox/60.0',
  'accept' => 'application/json, text/javascript, */*; q=0.01',
  'accept-language' => 'zh-CN,zh;q=0.8,zh-TW;q=0.7,zh-HK;q=0.5,en-US;q=0.3,en;q=0.2',
  'accept-encoding' => 'gzip, deflate',
  'referer' => 'http://www.tp5.com/admin.php/admin/price/trailer_add.html',
  'content-type' => 'application/x-www-form-urlencoded; charset=UTF-8',
  'x-requested-with' => 'XMLHttpRequest',
  'content-length' => '297',
  'cookie' => 'thinkphp_show_page_trace=0|0; pgv_pvi=9210117120; hibext_instdsigdipv2=1; _ga=GA1.2.1868033078.1526888261; _gid=GA1.2.1334922522.1527471372; PHPSESSID=lcj2f82pq8d491o51sfu8af893',
  'connection' => 'keep-alive',
  'pragma' => 'no-cache',
  'cache-control' => 'no-cache',
)
[ info ] [ PARAM ] array (
  'port' => '2_深圳港',
  'province' => '230000_13_7',
  'city' => '230100_18_0',
  'area' => '230102',
  'town' => '230102001',
  'load' => 
  array (
    'price_20GP' => '555',
    'price_40HQ' => '1111',
  ),
  'car_load' => '6_撒旦发射',
  'send' => 
  array (
    'price_20GP' => '666',
    'price_40HQ' => '6666',
  ),
  'car_send' => '6_撒旦发射',
)
[ info ] [ SESSION ] INIT array (
  'id' => '',
  'var_session_id' => '',
  'prefix' => 'think',
  'type' => '',
  'auto_start' => true,
)
[ info ] [ DB ] INIT mysql
[ info ] [ VIEW ] E:\xampp\htdocs\xinjia\tp5\public/../application/admin\view\public\middle.html [ array (
  0 => 'cardata',
) ]
[ info ] [ RUN ] app\admin\controller\Price->trailer_toadd[ E:\xampp\htdocs\xinjia\tp5\application\admin\controller\Price.php ]
[ info ] [ LOG ] INIT File
[ sql ] [ DB ] CONNECT:[ UseTime:0.015600s ] mysql:host=127.0.0.1;dbname=hlwl;charset=utf8
[ sql ] [ SQL ] SHOW COLUMNS FROM `hl_cardata` [ RunTime:0.000000s ]
[ sql ] [ SQL ] SELECT `id`,`car_name` FROM `hl_cardata` WHERE  `status` = 1 [ RunTime:0.000000s ]
[ sql ] [ SQL ] select id from hl_car_line where port_id = '2,' and  address_id = '230102001' [ RunTime:0.000000s ]
[ sql ] [ SQL ] insert into hl_car_line(port_id , address_id) values('2' , '230102001') [ RunTime:0.062400s ]
[ sql ] [ SQL ] insert into hl_carprice(cl_id ,car_id ,price_20GP,price_40HQ , variable ,mtime)   values('28','6','555','1111','1','1527734753'),       ('28','6','666','6666','2','1527734753') [ RunTime:0.015600s ]
---------------------------------------------------------------
[ 2018-05-31T10:45:54+08:00 ] 127.0.0.1 GET /admin.php/admin/price/price_trailer.html
[ info ] www.tp5.com/admin.php/admin/price/price_trailer.html [运行时间：0.062400s][吞吐率：16.03req/s] [内存消耗：2,215.83kb] [文件加载：47]
[ info ] [ LANG ] E:\xampp\htdocs\xinjia\tp5\thinkphp\lang\zh-cn.php
[ info ] [ ROUTE ] array (
  'type' => 'module',
  'module' => 
  array (
    0 => 'admin',
    1 => 'price',
    2 => 'price_trailer',
  ),
)
[ info ] [ HEADER ] array (
  'host' => 'www.tp5.com',
  'user-agent' => 'Mozilla/5.0 (Windows NT 6.1; WOW64; rv:60.0) Gecko/20100101 Firefox/60.0',
  'accept' => 'text/html,application/xhtml+xml,application/xml;q=0.9,*/*;q=0.8',
  'accept-language' => 'zh-CN,zh;q=0.8,zh-TW;q=0.7,zh-HK;q=0.5,en-US;q=0.3,en;q=0.2',
  'accept-encoding' => 'gzip, deflate',
  'referer' => 'http://www.tp5.com/admin.php/admin/price/price_trailer.html',
  'cookie' => 'thinkphp_show_page_trace=0|0; pgv_pvi=9210117120; hibext_instdsigdipv2=1; _ga=GA1.2.1868033078.1526888261; _gid=GA1.2.1334922522.1527471372; PHPSESSID=lcj2f82pq8d491o51sfu8af893',
  'connection' => 'keep-alive',
  'upgrade-insecure-requests' => '1',
  'pragma' => 'no-cache',
  'cache-control' => 'no-cache',
)
[ info ] [ PARAM ] array (
)
[ info ] [ SESSION ] INIT array (
  'id' => '',
  'var_session_id' => '',
  'prefix' => 'think',
  'type' => '',
  'auto_start' => true,
)
[ info ] [ DB ] INIT mysql
[ info ] [ VIEW ] E:\xampp\htdocs\xinjia\tp5\public/../application/admin\view\public\middle.html [ array (
  0 => 'cardata',
) ]
[ info ] [ RUN ] app\admin\controller\Price->price_trailer[ E:\xampp\htdocs\xinjia\tp5\application\admin\controller\Price.php ]
[ info ] [ VIEW ] E:\xampp\htdocs\xinjia\tp5\public/../application/admin\view\Price\price_trailer.html [ array (
  0 => 'cardata',
) ]
[ info ] [ LOG ] INIT File
[ sql ] [ DB ] CONNECT:[ UseTime:0.000000s ] mysql:host=127.0.0.1;dbname=hlwl;charset=utf8
[ sql ] [ SQL ] SHOW COLUMNS FROM `hl_cardata` [ RunTime:0.000000s ]
[ sql ] [ SQL ] SELECT `id`,`car_name` FROM `hl_cardata` WHERE  `status` = 1 [ RunTime:0.000000s ]
---------------------------------------------------------------
[ 2018-05-31T14:23:38+08:00 ] 127.0.0.1 GET /admin.php/admin/price/price_trailer.html
[ info ] www.tp5.com/admin.php/admin/price/price_trailer.html [运行时间：0.070000s][吞吐率：14.29req/s] [内存消耗：2,647.80kb] [文件加载：47]
[ info ] [ LANG ] E:\xampp\htdocs\xinjia\tp5\thinkphp\lang\zh-cn.php
[ info ] [ ROUTE ] array (
  'type' => 'module',
  'module' => 
  array (
    0 => 'admin',
    1 => 'price',
    2 => 'price_trailer',
  ),
)
[ info ] [ HEADER ] array (
  'host' => 'www.tp5.com',
  'user-agent' => 'Mozilla/5.0 (Windows NT 6.1; WOW64; rv:60.0) Gecko/20100101 Firefox/60.0',
  'accept' => 'text/html,application/xhtml+xml,application/xml;q=0.9,*/*;q=0.8',
  'accept-language' => 'zh-CN,zh;q=0.8,zh-TW;q=0.7,zh-HK;q=0.5,en-US;q=0.3,en;q=0.2',
  'accept-encoding' => 'gzip, deflate',
  'referer' => 'http://www.tp5.com/admin.php/admin/index/index.html',
  'cookie' => 'thinkphp_show_page_trace=0|0; pgv_pvi=9210117120; hibext_instdsigdipv2=1; _ga=GA1.2.1868033078.1526888261; _gid=GA1.2.1334922522.1527471372; PHPSESSID=lcj2f82pq8d491o51sfu8af893',
  'connection' => 'keep-alive',
  'upgrade-insecure-requests' => '1',
  'pragma' => 'no-cache',
  'cache-control' => 'no-cache',
)
[ info ] [ PARAM ] array (
)
[ info ] [ SESSION ] INIT array (
  'id' => '',
  'var_session_id' => '',
  'prefix' => 'think',
  'type' => '',
  'auto_start' => true,
)
[ info ] [ DB ] INIT mysql
[ info ] [ VIEW ] E:\xampp\htdocs\xinjia\tp5\public/../application/admin\view\public\middle.html [ array (
  0 => 'cardata',
) ]
[ info ] [ RUN ] app\admin\controller\Price->price_trailer[ E:\xampp\htdocs\xinjia\tp5\application\admin\controller\Price.php ]
[ info ] [ LOG ] INIT File
[ sql ] [ DB ] CONNECT:[ UseTime:0.000000s ] mysql:host=127.0.0.1;dbname=hlwl;charset=utf8
[ sql ] [ SQL ] SHOW COLUMNS FROM `hl_cardata` [ RunTime:0.010000s ]
[ sql ] [ SQL ] SELECT `id`,`car_name` FROM `hl_cardata` WHERE  `status` = 1 [ RunTime:0.000000s ]
[ sql ] [ SQL ] SHOW COLUMNS FROM `hl_carprice` [ RunTime:0.000000s ]
[ sql ] [ SQL ] SELECT COUNT(*) AS tp_count FROM ( SELECT `CP`.*,`CD`.`car_name`,`P`.`port_name` FROM `hl_carprice` `CP` LEFT JOIN `hl_car_line` `L` ON `CP`.`cl_id`=`L`.`id` LEFT JOIN `hl_cardata` `CD` ON `CP`.`car_id`=`CD`.`id` LEFT JOIN `hl_port` `P` ON `L`.`port_id`=`P`.`id` GROUP BY `CP`.`cl_id` ) a LIMIT 1 [ RunTime:0.000000s ]
[ sql ] [ SQL ] SELECT * FROM ( SELECT `CP`.*,`CD`.`car_name`,`P`.`port_name` FROM `hl_carprice` `CP` LEFT JOIN `hl_car_line` `L` ON `CP`.`cl_id`=`L`.`id` LEFT JOIN `hl_cardata` `CD` ON `CP`.`car_id`=`CD`.`id` LEFT JOIN `hl_port` `P` ON `L`.`port_id`=`P`.`id` GROUP BY `CP`.`cl_id` ) a LIMIT 0,5 [ RunTime:0.000000s ]
---------------------------------------------------------------
[ 2018-05-31T14:52:02+08:00 ] 127.0.0.1 GET /admin.php/admin/price/price_trailer.html
[ info ] www.tp5.com/admin.php/admin/price/price_trailer.html [运行时间：0.080000s][吞吐率：12.50req/s] [内存消耗：2,647.13kb] [文件加载：47]
[ info ] [ LANG ] E:\xampp\htdocs\xinjia\tp5\thinkphp\lang\zh-cn.php
[ info ] [ ROUTE ] array (
  'type' => 'module',
  'module' => 
  array (
    0 => 'admin',
    1 => 'price',
    2 => 'price_trailer',
  ),
)
[ info ] [ HEADER ] array (
  'host' => 'www.tp5.com',
  'user-agent' => 'Mozilla/5.0 (Windows NT 6.1; WOW64; rv:60.0) Gecko/20100101 Firefox/60.0',
  'accept' => 'text/html,application/xhtml+xml,application/xml;q=0.9,*/*;q=0.8',
  'accept-language' => 'zh-CN,zh;q=0.8,zh-TW;q=0.7,zh-HK;q=0.5,en-US;q=0.3,en;q=0.2',
  'accept-encoding' => 'gzip, deflate',
  'referer' => 'http://www.tp5.com/admin.php/admin/index/index.html',
  'cookie' => 'thinkphp_show_page_trace=0|0; pgv_pvi=9210117120; hibext_instdsigdipv2=1; _ga=GA1.2.1868033078.1526888261; _gid=GA1.2.1334922522.1527471372; PHPSESSID=lcj2f82pq8d491o51sfu8af893',
  'connection' => 'keep-alive',
  'upgrade-insecure-requests' => '1',
  'pragma' => 'no-cache',
  'cache-control' => 'no-cache',
)
[ info ] [ PARAM ] array (
)
[ info ] [ SESSION ] INIT array (
  'id' => '',
  'var_session_id' => '',
  'prefix' => 'think',
  'type' => '',
  'auto_start' => true,
)
[ info ] [ DB ] INIT mysql
[ info ] [ VIEW ] E:\xampp\htdocs\xinjia\tp5\public/../application/admin\view\public\middle.html [ array (
  0 => 'cardata',
) ]
[ info ] [ RUN ] app\admin\controller\Price->price_trailer[ E:\xampp\htdocs\xinjia\tp5\application\admin\controller\Price.php ]
[ info ] [ LOG ] INIT File
[ sql ] [ DB ] CONNECT:[ UseTime:0.000000s ] mysql:host=127.0.0.1;dbname=hlwl;charset=utf8
[ sql ] [ SQL ] SHOW COLUMNS FROM `hl_cardata` [ RunTime:0.000000s ]
[ sql ] [ SQL ] SELECT `id`,`car_name` FROM `hl_cardata` WHERE  `status` = 1 [ RunTime:0.000000s ]
[ sql ] [ SQL ] SHOW COLUMNS FROM `hl_carprice` [ RunTime:0.000000s ]
[ sql ] [ SQL ] SELECT COUNT(*) AS tp_count FROM ( SELECT `CP`.*,`CD`.`car_name`,`P`.`port_name` FROM `hl_carprice` `CP` LEFT JOIN `hl_car_line` `L` ON `CP`.`cl_id`=`L`.`id` LEFT JOIN `hl_cardata` `CD` ON `CP`.`car_id`=`CD`.`id` LEFT JOIN `hl_port` `P` ON `L`.`port_id`=`P`.`id` ) a LIMIT 1 [ RunTime:0.000000s ]
[ sql ] [ SQL ] SELECT * FROM ( SELECT `CP`.*,`CD`.`car_name`,`P`.`port_name` FROM `hl_carprice` `CP` LEFT JOIN `hl_car_line` `L` ON `CP`.`cl_id`=`L`.`id` LEFT JOIN `hl_cardata` `CD` ON `CP`.`car_id`=`CD`.`id` LEFT JOIN `hl_port` `P` ON `L`.`port_id`=`P`.`id` ) a LIMIT 0,5 [ RunTime:0.000000s ]
---------------------------------------------------------------
[ 2018-05-31T14:56:29+08:00 ] 127.0.0.1 GET /admin.php/admin/price/price_trailer.html
[ info ] www.tp5.com/admin.php/admin/price/price_trailer.html [运行时间：0.070000s][吞吐率：14.29req/s] [内存消耗：2,647.76kb] [文件加载：47]
[ info ] [ LANG ] E:\xampp\htdocs\xinjia\tp5\thinkphp\lang\zh-cn.php
[ info ] [ ROUTE ] array (
  'type' => 'module',
  'module' => 
  array (
    0 => 'admin',
    1 => 'price',
    2 => 'price_trailer',
  ),
)
[ info ] [ HEADER ] array (
  'host' => 'www.tp5.com',
  'user-agent' => 'Mozilla/5.0 (Windows NT 6.1; WOW64; rv:60.0) Gecko/20100101 Firefox/60.0',
  'accept' => 'text/html,application/xhtml+xml,application/xml;q=0.9,*/*;q=0.8',
  'accept-language' => 'zh-CN,zh;q=0.8,zh-TW;q=0.7,zh-HK;q=0.5,en-US;q=0.3,en;q=0.2',
  'accept-encoding' => 'gzip, deflate',
  'referer' => 'http://www.tp5.com/admin.php/admin/index/index.html',
  'cookie' => 'thinkphp_show_page_trace=0|0; pgv_pvi=9210117120; hibext_instdsigdipv2=1; _ga=GA1.2.1868033078.1526888261; _gid=GA1.2.1334922522.1527471372; PHPSESSID=lcj2f82pq8d491o51sfu8af893',
  'connection' => 'keep-alive',
  'upgrade-insecure-requests' => '1',
  'pragma' => 'no-cache',
  'cache-control' => 'no-cache',
)
[ info ] [ PARAM ] array (
)
[ info ] [ SESSION ] INIT array (
  'id' => '',
  'var_session_id' => '',
  'prefix' => 'think',
  'type' => '',
  'auto_start' => true,
)
[ info ] [ DB ] INIT mysql
[ info ] [ VIEW ] E:\xampp\htdocs\xinjia\tp5\public/../application/admin\view\public\middle.html [ array (
  0 => 'cardata',
) ]
[ info ] [ RUN ] app\admin\controller\Price->price_trailer[ E:\xampp\htdocs\xinjia\tp5\application\admin\controller\Price.php ]
[ info ] [ LOG ] INIT File
[ sql ] [ DB ] CONNECT:[ UseTime:0.010000s ] mysql:host=127.0.0.1;dbname=hlwl;charset=utf8
[ sql ] [ SQL ] SHOW COLUMNS FROM `hl_cardata` [ RunTime:0.000000s ]
[ sql ] [ SQL ] SELECT `id`,`car_name` FROM `hl_cardata` WHERE  `status` = 1 [ RunTime:0.000000s ]
[ sql ] [ SQL ] SHOW COLUMNS FROM `hl_carprice` [ RunTime:0.000000s ]
[ sql ] [ SQL ] SELECT COUNT(*) AS tp_count FROM ( SELECT `CP`.*,`CD`.`car_name`,`P`.`port_name` FROM `hl_carprice` `CP` LEFT JOIN `hl_car_line` `L` ON `CP`.`cl_id`=`L`.`id` LEFT JOIN `hl_cardata` `CD` ON `CP`.`car_id`=`CD`.`id` LEFT JOIN `hl_port` `P` ON `L`.`port_id`=`P`.`id` ORDER BY CP.cl_id, CP.variable ) a LIMIT 1 [ RunTime:0.000000s ]
[ sql ] [ SQL ] SELECT * FROM ( SELECT `CP`.*,`CD`.`car_name`,`P`.`port_name` FROM `hl_carprice` `CP` LEFT JOIN `hl_car_line` `L` ON `CP`.`cl_id`=`L`.`id` LEFT JOIN `hl_cardata` `CD` ON `CP`.`car_id`=`CD`.`id` LEFT JOIN `hl_port` `P` ON `L`.`port_id`=`P`.`id` ORDER BY CP.cl_id, CP.variable ) a LIMIT 0,5 [ RunTime:0.000000s ]
---------------------------------------------------------------
[ 2018-05-31T17:58:13+08:00 ] 127.0.0.1 GET /admin.php/admin/price/price_trailer.html
[ info ] www.tp5.com/admin.php/admin/price/price_trailer.html [运行时间：0.090000s][吞吐率：11.11req/s] [内存消耗：2,943.46kb] [文件加载：57]
[ info ] [ LANG ] E:\xampp\htdocs\xinjia\tp5\thinkphp\lang\zh-cn.php
[ info ] [ ROUTE ] array (
  'type' => 'module',
  'module' => 
  array (
    0 => 'admin',
    1 => 'price',
    2 => 'price_trailer',
  ),
)
[ info ] [ HEADER ] array (
  'host' => 'www.tp5.com',
  'user-agent' => 'Mozilla/5.0 (Windows NT 6.1; WOW64; rv:60.0) Gecko/20100101 Firefox/60.0',
  'accept' => 'text/html,application/xhtml+xml,application/xml;q=0.9,*/*;q=0.8',
  'accept-language' => 'zh-CN,zh;q=0.8,zh-TW;q=0.7,zh-HK;q=0.5,en-US;q=0.3,en;q=0.2',
  'accept-encoding' => 'gzip, deflate',
  'referer' => 'http://www.tp5.com/admin.php/admin/index/index.html',
  'cookie' => 'thinkphp_show_page_trace=0|0; pgv_pvi=9210117120; hibext_instdsigdipv2=1; _ga=GA1.2.1868033078.1526888261; PHPSESSID=lcj2f82pq8d491o51sfu8af893',
  'connection' => 'keep-alive',
  'upgrade-insecure-requests' => '1',
  'pragma' => 'no-cache',
  'cache-control' => 'no-cache',
)
[ info ] [ PARAM ] array (
)
[ info ] [ SESSION ] INIT array (
  'id' => '',
  'var_session_id' => '',
  'prefix' => 'think',
  'type' => '',
  'auto_start' => true,
)
[ info ] [ DB ] INIT mysql
[ info ] [ VIEW ] E:\xampp\htdocs\xinjia\tp5\public/../application/admin\view\public\middle.html [ array (
  0 => 'cardata',
) ]
[ info ] [ RUN ] app\admin\controller\Price->price_trailer[ E:\xampp\htdocs\xinjia\tp5\application\admin\controller\Price.php ]
[ info ] [ VIEW ] E:\xampp\htdocs\xinjia\tp5\public/../application/admin\view\Price\price_trailer.html [ array (
  0 => 'cardata',
  1 => 'list',
  2 => 'page',
) ]
[ info ] [ LOG ] INIT File
[ sql ] [ DB ] CONNECT:[ UseTime:0.000000s ] mysql:host=127.0.0.1;dbname=hlwl;charset=utf8
[ sql ] [ SQL ] SHOW COLUMNS FROM `hl_cardata` [ RunTime:0.020000s ]
[ sql ] [ SQL ] SELECT `id`,`car_name` FROM `hl_cardata` WHERE  `status` = 1 [ RunTime:0.000000s ]
[ sql ] [ SQL ] SHOW COLUMNS FROM `hl_carprice` [ RunTime:0.000000s ]
[ sql ] [ SQL ] SELECT COUNT(*) AS tp_count FROM ( SELECT `CP`.`id`,`CP`.`cl_id`,`L`.`address_name`,`CP`.`car_id`,`CD`.`car_name`,`P`.`port_name`,`CP`.`variable`,`CP`.`latest_order_time` FROM `hl_carprice` `CP` LEFT JOIN `hl_car_line` `L` ON `CP`.`cl_id`=`L`.`id` LEFT JOIN `hl_cardata` `CD` ON `CP`.`car_id`=`CD`.`id` LEFT JOIN `hl_port` `P` ON `L`.`port_id`=`P`.`id` ORDER BY CP.cl_id, CP.variable ) a LIMIT 1 [ RunTime:0.000000s ]
[ sql ] [ SQL ] SELECT * FROM ( SELECT `CP`.`id`,`CP`.`cl_id`,`L`.`address_name`,`CP`.`car_id`,`CD`.`car_name`,`P`.`port_name`,`CP`.`variable`,`CP`.`latest_order_time` FROM `hl_carprice` `CP` LEFT JOIN `hl_car_line` `L` ON `CP`.`cl_id`=`L`.`id` LEFT JOIN `hl_cardata` `CD` ON `CP`.`car_id`=`CD`.`id` LEFT JOIN `hl_port` `P` ON `L`.`port_id`=`P`.`id` ORDER BY CP.cl_id, CP.variable ) a LIMIT 0,5 [ RunTime:0.000000s ]
[ error ] [4]语法错误: unexpected '<'[E:\xampp\htdocs\xinjia\tp5\runtime\temp\ac795c1839fb805a30897f8b9bdc7365.php:77]
---------------------------------------------------------------
[ 2018-05-31T17:58:38+08:00 ] 127.0.0.1 GET /admin.php/admin/price/price_trailer.html
[ info ] www.tp5.com/admin.php/admin/price/price_trailer.html [运行时间：0.080000s][吞吐率：12.50req/s] [内存消耗：2,918.80kb] [文件加载：58]
[ info ] [ LANG ] E:\xampp\htdocs\xinjia\tp5\thinkphp\lang\zh-cn.php
[ info ] [ ROUTE ] array (
  'type' => 'module',
  'module' => 
  array (
    0 => 'admin',
    1 => 'price',
    2 => 'price_trailer',
  ),
)
[ info ] [ HEADER ] array (
  'host' => 'www.tp5.com',
  'user-agent' => 'Mozilla/5.0 (Windows NT 6.1; WOW64; rv:60.0) Gecko/20100101 Firefox/60.0',
  'accept' => 'text/html,application/xhtml+xml,application/xml;q=0.9,*/*;q=0.8',
  'accept-language' => 'zh-CN,zh;q=0.8,zh-TW;q=0.7,zh-HK;q=0.5,en-US;q=0.3,en;q=0.2',
  'accept-encoding' => 'gzip, deflate',
  'referer' => 'http://www.tp5.com/admin.php/admin/index/index.html',
  'cookie' => 'thinkphp_show_page_trace=0|0; pgv_pvi=9210117120; hibext_instdsigdipv2=1; _ga=GA1.2.1868033078.1526888261; PHPSESSID=lcj2f82pq8d491o51sfu8af893',
  'connection' => 'keep-alive',
  'upgrade-insecure-requests' => '1',
  'pragma' => 'no-cache',
  'cache-control' => 'no-cache',
)
[ info ] [ PARAM ] array (
)
[ info ] [ SESSION ] INIT array (
  'id' => '',
  'var_session_id' => '',
  'prefix' => 'think',
  'type' => '',
  'auto_start' => true,
)
[ info ] [ DB ] INIT mysql
[ info ] [ VIEW ] E:\xampp\htdocs\xinjia\tp5\public/../application/admin\view\public\middle.html [ array (
  0 => 'cardata',
) ]
[ info ] [ RUN ] app\admin\controller\Price->price_trailer[ E:\xampp\htdocs\xinjia\tp5\application\admin\controller\Price.php ]
[ info ] [ VIEW ] E:\xampp\htdocs\xinjia\tp5\public/../application/admin\view\Price\price_trailer.html [ array (
  0 => 'cardata',
  1 => 'list',
  2 => 'page',
) ]
[ info ] [ LOG ] INIT File
[ sql ] [ DB ] CONNECT:[ UseTime:0.000000s ] mysql:host=127.0.0.1;dbname=hlwl;charset=utf8
[ sql ] [ SQL ] SHOW COLUMNS FROM `hl_cardata` [ RunTime:0.010000s ]
[ sql ] [ SQL ] SELECT `id`,`car_name` FROM `hl_cardata` WHERE  `status` = 1 [ RunTime:0.000000s ]
[ sql ] [ SQL ] SHOW COLUMNS FROM `hl_carprice` [ RunTime:0.010000s ]
[ sql ] [ SQL ] SELECT COUNT(*) AS tp_count FROM ( SELECT `CP`.`id`,`CP`.`cl_id`,`L`.`address_name`,`CP`.`car_id`,`CD`.`car_name`,`P`.`port_name`,`CP`.`variable`,`CP`.`latest_order_time` FROM `hl_carprice` `CP` LEFT JOIN `hl_car_line` `L` ON `CP`.`cl_id`=`L`.`id` LEFT JOIN `hl_cardata` `CD` ON `CP`.`car_id`=`CD`.`id` LEFT JOIN `hl_port` `P` ON `L`.`port_id`=`P`.`id` ORDER BY CP.cl_id, CP.variable ) a LIMIT 1 [ RunTime:0.000000s ]
[ sql ] [ SQL ] SELECT * FROM ( SELECT `CP`.`id`,`CP`.`cl_id`,`L`.`address_name`,`CP`.`car_id`,`CD`.`car_name`,`P`.`port_name`,`CP`.`variable`,`CP`.`latest_order_time` FROM `hl_carprice` `CP` LEFT JOIN `hl_car_line` `L` ON `CP`.`cl_id`=`L`.`id` LEFT JOIN `hl_cardata` `CD` ON `CP`.`car_id`=`CD`.`id` LEFT JOIN `hl_port` `P` ON `L`.`port_id`=`P`.`id` ORDER BY CP.cl_id, CP.variable ) a LIMIT 0,5 [ RunTime:0.000000s ]
[ error ] [8]未定义数组索引: price_20GP[E:\xampp\htdocs\xinjia\tp5\runtime\temp\ac795c1839fb805a30897f8b9bdc7365.php:75]
---------------------------------------------------------------
[ 2018-05-31T17:59:04+08:00 ] 127.0.0.1 GET /admin.php/admin/price/price_trailer.html
[ info ] www.tp5.com/admin.php/admin/price/price_trailer.html [运行时间：0.080000s][吞吐率：12.50req/s] [内存消耗：2,647.86kb] [文件加载：47]
[ info ] [ LANG ] E:\xampp\htdocs\xinjia\tp5\thinkphp\lang\zh-cn.php
[ info ] [ ROUTE ] array (
  'type' => 'module',
  'module' => 
  array (
    0 => 'admin',
    1 => 'price',
    2 => 'price_trailer',
  ),
)
[ info ] [ HEADER ] array (
  'host' => 'www.tp5.com',
  'user-agent' => 'Mozilla/5.0 (Windows NT 6.1; WOW64; rv:60.0) Gecko/20100101 Firefox/60.0',
  'accept' => 'text/html,application/xhtml+xml,application/xml;q=0.9,*/*;q=0.8',
  'accept-language' => 'zh-CN,zh;q=0.8,zh-TW;q=0.7,zh-HK;q=0.5,en-US;q=0.3,en;q=0.2',
  'accept-encoding' => 'gzip, deflate',
  'referer' => 'http://www.tp5.com/admin.php/admin/index/index.html',
  'cookie' => 'thinkphp_show_page_trace=0|0; pgv_pvi=9210117120; hibext_instdsigdipv2=1; _ga=GA1.2.1868033078.1526888261; PHPSESSID=lcj2f82pq8d491o51sfu8af893',
  'connection' => 'keep-alive',
  'upgrade-insecure-requests' => '1',
  'pragma' => 'no-cache',
  'cache-control' => 'no-cache',
)
[ info ] [ PARAM ] array (
)
[ info ] [ SESSION ] INIT array (
  'id' => '',
  'var_session_id' => '',
  'prefix' => 'think',
  'type' => '',
  'auto_start' => true,
)
[ info ] [ DB ] INIT mysql
[ info ] [ VIEW ] E:\xampp\htdocs\xinjia\tp5\public/../application/admin\view\public\middle.html [ array (
  0 => 'cardata',
) ]
[ info ] [ RUN ] app\admin\controller\Price->price_trailer[ E:\xampp\htdocs\xinjia\tp5\application\admin\controller\Price.php ]
[ info ] [ LOG ] INIT File
[ sql ] [ DB ] CONNECT:[ UseTime:0.000000s ] mysql:host=127.0.0.1;dbname=hlwl;charset=utf8
[ sql ] [ SQL ] SHOW COLUMNS FROM `hl_cardata` [ RunTime:0.000000s ]
[ sql ] [ SQL ] SELECT `id`,`car_name` FROM `hl_cardata` WHERE  `status` = 1 [ RunTime:0.000000s ]
[ sql ] [ SQL ] SHOW COLUMNS FROM `hl_carprice` [ RunTime:0.000000s ]
[ sql ] [ SQL ] SELECT COUNT(*) AS tp_count FROM ( SELECT `CP`.`id`,`CP`.`cl_id`,`L`.`address_name`,`CP`.`car_id`,`CD`.`car_name`,`P`.`port_name`,`CP`.`variable`,`CP`.`latest_order_time` FROM `hl_carprice` `CP` LEFT JOIN `hl_car_line` `L` ON `CP`.`cl_id`=`L`.`id` LEFT JOIN `hl_cardata` `CD` ON `CP`.`car_id`=`CD`.`id` LEFT JOIN `hl_port` `P` ON `L`.`port_id`=`P`.`id` ORDER BY CP.cl_id, CP.variable ) a LIMIT 1 [ RunTime:0.000000s ]
[ sql ] [ SQL ] SELECT * FROM ( SELECT `CP`.`id`,`CP`.`cl_id`,`L`.`address_name`,`CP`.`car_id`,`CD`.`car_name`,`P`.`port_name`,`CP`.`variable`,`CP`.`latest_order_time` FROM `hl_carprice` `CP` LEFT JOIN `hl_car_line` `L` ON `CP`.`cl_id`=`L`.`id` LEFT JOIN `hl_cardata` `CD` ON `CP`.`car_id`=`CD`.`id` LEFT JOIN `hl_port` `P` ON `L`.`port_id`=`P`.`id` ORDER BY CP.cl_id, CP.variable ) a LIMIT 0,5 [ RunTime:0.000000s ]
---------------------------------------------------------------
[ 2018-05-31T18:00:13+08:00 ] 127.0.0.1 GET /admin.php/admin/price/price_trailer.html
[ info ] www.tp5.com/admin.php/admin/price/price_trailer.html [运行时间：0.080000s][吞吐率：12.50req/s] [内存消耗：2,711.88kb] [文件加载：55]
[ info ] [ LANG ] E:\xampp\htdocs\xinjia\tp5\thinkphp\lang\zh-cn.php
[ info ] [ ROUTE ] array (
  'type' => 'module',
  'module' => 
  array (
    0 => 'admin',
    1 => 'price',
    2 => 'price_trailer',
  ),
)
[ info ] [ HEADER ] array (
  'host' => 'www.tp5.com',
  'user-agent' => 'Mozilla/5.0 (Windows NT 6.1; WOW64; rv:60.0) Gecko/20100101 Firefox/60.0',
  'accept' => 'text/html,application/xhtml+xml,application/xml;q=0.9,*/*;q=0.8',
  'accept-language' => 'zh-CN,zh;q=0.8,zh-TW;q=0.7,zh-HK;q=0.5,en-US;q=0.3,en;q=0.2',
  'accept-encoding' => 'gzip, deflate',
  'referer' => 'http://www.tp5.com/admin.php/admin/index/index.html',
  'cookie' => 'thinkphp_show_page_trace=0|0; pgv_pvi=9210117120; hibext_instdsigdipv2=1; _ga=GA1.2.1868033078.1526888261; PHPSESSID=lcj2f82pq8d491o51sfu8af893',
  'connection' => 'keep-alive',
  'upgrade-insecure-requests' => '1',
  'pragma' => 'no-cache',
  'cache-control' => 'no-cache',
)
[ info ] [ PARAM ] array (
)
[ info ] [ SESSION ] INIT array (
  'id' => '',
  'var_session_id' => '',
  'prefix' => 'think',
  'type' => '',
  'auto_start' => true,
)
[ info ] [ DB ] INIT mysql
[ info ] [ VIEW ] E:\xampp\htdocs\xinjia\tp5\public/../application/admin\view\public\middle.html [ array (
  0 => 'cardata',
) ]
[ info ] [ RUN ] app\admin\controller\Price->price_trailer[ E:\xampp\htdocs\xinjia\tp5\application\admin\controller\Price.php ]
[ info ] [ LOG ] INIT File
[ sql ] [ DB ] CONNECT:[ UseTime:0.010000s ] mysql:host=127.0.0.1;dbname=hlwl;charset=utf8
[ sql ] [ SQL ] SHOW COLUMNS FROM `hl_cardata` [ RunTime:0.000000s ]
[ sql ] [ SQL ] SELECT `id`,`car_name` FROM `hl_cardata` WHERE  `status` = 1 [ RunTime:0.000000s ]
[ sql ] [ SQL ] SHOW COLUMNS FROM `hl_carprice` [ RunTime:0.000000s ]
[ error ] [10501]SQLSTATE[42S22]: Column not found: 1054 Unknown column 'CP.CP.price_20GP' in 'field list'[E:\xampp\htdocs\xinjia\tp5\thinkphp\library\think\db\Connection.php:388]
---------------------------------------------------------------
[ 2018-05-31T18:00:29+08:00 ] 127.0.0.1 GET /admin.php/admin/price/price_trailer.html
[ info ] www.tp5.com/admin.php/admin/price/price_trailer.html [运行时间：0.070000s][吞吐率：14.29req/s] [内存消耗：2,650.38kb] [文件加载：47]
[ info ] [ LANG ] E:\xampp\htdocs\xinjia\tp5\thinkphp\lang\zh-cn.php
[ info ] [ ROUTE ] array (
  'type' => 'module',
  'module' => 
  array (
    0 => 'admin',
    1 => 'price',
    2 => 'price_trailer',
  ),
)
[ info ] [ HEADER ] array (
  'host' => 'www.tp5.com',
  'user-agent' => 'Mozilla/5.0 (Windows NT 6.1; WOW64; rv:60.0) Gecko/20100101 Firefox/60.0',
  'accept' => 'text/html,application/xhtml+xml,application/xml;q=0.9,*/*;q=0.8',
  'accept-language' => 'zh-CN,zh;q=0.8,zh-TW;q=0.7,zh-HK;q=0.5,en-US;q=0.3,en;q=0.2',
  'accept-encoding' => 'gzip, deflate',
  'referer' => 'http://www.tp5.com/admin.php/admin/index/index.html',
  'cookie' => 'thinkphp_show_page_trace=0|0; pgv_pvi=9210117120; hibext_instdsigdipv2=1; _ga=GA1.2.1868033078.1526888261; PHPSESSID=lcj2f82pq8d491o51sfu8af893',
  'connection' => 'keep-alive',
  'upgrade-insecure-requests' => '1',
  'pragma' => 'no-cache',
  'cache-control' => 'no-cache',
)
[ info ] [ PARAM ] array (
)
[ info ] [ SESSION ] INIT array (
  'id' => '',
  'var_session_id' => '',
  'prefix' => 'think',
  'type' => '',
  'auto_start' => true,
)
[ info ] [ DB ] INIT mysql
[ info ] [ VIEW ] E:\xampp\htdocs\xinjia\tp5\public/../application/admin\view\public\middle.html [ array (
  0 => 'cardata',
) ]
[ info ] [ RUN ] app\admin\controller\Price->price_trailer[ E:\xampp\htdocs\xinjia\tp5\application\admin\controller\Price.php ]
[ info ] [ LOG ] INIT File
[ sql ] [ DB ] CONNECT:[ UseTime:0.000000s ] mysql:host=127.0.0.1;dbname=hlwl;charset=utf8
[ sql ] [ SQL ] SHOW COLUMNS FROM `hl_cardata` [ RunTime:0.010000s ]
[ sql ] [ SQL ] SELECT `id`,`car_name` FROM `hl_cardata` WHERE  `status` = 1 [ RunTime:0.000000s ]
[ sql ] [ SQL ] SHOW COLUMNS FROM `hl_carprice` [ RunTime:0.000000s ]
[ sql ] [ SQL ] SELECT COUNT(*) AS tp_count FROM ( SELECT `CP`.`id`,`CP`.`cl_id`,`L`.`address_name`,`CP`.`car_id`,`CD`.`car_name`,`P`.`port_name`,`CP`.`price_20GP`,`CP`.`price_40HQ`,`variable`,`CP`.`latest_order_time` FROM `hl_carprice` `CP` LEFT JOIN `hl_car_line` `L` ON `CP`.`cl_id`=`L`.`id` LEFT JOIN `hl_cardata` `CD` ON `CP`.`car_id`=`CD`.`id` LEFT JOIN `hl_port` `P` ON `L`.`port_id`=`P`.`id` ORDER BY CP.cl_id, CP.variable ) a LIMIT 1 [ RunTime:0.010000s ]
[ sql ] [ SQL ] SELECT * FROM ( SELECT `CP`.`id`,`CP`.`cl_id`,`L`.`address_name`,`CP`.`car_id`,`CD`.`car_name`,`P`.`port_name`,`CP`.`price_20GP`,`CP`.`price_40HQ`,`variable`,`CP`.`latest_order_time` FROM `hl_carprice` `CP` LEFT JOIN `hl_car_line` `L` ON `CP`.`cl_id`=`L`.`id` LEFT JOIN `hl_cardata` `CD` ON `CP`.`car_id`=`CD`.`id` LEFT JOIN `hl_port` `P` ON `L`.`port_id`=`P`.`id` ORDER BY CP.cl_id, CP.variable ) a LIMIT 0,5 [ RunTime:0.000000s ]
---------------------------------------------------------------
[ 2018-05-31T18:00:42+08:00 ] 127.0.0.1 GET /admin.php/admin/price/price_trailer.html
[ info ] www.tp5.com/admin.php/admin/price/price_trailer.html [运行时间：0.070000s][吞吐率：14.29req/s] [内存消耗：2,770.04kb] [文件加载：56]
[ info ] [ LANG ] E:\xampp\htdocs\xinjia\tp5\thinkphp\lang\zh-cn.php
[ info ] [ ROUTE ] array (
  'type' => 'module',
  'module' => 
  array (
    0 => 'admin',
    1 => 'price',
    2 => 'price_trailer',
  ),
)
[ info ] [ HEADER ] array (
  'host' => 'www.tp5.com',
  'user-agent' => 'Mozilla/5.0 (Windows NT 6.1; WOW64; rv:60.0) Gecko/20100101 Firefox/60.0',
  'accept' => 'text/html,application/xhtml+xml,application/xml;q=0.9,*/*;q=0.8',
  'accept-language' => 'zh-CN,zh;q=0.8,zh-TW;q=0.7,zh-HK;q=0.5,en-US;q=0.3,en;q=0.2',
  'accept-encoding' => 'gzip, deflate',
  'referer' => 'http://www.tp5.com/admin.php/admin/index/index.html',
  'cookie' => 'thinkphp_show_page_trace=0|0; pgv_pvi=9210117120; hibext_instdsigdipv2=1; _ga=GA1.2.1868033078.1526888261; PHPSESSID=lcj2f82pq8d491o51sfu8af893',
  'connection' => 'keep-alive',
  'upgrade-insecure-requests' => '1',
  'pragma' => 'no-cache',
  'cache-control' => 'no-cache',
)
[ info ] [ PARAM ] array (
)
[ info ] [ SESSION ] INIT array (
  'id' => '',
  'var_session_id' => '',
  'prefix' => 'think',
  'type' => '',
  'auto_start' => true,
)
[ info ] [ DB ] INIT mysql
[ info ] [ VIEW ] E:\xampp\htdocs\xinjia\tp5\public/../application/admin\view\public\middle.html [ array (
  0 => 'cardata',
) ]
[ info ] [ RUN ] app\admin\controller\Price->price_trailer[ E:\xampp\htdocs\xinjia\tp5\application\admin\controller\Price.php ]
[ info ] [ VIEW ] E:\xampp\htdocs\xinjia\tp5\public/../application/admin\view\Price\price_trailer.html [ array (
  0 => 'cardata',
  1 => 'list',
  2 => 'page',
) ]
[ info ] [ LOG ] INIT File
[ sql ] [ DB ] CONNECT:[ UseTime:0.010000s ] mysql:host=127.0.0.1;dbname=hlwl;charset=utf8
[ sql ] [ SQL ] SHOW COLUMNS FROM `hl_cardata` [ RunTime:0.000000s ]
[ sql ] [ SQL ] SELECT `id`,`car_name` FROM `hl_cardata` WHERE  `status` = 1 [ RunTime:0.000000s ]
[ sql ] [ SQL ] SHOW COLUMNS FROM `hl_carprice` [ RunTime:0.000000s ]
[ sql ] [ SQL ] SELECT COUNT(*) AS tp_count FROM ( SELECT `CP`.`id`,`CP`.`cl_id`,`L`.`address_name`,`CP`.`car_id`,`CD`.`car_name`,`P`.`port_name`,`CP`.`price_20GP`,`CP`.`price_40HQ`,`variable`,`CP`.`latest_order_time` FROM `hl_carprice` `CP` LEFT JOIN `hl_car_line` `L` ON `CP`.`cl_id`=`L`.`id` LEFT JOIN `hl_cardata` `CD` ON `CP`.`car_id`=`CD`.`id` LEFT JOIN `hl_port` `P` ON `L`.`port_id`=`P`.`id` ORDER BY CP.cl_id, CP.variable ) a LIMIT 1 [ RunTime:0.010000s ]
[ sql ] [ SQL ] SELECT * FROM ( SELECT `CP`.`id`,`CP`.`cl_id`,`L`.`address_name`,`CP`.`car_id`,`CD`.`car_name`,`P`.`port_name`,`CP`.`price_20GP`,`CP`.`price_40HQ`,`variable`,`CP`.`latest_order_time` FROM `hl_carprice` `CP` LEFT JOIN `hl_car_line` `L` ON `CP`.`cl_id`=`L`.`id` LEFT JOIN `hl_cardata` `CD` ON `CP`.`car_id`=`CD`.`id` LEFT JOIN `hl_port` `P` ON `L`.`port_id`=`P`.`id` ORDER BY CP.cl_id, CP.variable ) a LIMIT 0,5 [ RunTime:0.000000s ]
[ error ] [8]未定义数组索引: sl_id[E:\xampp\htdocs\xinjia\tp5\runtime\temp\ac795c1839fb805a30897f8b9bdc7365.php:80]
---------------------------------------------------------------
[ 2018-05-31T18:01:26+08:00 ] 127.0.0.1 GET /admin.php/admin/price/price_trailer.html
[ info ] www.tp5.com/admin.php/admin/price/price_trailer.html [运行时间：0.070000s][吞吐率：14.29req/s] [内存消耗：2,899.16kb] [文件加载：54]
[ info ] [ LANG ] E:\xampp\htdocs\xinjia\tp5\thinkphp\lang\zh-cn.php
[ info ] [ ROUTE ] array (
  'type' => 'module',
  'module' => 
  array (
    0 => 'admin',
    1 => 'price',
    2 => 'price_trailer',
  ),
)
[ info ] [ HEADER ] array (
  'host' => 'www.tp5.com',
  'user-agent' => 'Mozilla/5.0 (Windows NT 6.1; WOW64; rv:60.0) Gecko/20100101 Firefox/60.0',
  'accept' => 'text/html,application/xhtml+xml,application/xml;q=0.9,*/*;q=0.8',
  'accept-language' => 'zh-CN,zh;q=0.8,zh-TW;q=0.7,zh-HK;q=0.5,en-US;q=0.3,en;q=0.2',
  'accept-encoding' => 'gzip, deflate',
  'referer' => 'http://www.tp5.com/admin.php/admin/index/index.html',
  'cookie' => 'thinkphp_show_page_trace=0|0; pgv_pvi=9210117120; hibext_instdsigdipv2=1; _ga=GA1.2.1868033078.1526888261; PHPSESSID=lcj2f82pq8d491o51sfu8af893',
  'connection' => 'keep-alive',
  'upgrade-insecure-requests' => '1',
  'pragma' => 'no-cache',
  'cache-control' => 'no-cache',
)
[ info ] [ PARAM ] array (
)
[ info ] [ SESSION ] INIT array (
  'id' => '',
  'var_session_id' => '',
  'prefix' => 'think',
  'type' => '',
  'auto_start' => true,
)
[ info ] [ DB ] INIT mysql
[ info ] [ VIEW ] E:\xampp\htdocs\xinjia\tp5\public/../application/admin\view\public\middle.html [ array (
  0 => 'cardata',
) ]
[ info ] [ RUN ] app\admin\controller\Price->price_trailer[ E:\xampp\htdocs\xinjia\tp5\application\admin\controller\Price.php ]
[ info ] [ VIEW ] E:\xampp\htdocs\xinjia\tp5\public/../application/admin\view\Price\price_trailer.html [ array (
  0 => 'cardata',
  1 => 'list',
  2 => 'page',
) ]
[ info ] [ LOG ] INIT File
[ sql ] [ DB ] CONNECT:[ UseTime:0.000000s ] mysql:host=127.0.0.1;dbname=hlwl;charset=utf8
[ sql ] [ SQL ] SHOW COLUMNS FROM `hl_cardata` [ RunTime:0.000000s ]
[ sql ] [ SQL ] SELECT `id`,`car_name` FROM `hl_cardata` WHERE  `status` = 1 [ RunTime:0.000000s ]
[ sql ] [ SQL ] SHOW COLUMNS FROM `hl_carprice` [ RunTime:0.010000s ]
[ sql ] [ SQL ] SELECT COUNT(*) AS tp_count FROM ( SELECT `CP`.`id`,`CP`.`cl_id`,`L`.`address_name`,`CP`.`car_id`,`CD`.`car_name`,`P`.`port_name`,`CP`.`price_20GP`,`CP`.`price_40HQ`,`variable`,`CP`.`latest_order_time` FROM `hl_carprice` `CP` LEFT JOIN `hl_car_line` `L` ON `CP`.`cl_id`=`L`.`id` LEFT JOIN `hl_cardata` `CD` ON `CP`.`car_id`=`CD`.`id` LEFT JOIN `hl_port` `P` ON `L`.`port_id`=`P`.`id` ORDER BY CP.cl_id, CP.variable ) a LIMIT 1 [ RunTime:0.000000s ]
[ sql ] [ SQL ] SELECT * FROM ( SELECT `CP`.`id`,`CP`.`cl_id`,`L`.`address_name`,`CP`.`car_id`,`CD`.`car_name`,`P`.`port_name`,`CP`.`price_20GP`,`CP`.`price_40HQ`,`variable`,`CP`.`latest_order_time` FROM `hl_carprice` `CP` LEFT JOIN `hl_car_line` `L` ON `CP`.`cl_id`=`L`.`id` LEFT JOIN `hl_cardata` `CD` ON `CP`.`car_id`=`CD`.`id` LEFT JOIN `hl_port` `P` ON `L`.`port_id`=`P`.`id` ORDER BY CP.cl_id, CP.variable ) a LIMIT 0,5 [ RunTime:0.000000s ]
---------------------------------------------------------------
[ 2018-05-31T18:35:39+08:00 ] 127.0.0.1 GET /admin.php/admin/price/price_trailer.html
[ info ] www.tp5.com/admin.php/admin/price/price_trailer.html [运行时间：0.080000s][吞吐率：12.50req/s] [内存消耗：2,898.95kb] [文件加载：54]
[ info ] [ LANG ] E:\xampp\htdocs\xinjia\tp5\thinkphp\lang\zh-cn.php
[ info ] [ ROUTE ] array (
  'type' => 'module',
  'module' => 
  array (
    0 => 'admin',
    1 => 'price',
    2 => 'price_trailer',
  ),
)
[ info ] [ HEADER ] array (
  'host' => 'www.tp5.com',
  'user-agent' => 'Mozilla/5.0 (Windows NT 6.1; WOW64; rv:60.0) Gecko/20100101 Firefox/60.0',
  'accept' => 'text/html,application/xhtml+xml,application/xml;q=0.9,*/*;q=0.8',
  'accept-language' => 'zh-CN,zh;q=0.8,zh-TW;q=0.7,zh-HK;q=0.5,en-US;q=0.3,en;q=0.2',
  'accept-encoding' => 'gzip, deflate',
  'referer' => 'http://www.tp5.com/admin.php/admin/index/index.html',
  'cookie' => 'thinkphp_show_page_trace=0|0; pgv_pvi=9210117120; hibext_instdsigdipv2=1; _ga=GA1.2.1868033078.1526888261; PHPSESSID=lcj2f82pq8d491o51sfu8af893',
  'connection' => 'keep-alive',
  'upgrade-insecure-requests' => '1',
  'pragma' => 'no-cache',
  'cache-control' => 'no-cache',
)
[ info ] [ PARAM ] array (
)
[ info ] [ SESSION ] INIT array (
  'id' => '',
  'var_session_id' => '',
  'prefix' => 'think',
  'type' => '',
  'auto_start' => true,
)
[ info ] [ DB ] INIT mysql
[ info ] [ VIEW ] E:\xampp\htdocs\xinjia\tp5\public/../application/admin\view\public\middle.html [ array (
  0 => 'cardata',
) ]
[ info ] [ RUN ] app\admin\controller\Price->price_trailer[ E:\xampp\htdocs\xinjia\tp5\application\admin\controller\Price.php ]
[ info ] [ VIEW ] E:\xampp\htdocs\xinjia\tp5\public/../application/admin\view\Price\price_trailer.html [ array (
  0 => 'cardata',
  1 => 'list',
  2 => 'page',
) ]
[ info ] [ LOG ] INIT File
[ sql ] [ DB ] CONNECT:[ UseTime:0.010000s ] mysql:host=127.0.0.1;dbname=hlwl;charset=utf8
[ sql ] [ SQL ] SHOW COLUMNS FROM `hl_cardata` [ RunTime:0.000000s ]
[ sql ] [ SQL ] SELECT `id`,`car_name` FROM `hl_cardata` WHERE  `status` = 1 [ RunTime:0.000000s ]
[ sql ] [ SQL ] SHOW COLUMNS FROM `hl_carprice` [ RunTime:0.000000s ]
[ sql ] [ SQL ] SELECT COUNT(*) AS tp_count FROM ( SELECT `CP`.`id`,`CP`.`cl_id`,`L`.`address_name`,`CP`.`car_id`,`CD`.`car_name`,`P`.`port_name`,`CP`.`price_20GP`,`CP`.`price_40HQ`,`variable`,`CP`.`latest_order_time` FROM `hl_carprice` `CP` LEFT JOIN `hl_car_line` `L` ON `CP`.`cl_id`=`L`.`id` LEFT JOIN `hl_cardata` `CD` ON `CP`.`car_id`=`CD`.`id` LEFT JOIN `hl_port` `P` ON `L`.`port_id`=`P`.`id` ORDER BY CP.cl_id, CP.variable ) a LIMIT 1 [ RunTime:0.010000s ]
[ sql ] [ SQL ] SELECT * FROM ( SELECT `CP`.`id`,`CP`.`cl_id`,`L`.`address_name`,`CP`.`car_id`,`CD`.`car_name`,`P`.`port_name`,`CP`.`price_20GP`,`CP`.`price_40HQ`,`variable`,`CP`.`latest_order_time` FROM `hl_carprice` `CP` LEFT JOIN `hl_car_line` `L` ON `CP`.`cl_id`=`L`.`id` LEFT JOIN `hl_cardata` `CD` ON `CP`.`car_id`=`CD`.`id` LEFT JOIN `hl_port` `P` ON `L`.`port_id`=`P`.`id` ORDER BY CP.cl_id, CP.variable ) a LIMIT 0,5 [ RunTime:0.000000s ]
